#
# There is insufficient memory for the Java Runtime Environment to continue.
# Native memory allocation (malloc) failed to allocate 631056 bytes. Error detail: Chunk::new
# Possible reasons:
#   The system is out of physical RAM or swap space
#   This process is running with CompressedOops enabled, and the Java Heap may be blocking the growth of the native heap
# Possible solutions:
#   Reduce memory load on the system
#   Increase physical memory or swap space
#   Check if swap backing store is full
#   Decrease Java heap size (-Xmx/-Xms)
#   Decrease number of Java threads
#   Decrease Java thread stack sizes (-Xss)
#   Set larger code cache with -XX:ReservedCodeCacheSize=
#   JVM is running with Unscaled Compressed Oops mode in which the Java heap is
#     placed in the first 4GB address space. The Java Heap base address is the
#     maximum limit for the native heap growth. Please use -XX:HeapBaseMinAddress
#     to set the Java Heap base and to place the Java Heap above 4GB virtual address.
# This output file may be truncated or incomplete.
#
#  Out of Memory Error (arena.cpp:168), pid=14644, tid=24304
#
# JRE version: OpenJDK Runtime Environment (21.0.8) (build 21.0.8+-14196175-b1038.72)
# Java VM: OpenJDK 64-Bit Server VM (21.0.8+-14196175-b1038.72, mixed mode, tiered, compressed oops, compressed class ptrs, g1 gc, windows-amd64)
# No core dump will be written. Minidumps are not enabled by default on client versions of Windows
#

---------------  S U M M A R Y ------------

Command Line: --add-opens=java.base/java.lang=ALL-UNNAMED --add-opens=java.base/java.lang.invoke=ALL-UNNAMED --add-opens=java.base/java.util=ALL-UNNAMED --add-opens=java.prefs/java.util.prefs=ALL-UNNAMED --add-exports=jdk.compiler/com.sun.tools.javac.api=ALL-UNNAMED --add-exports=jdk.compiler/com.sun.tools.javac.util=ALL-UNNAMED --add-opens=java.base/java.util=ALL-UNNAMED --add-opens=java.prefs/java.util.prefs=ALL-UNNAMED --add-opens=java.base/java.nio.charset=ALL-UNNAMED --add-opens=java.base/java.net=ALL-UNNAMED --add-opens=java.base/java.util.concurrent.atomic=ALL-UNNAMED --add-opens=java.xml/javax.xml.namespace=ALL-UNNAMED -Xmx2048m -Dfile.encoding=UTF-8 -Duser.country=RU -Duser.language=ru -Duser.variant -javaagent:C:\Users\Admin\.gradle\wrapper\dists\gradle-8.13-bin\5xuhj0ry160q40clulazy9h7d\gradle-8.13\lib\agents\gradle-instrumentation-agent-8.13.jar org.gradle.launcher.daemon.bootstrap.GradleDaemon 8.13

Host: AMD Ryzen 5 3500U with Radeon Vega Mobile Gfx  , 8 cores, 5G,  Windows 10 , 64 bit Build 19041 (10.0.19041.5915)
Time: Thu Nov 13 21:58:16 2025 elapsed time: 75.583500 seconds (0d 0h 1m 15s)

---------------  T H R E A D  ---------------

Current thread (0x000002074367c080):  JavaThread "C2 CompilerThread0" daemon [_thread_in_native, id=24304, stack(0x0000007984200000,0x0000007984300000) (1024K)]


Current CompileTask:
C2:75584 10010   !   4       com.sun.crypto.provider.GaloisCounterMode$GCMDecrypt::doFinal (628 bytes)

Stack: [0x0000007984200000,0x0000007984300000]
Native frames: (J=compiled Java code, j=interpreted, Vv=VM code, C=native code)
V  [jvm.dll+0x6d68d9]
V  [jvm.dll+0x866693]
V  [jvm.dll+0x868c4e]
V  [jvm.dll+0x869333]
V  [jvm.dll+0x280566]
V  [jvm.dll+0xc07cd]
V  [jvm.dll+0xc0d03]
V  [jvm.dll+0x3b95e1]
V  [jvm.dll+0x385507]
V  [jvm.dll+0x38497a]
V  [jvm.dll+0x249252]
V  [jvm.dll+0x248821]
V  [jvm.dll+0x1c73a4]
V  [jvm.dll+0x257f9e]
V  [jvm.dll+0x2564e6]
V  [jvm.dll+0x3f4696]
V  [jvm.dll+0x80eac8]
V  [jvm.dll+0x6d512d]
C  [ucrtbase.dll+0x21bb2]
C  [KERNEL32.DLL+0x17374]
C  [ntdll.dll+0x4cc91]


---------------  P R O C E S S  ---------------

Threads class SMR info:
_java_thread_list=0x000002074cbf5060, length=78, elements={
0x0000020729b46440, 0x000002074365d710, 0x000002074368e940, 0x000002074368efb0,
0x000002074368fc90, 0x00000207436906f0, 0x000002074366d850, 0x00000207436792e0,
0x000002074367c080, 0x00000207436b6670, 0x000002074399a950, 0x00000207498449f0,
0x00000207498b0810, 0x000002074983ad90, 0x00000207499d4040, 0x0000020748cf5590,
0x0000020743826600, 0x000002072be1e2c0, 0x000002072be1c1f0, 0x000002072be1d5a0,
0x000002072be1cf10, 0x000002072be1b4d0, 0x0000020749db9d90, 0x0000020749dbb7d0,
0x0000020749dbec50, 0x0000020749dba420, 0x0000020749dbf970, 0x0000020749dbd8a0,
0x0000020749dbaab0, 0x0000020749dbbe60, 0x0000020749dbb140, 0x0000020749dbcb80,
0x0000020749dbd210, 0x0000020749dbdf30, 0x0000020749dbe5c0, 0x0000020749dc13b0,
0x0000020749dc0690, 0x000002074a714f20, 0x000002074a714890, 0x000002074a711aa0,
0x000002074a7127c0, 0x000002074a710d80, 0x000002074a712e50, 0x000002074a7155b0,
0x000002074a715c40, 0x000002074a713b70, 0x000002074a7162d0, 0x000002074a7134e0,
0x000002074a716960, 0x000002074a714200, 0x000002074a717680, 0x000002074a716ff0,
0x000002074a711410, 0x000002074a717d10, 0x000002072be1ae40, 0x000002074bee70a0,
0x000002074bee4fd0, 0x000002074bee42b0, 0x000002074bee7730, 0x000002074bee8450,
0x000002074bee8ae0, 0x000002074bee4940, 0x000002074b8f24a0, 0x000002074b8f03d0,
0x000002074b8f4c00, 0x000002074b8f5fb0, 0x000002074b8f2b30, 0x000002074b8f3850,
0x000002074b8f3ee0, 0x000002074b8f5290, 0x000002074b8f1e10, 0x000002074b8f5920,
0x000002074b8f0a60, 0x000002074b8f10f0, 0x000002074b8f6640, 0x000002074b8ef6b0,
0x000002074b8f1780, 0x000002074b8efd40
}

Java Threads: ( => current thread )
  0x0000020729b46440 JavaThread "main"                              [_thread_blocked, id=21092, stack(0x0000007983300000,0x0000007983400000) (1024K)]
  0x000002074365d710 JavaThread "Common-Cleaner"             daemon [_thread_blocked, id=22452, stack(0x0000007983b00000,0x0000007983c00000) (1024K)]
  0x000002074368e940 JavaThread "Reference Handler"          daemon [_thread_blocked, id=20432, stack(0x0000007983c00000,0x0000007983d00000) (1024K)]
  0x000002074368efb0 JavaThread "Finalizer"                  daemon [_thread_blocked, id=15012, stack(0x0000007983d00000,0x0000007983e00000) (1024K)]
  0x000002074368fc90 JavaThread "Signal Dispatcher"          daemon [_thread_blocked, id=23964, stack(0x0000007983e00000,0x0000007983f00000) (1024K)]
  0x00000207436906f0 JavaThread "Attach Listener"            daemon [_thread_blocked, id=15552, stack(0x0000007983f00000,0x0000007984000000) (1024K)]
  0x000002074366d850 JavaThread "Service Thread"             daemon [_thread_blocked, id=16680, stack(0x0000007984000000,0x0000007984100000) (1024K)]
  0x00000207436792e0 JavaThread "Monitor Deflation Thread"   daemon [_thread_blocked, id=21796, stack(0x0000007984100000,0x0000007984200000) (1024K)]
=>0x000002074367c080 JavaThread "C2 CompilerThread0"         daemon [_thread_in_native, id=24304, stack(0x0000007984200000,0x0000007984300000) (1024K)]
  0x00000207436b6670 JavaThread "C1 CompilerThread0"         daemon [_thread_blocked, id=26204, stack(0x0000007984300000,0x0000007984400000) (1024K)]
  0x000002074399a950 JavaThread "Notification Thread"        daemon [_thread_blocked, id=25332, stack(0x0000007984400000,0x0000007984500000) (1024K)]
  0x00000207498449f0 JavaThread "Daemon health stats"               [_thread_blocked, id=9508, stack(0x0000007984a00000,0x0000007984b00000) (1024K)]
  0x00000207498b0810 JavaThread "Incoming local TCP Connector on port 53140"        [_thread_in_native, id=23368, stack(0x0000007984b00000,0x0000007984c00000) (1024K)]
  0x000002074983ad90 JavaThread "Daemon periodic checks"            [_thread_blocked, id=22088, stack(0x0000007984c00000,0x0000007984d00000) (1024K)]
  0x00000207499d4040 JavaThread "Daemon"                            [_thread_blocked, id=4728, stack(0x0000007984d00000,0x0000007984e00000) (1024K)]
  0x0000020748cf5590 JavaThread "Handler for socket connection from /127.0.0.1:53140 to /127.0.0.1:53141"        [_thread_in_native, id=2720, stack(0x0000007984e00000,0x0000007984f00000) (1024K)]
  0x0000020743826600 JavaThread "Cancel handler"                    [_thread_blocked, id=22616, stack(0x0000007984f00000,0x0000007985000000) (1024K)]
  0x000002072be1e2c0 JavaThread "Daemon worker"                     [_thread_blocked, id=23188, stack(0x0000007985000000,0x0000007985100000) (1024K)]
  0x000002072be1c1f0 JavaThread "Asynchronous log dispatcher for DefaultDaemonConnection: socket connection from /127.0.0.1:53140 to /127.0.0.1:53141"        [_thread_blocked, id=9084, stack(0x0000007985100000,0x0000007985200000) (1024K)]
  0x000002072be1d5a0 JavaThread "Stdin handler"                     [_thread_blocked, id=8072, stack(0x0000007985500000,0x0000007985600000) (1024K)]
  0x000002072be1cf10 JavaThread "Daemon client event forwarder"        [_thread_blocked, id=26340, stack(0x0000007985600000,0x0000007985700000) (1024K)]
  0x000002072be1b4d0 JavaThread "Cache worker for journal cache (C:\Users\Admin\.gradle\caches\journal-1)"        [_thread_blocked, id=10976, stack(0x0000007985700000,0x0000007985800000) (1024K)]
  0x0000020749db9d90 JavaThread "File lock request listener"        [_thread_in_native, id=17676, stack(0x0000007985800000,0x0000007985900000) (1024K)]
  0x0000020749dbb7d0 JavaThread "Cache worker for file hash cache (C:\Users\Admin\.gradle\caches\8.13\fileHashes)"        [_thread_blocked, id=1036, stack(0x0000007985900000,0x0000007985a00000) (1024K)]
  0x0000020749dbec50 JavaThread "Cache worker for file hash cache (D:\StudyPlanner\.gradle\8.13\fileHashes)"        [_thread_blocked, id=26196, stack(0x0000007985a00000,0x0000007985b00000) (1024K)]
  0x0000020749dba420 JavaThread "Cache worker for Build Output Cleanup Cache (D:\StudyPlanner\.gradle\buildOutputCleanup)"        [_thread_blocked, id=18100, stack(0x0000007985b00000,0x0000007985c00000) (1024K)]
  0x0000020749dbf970 JavaThread "File watcher server"        daemon [_thread_in_native, id=20508, stack(0x0000007985c00000,0x0000007985d00000) (1024K)]
  0x0000020749dbd8a0 JavaThread "File watcher consumer"      daemon [_thread_blocked, id=3348, stack(0x0000007985d00000,0x0000007985e00000) (1024K)]
  0x0000020749dbaab0 JavaThread "jar transforms"                    [_thread_blocked, id=1988, stack(0x0000007985e00000,0x0000007985f00000) (1024K)]
  0x0000020749dbbe60 JavaThread "jar transforms Thread 2"           [_thread_blocked, id=26252, stack(0x0000007985f00000,0x0000007986000000) (1024K)]
  0x0000020749dbb140 JavaThread "jar transforms Thread 3"           [_thread_blocked, id=13884, stack(0x0000007986000000,0x0000007986100000) (1024K)]
  0x0000020749dbcb80 JavaThread "jar transforms Thread 4"           [_thread_blocked, id=9204, stack(0x0000007986100000,0x0000007986200000) (1024K)]
  0x0000020749dbd210 JavaThread "jar transforms Thread 5"           [_thread_blocked, id=12432, stack(0x0000007986200000,0x0000007986300000) (1024K)]
  0x0000020749dbdf30 JavaThread "jar transforms Thread 6"           [_thread_blocked, id=11956, stack(0x0000007986300000,0x0000007986400000) (1024K)]
  0x0000020749dbe5c0 JavaThread "jar transforms Thread 7"           [_thread_blocked, id=15828, stack(0x0000007986400000,0x0000007986500000) (1024K)]
  0x0000020749dc13b0 JavaThread "jar transforms Thread 8"           [_thread_blocked, id=24888, stack(0x0000007986500000,0x0000007986600000) (1024K)]
  0x0000020749dc0690 JavaThread "Cache worker for checksums cache (D:\StudyPlanner\.gradle\8.13\checksums)"        [_thread_blocked, id=23764, stack(0x0000007986600000,0x0000007986700000) (1024K)]
  0x000002074a714f20 JavaThread "Cache worker for file content cache (C:\Users\Admin\.gradle\caches\8.13\fileContent)"        [_thread_blocked, id=16664, stack(0x0000007986700000,0x0000007986800000) (1024K)]
  0x000002074a714890 JavaThread "Cache worker for cache directory md-supplier (C:\Users\Admin\.gradle\caches\8.13\md-supplier)"        [_thread_blocked, id=26376, stack(0x0000007986800000,0x0000007986900000) (1024K)]
  0x000002074a711aa0 JavaThread "Cache worker for cache directory md-rule (C:\Users\Admin\.gradle\caches\8.13\md-rule)"        [_thread_blocked, id=20000, stack(0x0000007986900000,0x0000007986a00000) (1024K)]
  0x000002074a7127c0 JavaThread "Unconstrained build operations"        [_thread_blocked, id=24284, stack(0x0000007986a00000,0x0000007986b00000) (1024K)]
  0x000002074a710d80 JavaThread "Unconstrained build operations Thread 2"        [_thread_blocked, id=7992, stack(0x0000007986b00000,0x0000007986c00000) (1024K)]
  0x000002074a712e50 JavaThread "Unconstrained build operations Thread 3"        [_thread_blocked, id=11696, stack(0x0000007986c00000,0x0000007986d00000) (1024K)]
  0x000002074a7155b0 JavaThread "Unconstrained build operations Thread 4"        [_thread_blocked, id=16648, stack(0x0000007986d00000,0x0000007986e00000) (1024K)]
  0x000002074a715c40 JavaThread "Unconstrained build operations Thread 5"        [_thread_blocked, id=16504, stack(0x0000007986e00000,0x0000007986f00000) (1024K)]
  0x000002074a713b70 JavaThread "Unconstrained build operations Thread 6"        [_thread_blocked, id=20488, stack(0x0000007986f00000,0x0000007987000000) (1024K)]
  0x000002074a7162d0 JavaThread "Unconstrained build operations Thread 7"        [_thread_blocked, id=22380, stack(0x0000007987000000,0x0000007987100000) (1024K)]
  0x000002074a7134e0 JavaThread "Unconstrained build operations Thread 8"        [_thread_blocked, id=17764, stack(0x0000007987100000,0x0000007987200000) (1024K)]
  0x000002074a716960 JavaThread "Unconstrained build operations Thread 9"        [_thread_blocked, id=16480, stack(0x0000007987200000,0x0000007987300000) (1024K)]
  0x000002074a714200 JavaThread "Unconstrained build operations Thread 10"        [_thread_blocked, id=4976, stack(0x0000007987300000,0x0000007987400000) (1024K)]
  0x000002074a717680 JavaThread "Unconstrained build operations Thread 11"        [_thread_blocked, id=14076, stack(0x0000007987400000,0x0000007987500000) (1024K)]
  0x000002074a716ff0 JavaThread "Unconstrained build operations Thread 12"        [_thread_blocked, id=12584, stack(0x0000007987500000,0x0000007987600000) (1024K)]
  0x000002074a711410 JavaThread "Unconstrained build operations Thread 13"        [_thread_blocked, id=18096, stack(0x0000007987600000,0x0000007987700000) (1024K)]
  0x000002074a717d10 JavaThread "Unconstrained build operations Thread 14"        [_thread_blocked, id=26112, stack(0x0000007987700000,0x0000007987800000) (1024K)]
  0x000002072be1ae40 JavaThread "Unconstrained build operations Thread 15"        [_thread_blocked, id=21832, stack(0x0000007987800000,0x0000007987900000) (1024K)]
  0x000002074bee70a0 JavaThread "Unconstrained build operations Thread 16"        [_thread_blocked, id=10064, stack(0x0000007987900000,0x0000007987a00000) (1024K)]
  0x000002074bee4fd0 JavaThread "Unconstrained build operations Thread 17"        [_thread_blocked, id=1552, stack(0x0000007987a00000,0x0000007987b00000) (1024K)]
  0x000002074bee42b0 JavaThread "Unconstrained build operations Thread 18"        [_thread_blocked, id=17004, stack(0x0000007987b00000,0x0000007987c00000) (1024K)]
  0x000002074bee7730 JavaThread "Unconstrained build operations Thread 19"        [_thread_blocked, id=14636, stack(0x0000007987d00000,0x0000007987e00000) (1024K)]
  0x000002074bee8450 JavaThread "Unconstrained build operations Thread 20"        [_thread_blocked, id=10496, stack(0x0000007987e00000,0x0000007987f00000) (1024K)]
  0x000002074bee8ae0 JavaThread "Unconstrained build operations Thread 21"        [_thread_blocked, id=2476, stack(0x0000007987f00000,0x0000007988000000) (1024K)]
  0x000002074bee4940 JavaThread "Unconstrained build operations Thread 22"        [_thread_blocked, id=16116, stack(0x0000007988000000,0x0000007988100000) (1024K)]
  0x000002074b8f24a0 JavaThread "Unconstrained build operations Thread 23"        [_thread_blocked, id=16020, stack(0x0000007988100000,0x0000007988200000) (1024K)]
  0x000002074b8f03d0 JavaThread "Unconstrained build operations Thread 24"        [_thread_blocked, id=14956, stack(0x0000007988200000,0x0000007988300000) (1024K)]
  0x000002074b8f4c00 JavaThread "Unconstrained build operations Thread 25"        [_thread_blocked, id=26404, stack(0x0000007988300000,0x0000007988400000) (1024K)]
  0x000002074b8f5fb0 JavaThread "Unconstrained build operations Thread 26"        [_thread_blocked, id=5724, stack(0x0000007988400000,0x0000007988500000) (1024K)]
  0x000002074b8f2b30 JavaThread "Unconstrained build operations Thread 27"        [_thread_blocked, id=24836, stack(0x0000007988500000,0x0000007988600000) (1024K)]
  0x000002074b8f3850 JavaThread "Unconstrained build operations Thread 28"        [_thread_blocked, id=2384, stack(0x0000007988600000,0x0000007988700000) (1024K)]
  0x000002074b8f3ee0 JavaThread "Unconstrained build operations Thread 29"        [_thread_blocked, id=15908, stack(0x0000007988700000,0x0000007988800000) (1024K)]
  0x000002074b8f5290 JavaThread "Unconstrained build operations Thread 30"        [_thread_blocked, id=17776, stack(0x0000007988800000,0x0000007988900000) (1024K)]
  0x000002074b8f1e10 JavaThread "Unconstrained build operations Thread 31"        [_thread_blocked, id=14992, stack(0x0000007988900000,0x0000007988a00000) (1024K)]
  0x000002074b8f5920 JavaThread "Unconstrained build operations Thread 32"        [_thread_in_native, id=25952, stack(0x0000007988a00000,0x0000007988b00000) (1024K)]
  0x000002074b8f0a60 JavaThread "Unconstrained build operations Thread 33"        [_thread_blocked, id=15936, stack(0x0000007988b00000,0x0000007988c00000) (1024K)]
  0x000002074b8f10f0 JavaThread "Unconstrained build operations Thread 34"        [_thread_blocked, id=12916, stack(0x0000007988c00000,0x0000007988d00000) (1024K)]
  0x000002074b8f6640 JavaThread "Unconstrained build operations Thread 35"        [_thread_blocked, id=2452, stack(0x0000007988d00000,0x0000007988e00000) (1024K)]
  0x000002074b8ef6b0 JavaThread "Unconstrained build operations Thread 36"        [_thread_blocked, id=2156, stack(0x0000007988e00000,0x0000007988f00000) (1024K)]
  0x000002074b8f1780 JavaThread "Unconstrained build operations Thread 37"        [_thread_in_native, id=21472, stack(0x0000007988f00000,0x0000007989000000) (1024K)]
  0x000002074b8efd40 JavaThread "Unconstrained build operations Thread 38"        [_thread_in_native, id=8400, stack(0x0000007989000000,0x0000007989100000) (1024K)]
Total: 78

Other Threads:
  0x00000207434de3e0 VMThread "VM Thread"                           [id=7876, stack(0x0000007983a00000,0x0000007983b00000) (1024K)]
  0x000002074345fa00 WatcherThread "VM Periodic Task Thread"        [id=13888, stack(0x0000007983900000,0x0000007983a00000) (1024K)]
  0x000002072be1a7f0 WorkerThread "GC Thread#0"                     [id=7200, stack(0x0000007983400000,0x0000007983500000) (1024K)]
  0x000002074837d370 WorkerThread "GC Thread#1"                     [id=1764, stack(0x0000007984500000,0x0000007984600000) (1024K)]
  0x00000207483046a0 WorkerThread "GC Thread#2"                     [id=11600, stack(0x0000007984600000,0x0000007984700000) (1024K)]
  0x0000020748b0bd90 WorkerThread "GC Thread#3"                     [id=11536, stack(0x0000007984700000,0x0000007984800000) (1024K)]
  0x00000207489d6990 WorkerThread "GC Thread#4"                     [id=10604, stack(0x0000007984800000,0x0000007984900000) (1024K)]
  0x000002074960c070 WorkerThread "GC Thread#5"                     [id=19128, stack(0x0000007984900000,0x0000007984a00000) (1024K)]
  0x0000020749a66880 WorkerThread "GC Thread#6"                     [id=21556, stack(0x0000007985200000,0x0000007985300000) (1024K)]
  0x0000020749a66c20 WorkerThread "GC Thread#7"                     [id=26592, stack(0x0000007985300000,0x0000007985400000) (1024K)]
  0x000002072be2f1e0 ConcurrentGCThread "G1 Main Marker"            [id=19760, stack(0x0000007983500000,0x0000007983600000) (1024K)]
  0x000002072be30ba0 WorkerThread "G1 Conc#0"                       [id=13324, stack(0x0000007983600000,0x0000007983700000) (1024K)]
  0x0000020748067400 WorkerThread "G1 Conc#1"                       [id=3924, stack(0x0000007985400000,0x0000007985500000) (1024K)]
  0x000002074332dbc0 ConcurrentGCThread "G1 Refine#0"               [id=2112, stack(0x0000007983700000,0x0000007983800000) (1024K)]
  0x0000020743330550 ConcurrentGCThread "G1 Service"                [id=18024, stack(0x0000007983800000,0x0000007983900000) (1024K)]
Total: 15

Threads with active compile tasks:
C2 CompilerThread0  75995 10010   !   4       com.sun.crypto.provider.GaloisCounterMode$GCMDecrypt::doFinal (628 bytes)
Total: 1

VM state: at safepoint (normal execution)

VM Mutex/Monitor currently owned by a thread:  ([mutex/lock_event])
[0x00007ff884a785b8] Threads_lock - owner thread: 0x00000207434de3e0
[0x00007ff884a786b8] Heap_lock - owner thread: 0x000002072be2f1e0

Heap address: 0x0000000080000000, size: 2048 MB, Compressed Oops mode: 32-bit

CDS archive(s) not mapped
Compressed class space mapped at: 0x0000000100000000-0x0000000140000000, reserved size: 1073741824
Narrow klass base: 0x0000000000000000, Narrow klass shift: 3, Narrow klass range: 0x140000000

GC Precious Log:
 CardTable entry size: 512
 Card Set container configuration: InlinePtr #cards 5 size 8 Array Of Cards #cards 12 size 40 Howl #buckets 4 coarsen threshold 1843 Howl Bitmap #cards 512 size 80 coarsen threshold 460 Card regions per heap region 1 cards per card region 2048
 CPUs: 8 total, 8 available
 Memory: 6086M
 Large Page Support: Disabled
 NUMA Support: Disabled
 Compressed Oops: Enabled (32-bit)
 Heap Region Size: 1M
 Heap Min Capacity: 8M
 Heap Initial Capacity: 96M
 Heap Max Capacity: 2G
 Pre-touch: Disabled
 Parallel Workers: 8
 Concurrent Workers: 2
 Concurrent Refinement Workers: 8
 Periodic GC: Disabled

Heap:
 garbage-first heap   total 171008K, used 106448K [0x0000000080000000, 0x0000000100000000)
  region size 1024K, 3 young (3072K), 2 survivors (2048K)
 Metaspace       used 84349K, committed 86272K, reserved 1179648K
  class space    used 11677K, committed 12608K, reserved 1048576K

Heap Regions: E=young(eden), S=young(survivor), O=old, HS=humongous(starts), HC=humongous(continues), CS=collection set, F=free, TAMS=top-at-mark-start, PB=parsable bottom
|   0|0x0000000080000000, 0x0000000080100000, 0x0000000080100000|100%|HS|  |TAMS 0x0000000080100000| PB 0x0000000080000000| Complete 
|   1|0x0000000080100000, 0x0000000080200000, 0x0000000080200000|100%|HC|  |TAMS 0x0000000080200000| PB 0x0000000080100000| Complete 
|   2|0x0000000080200000, 0x0000000080300000, 0x0000000080300000|100%|HC|  |TAMS 0x0000000080300000| PB 0x0000000080200000| Complete 
|   3|0x0000000080300000, 0x0000000080400000, 0x0000000080400000|100%| O|  |TAMS 0x0000000080400000| PB 0x0000000080400000| Untracked 
|   4|0x0000000080400000, 0x0000000080500000, 0x0000000080500000|100%| O|  |TAMS 0x0000000080500000| PB 0x0000000080500000| Untracked 
|   5|0x0000000080500000, 0x0000000080600000, 0x0000000080600000|100%| O|  |TAMS 0x0000000080600000| PB 0x0000000080600000| Untracked 
|   6|0x0000000080600000, 0x0000000080700000, 0x0000000080700000|100%|HS|  |TAMS 0x0000000080700000| PB 0x0000000080600000| Complete 
|   7|0x0000000080700000, 0x0000000080800000, 0x0000000080800000|100%| O|  |TAMS 0x0000000080800000| PB 0x0000000080800000| Untracked 
|   8|0x0000000080800000, 0x0000000080900000, 0x0000000080900000|100%| O|  |TAMS 0x0000000080900000| PB 0x0000000080900000| Untracked 
|   9|0x0000000080900000, 0x0000000080a00000, 0x0000000080a00000|100%| O|  |TAMS 0x0000000080a00000| PB 0x0000000080a00000| Untracked 
|  10|0x0000000080a00000, 0x0000000080b00000, 0x0000000080b00000|100%| O|  |TAMS 0x0000000080b00000| PB 0x0000000080b00000| Untracked 
|  11|0x0000000080b00000, 0x0000000080c00000, 0x0000000080c00000|100%| O|  |TAMS 0x0000000080c00000| PB 0x0000000080c00000| Untracked 
|  12|0x0000000080c00000, 0x0000000080d00000, 0x0000000080d00000|100%| O|  |TAMS 0x0000000080d00000| PB 0x0000000080d00000| Untracked 
|  13|0x0000000080d00000, 0x0000000080e00000, 0x0000000080e00000|100%| O|  |TAMS 0x0000000080e00000| PB 0x0000000080e00000| Untracked 
|  14|0x0000000080e00000, 0x0000000080f00000, 0x0000000080f00000|100%| O|  |TAMS 0x0000000080f00000| PB 0x0000000080f00000| Updating 
|  15|0x0000000080f00000, 0x0000000081000000, 0x0000000081000000|100%| O|  |TAMS 0x0000000081000000| PB 0x0000000081000000| Untracked 
|  16|0x0000000081000000, 0x0000000081100000, 0x0000000081100000|100%| O|  |TAMS 0x0000000081100000| PB 0x0000000081100000| Untracked 
|  17|0x0000000081100000, 0x0000000081200000, 0x0000000081200000|100%| O|  |TAMS 0x0000000081200000| PB 0x0000000081200000| Untracked 
|  18|0x0000000081200000, 0x0000000081300000, 0x0000000081300000|100%| O|  |TAMS 0x0000000081300000| PB 0x0000000081300000| Untracked 
|  19|0x0000000081300000, 0x0000000081400000, 0x0000000081400000|100%| O|  |TAMS 0x0000000081400000| PB 0x0000000081400000| Untracked 
|  20|0x0000000081400000, 0x0000000081500000, 0x0000000081500000|100%| O|  |TAMS 0x0000000081500000| PB 0x0000000081500000| Untracked 
|  21|0x0000000081500000, 0x0000000081600000, 0x0000000081600000|100%| O|  |TAMS 0x0000000081600000| PB 0x0000000081600000| Updating 
|  22|0x0000000081600000, 0x0000000081700000, 0x0000000081700000|100%|HS|  |TAMS 0x0000000081700000| PB 0x0000000081600000| Complete 
|  23|0x0000000081700000, 0x0000000081800000, 0x0000000081800000|100%|HC|  |TAMS 0x0000000081800000| PB 0x0000000081700000| Complete 
|  24|0x0000000081800000, 0x0000000081900000, 0x0000000081900000|100%|HC|  |TAMS 0x0000000081900000| PB 0x0000000081800000| Complete 
|  25|0x0000000081900000, 0x0000000081a00000, 0x0000000081a00000|100%|HC|  |TAMS 0x0000000081a00000| PB 0x0000000081900000| Complete 
|  26|0x0000000081a00000, 0x0000000081b00000, 0x0000000081b00000|100%|HC|  |TAMS 0x0000000081b00000| PB 0x0000000081a00000| Complete 
|  27|0x0000000081b00000, 0x0000000081c00000, 0x0000000081c00000|100%|HC|  |TAMS 0x0000000081c00000| PB 0x0000000081b00000| Complete 
|  28|0x0000000081c00000, 0x0000000081d00000, 0x0000000081d00000|100%|HS|  |TAMS 0x0000000081d00000| PB 0x0000000081c00000| Complete 
|  29|0x0000000081d00000, 0x0000000081e00000, 0x0000000081e00000|100%|HS|  |TAMS 0x0000000081e00000| PB 0x0000000081d00000| Complete 
|  30|0x0000000081e00000, 0x0000000081f00000, 0x0000000081f00000|100%|HC|  |TAMS 0x0000000081f00000| PB 0x0000000081e00000| Complete 
|  31|0x0000000081f00000, 0x0000000082000000, 0x0000000082000000|100%|HS|  |TAMS 0x0000000082000000| PB 0x0000000081f00000| Complete 
|  32|0x0000000082000000, 0x0000000082100000, 0x0000000082100000|100%|HC|  |TAMS 0x0000000082100000| PB 0x0000000082000000| Complete 
|  33|0x0000000082100000, 0x0000000082200000, 0x0000000082200000|100%|HC|  |TAMS 0x0000000082200000| PB 0x0000000082100000| Complete 
|  34|0x0000000082200000, 0x0000000082300000, 0x0000000082300000|100%|HC|  |TAMS 0x0000000082300000| PB 0x0000000082200000| Complete 
|  35|0x0000000082300000, 0x0000000082400000, 0x0000000082400000|100%|HS|  |TAMS 0x0000000082400000| PB 0x0000000082300000| Complete 
|  36|0x0000000082400000, 0x0000000082500000, 0x0000000082500000|100%|HS|  |TAMS 0x0000000082500000| PB 0x0000000082400000| Complete 
|  37|0x0000000082500000, 0x0000000082600000, 0x0000000082600000|100%|HC|  |TAMS 0x0000000082600000| PB 0x0000000082500000| Complete 
|  38|0x0000000082600000, 0x0000000082700000, 0x0000000082700000|100%|HC|  |TAMS 0x0000000082700000| PB 0x0000000082600000| Complete 
|  39|0x0000000082700000, 0x0000000082800000, 0x0000000082800000|100%|HC|  |TAMS 0x0000000082800000| PB 0x0000000082700000| Complete 
|  40|0x0000000082800000, 0x0000000082900000, 0x0000000082900000|100%|HC|  |TAMS 0x0000000082900000| PB 0x0000000082800000| Complete 
|  41|0x0000000082900000, 0x0000000082a00000, 0x0000000082a00000|100%|HC|  |TAMS 0x0000000082a00000| PB 0x0000000082900000| Complete 
|  42|0x0000000082a00000, 0x0000000082b00000, 0x0000000082b00000|100%|HS|  |TAMS 0x0000000082b00000| PB 0x0000000082a00000| Complete 
|  43|0x0000000082b00000, 0x0000000082c00000, 0x0000000082c00000|100%|HS|  |TAMS 0x0000000082c00000| PB 0x0000000082b00000| Complete 
|  44|0x0000000082c00000, 0x0000000082d00000, 0x0000000082d00000|100%|HC|  |TAMS 0x0000000082d00000| PB 0x0000000082c00000| Complete 
|  45|0x0000000082d00000, 0x0000000082e00000, 0x0000000082e00000|100%| O|  |TAMS 0x0000000082e00000| PB 0x0000000082e00000| Untracked 
|  46|0x0000000082e00000, 0x0000000082f00000, 0x0000000082f00000|100%| O|  |TAMS 0x0000000082f00000| PB 0x0000000082f00000| Untracked 
|  47|0x0000000082f00000, 0x0000000083000000, 0x0000000083000000|100%| O|  |TAMS 0x0000000083000000| PB 0x0000000083000000| Untracked 
|  48|0x0000000083000000, 0x0000000083100000, 0x0000000083100000|100%| O|  |TAMS 0x0000000083100000| PB 0x0000000083100000| Untracked 
|  49|0x0000000083100000, 0x0000000083200000, 0x0000000083200000|100%| O|  |TAMS 0x0000000083200000| PB 0x0000000083200000| Updating 
|  50|0x0000000083200000, 0x0000000083300000, 0x0000000083300000|100%|HS|  |TAMS 0x0000000083300000| PB 0x0000000083200000| Complete 
|  51|0x0000000083300000, 0x0000000083400000, 0x0000000083400000|100%|HC|  |TAMS 0x0000000083400000| PB 0x0000000083300000| Complete 
|  52|0x0000000083400000, 0x0000000083500000, 0x0000000083500000|100%|HC|  |TAMS 0x0000000083500000| PB 0x0000000083400000| Complete 
|  53|0x0000000083500000, 0x0000000083600000, 0x0000000083600000|100%|HC|  |TAMS 0x0000000083600000| PB 0x0000000083500000| Complete 
|  54|0x0000000083600000, 0x0000000083700000, 0x0000000083700000|100%| O|  |TAMS 0x0000000083700000| PB 0x0000000083700000| Untracked 
|  55|0x0000000083700000, 0x0000000083800000, 0x0000000083800000|100%| O|  |TAMS 0x0000000083800000| PB 0x0000000083800000| Untracked 
|  56|0x0000000083800000, 0x0000000083900000, 0x0000000083900000|100%| O|  |TAMS 0x0000000083900000| PB 0x0000000083900000| Updating 
|  57|0x0000000083900000, 0x0000000083a00000, 0x0000000083a00000|100%| O|  |TAMS 0x0000000083a00000| PB 0x0000000083a00000| Updating 
|  58|0x0000000083a00000, 0x0000000083b00000, 0x0000000083b00000|100%| O|  |TAMS 0x0000000083b00000| PB 0x0000000083b00000| Updating 
|  59|0x0000000083b00000, 0x0000000083c00000, 0x0000000083c00000|100%| O|  |TAMS 0x0000000083c00000| PB 0x0000000083c00000| Updating 
|  60|0x0000000083c00000, 0x0000000083d00000, 0x0000000083d00000|100%| O|  |TAMS 0x0000000083d00000| PB 0x0000000083d00000| Untracked 
|  61|0x0000000083d00000, 0x0000000083e00000, 0x0000000083e00000|100%|HS|  |TAMS 0x0000000083e00000| PB 0x0000000083d00000| Complete 
|  62|0x0000000083e00000, 0x0000000083f00000, 0x0000000083f00000|100%|HC|  |TAMS 0x0000000083f00000| PB 0x0000000083e00000| Complete 
|  63|0x0000000083f00000, 0x0000000084000000, 0x0000000084000000|100%|HS|  |TAMS 0x0000000084000000| PB 0x0000000083f00000| Complete 
|  64|0x0000000084000000, 0x0000000084100000, 0x0000000084100000|100%| O|  |TAMS 0x0000000084100000| PB 0x0000000084100000| Updating 
|  65|0x0000000084100000, 0x0000000084200000, 0x0000000084200000|100%|HS|  |TAMS 0x0000000084200000| PB 0x0000000084100000| Complete 
|  66|0x0000000084200000, 0x0000000084300000, 0x0000000084300000|100%|HS|  |TAMS 0x0000000084300000| PB 0x0000000084200000| Complete 
|  67|0x0000000084300000, 0x0000000084400000, 0x0000000084400000|100%|HC|  |TAMS 0x0000000084400000| PB 0x0000000084300000| Complete 
|  68|0x0000000084400000, 0x0000000084500000, 0x0000000084500000|100%|HC|  |TAMS 0x0000000084500000| PB 0x0000000084400000| Complete 
|  69|0x0000000084500000, 0x0000000084600000, 0x0000000084600000|100%|HC|  |TAMS 0x0000000084600000| PB 0x0000000084500000| Complete 
|  70|0x0000000084600000, 0x0000000084700000, 0x0000000084700000|100%|HC|  |TAMS 0x0000000084700000| PB 0x0000000084600000| Complete 
|  71|0x0000000084700000, 0x0000000084800000, 0x0000000084800000|100%|HC|  |TAMS 0x0000000084800000| PB 0x0000000084700000| Complete 
|  72|0x0000000084800000, 0x0000000084900000, 0x0000000084900000|100%|HS|  |TAMS 0x0000000084900000| PB 0x0000000084800000| Complete 
|  73|0x0000000084900000, 0x0000000084a00000, 0x0000000084a00000|100%| O|  |TAMS 0x0000000084a00000| PB 0x0000000084a00000| Untracked 
|  74|0x0000000084a00000, 0x0000000084b00000, 0x0000000084b00000|100%| O|  |TAMS 0x0000000084b00000| PB 0x0000000084b00000| Untracked 
|  75|0x0000000084b00000, 0x0000000084c00000, 0x0000000084c00000|100%| O|  |TAMS 0x0000000084c00000| PB 0x0000000084c00000| Untracked 
|  76|0x0000000084c00000, 0x0000000084d00000, 0x0000000084d00000|100%| O|  |TAMS 0x0000000084d00000| PB 0x0000000084d00000| Updating 
|  77|0x0000000084d00000, 0x0000000084e00000, 0x0000000084e00000|100%|HS|  |TAMS 0x0000000084e00000| PB 0x0000000084d00000| Complete 
|  78|0x0000000084e00000, 0x0000000084f00000, 0x0000000084f00000|100%|HC|  |TAMS 0x0000000084f00000| PB 0x0000000084e00000| Complete 
|  79|0x0000000084f00000, 0x0000000085000000, 0x0000000085000000|100%|HC|  |TAMS 0x0000000085000000| PB 0x0000000084f00000| Complete 
|  80|0x0000000085000000, 0x0000000085100000, 0x0000000085100000|100%|HC|  |TAMS 0x0000000085100000| PB 0x0000000085000000| Complete 
|  81|0x0000000085100000, 0x0000000085200000, 0x0000000085200000|100%|HC|  |TAMS 0x0000000085200000| PB 0x0000000085100000| Complete 
|  82|0x0000000085200000, 0x0000000085300000, 0x0000000085300000|100%|HC|  |TAMS 0x0000000085300000| PB 0x0000000085200000| Complete 
|  83|0x0000000085300000, 0x0000000085300000, 0x0000000085400000|  0%| F|  |TAMS 0x0000000085300000| PB 0x0000000085300000| Untracked 
|  84|0x0000000085400000, 0x0000000085500000, 0x0000000085500000|100%| O|  |TAMS 0x0000000085500000| PB 0x0000000085500000| Untracked 
|  85|0x0000000085500000, 0x0000000085600000, 0x0000000085600000|100%| O|  |TAMS 0x0000000085600000| PB 0x0000000085600000| Untracked 
|  86|0x0000000085600000, 0x0000000085700000, 0x0000000085700000|100%| O|  |TAMS 0x0000000085700000| PB 0x0000000085700000| Untracked 
|  87|0x0000000085700000, 0x0000000085800000, 0x0000000085800000|100%| O|  |TAMS 0x0000000085800000| PB 0x0000000085800000| Untracked 
|  88|0x0000000085800000, 0x0000000085900000, 0x0000000085900000|100%| O|  |TAMS 0x0000000085900000| PB 0x0000000085900000| Untracked 
|  89|0x0000000085900000, 0x0000000085a00000, 0x0000000085a00000|100%| O|  |TAMS 0x0000000085a00000| PB 0x0000000085a00000| Untracked 
|  90|0x0000000085a00000, 0x0000000085b00000, 0x0000000085b00000|100%| O|  |TAMS 0x0000000085b00000| PB 0x0000000085b00000| Updating 
|  91|0x0000000085b00000, 0x0000000085c00000, 0x0000000085c00000|100%| O|  |TAMS 0x0000000085c00000| PB 0x0000000085c00000| Untracked 
|  92|0x0000000085c00000, 0x0000000085d00000, 0x0000000085d00000|100%| O|  |TAMS 0x0000000085d00000| PB 0x0000000085d00000| Untracked 
|  93|0x0000000085d00000, 0x0000000085e00000, 0x0000000085e00000|100%| O|  |TAMS 0x0000000085e00000| PB 0x0000000085e00000| Untracked 
|  94|0x0000000085e00000, 0x0000000085f00000, 0x0000000085f00000|100%| O|  |TAMS 0x0000000085f00000| PB 0x0000000085f00000| Untracked 
|  95|0x0000000085f00000, 0x0000000086000000, 0x0000000086000000|100%| O|  |TAMS 0x0000000086000000| PB 0x0000000086000000| Updating 
|  96|0x0000000086000000, 0x000000008603ddc0, 0x0000000086100000| 24%| O|  |TAMS 0x000000008603ddc0| PB 0x000000008603ddc0| Updating 
|  97|0x0000000086100000, 0x0000000086100000, 0x0000000086200000|  0%| F|  |TAMS 0x0000000086100000| PB 0x0000000086100000| Untracked 
|  98|0x0000000086200000, 0x0000000086200000, 0x0000000086300000|  0%| F|  |TAMS 0x0000000086200000| PB 0x0000000086200000| Untracked 
|  99|0x0000000086300000, 0x0000000086300000, 0x0000000086400000|  0%| F|  |TAMS 0x0000000086300000| PB 0x0000000086300000| Untracked 
| 100|0x0000000086400000, 0x0000000086400000, 0x0000000086500000|  0%| F|  |TAMS 0x0000000086400000| PB 0x0000000086400000| Untracked 
| 101|0x0000000086500000, 0x0000000086500000, 0x0000000086600000|  0%| F|  |TAMS 0x0000000086500000| PB 0x0000000086500000| Untracked 
| 102|0x0000000086600000, 0x0000000086600000, 0x0000000086700000|  0%| F|  |TAMS 0x0000000086600000| PB 0x0000000086600000| Untracked 
| 103|0x0000000086700000, 0x0000000086700000, 0x0000000086800000|  0%| F|  |TAMS 0x0000000086700000| PB 0x0000000086700000| Untracked 
| 104|0x0000000086800000, 0x0000000086800000, 0x0000000086900000|  0%| F|  |TAMS 0x0000000086800000| PB 0x0000000086800000| Untracked 
| 105|0x0000000086900000, 0x0000000086900000, 0x0000000086a00000|  0%| F|  |TAMS 0x0000000086900000| PB 0x0000000086900000| Untracked 
| 106|0x0000000086a00000, 0x0000000086a00000, 0x0000000086b00000|  0%| F|  |TAMS 0x0000000086a00000| PB 0x0000000086a00000| Untracked 
| 107|0x0000000086b00000, 0x0000000086b00000, 0x0000000086c00000|  0%| F|  |TAMS 0x0000000086b00000| PB 0x0000000086b00000| Untracked 
| 108|0x0000000086c00000, 0x0000000086c00000, 0x0000000086d00000|  0%| F|  |TAMS 0x0000000086c00000| PB 0x0000000086c00000| Untracked 
| 109|0x0000000086d00000, 0x0000000086db6478, 0x0000000086e00000| 71%| S|CS|TAMS 0x0000000086d00000| PB 0x0000000086d00000| Complete 
| 110|0x0000000086e00000, 0x0000000086f00000, 0x0000000086f00000|100%| S|CS|TAMS 0x0000000086e00000| PB 0x0000000086e00000| Complete 
| 111|0x0000000086f00000, 0x0000000086f00000, 0x0000000087000000|  0%| F|  |TAMS 0x0000000086f00000| PB 0x0000000086f00000| Untracked 
| 112|0x0000000087000000, 0x0000000087000000, 0x0000000087100000|  0%| F|  |TAMS 0x0000000087000000| PB 0x0000000087000000| Untracked 
| 113|0x0000000087100000, 0x0000000087100000, 0x0000000087200000|  0%| F|  |TAMS 0x0000000087100000| PB 0x0000000087100000| Untracked 
| 114|0x0000000087200000, 0x0000000087200000, 0x0000000087300000|  0%| F|  |TAMS 0x0000000087200000| PB 0x0000000087200000| Untracked 
| 115|0x0000000087300000, 0x0000000087300000, 0x0000000087400000|  0%| F|  |TAMS 0x0000000087300000| PB 0x0000000087300000| Untracked 
| 116|0x0000000087400000, 0x0000000087400000, 0x0000000087500000|  0%| F|  |TAMS 0x0000000087400000| PB 0x0000000087400000| Untracked 
| 117|0x0000000087500000, 0x0000000087500000, 0x0000000087600000|  0%| F|  |TAMS 0x0000000087500000| PB 0x0000000087500000| Untracked 
| 118|0x0000000087600000, 0x0000000087600000, 0x0000000087700000|  0%| F|  |TAMS 0x0000000087600000| PB 0x0000000087600000| Untracked 
| 119|0x0000000087700000, 0x0000000087700000, 0x0000000087800000|  0%| F|  |TAMS 0x0000000087700000| PB 0x0000000087700000| Untracked 
| 120|0x0000000087800000, 0x0000000087800000, 0x0000000087900000|  0%| F|  |TAMS 0x0000000087800000| PB 0x0000000087800000| Untracked 
| 121|0x0000000087900000, 0x0000000087900000, 0x0000000087a00000|  0%| F|  |TAMS 0x0000000087900000| PB 0x0000000087900000| Untracked 
| 122|0x0000000087a00000, 0x0000000087a00000, 0x0000000087b00000|  0%| F|  |TAMS 0x0000000087a00000| PB 0x0000000087a00000| Untracked 
| 123|0x0000000087b00000, 0x0000000087b00000, 0x0000000087c00000|  0%| F|  |TAMS 0x0000000087b00000| PB 0x0000000087b00000| Untracked 
| 124|0x0000000087c00000, 0x0000000087c00000, 0x0000000087d00000|  0%| F|  |TAMS 0x0000000087c00000| PB 0x0000000087c00000| Untracked 
| 125|0x0000000087d00000, 0x0000000087d00000, 0x0000000087e00000|  0%| F|  |TAMS 0x0000000087d00000| PB 0x0000000087d00000| Untracked 
| 126|0x0000000087e00000, 0x0000000087e00000, 0x0000000087f00000|  0%| F|  |TAMS 0x0000000087e00000| PB 0x0000000087e00000| Untracked 
| 127|0x0000000087f00000, 0x0000000087f00000, 0x0000000088000000|  0%| F|  |TAMS 0x0000000087f00000| PB 0x0000000087f00000| Untracked 
| 128|0x0000000088000000, 0x0000000088000000, 0x0000000088100000|  0%| F|  |TAMS 0x0000000088000000| PB 0x0000000088000000| Untracked 
| 129|0x0000000088100000, 0x0000000088100000, 0x0000000088200000|  0%| F|  |TAMS 0x0000000088100000| PB 0x0000000088100000| Untracked 
| 130|0x0000000088200000, 0x0000000088200000, 0x0000000088300000|  0%| F|  |TAMS 0x0000000088200000| PB 0x0000000088200000| Untracked 
| 131|0x0000000088300000, 0x0000000088300000, 0x0000000088400000|  0%| F|  |TAMS 0x0000000088300000| PB 0x0000000088300000| Untracked 
| 132|0x0000000088400000, 0x0000000088400000, 0x0000000088500000|  0%| F|  |TAMS 0x0000000088400000| PB 0x0000000088400000| Untracked 
| 133|0x0000000088500000, 0x0000000088500000, 0x0000000088600000|  0%| F|  |TAMS 0x0000000088500000| PB 0x0000000088500000| Untracked 
| 134|0x0000000088600000, 0x0000000088600000, 0x0000000088700000|  0%| F|  |TAMS 0x0000000088600000| PB 0x0000000088600000| Untracked 
| 135|0x0000000088700000, 0x0000000088700000, 0x0000000088800000|  0%| F|  |TAMS 0x0000000088700000| PB 0x0000000088700000| Untracked 
| 136|0x0000000088800000, 0x0000000088800000, 0x0000000088900000|  0%| F|  |TAMS 0x0000000088800000| PB 0x0000000088800000| Untracked 
| 137|0x0000000088900000, 0x0000000088900000, 0x0000000088a00000|  0%| F|  |TAMS 0x0000000088900000| PB 0x0000000088900000| Untracked 
| 138|0x0000000088a00000, 0x0000000088a00000, 0x0000000088b00000|  0%| F|  |TAMS 0x0000000088a00000| PB 0x0000000088a00000| Untracked 
| 139|0x0000000088b00000, 0x0000000088b00000, 0x0000000088c00000|  0%| F|  |TAMS 0x0000000088b00000| PB 0x0000000088b00000| Untracked 
| 140|0x0000000088c00000, 0x0000000088c00000, 0x0000000088d00000|  0%| F|  |TAMS 0x0000000088c00000| PB 0x0000000088c00000| Untracked 
| 141|0x0000000088d00000, 0x0000000088d00000, 0x0000000088e00000|  0%| F|  |TAMS 0x0000000088d00000| PB 0x0000000088d00000| Untracked 
| 142|0x0000000088e00000, 0x0000000088e00000, 0x0000000088f00000|  0%| F|  |TAMS 0x0000000088e00000| PB 0x0000000088e00000| Untracked 
| 143|0x0000000088f00000, 0x0000000088f00000, 0x0000000089000000|  0%| F|  |TAMS 0x0000000088f00000| PB 0x0000000088f00000| Untracked 
| 144|0x0000000089000000, 0x0000000089000000, 0x0000000089100000|  0%| F|  |TAMS 0x0000000089000000| PB 0x0000000089000000| Untracked 
| 145|0x0000000089100000, 0x0000000089100000, 0x0000000089200000|  0%| F|  |TAMS 0x0000000089100000| PB 0x0000000089100000| Untracked 
| 146|0x0000000089200000, 0x0000000089200000, 0x0000000089300000|  0%| F|  |TAMS 0x0000000089200000| PB 0x0000000089200000| Untracked 
| 147|0x0000000089300000, 0x0000000089300000, 0x0000000089400000|  0%| F|  |TAMS 0x0000000089300000| PB 0x0000000089300000| Untracked 
| 148|0x0000000089400000, 0x0000000089400000, 0x0000000089500000|  0%| F|  |TAMS 0x0000000089400000| PB 0x0000000089400000| Untracked 
| 149|0x0000000089500000, 0x0000000089500000, 0x0000000089600000|  0%| F|  |TAMS 0x0000000089500000| PB 0x0000000089500000| Untracked 
| 150|0x0000000089600000, 0x0000000089600000, 0x0000000089700000|  0%| F|  |TAMS 0x0000000089600000| PB 0x0000000089600000| Untracked 
| 151|0x0000000089700000, 0x0000000089700000, 0x0000000089800000|  0%| F|  |TAMS 0x0000000089700000| PB 0x0000000089700000| Untracked 
| 152|0x0000000089800000, 0x0000000089800000, 0x0000000089900000|  0%| F|  |TAMS 0x0000000089800000| PB 0x0000000089800000| Untracked 
| 153|0x0000000089900000, 0x0000000089900000, 0x0000000089a00000|  0%| F|  |TAMS 0x0000000089900000| PB 0x0000000089900000| Untracked 
| 154|0x0000000089a00000, 0x0000000089a00000, 0x0000000089b00000|  0%| F|  |TAMS 0x0000000089a00000| PB 0x0000000089a00000| Untracked 
| 155|0x0000000089b00000, 0x0000000089b00000, 0x0000000089c00000|  0%| F|  |TAMS 0x0000000089b00000| PB 0x0000000089b00000| Untracked 
| 156|0x0000000089c00000, 0x0000000089c00000, 0x0000000089d00000|  0%| F|  |TAMS 0x0000000089c00000| PB 0x0000000089c00000| Untracked 
| 157|0x0000000089d00000, 0x0000000089d00000, 0x0000000089e00000|  0%| F|  |TAMS 0x0000000089d00000| PB 0x0000000089d00000| Untracked 
| 158|0x0000000089e00000, 0x0000000089e00000, 0x0000000089f00000|  0%| F|  |TAMS 0x0000000089e00000| PB 0x0000000089e00000| Untracked 
|2040|0x00000000ff800000, 0x00000000ff8a99a0, 0x00000000ff900000| 66%| E|  |TAMS 0x00000000ff800000| PB 0x00000000ff800000| Complete 
|2041|0x00000000ff900000, 0x00000000ffa00000, 0x00000000ffa00000|100%| O|  |TAMS 0x00000000ffa00000| PB 0x00000000ffa00000| Updating 
|2042|0x00000000ffa00000, 0x00000000ffb00000, 0x00000000ffb00000|100%| O|  |TAMS 0x00000000ffb00000| PB 0x00000000ffb00000| Untracked 
|2043|0x00000000ffb00000, 0x00000000ffc00000, 0x00000000ffc00000|100%| O|  |TAMS 0x00000000ffc00000| PB 0x00000000ffc00000| Updating 
|2044|0x00000000ffc00000, 0x00000000ffd00000, 0x00000000ffd00000|100%| O|  |TAMS 0x00000000ffd00000| PB 0x00000000ffd00000| Updating 
|2045|0x00000000ffd00000, 0x00000000ffe00000, 0x00000000ffe00000|100%| O|  |TAMS 0x00000000ffe00000| PB 0x00000000ffe00000| Updating 
|2046|0x00000000ffe00000, 0x00000000fff00000, 0x00000000fff00000|100%| O|  |TAMS 0x00000000fff00000| PB 0x00000000fff00000| Untracked 
|2047|0x00000000fff00000, 0x0000000100000000, 0x0000000100000000|100%| O|  |TAMS 0x0000000100000000| PB 0x0000000100000000| Untracked 

Card table byte_map: [0x000002073e650000,0x000002073ea50000] _byte_map_base: 0x000002073e250000

Marking Bits: (CMBitMap*) 0x000002072be1c890
 Bits: [0x000002073ea50000, 0x0000020740a50000)

Polling page: 0x0000020729da0000

Metaspace:

Usage:
  Non-class:     70.97 MB used.
      Class:     11.40 MB used.
       Both:     82.37 MB used.

Virtual space:
  Non-class space:      128.00 MB reserved,      71.94 MB ( 56%) committed,  2 nodes.
      Class space:        1.00 GB reserved,      12.31 MB (  1%) committed,  1 nodes.
             Both:        1.12 GB reserved,      84.25 MB (  7%) committed. 

Chunk freelists:
   Non-Class:  7.67 MB
       Class:  3.60 MB
        Both:  11.27 MB

MaxMetaspaceSize: unlimited
CompressedClassSpaceSize: 1.00 GB
Initial GC threshold: 21.00 MB
Current GC threshold: 132.44 MB
CDS: off
 - commit_granule_bytes: 65536.
 - commit_granule_words: 8192.
 - virtual_space_node_default_size: 8388608.
 - enlarge_chunks_in_place: 1.
 - use_allocation_guard: 0.


Internal statistics:

num_allocs_failed_limit: 6.
num_arena_births: 3450.
num_arena_deaths: 0.
num_vsnodes_births: 3.
num_vsnodes_deaths: 0.
num_space_committed: 1348.
num_space_uncommitted: 0.
num_chunks_returned_to_freelist: 6.
num_chunks_taken_from_freelist: 6765.
num_chunk_merges: 3.
num_chunk_splits: 4356.
num_chunks_enlarged: 2642.
num_inconsistent_stats: 0.

CodeHeap 'non-profiled nmethods': size=120000Kb used=5335Kb max_used=5727Kb free=114664Kb
 bounds [0x00000207369f0000, 0x0000020736f90000, 0x000002073df20000]
CodeHeap 'profiled nmethods': size=120000Kb used=16468Kb max_used=17079Kb free=103531Kb
 bounds [0x000002072ef20000, 0x000002072ffd0000, 0x0000020736450000]
CodeHeap 'non-nmethods': size=5760Kb used=2840Kb max_used=2898Kb free=2920Kb
 bounds [0x0000020736450000, 0x0000020736730000, 0x00000207369f0000]
CodeCache: size=245760Kb, used=24643Kb, max_used=25704Kb, free=221115Kb
 total_blobs=9706, nmethods=8748, adapters=862, full_count=0
Compilation: enabled, stopped_count=0, restarted_count=0

Compilation events (20 events):
Event: 74.035 Thread 0x000002074367c080 nmethod 9999 0x0000020736f84190 code [0x0000020736f84320, 0x0000020736f84420]
Event: 74.035 Thread 0x000002074367c080 10000       4       com.sun.crypto.provider.GaloisCounterMode$GCMEngine::processAAD (103 bytes)
Event: 74.088 Thread 0x000002074367c080 nmethod 10000 0x0000020736f84510 code [0x0000020736f84740, 0x0000020736f85628]
Event: 74.088 Thread 0x000002074367c080 10002       4       com.sun.crypto.provider.GaloisCounterMode$GCMDecrypt::checkDataLength (53 bytes)
Event: 74.095 Thread 0x000002074367c080 nmethod 10002 0x0000020736f85d10 code [0x0000020736f85ea0, 0x0000020736f86000]
Event: 74.132 Thread 0x00000207436b6670 10003       3       java.io.File::<init> (111 bytes)
Event: 74.135 Thread 0x00000207436b6670 nmethod 10003 0x000002072ffcc210 code [0x000002072ffcc4e0, 0x000002072ffcd010]
Event: 74.160 Thread 0x000002074367c080 10004       4       com.sun.crypto.provider.GHASH::update (140 bytes)
Event: 74.174 Thread 0x000002074367c080 nmethod 10004 0x0000020736f86190 code [0x0000020736f86360, 0x0000020736f86750]
Event: 74.232 Thread 0x00000207436b6670 10005       3       java.util.HashMap$ValueSpliterator::tryAdvance (138 bytes)
Event: 74.234 Thread 0x00000207436b6670 nmethod 10005 0x000002072ffcd410 code [0x000002072ffcd640, 0x000002072ffcdd40]
Event: 74.285 Thread 0x000002074367c080 10006       4       java.util.concurrent.locks.LockSupport::unpark (26 bytes)
Event: 74.288 Thread 0x000002074367c080 nmethod 10006 0x0000020736f86b90 code [0x0000020736f86d20, 0x0000020736f86e00]
Event: 74.469 Thread 0x000002074367c080 10007       4       java.math.BigDecimal::createAndStripZerosToMatchScale (70 bytes)
Event: 74.480 Thread 0x000002074367c080 nmethod 10007 0x0000020736f86f10 code [0x0000020736f870c0, 0x0000020736f87338]
Event: 74.480 Thread 0x000002074367c080 10008   !   4       java.util.concurrent.locks.AbstractQueuedSynchronizer::tryInitializeHead (66 bytes)
Event: 74.497 Thread 0x000002074367c080 nmethod 10008 0x0000020736f87510 code [0x0000020736f876a0, 0x0000020736f87990]
Event: 74.724 Thread 0x000002074367c080 10009       4       java.util.concurrent.locks.AbstractQueuedSynchronizer$Node::clearStatus (12 bytes)
Event: 74.725 Thread 0x000002074367c080 nmethod 10009 0x0000020736f87a90 code [0x0000020736f87c20, 0x0000020736f87cb0]
Event: 75.115 Thread 0x000002074367c080 10010   !   4       com.sun.crypto.provider.GaloisCounterMode$GCMDecrypt::doFinal (628 bytes)

GC Heap History (20 events):
Event: 16.895 GC heap before
{Heap before GC invocations=15 (full 0):
 garbage-first heap   total 128000K, used 119422K [0x0000000080000000, 0x0000000100000000)
  region size 1024K, 52 young (53248K), 5 survivors (5120K)
 Metaspace       used 51711K, committed 52992K, reserved 1114112K
  class space    used 7138K, committed 7744K, reserved 1048576K
}
Event: 16.914 GC heap after
{Heap after GC invocations=16 (full 0):
 garbage-first heap   total 129024K, used 70113K [0x0000000080000000, 0x0000000100000000)
  region size 1024K, 7 young (7168K), 7 survivors (7168K)
 Metaspace       used 51711K, committed 52992K, reserved 1114112K
  class space    used 7138K, committed 7744K, reserved 1048576K
}
Event: 18.395 GC heap before
{Heap before GC invocations=17 (full 0):
 garbage-first heap   total 129024K, used 114145K [0x0000000080000000, 0x0000000100000000)
  region size 1024K, 50 young (51200K), 7 survivors (7168K)
 Metaspace       used 57065K, committed 58624K, reserved 1114112K
  class space    used 8056K, committed 8768K, reserved 1048576K
}
Event: 18.407 GC heap after
{Heap after GC invocations=18 (full 0):
 garbage-first heap   total 129024K, used 72720K [0x0000000080000000, 0x0000000100000000)
  region size 1024K, 3 young (3072K), 3 survivors (3072K)
 Metaspace       used 57065K, committed 58624K, reserved 1114112K
  class space    used 8056K, committed 8768K, reserved 1048576K
}
Event: 21.935 GC heap before
{Heap before GC invocations=18 (full 0):
 garbage-first heap   total 129024K, used 126992K [0x0000000080000000, 0x0000000100000000)
  region size 1024K, 39 young (39936K), 3 survivors (3072K)
 Metaspace       used 60207K, committed 61888K, reserved 1114112K
  class space    used 8372K, committed 9152K, reserved 1048576K
}
Event: 21.945 GC heap after
{Heap after GC invocations=19 (full 0):
 garbage-first heap   total 137216K, used 93854K [0x0000000080000000, 0x0000000100000000)
  region size 1024K, 6 young (6144K), 6 survivors (6144K)
 Metaspace       used 60207K, committed 61888K, reserved 1114112K
  class space    used 8372K, committed 9152K, reserved 1048576K
}
Event: 22.321 GC heap before
{Heap before GC invocations=19 (full 0):
 garbage-first heap   total 137216K, used 122526K [0x0000000080000000, 0x0000000100000000)
  region size 1024K, 34 young (34816K), 6 survivors (6144K)
 Metaspace       used 60855K, committed 62464K, reserved 1114112K
  class space    used 8473K, committed 9216K, reserved 1048576K
}
Event: 22.329 GC heap after
{Heap after GC invocations=20 (full 0):
 garbage-first heap   total 137216K, used 95057K [0x0000000080000000, 0x0000000100000000)
  region size 1024K, 1 young (1024K), 1 survivors (1024K)
 Metaspace       used 60855K, committed 62464K, reserved 1114112K
  class space    used 8473K, committed 9216K, reserved 1048576K
}
Event: 23.489 GC heap before
{Heap before GC invocations=21 (full 0):
 garbage-first heap   total 158720K, used 126801K [0x0000000080000000, 0x0000000100000000)
  region size 1024K, 32 young (32768K), 1 survivors (1024K)
 Metaspace       used 65013K, committed 66624K, reserved 1114112K
  class space    used 9087K, committed 9856K, reserved 1048576K
}
Event: 23.495 GC heap after
{Heap after GC invocations=22 (full 0):
 garbage-first heap   total 158720K, used 95780K [0x0000000080000000, 0x0000000100000000)
  region size 1024K, 2 young (2048K), 2 survivors (2048K)
 Metaspace       used 65013K, committed 66624K, reserved 1114112K
  class space    used 9087K, committed 9856K, reserved 1048576K
}
Event: 25.615 GC heap before
{Heap before GC invocations=22 (full 0):
 garbage-first heap   total 158720K, used 145956K [0x0000000080000000, 0x0000000100000000)
  region size 1024K, 52 young (53248K), 2 survivors (2048K)
 Metaspace       used 71119K, committed 72832K, reserved 1114112K
  class space    used 10053K, committed 10880K, reserved 1048576K
}
Event: 25.626 GC heap after
{Heap after GC invocations=23 (full 0):
 garbage-first heap   total 158720K, used 98232K [0x0000000080000000, 0x0000000100000000)
  region size 1024K, 5 young (5120K), 5 survivors (5120K)
 Metaspace       used 71119K, committed 72832K, reserved 1114112K
  class space    used 10053K, committed 10880K, reserved 1048576K
}
Event: 29.759 GC heap before
{Heap before GC invocations=23 (full 0):
 garbage-first heap   total 158720K, used 143288K [0x0000000080000000, 0x0000000100000000)
  region size 1024K, 49 young (50176K), 5 survivors (5120K)
 Metaspace       used 78969K, committed 80768K, reserved 1179648K
  class space    used 11174K, committed 12032K, reserved 1048576K
}
Event: 29.771 GC heap after
{Heap after GC invocations=24 (full 0):
 garbage-first heap   total 158720K, used 102281K [0x0000000080000000, 0x0000000100000000)
  region size 1024K, 7 young (7168K), 7 survivors (7168K)
 Metaspace       used 78969K, committed 80768K, reserved 1179648K
  class space    used 11174K, committed 12032K, reserved 1048576K
}
Event: 44.828 GC heap before
{Heap before GC invocations=25 (full 0):
 garbage-first heap   total 171008K, used 142217K [0x0000000080000000, 0x0000000100000000)
  region size 1024K, 46 young (47104K), 7 survivors (7168K)
 Metaspace       used 83627K, committed 85504K, reserved 1179648K
  class space    used 11649K, committed 12608K, reserved 1048576K
}
Event: 44.870 GC heap after
{Heap after GC invocations=26 (full 0):
 garbage-first heap   total 171008K, used 106193K [0x0000000080000000, 0x0000000100000000)
  region size 1024K, 5 young (5120K), 5 survivors (5120K)
 Metaspace       used 83627K, committed 85504K, reserved 1179648K
  class space    used 11649K, committed 12608K, reserved 1048576K
}
Event: 56.016 GC heap before
{Heap before GC invocations=26 (full 0):
 garbage-first heap   total 171008K, used 155345K [0x0000000080000000, 0x0000000100000000)
  region size 1024K, 53 young (54272K), 5 survivors (5120K)
 Metaspace       used 84278K, committed 86144K, reserved 1179648K
  class space    used 11677K, committed 12608K, reserved 1048576K
}
Event: 56.046 GC heap after
{Heap after GC invocations=27 (full 0):
 garbage-first heap   total 171008K, used 106949K [0x0000000080000000, 0x0000000100000000)
  region size 1024K, 3 young (3072K), 3 survivors (3072K)
 Metaspace       used 84278K, committed 86144K, reserved 1179648K
  class space    used 11677K, committed 12608K, reserved 1048576K
}
Event: 75.284 GC heap before
{Heap before GC invocations=27 (full 0):
 garbage-first heap   total 171008K, used 156101K [0x0000000080000000, 0x0000000100000000)
  region size 1024K, 52 young (53248K), 3 survivors (3072K)
 Metaspace       used 84349K, committed 86272K, reserved 1179648K
  class space    used 11677K, committed 12608K, reserved 1048576K
}
Event: 75.296 GC heap after
{Heap after GC invocations=28 (full 0):
 garbage-first heap   total 171008K, used 106448K [0x0000000080000000, 0x0000000100000000)
  region size 1024K, 2 young (2048K), 2 survivors (2048K)
 Metaspace       used 84349K, committed 86272K, reserved 1179648K
  class space    used 11677K, committed 12608K, reserved 1048576K
}

Dll operation events (3 events):
Event: 0.094 Loaded shared library D:\Android\jbr\bin\java.dll
Event: 0.111 Loaded shared library D:\Android\jbr\bin\zip.dll
Event: 1.638 Loaded shared library D:\Android\jbr\bin\verify.dll

Deoptimization events (20 events):
Event: 55.591 Thread 0x000002074b8f0a60 DEOPT PACKING pc=0x000002072fbde658 sp=0x0000007988bfd260
Event: 55.591 Thread 0x000002074b8f0a60 DEOPT UNPACKING pc=0x00000207364a4e42 sp=0x0000007988bfc770 mode 0
Event: 61.990 Thread 0x000002072be1e2c0 DEOPT PACKING pc=0x000002072fc91f9b sp=0x00000079850f4c60
Event: 61.990 Thread 0x000002072be1e2c0 DEOPT UNPACKING pc=0x00000207364a4e42 sp=0x00000079850f41e8 mode 0
Event: 63.894 Thread 0x000002074b8f10f0 DEOPT PACKING pc=0x000002072fbde658 sp=0x0000007988cfd670
Event: 63.894 Thread 0x000002074b8f10f0 DEOPT UNPACKING pc=0x00000207364a4e42 sp=0x0000007988cfcb80 mode 0
Event: 69.130 Thread 0x000002072be1e2c0 Uncommon trap: trap_request=0xffffff45 fr.pc=0x0000020736ec51dc relative=0x000000000000509c
Event: 69.130 Thread 0x000002072be1e2c0 Uncommon trap: reason=unstable_if action=reinterpret pc=0x0000020736ec51dc method=com.sun.crypto.provider.GHASH.doFinal(Ljava/nio/ByteBuffer;I)I @ 17 c2
Event: 69.130 Thread 0x000002072be1e2c0 DEOPT PACKING pc=0x0000020736ec51dc sp=0x00000079850f4800
Event: 69.130 Thread 0x000002072be1e2c0 DEOPT UNPACKING pc=0x00000207364a46a2 sp=0x00000079850f4690 mode 2
Event: 72.037 Thread 0x000002074b8f6640 DEOPT PACKING pc=0x000002072fc9f6b6 sp=0x0000007988dfcae0
Event: 72.037 Thread 0x000002074b8f6640 DEOPT UNPACKING pc=0x00000207364a4e42 sp=0x0000007988dfbfd8 mode 0
Event: 73.190 Thread 0x000002074b8f1780 Uncommon trap: trap_request=0xffffff45 fr.pc=0x0000020736e432ac relative=0x000000000000008c
Event: 73.190 Thread 0x000002074b8f1780 Uncommon trap: reason=unstable_if action=reinterpret pc=0x0000020736e432ac method=jdk.internal.misc.Unsafe.getAndBitwiseAndInt(Ljava/lang/Object;JI)I @ 21 c2
Event: 73.190 Thread 0x000002074b8f1780 DEOPT PACKING pc=0x0000020736e432ac sp=0x0000007988ffd4d0
Event: 73.190 Thread 0x000002074b8f1780 DEOPT UNPACKING pc=0x00000207364a46a2 sp=0x0000007988ffd3d8 mode 2
Event: 73.661 Thread 0x000002072be1cf10 Uncommon trap: trap_request=0xffffff45 fr.pc=0x0000020736df15a4 relative=0x0000000000000084
Event: 73.661 Thread 0x000002072be1cf10 Uncommon trap: reason=unstable_if action=reinterpret pc=0x0000020736df15a4 method=java.util.concurrent.locks.AbstractQueuedSynchronizer$ConditionObject.canReacquire(Ljava/util/concurrent/locks/AbstractQueuedSynchronizer$ConditionNode;)Z @ 18 c2
Event: 73.661 Thread 0x000002072be1cf10 DEOPT PACKING pc=0x0000020736df15a4 sp=0x00000079856ff360
Event: 73.661 Thread 0x000002072be1cf10 DEOPT UNPACKING pc=0x00000207364a46a2 sp=0x00000079856ff2f0 mode 2

Classes loaded (20 events):
Event: 34.134 Loading class java/lang/foreign/MemorySegment
Event: 34.136 Loading class java/lang/foreign/MemorySegment done
Event: 34.451 Loading class com/sun/org/apache/xerces/internal/dom/DeferredCommentImpl
Event: 34.451 Loading class com/sun/org/apache/xerces/internal/dom/CommentImpl
Event: 34.451 Loading class com/sun/org/apache/xerces/internal/dom/CommentImpl done
Event: 34.451 Loading class com/sun/org/apache/xerces/internal/dom/DeferredCommentImpl done
Event: 37.229 Loading class java/util/concurrent/locks/ReentrantReadWriteLock$Sync$HoldCounter
Event: 37.230 Loading class java/util/concurrent/locks/ReentrantReadWriteLock$Sync$HoldCounter done
Event: 44.876 Loading class sun/security/ssl/Alert
Event: 44.877 Loading class sun/security/ssl/Alert done
Event: 44.879 Loading class sun/security/ssl/Alert$AlertConsumer
Event: 44.880 Loading class sun/security/ssl/Alert$AlertConsumer done
Event: 44.880 Loading class sun/security/ssl/Alert$Level
Event: 44.880 Loading class sun/security/ssl/Alert$Level done
Event: 45.956 Loading class java/util/Collections$ReverseComparator
Event: 45.957 Loading class java/util/Collections$ReverseComparator done
Event: 45.958 Loading class java/util/Collections$ReverseComparator2
Event: 45.958 Loading class java/util/Collections$ReverseComparator2 done
Event: 48.647 Loading class java/util/LinkedList$LLSpliterator
Event: 48.647 Loading class java/util/LinkedList$LLSpliterator done

Classes unloaded (0 events):
No events

Classes redefined (0 events):
No events

Internal exceptions (20 events):
Event: 27.537 Thread 0x000002072be1e2c0 Exception <a 'java/lang/NoSuchMethodError'{0x00000000884e9368}: static [Ljava/lang/Object;.<clinit>()V> (0x00000000884e9368) 
thrown [s\src\hotspot\share\prims\jni.cpp, line 1144]
Event: 27.542 Thread 0x000002072be1e2c0 Exception <a 'java/lang/NoSuchMethodError'{0x0000000088314588}: static Lorg/gradle/api/internal/catalog/DependencyModel;.<clinit>()V> (0x0000000088314588) 
thrown [s\src\hotspot\share\prims\jni.cpp, line 1144]
Event: 27.543 Thread 0x000002072be1e2c0 Exception <a 'java/lang/NoSuchMethodError'{0x0000000088318910}: static Lorg/gradle/api/internal/catalog/AbstractContextAwareModel;.<clinit>()V> (0x0000000088318910) 
thrown [s\src\hotspot\share\prims\jni.cpp, line 1144]
Event: 27.550 Thread 0x000002072be1e2c0 Exception <a 'java/lang/NoSuchMethodError'{0x00000000883345e0}: static Lorg/gradle/api/internal/artifacts/dependencies/AbstractVersionConstraint;.<clinit>()V> (0x00000000883345e0) 
thrown [s\src\hotspot\share\prims\jni.cpp, line 1144]
Event: 27.566 Thread 0x000002072be1e2c0 Exception <a 'java/lang/NoSuchMethodError'{0x000000008838bb10}: static Lorg/gradle/api/internal/catalog/PluginModel;.<clinit>()V> (0x000000008838bb10) 
thrown [s\src\hotspot\share\prims\jni.cpp, line 1144]
Event: 27.570 Thread 0x000002072be1e2c0 Exception <a 'java/lang/NoSuchMethodError'{0x00000000883a5150}: static Lorg/gradle/api/internal/catalog/VersionModel;.<clinit>()V> (0x00000000883a5150) 
thrown [s\src\hotspot\share\prims\jni.cpp, line 1144]
Event: 28.080 Thread 0x000002072be1cf10 Exception <a 'java/lang/NoSuchMethodError'{0x0000000087d88da8}: static Lorg/gradle/internal/build/event/types/DefaultFileDownloadDescriptor;.<clinit>()V> (0x0000000087d88da8) 
thrown [s\src\hotspot\share\prims\jni.cpp, line 1144]
Event: 28.202 Thread 0x000002072be1e2c0 Exception <a 'sun/nio/fs/WindowsException'{0x0000000087cdcc10}> (0x0000000087cdcc10) 
thrown [s\src\hotspot\share\prims\jni.cpp, line 537]
Event: 30.183 Thread 0x000002072be1e2c0 Exception <a 'java/lang/NoSuchMethodError'{0x0000000089d53bc8}: 'void java.lang.invoke.DirectMethodHandle$Holder.invokeVirtual(java.lang.Object, java.lang.Object, long)'> (0x0000000089d53bc8) 
thrown [s\src\hotspot\share\interpreter\linkResolver.cpp, line 784]
Event: 30.209 Thread 0x000002072be1cf10 Exception <a 'java/lang/NoSuchMethodError'{0x0000000089c89338}: static Lorg/gradle/internal/build/event/types/DefaultStatusEvent;.<clinit>()V> (0x0000000089c89338) 
thrown [s\src\hotspot\share\prims\jni.cpp, line 1144]
Event: 30.221 Thread 0x000002072be1cf10 Exception <a 'java/lang/NoSuchMethodError'{0x0000000089c97750}: static Lorg/gradle/internal/build/event/types/DefaultOperationFinishedProgressEvent;.<clinit>()V> (0x0000000089c97750) 
thrown [s\src\hotspot\share\prims\jni.cpp, line 1144]
Event: 30.226 Thread 0x000002072be1cf10 Exception <a 'java/lang/NoSuchMethodError'{0x0000000089cd4b28}: static Lorg/gradle/internal/build/event/types/DefaultFileDownloadSuccessResult;.<clinit>()V> (0x0000000089cd4b28) 
thrown [s\src\hotspot\share\prims\jni.cpp, line 1144]
Event: 30.226 Thread 0x000002072be1cf10 Exception <a 'java/lang/NoSuchMethodError'{0x0000000089cd5be8}: static Lorg/gradle/internal/build/event/types/DefaultSuccessResult;.<clinit>()V> (0x0000000089cd5be8) 
thrown [s\src\hotspot\share\prims\jni.cpp, line 1144]
Event: 30.226 Thread 0x000002072be1cf10 Exception <a 'java/lang/NoSuchMethodError'{0x0000000089cd6aa8}: static Lorg/gradle/internal/build/event/types/AbstractOperationResult;.<clinit>()V> (0x0000000089cd6aa8) 
thrown [s\src\hotspot\share\prims\jni.cpp, line 1144]
Event: 30.227 Thread 0x000002072be1cf10 Exception <a 'java/lang/NoSuchMethodError'{0x0000000089cd7f40}: static Lorg/gradle/internal/build/event/types/AbstractResult;.<clinit>()V> (0x0000000089cd7f40) 
thrown [s\src\hotspot\share\prims\jni.cpp, line 1144]
Event: 30.334 Thread 0x000002072be1e2c0 Exception <a 'java/lang/NoSuchMethodError'{0x0000000089be6ca8}: 'int java.lang.invoke.DirectMethodHandle$Holder.invokeSpecial(java.lang.Object, java.lang.Object, int)'> (0x0000000089be6ca8) 
thrown [s\src\hotspot\share\interpreter\linkResolver.cpp, line 784]
Event: 30.556 Thread 0x000002072be1e2c0 Exception <a 'java/lang/NoSuchMethodError'{0x00000000895338b8}: 'void java.lang.invoke.DirectMethodHandle$Holder.invokeStatic(java.lang.Object, java.lang.Object, java.lang.Object, int, java.lang.Object)'> (0x00000000895338b8) 
thrown [s\src\hotspot\share\interpreter\linkResolver.cpp, line 784]
Event: 30.874 Thread 0x000002072be1e2c0 Exception <a 'java/lang/NoSuchMethodError'{0x0000000089423638}: 'int java.lang.invoke.DirectMethodHandle$Holder.invokeSpecialIFC(java.lang.Object, java.lang.Object, java.lang.Object)'> (0x0000000089423638) 
thrown [s\src\hotspot\share\interpreter\linkResolver.cpp, line 784]
Event: 44.882 Thread 0x000002074368efb0 Implicit null exception at 0x0000020736c29d87 to 0x0000020736c29e54
Event: 48.649 Thread 0x000002072be1e2c0 Exception <a 'java/lang/IncompatibleClassChangeError'{0x0000000089670618}: Found class java.lang.Object, but interface was expected> (0x0000000089670618) 
thrown [s\src\hotspot\share\interpreter\linkResolver.cpp, line 851]

ZGC Phase Switch (0 events):
No events

VM Operations (20 events):
Event: 62.784 Executing VM operation: Cleanup
Event: 62.784 Executing VM operation: Cleanup done
Event: 63.796 Executing VM operation: Cleanup
Event: 63.796 Executing VM operation: Cleanup done
Event: 64.799 Executing VM operation: Cleanup
Event: 64.799 Executing VM operation: Cleanup done
Event: 66.814 Executing VM operation: Cleanup
Event: 67.579 Executing VM operation: Cleanup done
Event: 69.583 Executing VM operation: Cleanup
Event: 69.583 Executing VM operation: Cleanup done
Event: 70.593 Executing VM operation: Cleanup
Event: 70.593 Executing VM operation: Cleanup done
Event: 72.598 Executing VM operation: Cleanup
Event: 72.598 Executing VM operation: Cleanup done
Event: 73.610 Executing VM operation: Cleanup
Event: 73.610 Executing VM operation: Cleanup done
Event: 74.623 Executing VM operation: Cleanup
Event: 74.623 Executing VM operation: Cleanup done
Event: 75.284 Executing VM operation: G1CollectForAllocation (G1 Evacuation Pause)
Event: 75.296 Executing VM operation: G1CollectForAllocation (G1 Evacuation Pause) done

Memory protections (0 events):
No events

Nmethod flushes (20 events):
Event: 29.859 Thread 0x00000207434de3e0 flushing  nmethod 0x000002072f262b10
Event: 29.859 Thread 0x00000207434de3e0 flushing  nmethod 0x000002072f263110
Event: 29.859 Thread 0x00000207434de3e0 flushing  nmethod 0x000002072f2b6d10
Event: 29.859 Thread 0x00000207434de3e0 flushing  nmethod 0x000002072f329b10
Event: 29.859 Thread 0x00000207434de3e0 flushing  nmethod 0x000002072f396010
Event: 29.859 Thread 0x00000207434de3e0 flushing  nmethod 0x000002072f399210
Event: 29.859 Thread 0x00000207434de3e0 flushing  nmethod 0x000002072f3dab10
Event: 29.859 Thread 0x00000207434de3e0 flushing  nmethod 0x000002072f422110
Event: 29.859 Thread 0x00000207434de3e0 flushing  nmethod 0x000002072f47bb90
Event: 29.859 Thread 0x00000207434de3e0 flushing  nmethod 0x000002072f47c390
Event: 29.859 Thread 0x00000207434de3e0 flushing  nmethod 0x000002072f4f6090
Event: 29.859 Thread 0x00000207434de3e0 flushing  nmethod 0x000002072f4f6e10
Event: 29.859 Thread 0x00000207434de3e0 flushing  nmethod 0x000002072f5b9210
Event: 29.859 Thread 0x00000207434de3e0 flushing  nmethod 0x000002072f5b9990
Event: 29.859 Thread 0x00000207434de3e0 flushing  nmethod 0x000002072f5bd110
Event: 29.859 Thread 0x00000207434de3e0 flushing  nmethod 0x000002072f5bff90
Event: 29.859 Thread 0x00000207434de3e0 flushing  nmethod 0x000002072f5c0b10
Event: 29.859 Thread 0x00000207434de3e0 flushing  nmethod 0x000002072f644990
Event: 29.859 Thread 0x00000207434de3e0 flushing  nmethod 0x000002072f645310
Event: 29.859 Thread 0x00000207434de3e0 flushing  nmethod 0x000002072f80aa90

Events (20 events):
Event: 35.346 Thread 0x000002072be1e2c0 Thread added: 0x000002074b8f4c00
Event: 46.532 Thread 0x000002072be1e2c0 Thread added: 0x000002074b8f5fb0
Event: 46.532 Thread 0x000002072be1e2c0 Thread added: 0x000002074b8f2b30
Event: 46.532 Thread 0x000002072be1e2c0 Thread added: 0x000002074b8f3850
Event: 46.533 Thread 0x000002072be1e2c0 Thread added: 0x000002074b8f3ee0
Event: 46.533 Thread 0x000002072be1e2c0 Thread added: 0x000002074b8f5290
Event: 46.533 Thread 0x000002072be1e2c0 Thread added: 0x000002074b8f1e10
Event: 48.707 Thread 0x000002072be1e2c0 Thread added: 0x000002074b8f5920
Event: 48.708 Thread 0x000002072be1e2c0 Thread added: 0x000002074b8f0a60
Event: 48.708 Thread 0x000002072be1e2c0 Thread added: 0x000002074b8f10f0
Event: 48.708 Thread 0x000002072be1e2c0 Thread added: 0x000002074b8f6640
Event: 48.709 Thread 0x000002072be1e2c0 Thread added: 0x000002074b8ef6b0
Event: 48.709 Thread 0x000002072be1e2c0 Thread added: 0x000002074b8f1780
Event: 48.709 Thread 0x000002072be1e2c0 Thread added: 0x000002074b8efd40
Event: 49.238 Thread 0x00000207436b6670 Thread added: 0x000002074c649080
Event: 59.523 Thread 0x000002074c649080 Thread exited: 0x000002074c649080
Event: 60.068 Thread 0x000002074367c080 Thread added: 0x00000207529ae270
Event: 60.998 Thread 0x00000207529ae270 Thread exited: 0x00000207529ae270
Event: 61.476 Thread 0x000002074367c080 Thread added: 0x0000020752973010
Event: 61.979 Thread 0x0000020752973010 Thread exited: 0x0000020752973010


Dynamic libraries:
0x00007ff655a50000 - 0x00007ff655a5a000 	D:\Android\jbr\bin\java.exe
0x00007ff8bfe70000 - 0x00007ff8c0068000 	C:\Windows\SYSTEM32\ntdll.dll
0x00007ff8be4d0000 - 0x00007ff8be592000 	C:\Windows\System32\KERNEL32.DLL
0x00007ff8bd8d0000 - 0x00007ff8bdbc6000 	C:\Windows\System32\KERNELBASE.dll
0x00007ff8bd670000 - 0x00007ff8bd770000 	C:\Windows\System32\ucrtbase.dll
0x00007ff89a3e0000 - 0x00007ff89a3fb000 	D:\Android\jbr\bin\VCRUNTIME140.dll
0x00007ff896f90000 - 0x00007ff896fa8000 	D:\Android\jbr\bin\jli.dll
0x00007ff8bf570000 - 0x00007ff8bf711000 	C:\Windows\System32\USER32.dll
0x00007ff8bdc50000 - 0x00007ff8bdc72000 	C:\Windows\System32\win32u.dll
0x00007ff8bf420000 - 0x00007ff8bf44b000 	C:\Windows\System32\GDI32.dll
0x00007ff8a6a00000 - 0x00007ff8a6c9b000 	C:\Windows\WinSxS\amd64_microsoft.windows.common-controls_6595b64144ccf1df_6.0.19041.6456_none_60b8a6cb71f64256\COMCTL32.dll
0x00007ff8bd550000 - 0x00007ff8bd669000 	C:\Windows\System32\gdi32full.dll
0x00007ff8be0e0000 - 0x00007ff8be17e000 	C:\Windows\System32\msvcrt.dll
0x00007ff8bdd60000 - 0x00007ff8bddfd000 	C:\Windows\System32\msvcp_win.dll
0x00007ff8bf3f0000 - 0x00007ff8bf41f000 	C:\Windows\System32\IMM32.DLL
0x00007ff8a4c10000 - 0x00007ff8a4c1c000 	D:\Android\jbr\bin\vcruntime140_1.dll
0x00007ff8858c0000 - 0x00007ff88594d000 	D:\Android\jbr\bin\msvcp140.dll
0x00007ff883ec0000 - 0x00007ff884b56000 	D:\Android\jbr\bin\server\jvm.dll
0x00007ff8bde90000 - 0x00007ff8bdf41000 	C:\Windows\System32\ADVAPI32.dll
0x00007ff8bf7c0000 - 0x00007ff8bf85f000 	C:\Windows\System32\sechost.dll
0x00007ff8bee60000 - 0x00007ff8bef80000 	C:\Windows\System32\RPCRT4.dll
0x00007ff8bdd30000 - 0x00007ff8bdd57000 	C:\Windows\System32\bcrypt.dll
0x00007ff8bfd60000 - 0x00007ff8bfdcb000 	C:\Windows\System32\WS2_32.dll
0x00007ff8bd360000 - 0x00007ff8bd3ab000 	C:\Windows\SYSTEM32\POWRPROF.dll
0x00007ff8b3620000 - 0x00007ff8b3647000 	C:\Windows\SYSTEM32\WINMM.dll
0x00007ff8b4b90000 - 0x00007ff8b4b9a000 	C:\Windows\SYSTEM32\VERSION.dll
0x00007ff8bd340000 - 0x00007ff8bd352000 	C:\Windows\SYSTEM32\UMPDC.dll
0x00007ff8bb370000 - 0x00007ff8bb382000 	C:\Windows\SYSTEM32\kernel.appcore.dll
0x00007ff89b6c0000 - 0x00007ff89b6ca000 	D:\Android\jbr\bin\jimage.dll
0x00007ff8b6e20000 - 0x00007ff8b7021000 	C:\Windows\SYSTEM32\DBGHELP.DLL
0x00007ff8a45b0000 - 0x00007ff8a45e4000 	C:\Windows\SYSTEM32\dbgcore.DLL
0x00007ff8bde00000 - 0x00007ff8bde82000 	C:\Windows\System32\bcryptPrimitives.dll
0x00007ff899790000 - 0x00007ff89979e000 	D:\Android\jbr\bin\instrument.dll
0x00007ff899f80000 - 0x00007ff899fa0000 	D:\Android\jbr\bin\java.dll
0x00007ff898e60000 - 0x00007ff898e78000 	D:\Android\jbr\bin\zip.dll
0x00007ff8be6f0000 - 0x00007ff8bee60000 	C:\Windows\System32\SHELL32.dll
0x00007ff8bb570000 - 0x00007ff8bbd15000 	C:\Windows\SYSTEM32\windows.storage.dll
0x00007ff8bf860000 - 0x00007ff8bfbb4000 	C:\Windows\System32\combase.dll
0x00007ff8bce50000 - 0x00007ff8bce7b000 	C:\Windows\SYSTEM32\Wldp.dll
0x00007ff8be620000 - 0x00007ff8be6ed000 	C:\Windows\System32\OLEAUT32.dll
0x00007ff8bf460000 - 0x00007ff8bf50d000 	C:\Windows\System32\SHCORE.dll
0x00007ff8bfdd0000 - 0x00007ff8bfe2b000 	C:\Windows\System32\shlwapi.dll
0x00007ff8bd430000 - 0x00007ff8bd454000 	C:\Windows\SYSTEM32\profapi.dll
0x00007ff89a780000 - 0x00007ff89a790000 	D:\Android\jbr\bin\net.dll
0x00007ff8b5520000 - 0x00007ff8b562a000 	C:\Windows\SYSTEM32\WINHTTP.dll
0x00007ff8bcbb0000 - 0x00007ff8bcc1a000 	C:\Windows\system32\mswsock.dll
0x00007ff891e10000 - 0x00007ff891e26000 	D:\Android\jbr\bin\nio.dll
0x00007ff8b8a60000 - 0x00007ff8b8a70000 	D:\Android\jbr\bin\verify.dll
0x00007ff8997c0000 - 0x00007ff8997e7000 	C:\Users\Admin\.gradle\native\1def1411415f61bf3af743bc5b6707747c0891f09f0c88961ee8f79bc544acac\windows-amd64\native-platform.dll
0x00007ff8831e0000 - 0x00007ff883258000 	C:\Users\Admin\.gradle\native\0.2.7\x86_64-windows-gnu\gradle-fileevents.dll
0x00007ff899e00000 - 0x00007ff899e09000 	D:\Android\jbr\bin\management.dll
0x00007ff899970000 - 0x00007ff89997b000 	D:\Android\jbr\bin\management_ext.dll
0x00007ff8bf720000 - 0x00007ff8bf728000 	C:\Windows\System32\PSAPI.DLL
0x00007ff8bc890000 - 0x00007ff8bc8cb000 	C:\Windows\SYSTEM32\IPHLPAPI.DLL
0x00007ff8be180000 - 0x00007ff8be188000 	C:\Windows\System32\NSI.dll
0x00007ff89a4c0000 - 0x00007ff89a4c9000 	D:\Android\jbr\bin\extnet.dll
0x00007ff8bcdb0000 - 0x00007ff8bcdc8000 	C:\Windows\SYSTEM32\CRYPTSP.dll
0x00007ff8bc4d0000 - 0x00007ff8bc508000 	C:\Windows\system32\rsaenh.dll
0x00007ff8bd3f0000 - 0x00007ff8bd41e000 	C:\Windows\SYSTEM32\USERENV.dll
0x00007ff8bcda0000 - 0x00007ff8bcdac000 	C:\Windows\SYSTEM32\CRYPTBASE.dll
0x00007ff89a590000 - 0x00007ff89a597000 	C:\Windows\system32\wshunix.dll
0x00007ff8bc8d0000 - 0x00007ff8bc99a000 	C:\Windows\SYSTEM32\DNSAPI.dll
0x00007ff8acaa0000 - 0x00007ff8acaaa000 	C:\Windows\System32\rasadhlp.dll
0x00007ff8ac3d0000 - 0x00007ff8ac450000 	C:\Windows\System32\fwpuclnt.dll

JVMTI agents:
C:\Users\Admin\.gradle\wrapper\dists\gradle-8.13-bin\5xuhj0ry160q40clulazy9h7d\gradle-8.13\lib\agents\gradle-instrumentation-agent-8.13.jar path:D:\Android\jbr\bin\instrument.dll, loaded, initialized, instrumentlib options:none

dbghelp: loaded successfully - version: 4.0.5 - missing functions: none
symbol engine: initialized successfully - sym options: 0x614 - pdb path: .;D:\Android\jbr\bin;C:\Windows\SYSTEM32;C:\Windows\WinSxS\amd64_microsoft.windows.common-controls_6595b64144ccf1df_6.0.19041.6456_none_60b8a6cb71f64256;D:\Android\jbr\bin\server;C:\Users\Admin\.gradle\native\1def1411415f61bf3af743bc5b6707747c0891f09f0c88961ee8f79bc544acac\windows-amd64;C:\Users\Admin\.gradle\native\0.2.7\x86_64-windows-gnu

VM Arguments:
jvm_args: --add-opens=java.base/java.lang=ALL-UNNAMED --add-opens=java.base/java.lang.invoke=ALL-UNNAMED --add-opens=java.base/java.util=ALL-UNNAMED --add-opens=java.prefs/java.util.prefs=ALL-UNNAMED --add-exports=jdk.compiler/com.sun.tools.javac.api=ALL-UNNAMED --add-exports=jdk.compiler/com.sun.tools.javac.util=ALL-UNNAMED --add-opens=java.base/java.util=ALL-UNNAMED --add-opens=java.prefs/java.util.prefs=ALL-UNNAMED --add-opens=java.base/java.nio.charset=ALL-UNNAMED --add-opens=java.base/java.net=ALL-UNNAMED --add-opens=java.base/java.util.concurrent.atomic=ALL-UNNAMED --add-opens=java.xml/javax.xml.namespace=ALL-UNNAMED -Xmx2048m -Dfile.encoding=UTF-8 -Duser.country=RU -Duser.language=ru -Duser.variant -javaagent:C:\Users\Admin\.gradle\wrapper\dists\gradle-8.13-bin\5xuhj0ry160q40clulazy9h7d\gradle-8.13\lib\agents\gradle-instrumentation-agent-8.13.jar 
java_command: org.gradle.launcher.daemon.bootstrap.GradleDaemon 8.13
java_class_path (initial): C:\Users\Admin\.gradle\wrapper\dists\gradle-8.13-bin\5xuhj0ry160q40clulazy9h7d\gradle-8.13\lib\gradle-daemon-main-8.13.jar
Launcher Type: SUN_STANDARD

[Global flags]
     intx CICompilerCount                          = 4                                         {product} {ergonomic}
     uint ConcGCThreads                            = 2                                         {product} {ergonomic}
     uint G1ConcRefinementThreads                  = 8                                         {product} {ergonomic}
   size_t G1HeapRegionSize                         = 1048576                                   {product} {ergonomic}
    uintx GCDrainStackTargetSize                   = 64                                        {product} {ergonomic}
   size_t InitialHeapSize                          = 100663296                                 {product} {ergonomic}
   size_t MarkStackSize                            = 4194304                                   {product} {ergonomic}
   size_t MaxHeapSize                              = 2147483648                                {product} {command line}
   size_t MaxNewSize                               = 1287651328                                {product} {ergonomic}
   size_t MinHeapDeltaBytes                        = 1048576                                   {product} {ergonomic}
   size_t MinHeapSize                              = 8388608                                   {product} {ergonomic}
    uintx NonNMethodCodeHeapSize                   = 5839372                                {pd product} {ergonomic}
    uintx NonProfiledCodeHeapSize                  = 122909434                              {pd product} {ergonomic}
    uintx ProfiledCodeHeapSize                     = 122909434                              {pd product} {ergonomic}
    uintx ReservedCodeCacheSize                    = 251658240                              {pd product} {ergonomic}
     bool SegmentedCodeCache                       = true                                      {product} {ergonomic}
   size_t SoftMaxHeapSize                          = 2147483648                             {manageable} {ergonomic}
     bool UseCompressedOops                        = true                           {product lp64_product} {ergonomic}
     bool UseG1GC                                  = true                                      {product} {ergonomic}
     bool UseLargePagesIndividualAllocation        = false                                  {pd product} {ergonomic}

Logging:
Log output configuration:
 #0: stdout all=warning uptime,level,tags foldmultilines=false
 #1: stderr all=off uptime,level,tags foldmultilines=false

Environment Variables:
PATH=C:\Program Files (x86)\NVIDIA Corporation\PhysX\Common;C:\Program Files (x86)\Common Files\Oracle\Java\java8path;C:\Program Files (x86)\Common Files\Oracle\Java\javapath;C:\Windows\system32;C:\Windows;C:\Windows\System32\Wbem;C:\Windows\System32\WindowsPowerShell\v1.0\;C:\Windows\System32\OpenSSH\;C:\Program Files\Microsoft SQL Server\150\Tools\Binn\;C:\Program Files (x86)\Windows Kits\10\Windows Performance Toolkit\;C:\Program Files\nodejs\;C:\Program Files\Git\cmd;C:\Program Files\OpenSSL-Win64\bin;D:\PuTTY\;C:\TDM-GCC-32\bin;C:\Program Files\dotnet\;C:\Program Files\TortoiseGit\bin;C:\php;C:\Users\Admin\AppData\Local\Microsoft\WindowsApps;C:\Users\Admin\AppData\Local\atom\bin;C:\Users\Admin\AppData\Roaming\npm;C:\Users\Admin\AppData\Local\spicetify;C:\msys64\ucrt64\bin;C:\Users\Admin\.dotnet\tools;D:\flutter\bin;
USERNAME=Admin
OS=Windows_NT
PROCESSOR_IDENTIFIER=AMD64 Family 23 Model 24 Stepping 1, AuthenticAMD
TMP=C:\Users\Admin\AppData\Local\Temp
TEMP=C:\Users\Admin\AppData\Local\Temp




Periodic native trim disabled

JNI global refs:
JNI global refs: 29, weak refs: 0

JNI global refs memory usage: 835, weak refs: 201

Process memory usage:
Resident Set Size: 227316K (3% of 6232908K total physical memory with 323432K free physical memory)

OOME stack traces (most recent first):
Classloader memory used:
Loader org.gradle.internal.classloader.VisitableURLClassLoader                         : 39105K
Loader bootstrap                                                                       : 30817K
Loader org.gradle.initialization.MixInLegacyTypesClassLoader                           : 11166K
Loader org.gradle.internal.classloader.VisitableURLClassLoader                         : 1078K
Loader jdk.internal.loader.ClassLoaders$PlatformClassLoader                            : 815K
Loader org.gradle.internal.classloader.VisitableURLClassLoader$InstrumentingVisitableURLClassLoader: 689K
Loader jdk.internal.reflect.DelegatingClassLoader                                      : 304K
Loader jdk.internal.loader.ClassLoaders$AppClassLoader                                 : 235K
Loader org.gradle.groovy.scripts.internal.DefaultScriptCompilationHandler$ScriptClassLoader: 90144B
Loader org.codehaus.groovy.runtime.callsite.CallSiteClassLoader                        : 49912B

Classes loaded by more than one classloader:
Class org.gradle.internal.IoActions                                                   : loaded 3 times (x 71B)
Class org.gradle.api.Action                                                           : loaded 3 times (x 70B)
Class org.gradle.internal.Cast                                                        : loaded 3 times (x 71B)
Class org.gradle.api.GradleException                                                  : loaded 3 times (x 82B)
Class org.gradle.api.UncheckedIOException                                             : loaded 3 times (x 82B)
Class Program                                                                         : loaded 3 times (x 72B)
Class kotlin.collections.AbstractList$Companion                                       : loaded 2 times (x 71B)
Class org.gradle.internal.classloader.ClassLoaderVisitor                              : loaded 2 times (x 76B)
Class org.gradle.api.internal.classpath.EffectiveClassPath                            : loaded 2 times (x 90B)
Class org.gradle.tooling.internal.gradle.DefaultProjectIdentifier                     : loaded 2 times (x 86B)
Class org.gradle.api.internal.DefaultClassPathProvider                                : loaded 2 times (x 76B)
Class [Lorg.gradle.api.internal.ClassPathProvider;                                    : loaded 2 times (x 69B)
Class org.gradle.api.internal.ClassPathProvider                                       : loaded 2 times (x 70B)
Class org.gradle.internal.service.UnknownServiceException                             : loaded 2 times (x 83B)
Class org.gradle.internal.classpath.TransformedClassPath                              : loaded 2 times (x 96B)
Class org.gradle.internal.classloader.InstrumentingClassLoader                        : loaded 2 times (x 70B)
Class kotlin.enums.EnumEntriesList                                                    : loaded 2 times (x 223B)
Class org.gradle.internal.service.ServiceLocator                                      : loaded 2 times (x 70B)
Class com.intellij.gradle.toolingExtension.util.GradleVersionUtil                     : loaded 2 times (x 71B)
Class org.gradle.tooling.model.UnsupportedMethodException                             : loaded 2 times (x 82B)
Class org.gradle.internal.InternalTransformer                                         : loaded 2 times (x 70B)
Class org.gradle.internal.time.DefaultTimer                                           : loaded 2 times (x 80B)
Class org.gradle.internal.classloader.ClasspathUtil$1                                 : loaded 2 times (x 76B)
Class org.gradle.api.internal.classpath.DefaultModuleRegistry$DefaultModule           : loaded 2 times (x 86B)
Class org.gradle.internal.time.DefaultCountdownTimer                                  : loaded 2 times (x 88B)
Class org.gradle.tooling.internal.gradle.DefaultBuildIdentifier                       : loaded 2 times (x 79B)
Class kotlin.Function                                                                 : loaded 2 times (x 70B)
Class org.gradle.api.internal.classpath.Module                                        : loaded 2 times (x 70B)
Class org.gradle.api.internal.classpath.UnknownModuleException                        : loaded 2 times (x 82B)
Class org.gradle.tooling.internal.gradle.GradleProjectIdentity                        : loaded 2 times (x 70B)
Class org.gradle.api.internal.DefaultClassPathRegistry                                : loaded 2 times (x 76B)
Class org.gradle.api.internal.ClassPathRegistry                                       : loaded 2 times (x 70B)
Class org.gradle.internal.classpath.DefaultClassPath$ImmutableUniqueList              : loaded 2 times (x 199B)
Class org.gradle.internal.classloader.DefaultClassLoaderFactory                       : loaded 2 times (x 82B)
Class Settings_gradle$1                                                               : loaded 2 times (x 74B)
Class org.gradle.internal.operations.MultipleBuildOperationFailures                   : loaded 2 times (x 95B)
Class org.gradle.internal.classpath.ClassPath                                         : loaded 2 times (x 70B)
Class sync_studio_tooling1_640xrusbbbgijsy82klg2g3bb                                  : loaded 2 times (x 179B)
Class org.gradle.api.internal.classpath.ManifestUtil                                  : loaded 2 times (x 71B)
Class kotlin.UninitializedPropertyAccessException                                     : loaded 2 times (x 82B)
Class org.gradle.internal.installation.GradleInstallation$1                           : loaded 2 times (x 75B)
Class org.gradle.api.internal.classpath.ModuleRegistry                                : loaded 2 times (x 70B)
Class org.gradle.api.internal.classpath.DefaultModuleRegistry                         : loaded 2 times (x 86B)
Class org.gradle.util.internal.DefaultGradleVersion$Stage                             : loaded 2 times (x 75B)
Class org.gradle.internal.time.MonotonicClock                                         : loaded 2 times (x 77B)
Class org.gradle.internal.service.ServiceLookupException                              : loaded 2 times (x 82B)
Class org.gradle.internal.classloader.ClassLoaderFactory                              : loaded 2 times (x 70B)
Class org.gradle.internal.service.CachingServiceLocator                               : loaded 2 times (x 82B)
Class org.gradle.internal.time.TimeSource                                             : loaded 2 times (x 70B)
Class org.gradle.tooling.internal.gradle.GradleBuildIdentity                          : loaded 2 times (x 70B)
Class kotlin.enums.EnumEntries                                                        : loaded 2 times (x 70B)
Class org.gradle.internal.exceptions.ResolutionProvider                               : loaded 2 times (x 70B)
Class org.gradle.tooling.model.ProjectIdentifier                                      : loaded 2 times (x 70B)
Class org.gradle.internal.classloader.ClasspathUtil                                   : loaded 2 times (x 71B)
Class org.gradle.internal.time.TimeSource$1                                           : loaded 2 times (x 77B)
Class kotlin.jvm.internal.DefaultConstructorMarker                                    : loaded 2 times (x 71B)
Class org.gradle.api.specs.Spec                                                       : loaded 2 times (x 70B)
Class com.intellij.gradle.toolingExtension.impl.model.utilDummyModel.DummyModel       : loaded 2 times (x 70B)
Class org.gradle.internal.time.Clock                                                  : loaded 2 times (x 70B)
Class kotlin.collections.AbstractList                                                 : loaded 2 times (x 197B)
Class kotlin.collections.AbstractCollection                                           : loaded 2 times (x 117B)
Class org.gradle.internal.impldep.com.google.common.base.Preconditions                : loaded 2 times (x 71B)
Class org.gradle.internal.classloader.VisitableURLClassLoader$InstrumentingVisitableURLClassLoader: loaded 2 times (x 123B)
Class org.gradle.internal.classloader.VisitableURLClassLoader$Spec                    : loaded 2 times (x 74B)
Class org.gradle.internal.classpath.DefaultClassPath                                  : loaded 2 times (x 90B)
Class org.gradle.util.internal.DefaultGradleVersion                                   : loaded 2 times (x 80B)
Class org.gradle.internal.classloader.ClassLoaderSpec                                 : loaded 2 times (x 71B)
Class Settings_gradle$1$1                                                             : loaded 2 times (x 74B)
Class kotlin.Unit                                                                     : loaded 2 times (x 71B)
Class org.gradle.internal.classloader.VisitableURLClassLoader                         : loaded 2 times (x 117B)
Class Settings_gradle                                                                 : loaded 2 times (x 128B)
Class ijInit2_5eguwefn4k5y5xinrfqhr610j                                               : loaded 2 times (x 179B)
Class org.gradle.internal.classloader.ClassLoaderHierarchy                            : loaded 2 times (x 70B)
Class org.gradle.internal.classloader.FilteringClassLoader                            : loaded 2 times (x 105B)
Class kotlin.jvm.functions.Function1                                                  : loaded 2 times (x 70B)
Class org.gradle.internal.classpath.DefaultClassPath$ImmutableUniqueList$Builder      : loaded 2 times (x 75B)
Class org.gradle.tooling.model.Model                                                  : loaded 2 times (x 70B)
Class org.gradle.internal.exceptions.NonGradleCauseExceptionsHolder                   : loaded 2 times (x 70B)
Class org.jetbrains.plugins.gradle.tooling.ModelBuilderService$Parameter              : loaded 2 times (x 70B)
Class kotlin.NotImplementedError                                                      : loaded 2 times (x 82B)
Class kotlin.enums.EnumEntriesKt                                                      : loaded 2 times (x 71B)
Class org.gradle.internal.classloader.SystemClassLoaderSpec                           : loaded 2 times (x 71B)
Class org.gradle.internal.exceptions.MultiCauseException                              : loaded 2 times (x 70B)
Class org.gradle.internal.time.CountdownTimer                                         : loaded 2 times (x 70B)
Class kotlin.jvm.internal.Intrinsics                                                  : loaded 2 times (x 71B)
Class org.gradle.tooling.model.ProjectModel                                           : loaded 2 times (x 70B)
Class kotlin.KotlinNullPointerException                                               : loaded 2 times (x 83B)
Class org.gradle.internal.exceptions.DefaultMultiCauseException                       : loaded 2 times (x 95B)
Class org.gradle.internal.time.Time                                                   : loaded 2 times (x 71B)
Class org.gradle.api.internal.classpath.GlobalCacheRootsProvider                      : loaded 2 times (x 70B)
Class org.gradle.tooling.model.BuildIdentifier                                        : loaded 2 times (x 70B)
Class org.gradle.internal.time.Timer                                                  : loaded 2 times (x 70B)
Class kotlin.jvm.internal.markers.KMappedMarker                                       : loaded 2 times (x 70B)
Class org.gradle.internal.installation.CurrentGradleInstallationLocator               : loaded 2 times (x 71B)
Class org.gradle.internal.service.DefaultServiceLocator                               : loaded 2 times (x 83B)
Class org.gradle.util.GradleVersion                                                   : loaded 2 times (x 79B)
Class org.gradle.internal.installation.CurrentGradleInstallation                      : loaded 2 times (x 73B)
Class org.gradle.util.internal.GUtil                                                  : loaded 2 times (x 71B)
Class org.gradle.internal.installation.GradleInstallation                             : loaded 2 times (x 75B)

---------------  S Y S T E M  ---------------

OS:
 Windows 10 , 64 bit Build 19041 (10.0.19041.5915)
OS uptime: 4 days 2:01 hours

CPU: total 8 (initial active 8) (8 cores per cpu, 2 threads per core) family 23 model 24 stepping 1 microcode 0x0, cx8, cmov, fxsr, ht, mmx, 3dnowpref, sse, sse2, sse3, ssse3, sse4a, sse4.1, sse4.2, popcnt, lzcnt, tsc, tscinvbit, avx, avx2, aes, clmul, bmi1, bmi2, adx, sha, fma, vzeroupper, clflush, clflushopt, rdtscp, f16c
Processor Information for the first 8 processors :
  Max Mhz: 2100, Current Mhz: 2100, Mhz Limit: 2100

Memory: 4k page, system-wide physical 6086M (318M free)
TotalPageFile size 24111M (AvailPageFile size 9M)
current process WorkingSet (physical memory assigned to process): 229M, peak: 319M
current process commit charge ("private bytes"): 419M, peak: 454M

vm_info: OpenJDK 64-Bit Server VM (21.0.8+-14196175-b1038.72) for windows-amd64 JRE (21.0.8+-14196175-b1038.72), built on 2025-10-01T10:24:33Z by "builder" with MS VC++ 16.10 / 16.11 (VS2019)

END.
