#
# There is insufficient memory for the Java Runtime Environment to continue.
# Native memory allocation (malloc) failed to allocate 86312 bytes. Error detail: Chunk::new
# Possible reasons:
#   The system is out of physical RAM or swap space
#   This process is running with CompressedOops enabled, and the Java Heap may be blocking the growth of the native heap
# Possible solutions:
#   Reduce memory load on the system
#   Increase physical memory or swap space
#   Check if swap backing store is full
#   Decrease Java heap size (-Xmx/-Xms)
#   Decrease number of Java threads
#   Decrease Java thread stack sizes (-Xss)
#   Set larger code cache with -XX:ReservedCodeCacheSize=
#   JVM is running with Unscaled Compressed Oops mode in which the Java heap is
#     placed in the first 4GB address space. The Java Heap base address is the
#     maximum limit for the native heap growth. Please use -XX:HeapBaseMinAddress
#     to set the Java Heap base and to place the Java Heap above 4GB virtual address.
# This output file may be truncated or incomplete.
#
#  Out of Memory Error (arena.cpp:168), pid=15580, tid=12076
#
# JRE version: OpenJDK Runtime Environment (21.0.8) (build 21.0.8+-14196175-b1038.72)
# Java VM: OpenJDK 64-Bit Server VM (21.0.8+-14196175-b1038.72, mixed mode, tiered, compressed oops, compressed class ptrs, g1 gc, windows-amd64)
# No core dump will be written. Minidumps are not enabled by default on client versions of Windows
#

---------------  S U M M A R Y ------------

Command Line: --add-opens=java.base/java.lang=ALL-UNNAMED --add-opens=java.base/java.lang.invoke=ALL-UNNAMED --add-opens=java.base/java.util=ALL-UNNAMED --add-opens=java.prefs/java.util.prefs=ALL-UNNAMED --add-exports=jdk.compiler/com.sun.tools.javac.api=ALL-UNNAMED --add-exports=jdk.compiler/com.sun.tools.javac.util=ALL-UNNAMED --add-opens=java.base/java.util=ALL-UNNAMED --add-opens=java.prefs/java.util.prefs=ALL-UNNAMED --add-opens=java.base/java.nio.charset=ALL-UNNAMED --add-opens=java.base/java.net=ALL-UNNAMED --add-opens=java.base/java.util.concurrent.atomic=ALL-UNNAMED --add-opens=java.xml/javax.xml.namespace=ALL-UNNAMED -Xmx2048m -Dfile.encoding=UTF-8 -Duser.country=RU -Duser.language=ru -Duser.variant -javaagent:C:\Users\Admin\.gradle\wrapper\dists\gradle-8.13-bin\5xuhj0ry160q40clulazy9h7d\gradle-8.13\lib\agents\gradle-instrumentation-agent-8.13.jar org.gradle.launcher.daemon.bootstrap.GradleDaemon 8.13

Host: AMD Ryzen 5 3500U with Radeon Vega Mobile Gfx  , 8 cores, 5G,  Windows 10 , 64 bit Build 19041 (10.0.19041.5915)
Time: Fri Nov 28 22:15:53 2025 elapsed time: 9.802684 seconds (0d 0h 0m 9s)

---------------  T H R E A D  ---------------

Current thread (0x0000010bb98ed430):  JavaThread "C2 CompilerThread1" daemon [_thread_in_native, id=12076, stack(0x00000009e2600000,0x00000009e2700000) (1024K)]


Current CompileTask:
C2:9802 5632   !   4       sun.reflect.annotation.AnnotationParser::parseAnnotations (37 bytes)

Stack: [0x00000009e2600000,0x00000009e2700000]
Native frames: (J=compiled Java code, j=interpreted, Vv=VM code, C=native code)
V  [jvm.dll+0x6d68d9]
V  [jvm.dll+0x866693]
V  [jvm.dll+0x868c4e]
V  [jvm.dll+0x869333]
V  [jvm.dll+0x280566]
V  [jvm.dll+0xc07cd]
V  [jvm.dll+0xc0d03]
V  [jvm.dll+0x2f5f7a]
V  [jvm.dll+0x5ff719]
V  [jvm.dll+0x252362]
V  [jvm.dll+0x25271f]
V  [jvm.dll+0x24aec5]
V  [jvm.dll+0x24871e]
V  [jvm.dll+0x1c73a4]
V  [jvm.dll+0x257f9e]
V  [jvm.dll+0x2564e6]
V  [jvm.dll+0x3f4696]
V  [jvm.dll+0x80eac8]
V  [jvm.dll+0x6d512d]
C  [ucrtbase.dll+0x21bb2]
C  [KERNEL32.DLL+0x17374]
C  [ntdll.dll+0x4cc91]


---------------  P R O C E S S  ---------------

Threads class SMR info:
_java_thread_list=0x0000010bc2691310, length=56, elements={
0x0000010ba1c913a0, 0x0000010bb93bde10, 0x0000010bb9545820, 0x0000010bb9546280,
0x0000010bb9551f80, 0x0000010bb95529e0, 0x0000010bb9553440, 0x0000010bb9555eb0,
0x0000010bb9562150, 0x0000010bb9562bf0, 0x0000010bb9844d70, 0x0000010bb98ed430,
0x0000010bbf6f4850, 0x0000010bbf912f00, 0x0000010bbebc5360, 0x0000010bbf9caab0,
0x0000010bbf9c8570, 0x0000010bbf907ba0, 0x0000010bbf8f6660, 0x0000010bbfa9a300,
0x0000010bbfa9d0f0, 0x0000010bbfa9a990, 0x0000010bbfa9b020, 0x0000010bbfa9ca60,
0x0000010bbfa9b6b0, 0x0000010bbfa99c70, 0x0000010bbfa9c3d0, 0x0000010bc1263770,
0x0000010bc1264490, 0x0000010bc1263e00, 0x0000010bc12651b0, 0x0000010bc12630e0,
0x0000010bc1264b20, 0x0000010bc1265840, 0x0000010bc1266560, 0x0000010bc134c660,
0x0000010bc134d380, 0x0000010bc134ac20, 0x0000010bc134e730, 0x0000010bc134da10,
0x0000010bc134ccf0, 0x0000010bc134e0a0, 0x0000010bc1349f00, 0x0000010bc134b2b0,
0x0000010bc134edc0, 0x0000010bc1350800, 0x0000010bc1350e90, 0x0000010bc1350170,
0x0000010bc134b940, 0x0000010bc134f450, 0x0000010bc134fae0, 0x0000010bc1351520,
0x0000010bc134a590, 0x0000010bc2fdea00, 0x0000010bc2fe1e80, 0x0000010bc2fdf090
}

Java Threads: ( => current thread )
  0x0000010ba1c913a0 JavaThread "main"                              [_thread_blocked, id=13172, stack(0x00000009e1400000,0x00000009e1500000) (1024K)]
  0x0000010bb93bde10 JavaThread "Common-Cleaner"             daemon [_thread_blocked, id=2168, stack(0x00000009e1c00000,0x00000009e1d00000) (1024K)]
  0x0000010bb9545820 JavaThread "Reference Handler"          daemon [_thread_blocked, id=1132, stack(0x00000009e1d00000,0x00000009e1e00000) (1024K)]
  0x0000010bb9546280 JavaThread "Finalizer"                  daemon [_thread_blocked, id=16176, stack(0x00000009e1e00000,0x00000009e1f00000) (1024K)]
  0x0000010bb9551f80 JavaThread "Signal Dispatcher"          daemon [_thread_blocked, id=5540, stack(0x00000009e1f00000,0x00000009e2000000) (1024K)]
  0x0000010bb95529e0 JavaThread "Attach Listener"            daemon [_thread_blocked, id=11056, stack(0x00000009e2000000,0x00000009e2100000) (1024K)]
  0x0000010bb9553440 JavaThread "Service Thread"             daemon [_thread_blocked, id=11080, stack(0x00000009e2100000,0x00000009e2200000) (1024K)]
  0x0000010bb9555eb0 JavaThread "Monitor Deflation Thread"   daemon [_thread_blocked, id=1760, stack(0x00000009e2200000,0x00000009e2300000) (1024K)]
  0x0000010bb9562150 JavaThread "C2 CompilerThread0"         daemon [_thread_in_native, id=2904, stack(0x00000009e2300000,0x00000009e2400000) (1024K)]
  0x0000010bb9562bf0 JavaThread "C1 CompilerThread0"         daemon [_thread_blocked, id=11172, stack(0x00000009e2400000,0x00000009e2500000) (1024K)]
  0x0000010bb9844d70 JavaThread "Notification Thread"        daemon [_thread_blocked, id=3592, stack(0x00000009e2500000,0x00000009e2600000) (1024K)]
=>0x0000010bb98ed430 JavaThread "C2 CompilerThread1"         daemon [_thread_in_native, id=12076, stack(0x00000009e2600000,0x00000009e2700000) (1024K)]
  0x0000010bbf6f4850 JavaThread "Daemon health stats"               [_thread_blocked, id=748, stack(0x00000009e2c00000,0x00000009e2d00000) (1024K)]
  0x0000010bbf912f00 JavaThread "Incoming local TCP Connector on port 61168"        [_thread_in_native, id=148, stack(0x00000009e2d00000,0x00000009e2e00000) (1024K)]
  0x0000010bbebc5360 JavaThread "Daemon periodic checks"            [_thread_blocked, id=11768, stack(0x00000009e2e00000,0x00000009e2f00000) (1024K)]
  0x0000010bbf9caab0 JavaThread "Daemon"                            [_thread_blocked, id=14288, stack(0x00000009e2f00000,0x00000009e3000000) (1024K)]
  0x0000010bbf9c8570 JavaThread "Handler for socket connection from /127.0.0.1:61168 to /127.0.0.1:61169"        [_thread_in_native, id=12940, stack(0x00000009e3000000,0x00000009e3100000) (1024K)]
  0x0000010bbf907ba0 JavaThread "Cancel handler"                    [_thread_blocked, id=7940, stack(0x00000009e3100000,0x00000009e3200000) (1024K)]
  0x0000010bbf8f6660 JavaThread "Daemon worker"                     [_thread_in_vm, id=12400, stack(0x00000009e3200000,0x00000009e3300000) (1024K)]
  0x0000010bbfa9a300 JavaThread "Asynchronous log dispatcher for DefaultDaemonConnection: socket connection from /127.0.0.1:61168 to /127.0.0.1:61169"        [_thread_blocked, id=6896, stack(0x00000009e3300000,0x00000009e3400000) (1024K)]
  0x0000010bbfa9d0f0 JavaThread "Stdin handler"                     [_thread_blocked, id=2952, stack(0x00000009e3400000,0x00000009e3500000) (1024K)]
  0x0000010bbfa9a990 JavaThread "Daemon client event forwarder"        [_thread_blocked, id=7260, stack(0x00000009e3500000,0x00000009e3600000) (1024K)]
  0x0000010bbfa9b020 JavaThread "Cache worker for journal cache (C:\Users\Admin\.gradle\caches\journal-1)"        [_thread_blocked, id=7324, stack(0x00000009e3900000,0x00000009e3a00000) (1024K)]
  0x0000010bbfa9ca60 JavaThread "File lock request listener"        [_thread_in_native, id=8740, stack(0x00000009e3a00000,0x00000009e3b00000) (1024K)]
  0x0000010bbfa9b6b0 JavaThread "Cache worker for file hash cache (C:\Users\Admin\.gradle\caches\8.13\fileHashes)"        [_thread_blocked, id=3292, stack(0x00000009e3b00000,0x00000009e3c00000) (1024K)]
  0x0000010bbfa99c70 JavaThread "Cache worker for file hash cache (C:\Users\Admin\Documents\StudyPlanner2\.gradle\8.13\fileHashes)"        [_thread_blocked, id=976, stack(0x00000009e3c00000,0x00000009e3d00000) (1024K)]
  0x0000010bbfa9c3d0 JavaThread "Cache worker for Build Output Cleanup Cache (C:\Users\Admin\Documents\StudyPlanner2\.gradle\buildOutputCleanup)"        [_thread_blocked, id=5840, stack(0x00000009e3d00000,0x00000009e3e00000) (1024K)]
  0x0000010bc1263770 JavaThread "File watcher server"        daemon [_thread_in_native, id=3032, stack(0x00000009e3e00000,0x00000009e3f00000) (1024K)]
  0x0000010bc1264490 JavaThread "File watcher consumer"      daemon [_thread_blocked, id=10568, stack(0x00000009e3f00000,0x00000009e4000000) (1024K)]
  0x0000010bc1263e00 JavaThread "jar transforms"                    [_thread_blocked, id=988, stack(0x00000009e4000000,0x00000009e4100000) (1024K)]
  0x0000010bc12651b0 JavaThread "jar transforms Thread 2"           [_thread_blocked, id=2852, stack(0x00000009e4100000,0x00000009e4200000) (1024K)]
  0x0000010bc12630e0 JavaThread "Cache worker for checksums cache (C:\Users\Admin\Documents\StudyPlanner2\.gradle\8.13\checksums)"        [_thread_blocked, id=4428, stack(0x00000009e4200000,0x00000009e4300000) (1024K)]
  0x0000010bc1264b20 JavaThread "Cache worker for file content cache (C:\Users\Admin\.gradle\caches\8.13\fileContent)"        [_thread_blocked, id=13084, stack(0x00000009e4300000,0x00000009e4400000) (1024K)]
  0x0000010bc1265840 JavaThread "jar transforms Thread 3"           [_thread_blocked, id=13260, stack(0x00000009e4400000,0x00000009e4500000) (1024K)]
  0x0000010bc1266560 JavaThread "Cache worker for cache directory md-supplier (C:\Users\Admin\.gradle\caches\8.13\md-supplier)"        [_thread_blocked, id=12080, stack(0x00000009e4500000,0x00000009e4600000) (1024K)]
  0x0000010bc134c660 JavaThread "Cache worker for cache directory md-rule (C:\Users\Admin\.gradle\caches\8.13\md-rule)"        [_thread_blocked, id=13292, stack(0x00000009e4600000,0x00000009e4700000) (1024K)]
  0x0000010bc134d380 JavaThread "Unconstrained build operations"        [_thread_blocked, id=3728, stack(0x00000009e4700000,0x00000009e4800000) (1024K)]
  0x0000010bc134ac20 JavaThread "Unconstrained build operations Thread 2"        [_thread_blocked, id=4616, stack(0x00000009e4800000,0x00000009e4900000) (1024K)]
  0x0000010bc134e730 JavaThread "Unconstrained build operations Thread 3"        [_thread_blocked, id=9840, stack(0x00000009e4900000,0x00000009e4a00000) (1024K)]
  0x0000010bc134da10 JavaThread "Unconstrained build operations Thread 4"        [_thread_blocked, id=9552, stack(0x00000009e4a00000,0x00000009e4b00000) (1024K)]
  0x0000010bc134ccf0 JavaThread "Unconstrained build operations Thread 5"        [_thread_blocked, id=2524, stack(0x00000009e4b00000,0x00000009e4c00000) (1024K)]
  0x0000010bc134e0a0 JavaThread "Unconstrained build operations Thread 6"        [_thread_blocked, id=13368, stack(0x00000009e4c00000,0x00000009e4d00000) (1024K)]
  0x0000010bc1349f00 JavaThread "Unconstrained build operations Thread 7"        [_thread_blocked, id=14972, stack(0x00000009e4d00000,0x00000009e4e00000) (1024K)]
  0x0000010bc134b2b0 JavaThread "Unconstrained build operations Thread 8"        [_thread_blocked, id=8240, stack(0x00000009e4e00000,0x00000009e4f00000) (1024K)]
  0x0000010bc134edc0 JavaThread "Unconstrained build operations Thread 9"        [_thread_blocked, id=6088, stack(0x00000009e4f00000,0x00000009e5000000) (1024K)]
  0x0000010bc1350800 JavaThread "Unconstrained build operations Thread 10"        [_thread_blocked, id=14040, stack(0x00000009e5000000,0x00000009e5100000) (1024K)]
  0x0000010bc1350e90 JavaThread "jar transforms Thread 4"           [_thread_blocked, id=11188, stack(0x00000009e5100000,0x00000009e5200000) (1024K)]
  0x0000010bc1350170 JavaThread "jar transforms Thread 5"           [_thread_blocked, id=5344, stack(0x00000009e5200000,0x00000009e5300000) (1024K)]
  0x0000010bc134b940 JavaThread "Unconstrained build operations Thread 11"        [_thread_blocked, id=14480, stack(0x00000009e5300000,0x00000009e5400000) (1024K)]
  0x0000010bc134f450 JavaThread "Unconstrained build operations Thread 12"        [_thread_blocked, id=15364, stack(0x00000009e5400000,0x00000009e5500000) (1024K)]
  0x0000010bc134fae0 JavaThread "Unconstrained build operations Thread 13"        [_thread_blocked, id=256, stack(0x00000009e5500000,0x00000009e5600000) (1024K)]
  0x0000010bc1351520 JavaThread "Unconstrained build operations Thread 14"        [_thread_blocked, id=4360, stack(0x00000009e5600000,0x00000009e5700000) (1024K)]
  0x0000010bc134a590 JavaThread "Unconstrained build operations Thread 15"        [_thread_blocked, id=16024, stack(0x00000009e5700000,0x00000009e5800000) (1024K)]
  0x0000010bc2fdea00 JavaThread "jar transforms Thread 6"           [_thread_blocked, id=2204, stack(0x00000009e5800000,0x00000009e5900000) (1024K)]
  0x0000010bc2fe1e80 JavaThread "jar transforms Thread 7"           [_thread_blocked, id=4144, stack(0x00000009e5900000,0x00000009e5a00000) (1024K)]
  0x0000010bc2fdf090 JavaThread "jar transforms Thread 8"           [_thread_blocked, id=13016, stack(0x00000009e5a00000,0x00000009e5b00000) (1024K)]
Total: 56

Other Threads:
  0x0000010bb93a1840 VMThread "VM Thread"                           [id=15660, stack(0x00000009e1b00000,0x00000009e1c00000) (1024K)]
  0x0000010bb930f050 WatcherThread "VM Periodic Task Thread"        [id=13592, stack(0x00000009e1a00000,0x00000009e1b00000) (1024K)]
  0x0000010ba1ce8d80 WorkerThread "GC Thread#0"                     [id=12852, stack(0x00000009e1500000,0x00000009e1600000) (1024K)]
  0x0000010bbe381a60 WorkerThread "GC Thread#1"                     [id=10624, stack(0x00000009e2700000,0x00000009e2800000) (1024K)]
  0x0000010bbe3d9110 WorkerThread "GC Thread#2"                     [id=2796, stack(0x00000009e2800000,0x00000009e2900000) (1024K)]
  0x0000010bbeabe240 WorkerThread "GC Thread#3"                     [id=14764, stack(0x00000009e2900000,0x00000009e2a00000) (1024K)]
  0x0000010bbeabe5e0 WorkerThread "GC Thread#4"                     [id=14276, stack(0x00000009e2a00000,0x00000009e2b00000) (1024K)]
  0x0000010bbf712690 WorkerThread "GC Thread#5"                     [id=12136, stack(0x00000009e2b00000,0x00000009e2c00000) (1024K)]
  0x0000010bbfa85640 WorkerThread "GC Thread#6"                     [id=13288, stack(0x00000009e3600000,0x00000009e3700000) (1024K)]
  0x0000010bbfa859e0 WorkerThread "GC Thread#7"                     [id=2684, stack(0x00000009e3700000,0x00000009e3800000) (1024K)]
  0x0000010ba1cfac90 ConcurrentGCThread "G1 Main Marker"            [id=13160, stack(0x00000009e1600000,0x00000009e1700000) (1024K)]
  0x0000010ba1cfccf0 WorkerThread "G1 Conc#0"                       [id=1256, stack(0x00000009e1700000,0x00000009e1800000) (1024K)]
  0x0000010bbfa85d80 WorkerThread "G1 Conc#1"                       [id=2116, stack(0x00000009e3800000,0x00000009e3900000) (1024K)]
  0x0000010ba1d5e040 ConcurrentGCThread "G1 Refine#0"               [id=2560, stack(0x00000009e1800000,0x00000009e1900000) (1024K)]
  0x0000010ba1d5e960 ConcurrentGCThread "G1 Service"                [id=9140, stack(0x00000009e1900000,0x00000009e1a00000) (1024K)]
Total: 15

Threads with active compile tasks:
C2 CompilerThread0  9851 5677       4       java.util.jar.JarFile::getEntry (35 bytes)
C2 CompilerThread1  9851 5632   !   4       sun.reflect.annotation.AnnotationParser::parseAnnotations (37 bytes)
Total: 2

VM state: not at safepoint (normal execution)

VM Mutex/Monitor currently owned by a thread: None

Heap address: 0x0000000080000000, size: 2048 MB, Compressed Oops mode: 32-bit

CDS archive(s) not mapped
Compressed class space mapped at: 0x0000000100000000-0x0000000140000000, reserved size: 1073741824
Narrow klass base: 0x0000000000000000, Narrow klass shift: 3, Narrow klass range: 0x140000000

GC Precious Log:
 CardTable entry size: 512
 Card Set container configuration: InlinePtr #cards 5 size 8 Array Of Cards #cards 12 size 40 Howl #buckets 4 coarsen threshold 1843 Howl Bitmap #cards 512 size 80 coarsen threshold 460 Card regions per heap region 1 cards per card region 2048
 CPUs: 8 total, 8 available
 Memory: 6086M
 Large Page Support: Disabled
 NUMA Support: Disabled
 Compressed Oops: Enabled (32-bit)
 Heap Region Size: 1M
 Heap Min Capacity: 8M
 Heap Initial Capacity: 96M
 Heap Max Capacity: 2G
 Pre-touch: Disabled
 Parallel Workers: 8
 Concurrent Workers: 2
 Concurrent Refinement Workers: 8
 Periodic GC: Disabled

Heap:
 garbage-first heap   total 88064K, used 68715K [0x0000000080000000, 0x0000000100000000)
  region size 1024K, 29 young (29696K), 4 survivors (4096K)
 Metaspace       used 60131K, committed 61632K, reserved 1114112K
  class space    used 8395K, committed 9088K, reserved 1048576K

Heap Regions: E=young(eden), S=young(survivor), O=old, HS=humongous(starts), HC=humongous(continues), CS=collection set, F=free, TAMS=top-at-mark-start, PB=parsable bottom
|   0|0x0000000080000000, 0x0000000080100000, 0x0000000080100000|100%|HS|  |TAMS 0x0000000080000000| PB 0x0000000080000000| Complete 
|   1|0x0000000080100000, 0x0000000080200000, 0x0000000080200000|100%|HC|  |TAMS 0x0000000080100000| PB 0x0000000080100000| Complete 
|   2|0x0000000080200000, 0x0000000080300000, 0x0000000080300000|100%|HC|  |TAMS 0x0000000080200000| PB 0x0000000080200000| Complete 
|   3|0x0000000080300000, 0x0000000080400000, 0x0000000080400000|100%| O|  |TAMS 0x0000000080300000| PB 0x0000000080300000| Untracked 
|   4|0x0000000080400000, 0x0000000080500000, 0x0000000080500000|100%| O|  |TAMS 0x0000000080400000| PB 0x0000000080400000| Untracked 
|   5|0x0000000080500000, 0x0000000080600000, 0x0000000080600000|100%| O|  |TAMS 0x0000000080500000| PB 0x0000000080500000| Untracked 
|   6|0x0000000080600000, 0x0000000080700000, 0x0000000080700000|100%|HS|  |TAMS 0x0000000080600000| PB 0x0000000080600000| Complete 
|   7|0x0000000080700000, 0x0000000080800000, 0x0000000080800000|100%| O|  |TAMS 0x0000000080700000| PB 0x0000000080700000| Untracked 
|   8|0x0000000080800000, 0x0000000080900000, 0x0000000080900000|100%| O|  |TAMS 0x0000000080800000| PB 0x0000000080800000| Untracked 
|   9|0x0000000080900000, 0x0000000080a00000, 0x0000000080a00000|100%| O|  |TAMS 0x0000000080900000| PB 0x0000000080900000| Untracked 
|  10|0x0000000080a00000, 0x0000000080b00000, 0x0000000080b00000|100%| O|  |TAMS 0x0000000080a00000| PB 0x0000000080a00000| Untracked 
|  11|0x0000000080b00000, 0x0000000080c00000, 0x0000000080c00000|100%| O|  |TAMS 0x0000000080b00000| PB 0x0000000080b00000| Untracked 
|  12|0x0000000080c00000, 0x0000000080d00000, 0x0000000080d00000|100%| O|  |TAMS 0x0000000080c00000| PB 0x0000000080c00000| Untracked 
|  13|0x0000000080d00000, 0x0000000080e00000, 0x0000000080e00000|100%| O|  |TAMS 0x0000000080d00000| PB 0x0000000080d00000| Untracked 
|  14|0x0000000080e00000, 0x0000000080f00000, 0x0000000080f00000|100%| O|  |TAMS 0x0000000080e00000| PB 0x0000000080e00000| Untracked 
|  15|0x0000000080f00000, 0x0000000081000000, 0x0000000081000000|100%| O|  |TAMS 0x0000000080f00000| PB 0x0000000080f00000| Untracked 
|  16|0x0000000081000000, 0x0000000081100000, 0x0000000081100000|100%| O|  |TAMS 0x0000000081000000| PB 0x0000000081000000| Untracked 
|  17|0x0000000081100000, 0x0000000081200000, 0x0000000081200000|100%| O|  |TAMS 0x0000000081100000| PB 0x0000000081100000| Untracked 
|  18|0x0000000081200000, 0x0000000081300000, 0x0000000081300000|100%| O|  |TAMS 0x0000000081200000| PB 0x0000000081200000| Untracked 
|  19|0x0000000081300000, 0x0000000081400000, 0x0000000081400000|100%| O|  |TAMS 0x0000000081300000| PB 0x0000000081300000| Untracked 
|  20|0x0000000081400000, 0x0000000081400000, 0x0000000081500000|  0%| F|  |TAMS 0x0000000081400000| PB 0x0000000081400000| Untracked 
|  21|0x0000000081500000, 0x0000000081600000, 0x0000000081600000|100%| O|  |TAMS 0x0000000081500000| PB 0x0000000081500000| Untracked 
|  22|0x0000000081600000, 0x0000000081700000, 0x0000000081700000|100%| O|  |TAMS 0x0000000081600000| PB 0x0000000081600000| Untracked 
|  23|0x0000000081700000, 0x0000000081800000, 0x0000000081800000|100%| O|  |TAMS 0x0000000081700000| PB 0x0000000081700000| Untracked 
|  24|0x0000000081800000, 0x0000000081900000, 0x0000000081900000|100%| O|  |TAMS 0x0000000081800000| PB 0x0000000081800000| Untracked 
|  25|0x0000000081900000, 0x0000000081a00000, 0x0000000081a00000|100%| O|  |TAMS 0x0000000081900000| PB 0x0000000081900000| Untracked 
|  26|0x0000000081a00000, 0x0000000081b00000, 0x0000000081b00000|100%| O|  |TAMS 0x0000000081a00000| PB 0x0000000081a00000| Untracked 
|  27|0x0000000081b00000, 0x0000000081c00000, 0x0000000081c00000|100%| O|  |TAMS 0x0000000081b00000| PB 0x0000000081b00000| Untracked 
|  28|0x0000000081c00000, 0x0000000081d00000, 0x0000000081d00000|100%| O|  |TAMS 0x0000000081c00000| PB 0x0000000081c00000| Untracked 
|  29|0x0000000081d00000, 0x0000000081e00000, 0x0000000081e00000|100%| O|  |TAMS 0x0000000081d00000| PB 0x0000000081d00000| Untracked 
|  30|0x0000000081e00000, 0x0000000081f00000, 0x0000000081f00000|100%| O|  |TAMS 0x0000000081e00000| PB 0x0000000081e00000| Untracked 
|  31|0x0000000081f00000, 0x0000000082000000, 0x0000000082000000|100%| O|  |TAMS 0x0000000081f00000| PB 0x0000000081f00000| Untracked 
|  32|0x0000000082000000, 0x0000000082100000, 0x0000000082100000|100%| O|  |TAMS 0x0000000082000000| PB 0x0000000082000000| Untracked 
|  33|0x0000000082100000, 0x0000000082200000, 0x0000000082200000|100%| O|Cm|TAMS 0x0000000082100000| PB 0x0000000082100000| Complete 
|  34|0x0000000082200000, 0x0000000082300000, 0x0000000082300000|100%| O|  |TAMS 0x0000000082200000| PB 0x0000000082200000| Untracked 
|  35|0x0000000082300000, 0x0000000082400000, 0x0000000082400000|100%|HS|  |TAMS 0x0000000082300000| PB 0x0000000082300000| Complete 
|  36|0x0000000082400000, 0x0000000082500000, 0x0000000082500000|100%|HC|  |TAMS 0x0000000082400000| PB 0x0000000082400000| Complete 
|  37|0x0000000082500000, 0x0000000082500000, 0x0000000082600000|  0%| F|  |TAMS 0x0000000082500000| PB 0x0000000082500000| Untracked 
|  38|0x0000000082600000, 0x0000000082600000, 0x0000000082700000|  0%| F|  |TAMS 0x0000000082600000| PB 0x0000000082600000| Untracked 
|  39|0x0000000082700000, 0x0000000082700000, 0x0000000082800000|  0%| F|  |TAMS 0x0000000082700000| PB 0x0000000082700000| Untracked 
|  40|0x0000000082800000, 0x0000000082800000, 0x0000000082900000|  0%| F|  |TAMS 0x0000000082800000| PB 0x0000000082800000| Untracked 
|  41|0x0000000082900000, 0x0000000082900000, 0x0000000082a00000|  0%| F|  |TAMS 0x0000000082900000| PB 0x0000000082900000| Untracked 
|  42|0x0000000082a00000, 0x0000000082b00000, 0x0000000082b00000|100%| O|  |TAMS 0x0000000082a00000| PB 0x0000000082a00000| Untracked 
|  43|0x0000000082b00000, 0x0000000082c00000, 0x0000000082c00000|100%| O|  |TAMS 0x0000000082b00000| PB 0x0000000082b00000| Untracked 
|  44|0x0000000082c00000, 0x0000000082d00000, 0x0000000082d00000|100%| O|  |TAMS 0x0000000082c00000| PB 0x0000000082c00000| Untracked 
|  45|0x0000000082d00000, 0x0000000082e00000, 0x0000000082e00000|100%| S|CS|TAMS 0x0000000082d00000| PB 0x0000000082d00000| Complete 
|  46|0x0000000082e00000, 0x0000000082f00000, 0x0000000082f00000|100%| S|CS|TAMS 0x0000000082e00000| PB 0x0000000082e00000| Complete 
|  47|0x0000000082f00000, 0x0000000083000000, 0x0000000083000000|100%| S|CS|TAMS 0x0000000082f00000| PB 0x0000000082f00000| Complete 
|  48|0x0000000083000000, 0x0000000083000000, 0x0000000083100000|  0%| F|  |TAMS 0x0000000083000000| PB 0x0000000083000000| Untracked 
|  49|0x0000000083100000, 0x0000000083100000, 0x0000000083200000|  0%| F|  |TAMS 0x0000000083100000| PB 0x0000000083100000| Untracked 
|  50|0x0000000083200000, 0x0000000083200000, 0x0000000083300000|  0%| F|  |TAMS 0x0000000083200000| PB 0x0000000083200000| Untracked 
|  51|0x0000000083300000, 0x0000000083300000, 0x0000000083400000|  0%| F|  |TAMS 0x0000000083300000| PB 0x0000000083300000| Untracked 
|  52|0x0000000083400000, 0x0000000083400000, 0x0000000083500000|  0%| F|  |TAMS 0x0000000083400000| PB 0x0000000083400000| Untracked 
|  53|0x0000000083500000, 0x0000000083500000, 0x0000000083600000|  0%| F|  |TAMS 0x0000000083500000| PB 0x0000000083500000| Untracked 
|  54|0x0000000083600000, 0x0000000083600000, 0x0000000083700000|  0%| F|  |TAMS 0x0000000083600000| PB 0x0000000083600000| Untracked 
|  55|0x0000000083700000, 0x0000000083700000, 0x0000000083800000|  0%| F|  |TAMS 0x0000000083700000| PB 0x0000000083700000| Untracked 
|  56|0x0000000083800000, 0x0000000083800000, 0x0000000083900000|  0%| F|  |TAMS 0x0000000083800000| PB 0x0000000083800000| Untracked 
|  57|0x0000000083900000, 0x0000000083900000, 0x0000000083a00000|  0%| F|  |TAMS 0x0000000083900000| PB 0x0000000083900000| Untracked 
|  58|0x0000000083a00000, 0x0000000083a00000, 0x0000000083b00000|  0%| F|  |TAMS 0x0000000083a00000| PB 0x0000000083a00000| Untracked 
|  59|0x0000000083b00000, 0x0000000083c00000, 0x0000000083c00000|100%| E|  |TAMS 0x0000000083b00000| PB 0x0000000083b00000| Complete 
|  60|0x0000000083c00000, 0x0000000083d00000, 0x0000000083d00000|100%| E|CS|TAMS 0x0000000083c00000| PB 0x0000000083c00000| Complete 
|  61|0x0000000083d00000, 0x0000000083e00000, 0x0000000083e00000|100%| E|CS|TAMS 0x0000000083d00000| PB 0x0000000083d00000| Complete 
|  62|0x0000000083e00000, 0x0000000083f00000, 0x0000000083f00000|100%| E|CS|TAMS 0x0000000083e00000| PB 0x0000000083e00000| Complete 
|  63|0x0000000083f00000, 0x0000000084000000, 0x0000000084000000|100%| E|CS|TAMS 0x0000000083f00000| PB 0x0000000083f00000| Complete 
|  64|0x0000000084000000, 0x0000000084100000, 0x0000000084100000|100%| E|CS|TAMS 0x0000000084000000| PB 0x0000000084000000| Complete 
|  65|0x0000000084100000, 0x0000000084200000, 0x0000000084200000|100%| E|CS|TAMS 0x0000000084100000| PB 0x0000000084100000| Complete 
|  66|0x0000000084200000, 0x0000000084300000, 0x0000000084300000|100%| E|CS|TAMS 0x0000000084200000| PB 0x0000000084200000| Complete 
|  67|0x0000000084300000, 0x0000000084400000, 0x0000000084400000|100%| E|CS|TAMS 0x0000000084300000| PB 0x0000000084300000| Complete 
|  68|0x0000000084400000, 0x0000000084500000, 0x0000000084500000|100%| E|CS|TAMS 0x0000000084400000| PB 0x0000000084400000| Complete 
|  69|0x0000000084500000, 0x0000000084600000, 0x0000000084600000|100%| E|CS|TAMS 0x0000000084500000| PB 0x0000000084500000| Complete 
|  70|0x0000000084600000, 0x0000000084700000, 0x0000000084700000|100%| E|CS|TAMS 0x0000000084600000| PB 0x0000000084600000| Complete 
|  71|0x0000000084700000, 0x0000000084800000, 0x0000000084800000|100%| E|CS|TAMS 0x0000000084700000| PB 0x0000000084700000| Complete 
|  72|0x0000000084800000, 0x0000000084900000, 0x0000000084900000|100%| E|CS|TAMS 0x0000000084800000| PB 0x0000000084800000| Complete 
|  73|0x0000000084900000, 0x0000000084a00000, 0x0000000084a00000|100%| E|CS|TAMS 0x0000000084900000| PB 0x0000000084900000| Complete 
|  74|0x0000000084a00000, 0x0000000084b00000, 0x0000000084b00000|100%| E|CS|TAMS 0x0000000084a00000| PB 0x0000000084a00000| Complete 
|  75|0x0000000084b00000, 0x0000000084c00000, 0x0000000084c00000|100%| E|CS|TAMS 0x0000000084b00000| PB 0x0000000084b00000| Complete 
|  76|0x0000000084c00000, 0x0000000084d00000, 0x0000000084d00000|100%| E|CS|TAMS 0x0000000084c00000| PB 0x0000000084c00000| Complete 
|  77|0x0000000084d00000, 0x0000000084e00000, 0x0000000084e00000|100%| E|CS|TAMS 0x0000000084d00000| PB 0x0000000084d00000| Complete 
|  78|0x0000000084e00000, 0x0000000084f00000, 0x0000000084f00000|100%| E|CS|TAMS 0x0000000084e00000| PB 0x0000000084e00000| Complete 
|  79|0x0000000084f00000, 0x0000000085000000, 0x0000000085000000|100%| E|CS|TAMS 0x0000000084f00000| PB 0x0000000084f00000| Complete 
|  80|0x0000000085000000, 0x0000000085100000, 0x0000000085100000|100%| E|CS|TAMS 0x0000000085000000| PB 0x0000000085000000| Complete 
|  81|0x0000000085100000, 0x0000000085200000, 0x0000000085200000|100%| E|CS|TAMS 0x0000000085100000| PB 0x0000000085100000| Complete 
|  82|0x0000000085200000, 0x0000000085300000, 0x0000000085300000|100%| E|CS|TAMS 0x0000000085200000| PB 0x0000000085200000| Complete 
|  83|0x0000000085300000, 0x00000000853e6138, 0x0000000085400000| 89%| S|CS|TAMS 0x0000000085300000| PB 0x0000000085300000| Complete 
|  95|0x0000000085f00000, 0x0000000086000000, 0x0000000086000000|100%| E|CS|TAMS 0x0000000085f00000| PB 0x0000000085f00000| Complete 
|2047|0x00000000fff00000, 0x00000000fff34ec0, 0x0000000100000000| 20%| O|  |TAMS 0x00000000fff00000| PB 0x00000000fff00000| Untracked 

Card table byte_map: [0x0000010bb4530000,0x0000010bb4930000] _byte_map_base: 0x0000010bb4130000

Marking Bits: (CMBitMap*) 0x0000010ba1cea240
 Bits: [0x0000010bb4930000, 0x0000010bb6930000)

Polling page: 0x0000010b9fad0000

Metaspace:

Usage:
  Non-class:     50.58 MB used.
      Class:      8.20 MB used.
       Both:     58.78 MB used.

Virtual space:
  Non-class space:       64.00 MB reserved,      51.38 MB ( 80%) committed,  1 nodes.
      Class space:        1.00 GB reserved,       8.94 MB ( <1%) committed,  1 nodes.
             Both:        1.06 GB reserved,      60.31 MB (  6%) committed. 

Chunk freelists:
   Non-Class:  12.52 MB
       Class:  6.98 MB
        Both:  19.50 MB

MaxMetaspaceSize: unlimited
CompressedClassSpaceSize: 1.00 GB
Initial GC threshold: 21.00 MB
Current GC threshold: 92.81 MB
CDS: off
 - commit_granule_bytes: 65536.
 - commit_granule_words: 8192.
 - virtual_space_node_default_size: 8388608.
 - enlarge_chunks_in_place: 1.
 - use_allocation_guard: 0.


Internal statistics:

num_allocs_failed_limit: 6.
num_arena_births: 2886.
num_arena_deaths: 0.
num_vsnodes_births: 2.
num_vsnodes_deaths: 0.
num_space_committed: 965.
num_space_uncommitted: 0.
num_chunks_returned_to_freelist: 6.
num_chunks_taken_from_freelist: 5257.
num_chunk_merges: 6.
num_chunk_splits: 3433.
num_chunks_enlarged: 2124.
num_inconsistent_stats: 0.

CodeHeap 'non-profiled nmethods': size=120000Kb used=2753Kb max_used=2753Kb free=117246Kb
 bounds [0x0000010bac8c0000, 0x0000010bacb80000, 0x0000010bb3df0000]
CodeHeap 'profiled nmethods': size=120000Kb used=9173Kb max_used=9173Kb free=110826Kb
 bounds [0x0000010ba4df0000, 0x0000010ba56f0000, 0x0000010bac320000]
CodeHeap 'non-nmethods': size=5760Kb used=2716Kb max_used=2775Kb free=3044Kb
 bounds [0x0000010bac320000, 0x0000010bac5e0000, 0x0000010bac8c0000]
CodeCache: size=245760Kb, used=14642Kb, max_used=14701Kb, free=231116Kb
 total_blobs=5817, nmethods=4951, adapters=770, full_count=0
Compilation: enabled, stopped_count=0, restarted_count=0

Compilation events (20 events):
Event: 9.759 Thread 0x0000010bb9562bf0 nmethod 5665 0x0000010ba56e1990 code [0x0000010ba56e1b40, 0x0000010ba56e1d18]
Event: 9.761 Thread 0x0000010bb9562bf0 5666       3       kotlin.reflect.jvm.internal.impl.name.FqName::isRoot (8 bytes)
Event: 9.761 Thread 0x0000010bb9562bf0 nmethod 5666 0x0000010ba56e1e10 code [0x0000010ba56e1fc0, 0x0000010ba56e2200]
Event: 9.761 Thread 0x0000010bb9562bf0 5667       3       kotlin.reflect.jvm.internal.impl.name.FqNameUnsafe::<init> (28 bytes)
Event: 9.761 Thread 0x0000010bb9562bf0 nmethod 5667 0x0000010ba56e2310 code [0x0000010ba56e24e0, 0x0000010ba56e27e0]
Event: 9.761 Thread 0x0000010bb9562bf0 5668       3       kotlin.reflect.jvm.internal.impl.name.FqName::toUnsafe (13 bytes)
Event: 9.761 Thread 0x0000010bb9562bf0 nmethod 5668 0x0000010ba56e2910 code [0x0000010ba56e2ac0, 0x0000010ba56e2c40]
Event: 9.764 Thread 0x0000010bb9562bf0 5669       3       kotlin.reflect.jvm.internal.impl.name.Name::<init> (23 bytes)
Event: 9.765 Thread 0x0000010bb9562bf0 nmethod 5669 0x0000010ba56e2d10 code [0x0000010ba56e2ec0, 0x0000010ba56e3100]
Event: 9.765 Thread 0x0000010bb9562bf0 5670       3       kotlin.reflect.jvm.internal.impl.name.Name::identifier (18 bytes)
Event: 9.765 Thread 0x0000010bb9562bf0 nmethod 5670 0x0000010ba56e3210 code [0x0000010ba56e33e0, 0x0000010ba56e3718]
Event: 9.765 Thread 0x0000010bb9562bf0 5671       3       kotlin.reflect.jvm.internal.impl.name.FqName::asString (16 bytes)
Event: 9.765 Thread 0x0000010bb9562bf0 nmethod 5671 0x0000010ba56e3890 code [0x0000010ba56e3a60, 0x0000010ba56e3cb0]
Event: 9.765 Thread 0x0000010bb9562bf0 5672       3       kotlin.reflect.jvm.internal.impl.name.FqName::<init> (18 bytes)
Event: 9.765 Thread 0x0000010bb9562bf0 nmethod 5672 0x0000010ba56e3d90 code [0x0000010ba56e3f40, 0x0000010ba56e4170]
Event: 9.765 Thread 0x0000010bb9562bf0 5673       3       kotlin.reflect.jvm.internal.impl.name.FqName::<init> (26 bytes)
Event: 9.766 Thread 0x0000010bb9562bf0 nmethod 5673 0x0000010ba56e4290 code [0x0000010ba56e4480, 0x0000010ba56e4910]
Event: 9.770 Thread 0x0000010bb9562bf0 5674       3       java.util.jar.JarFile::getEntry (35 bytes)
Event: 9.770 Thread 0x0000010bb9562bf0 nmethod 5674 0x0000010ba56e4a90 code [0x0000010ba56e4ca0, 0x0000010ba56e5110]
Event: 9.776 Thread 0x0000010bb9562150 5675       4       java.util.jar.JarFile::getVersionedEntry (133 bytes)

GC Heap History (20 events):
Event: 4.007 GC heap before
{Heap before GC invocations=5 (full 0):
 garbage-first heap   total 71680K, used 59084K [0x0000000080000000, 0x0000000100000000)
  region size 1024K, 42 young (43008K), 4 survivors (4096K)
 Metaspace       used 27988K, committed 28416K, reserved 1114112K
  class space    used 3603K, committed 3776K, reserved 1048576K
}
Event: 4.013 GC heap after
{Heap after GC invocations=6 (full 0):
 garbage-first heap   total 71680K, used 22538K [0x0000000080000000, 0x0000000100000000)
  region size 1024K, 3 young (3072K), 3 survivors (3072K)
 Metaspace       used 27988K, committed 28416K, reserved 1114112K
  class space    used 3603K, committed 3776K, reserved 1048576K
}
Event: 4.738 GC heap before
{Heap before GC invocations=6 (full 0):
 garbage-first heap   total 71680K, used 55306K [0x0000000080000000, 0x0000000100000000)
  region size 1024K, 36 young (36864K), 3 survivors (3072K)
 Metaspace       used 32285K, committed 32960K, reserved 1114112K
  class space    used 4377K, committed 4672K, reserved 1048576K
}
Event: 4.745 GC heap after
{Heap after GC invocations=7 (full 0):
 garbage-first heap   total 71680K, used 25225K [0x0000000080000000, 0x0000000100000000)
  region size 1024K, 5 young (5120K), 5 survivors (5120K)
 Metaspace       used 32285K, committed 32960K, reserved 1114112K
  class space    used 4377K, committed 4672K, reserved 1048576K
}
Event: 5.224 GC heap before
{Heap before GC invocations=7 (full 0):
 garbage-first heap   total 71680K, used 44681K [0x0000000080000000, 0x0000000100000000)
  region size 1024K, 25 young (25600K), 5 survivors (5120K)
 Metaspace       used 35180K, committed 35968K, reserved 1114112K
  class space    used 4871K, committed 5248K, reserved 1048576K
}
Event: 5.231 GC heap after
{Heap after GC invocations=8 (full 0):
 garbage-first heap   total 71680K, used 26308K [0x0000000080000000, 0x0000000100000000)
  region size 1024K, 2 young (2048K), 2 survivors (2048K)
 Metaspace       used 35180K, committed 35968K, reserved 1114112K
  class space    used 4871K, committed 5248K, reserved 1048576K
}
Event: 6.206 GC heap before
{Heap before GC invocations=9 (full 0):
 garbage-first heap   total 71680K, used 59076K [0x0000000080000000, 0x0000000100000000)
  region size 1024K, 34 young (34816K), 2 survivors (2048K)
 Metaspace       used 41790K, committed 42624K, reserved 1114112K
  class space    used 5759K, committed 6144K, reserved 1048576K
}
Event: 6.211 GC heap after
{Heap after GC invocations=10 (full 0):
 garbage-first heap   total 71680K, used 29119K [0x0000000080000000, 0x0000000100000000)
  region size 1024K, 4 young (4096K), 4 survivors (4096K)
 Metaspace       used 41790K, committed 42624K, reserved 1114112K
  class space    used 5759K, committed 6144K, reserved 1048576K
}
Event: 6.716 GC heap before
{Heap before GC invocations=10 (full 0):
 garbage-first heap   total 71680K, used 59839K [0x0000000080000000, 0x0000000100000000)
  region size 1024K, 35 young (35840K), 4 survivors (4096K)
 Metaspace       used 44036K, committed 44928K, reserved 1114112K
  class space    used 6006K, committed 6400K, reserved 1048576K
}
Event: 6.723 GC heap after
{Heap after GC invocations=11 (full 0):
 garbage-first heap   total 71680K, used 31796K [0x0000000080000000, 0x0000000100000000)
  region size 1024K, 3 young (3072K), 3 survivors (3072K)
 Metaspace       used 44036K, committed 44928K, reserved 1114112K
  class space    used 6006K, committed 6400K, reserved 1048576K
}
Event: 6.977 GC heap before
{Heap before GC invocations=11 (full 0):
 garbage-first heap   total 71680K, used 44084K [0x0000000080000000, 0x0000000100000000)
  region size 1024K, 13 young (13312K), 3 survivors (3072K)
 Metaspace       used 45074K, committed 46016K, reserved 1114112K
  class space    used 6163K, committed 6592K, reserved 1048576K
}
Event: 6.981 GC heap after
{Heap after GC invocations=12 (full 0):
 garbage-first heap   total 71680K, used 34533K [0x0000000080000000, 0x0000000100000000)
  region size 1024K, 2 young (2048K), 2 survivors (2048K)
 Metaspace       used 45074K, committed 46016K, reserved 1114112K
  class space    used 6163K, committed 6592K, reserved 1048576K
}
Event: 7.644 GC heap before
{Heap before GC invocations=13 (full 0):
 garbage-first heap   total 71680K, used 64229K [0x0000000080000000, 0x0000000100000000)
  region size 1024K, 29 young (29696K), 2 survivors (2048K)
 Metaspace       used 48990K, committed 50112K, reserved 1114112K
  class space    used 6698K, committed 7232K, reserved 1048576K
}
Event: 7.649 GC heap after
{Heap after GC invocations=14 (full 0):
 garbage-first heap   total 71680K, used 34606K [0x0000000080000000, 0x0000000100000000)
  region size 1024K, 4 young (4096K), 4 survivors (4096K)
 Metaspace       used 48990K, committed 50112K, reserved 1114112K
  class space    used 6698K, committed 7232K, reserved 1048576K
}
Event: 8.136 GC heap before
{Heap before GC invocations=14 (full 0):
 garbage-first heap   total 71680K, used 61230K [0x0000000080000000, 0x0000000100000000)
  region size 1024K, 31 young (31744K), 4 survivors (4096K)
 Metaspace       used 52431K, committed 53824K, reserved 1114112K
  class space    used 7270K, committed 7936K, reserved 1048576K
}
Event: 8.142 GC heap after
{Heap after GC invocations=15 (full 0):
 garbage-first heap   total 71680K, used 35703K [0x0000000080000000, 0x0000000100000000)
  region size 1024K, 2 young (2048K), 2 survivors (2048K)
 Metaspace       used 52431K, committed 53824K, reserved 1114112K
  class space    used 7270K, committed 7936K, reserved 1048576K
}
Event: 8.724 GC heap before
{Heap before GC invocations=15 (full 0):
 garbage-first heap   total 71680K, used 63351K [0x0000000080000000, 0x0000000100000000)
  region size 1024K, 29 young (29696K), 2 survivors (2048K)
 Metaspace       used 55561K, committed 57024K, reserved 1114112K
  class space    used 7820K, committed 8512K, reserved 1048576K
}
Event: 8.729 GC heap after
{Heap after GC invocations=16 (full 0):
 garbage-first heap   total 86016K, used 38583K [0x0000000080000000, 0x0000000100000000)
  region size 1024K, 4 young (4096K), 4 survivors (4096K)
 Metaspace       used 55561K, committed 57024K, reserved 1114112K
  class space    used 7820K, committed 8512K, reserved 1048576K
}
Event: 9.384 GC heap before
{Heap before GC invocations=17 (full 0):
 garbage-first heap   total 86016K, used 78519K [0x0000000080000000, 0x0000000100000000)
  region size 1024K, 40 young (40960K), 4 survivors (4096K)
 Metaspace       used 57860K, committed 59328K, reserved 1114112K
  class space    used 8044K, committed 8768K, reserved 1048576K
}
Event: 9.390 GC heap after
{Heap after GC invocations=18 (full 0):
 garbage-first heap   total 88064K, used 44139K [0x0000000080000000, 0x0000000100000000)
  region size 1024K, 4 young (4096K), 4 survivors (4096K)
 Metaspace       used 57860K, committed 59328K, reserved 1114112K
  class space    used 8044K, committed 8768K, reserved 1048576K
}

Dll operation events (3 events):
Event: 0.012 Loaded shared library D:\Android\jbr\bin\java.dll
Event: 0.020 Loaded shared library D:\Android\jbr\bin\zip.dll
Event: 0.892 Loaded shared library D:\Android\jbr\bin\verify.dll

Deoptimization events (20 events):
Event: 9.462 Thread 0x0000010bbf8f6660 DEOPT PACKING pc=0x0000010ba522281f sp=0x00000009e32f9920
Event: 9.462 Thread 0x0000010bbf8f6660 DEOPT UNPACKING pc=0x0000010bac374e42 sp=0x00000009e32f8e08 mode 0
Event: 9.462 Thread 0x0000010bbf8f6660 DEOPT PACKING pc=0x0000010ba522281f sp=0x00000009e32f9920
Event: 9.463 Thread 0x0000010bbf8f6660 DEOPT UNPACKING pc=0x0000010bac374e42 sp=0x00000009e32f8e08 mode 0
Event: 9.463 Thread 0x0000010bbf8f6660 DEOPT PACKING pc=0x0000010ba522281f sp=0x00000009e32f9750
Event: 9.463 Thread 0x0000010bbf8f6660 DEOPT UNPACKING pc=0x0000010bac374e42 sp=0x00000009e32f8c38 mode 0
Event: 9.464 Thread 0x0000010bbf8f6660 DEOPT PACKING pc=0x0000010ba522281f sp=0x00000009e32f9750
Event: 9.464 Thread 0x0000010bbf8f6660 DEOPT UNPACKING pc=0x0000010bac374e42 sp=0x00000009e32f8c38 mode 0
Event: 9.464 Thread 0x0000010bbf8f6660 DEOPT PACKING pc=0x0000010ba522281f sp=0x00000009e32f9750
Event: 9.464 Thread 0x0000010bbf8f6660 DEOPT UNPACKING pc=0x0000010bac374e42 sp=0x00000009e32f8c38 mode 0
Event: 9.667 Thread 0x0000010bbf8f6660 DEOPT PACKING pc=0x0000010ba51fb00b sp=0x00000009e32f9410
Event: 9.667 Thread 0x0000010bbf8f6660 DEOPT UNPACKING pc=0x0000010bac374e42 sp=0x00000009e32f88f8 mode 0
Event: 9.769 Thread 0x0000010bbf8f6660 Uncommon trap: trap_request=0xffffff54 fr.pc=0x0000010bac95cb4c relative=0x00000000000015cc
Event: 9.769 Thread 0x0000010bbf8f6660 Uncommon trap: reason=speculate_null_assert action=make_not_entrant pc=0x0000010bac95cb4c method=java.util.jar.JarFile.getVersionedEntry(Ljava/lang/String;Ljava/util/jar/JarEntry;)Ljava/util/jar/JarEntry; @ 115 c2
Event: 9.769 Thread 0x0000010bbf8f6660 DEOPT PACKING pc=0x0000010bac95cb4c sp=0x00000009e32f8a00
Event: 9.769 Thread 0x0000010bbf8f6660 DEOPT UNPACKING pc=0x0000010bac3746a2 sp=0x00000009e32f8a08 mode 2
Event: 9.769 Thread 0x0000010bbf8f6660 Uncommon trap: trap_request=0xffffff45 fr.pc=0x0000010bac921c6c relative=0x0000000000000f8c
Event: 9.769 Thread 0x0000010bbf8f6660 Uncommon trap: reason=unstable_if action=reinterpret pc=0x0000010bac921c6c method=java.util.jar.JarFile.getEntry(Ljava/lang/String;)Ljava/util/zip/ZipEntry; @ 15 c2
Event: 9.769 Thread 0x0000010bbf8f6660 DEOPT PACKING pc=0x0000010bac921c6c sp=0x00000009e32f8ad0
Event: 9.769 Thread 0x0000010bbf8f6660 DEOPT UNPACKING pc=0x0000010bac3746a2 sp=0x00000009e32f8ac8 mode 2

Classes loaded (20 events):
Event: 8.910 Loading class sun/misc/SharedSecrets
Event: 8.910 Loading class sun/misc/SharedSecrets done
Event: 9.003 Loading class java/util/AbstractList$ListItr
Event: 9.003 Loading class java/util/AbstractList$ListItr done
Event: 9.163 Loading class java/util/BitSet$1BitSetSpliterator
Event: 9.163 Loading class java/util/BitSet$1BitSetSpliterator done
Event: 9.181 Loading class sun/nio/fs/WindowsException
Event: 9.181 Loading class sun/nio/fs/WindowsException done
Event: 9.183 Loading class com/jetbrains/internal/IoToNioErrorMessageHolder
Event: 9.183 Loading class com/jetbrains/internal/IoToNioErrorMessageHolder done
Event: 9.200 Loading class java/util/Collections$SynchronizedRandomAccessList
Event: 9.200 Loading class java/util/Collections$SynchronizedList
Event: 9.201 Loading class java/util/Collections$SynchronizedList done
Event: 9.201 Loading class java/util/Collections$SynchronizedRandomAccessList done
Event: 9.581 Loading class java/util/concurrent/atomic/AtomicReferenceFieldUpdater
Event: 9.581 Loading class java/util/concurrent/atomic/AtomicReferenceFieldUpdater done
Event: 9.581 Loading class java/util/concurrent/atomic/AtomicReferenceFieldUpdater$AtomicReferenceFieldUpdaterImpl
Event: 9.581 Loading class java/util/concurrent/atomic/AtomicReferenceFieldUpdater$AtomicReferenceFieldUpdaterImpl done
Event: 9.582 Loading class java/util/concurrent/atomic/AtomicReferenceFieldUpdater$AtomicReferenceFieldUpdaterImpl$1
Event: 9.582 Loading class java/util/concurrent/atomic/AtomicReferenceFieldUpdater$AtomicReferenceFieldUpdaterImpl$1 done

Classes unloaded (0 events):
No events

Classes redefined (0 events):
No events

Internal exceptions (20 events):
Event: 9.087 Thread 0x0000010bbf8f6660 Exception <a 'java/lang/ClassNotFoundException'{0x0000000084954a48}: addGradleAndroidTestListener1_3tcoe5dtzod9vfc4g2i9uiwxjBeanInfo> (0x0000000084954a48) 
thrown [s\src\hotspot\share\classfile\systemDictionary.cpp, line 312]
Event: 9.087 Thread 0x0000010bbf8f6660 Exception <a 'java/lang/ClassNotFoundException'{0x000000008495ac38}: addGradleAndroidTestListener1_3tcoe5dtzod9vfc4g2i9uiwxjCustomizer> (0x000000008495ac38) 
thrown [s\src\hotspot\share\classfile\systemDictionary.cpp, line 312]
Event: 9.107 Thread 0x0000010bbf8f6660 Exception <a 'java/lang/ClassNotFoundException'{0x00000000849f7268}: SetupUtpTestResultListenerActionBeanInfo> (0x00000000849f7268) 
thrown [s\src\hotspot\share\classfile\systemDictionary.cpp, line 312]
Event: 9.108 Thread 0x0000010bbf8f6660 Exception <a 'java/lang/ClassNotFoundException'{0x00000000849fdaa0}: SetupUtpTestResultListenerActionCustomizer> (0x00000000849fdaa0) 
thrown [s\src\hotspot\share\classfile\systemDictionary.cpp, line 312]
Event: 9.122 Thread 0x0000010bbf8f6660 Exception <a 'java/lang/ClassNotFoundException'{0x0000000084878a00}: org/gradle/execution/taskgraph/DefaultTaskExecutionGraphBeanInfo> (0x0000000084878a00) 
thrown [s\src\hotspot\share\classfile\systemDictionary.cpp, line 312]
Event: 9.122 Thread 0x0000010bbf8f6660 Exception <a 'java/lang/ClassNotFoundException'{0x00000000848866c8}: org/gradle/execution/taskgraph/DefaultTaskExecutionGraphCustomizer> (0x00000000848866c8) 
thrown [s\src\hotspot\share\classfile\systemDictionary.cpp, line 312]
Event: 9.171 Thread 0x0000010bbf8f6660 Exception <a 'java/lang/IncompatibleClassChangeError'{0x000000008463d3a8}: Found class java.lang.Object, but interface was expected> (0x000000008463d3a8) 
thrown [s\src\hotspot\share\interpreter\linkResolver.cpp, line 851]
Event: 9.181 Thread 0x0000010bbf8f6660 Exception <a 'sun/nio/fs/WindowsException'{0x00000000846698f8}> (0x00000000846698f8) 
thrown [s\src\hotspot\share\prims\jni.cpp, line 537]
Event: 9.184 Thread 0x0000010bbf8f6660 Exception <a 'sun/nio/fs/WindowsException'{0x000000008466b5b0}> (0x000000008466b5b0) 
thrown [s\src\hotspot\share\prims\jni.cpp, line 537]
Event: 9.185 Thread 0x0000010bbf8f6660 Exception <a 'sun/nio/fs/WindowsException'{0x000000008466cae0}> (0x000000008466cae0) 
thrown [s\src\hotspot\share\prims\jni.cpp, line 537]
Event: 9.185 Thread 0x0000010bbf8f6660 Exception <a 'sun/nio/fs/WindowsException'{0x000000008466dc28}> (0x000000008466dc28) 
thrown [s\src\hotspot\share\prims\jni.cpp, line 537]
Event: 9.188 Thread 0x0000010bbf8f6660 Exception <a 'java/lang/NoSuchMethodError'{0x00000000846823f8}: 'java.lang.Object java.lang.invoke.Invokers$Holder.invoker(java.lang.Object, java.lang.Object, java.lang.Object, java.lang.Object, java.lang.Object, java.lang.Object)'> (0x00000000846823f8) 
thrown [s\src\hotspot\share\interpreter\linkResolver.cpp, line 784]
Event: 9.216 Thread 0x0000010bbf8f6660 Exception <a 'java/lang/NoSuchMethodError'{0x00000000845887b8}: 'java.lang.Object java.lang.invoke.DirectMethodHandle$Holder.invokeSpecial(java.lang.Object, java.lang.Object, java.lang.Object, java.lang.Object, java.lang.Object, java.lang.Object, java.lang.Object, java.lang.Object, java.lang.Object, java.lang.Object, java.lang.Object, java.lang.Object, java.lang.Object, java.lang.Object, java.lang.Object, java.lang.Object, java.lang.Object, java.lang.Object, java.lang.Object, java.lang.Object, java.lang.Ob
Event: 9.217 Thread 0x0000010bbf8f6660 Exception <a 'java/lang/NoSuchMethodError'{0x000000008458e7e8}: 'java.lang.Object java.lang.invoke.DelegatingMethodHandle$Holder.reinvoke_L(java.lang.Object, java.lang.Object, java.lang.Object, java.lang.Object, java.lang.Object, java.lang.Object, java.lang.Object, java.lang.Object, java.lang.Object, java.lang.Object, java.lang.Object, java.lang.Object, java.lang.Object, java.lang.Object, java.lang.Object, java.lang.Object, java.lang.Object, java.lang.Object, java.lang.Object, java.lang.Object, java.lang.O
Event: 9.217 Thread 0x0000010bbf8f6660 Exception <a 'java/lang/NoSuchMethodError'{0x0000000084599880}: 'java.lang.Object java.lang.invoke.Invokers$Holder.invoker(java.lang.Object, java.lang.Object, java.lang.Object, java.lang.Object, java.lang.Object, java.lang.Object, java.lang.Object, java.lang.Object, java.lang.Object, java.lang.Object, java.lang.Object, java.lang.Object, java.lang.Object, java.lang.Object, java.lang.Object, java.lang.Object, java.lang.Object, java.lang.Object, java.lang.Object, java.lang.Object, java.lang.Object, java.lang.
Event: 9.218 Thread 0x0000010bbf8f6660 Exception <a 'java/lang/NoSuchMethodError'{0x00000000845a0160}: 'java.lang.Object java.lang.invoke.DelegatingMethodHandle$Holder.delegate(java.lang.Object, java.lang.Object, java.lang.Object, java.lang.Object, java.lang.Object, java.lang.Object, java.lang.Object, java.lang.Object, java.lang.Object, java.lang.Object, java.lang.Object, java.lang.Object, java.lang.Object, java.lang.Object, java.lang.Object, java.lang.Object, java.lang.Object, java.lang.Object, java.lang.Object, java.lang.Object, java.lang.Obj
Event: 9.652 Thread 0x0000010bbf8f6660 Exception <a 'java/lang/NoSuchMethodError'{0x00000000845d28d0}: 'java.lang.Object java.lang.invoke.DirectMethodHandle$Holder.newInvokeSpecial(java.lang.Object, java.lang.Object, java.lang.Object, java.lang.Object, java.lang.Object, java.lang.Object, java.lang.Object, java.lang.Object, java.lang.Object, java.lang.Object, java.lang.Object, java.lang.Object, java.lang.Object, java.lang.Object, java.lang.Object, java.lang.Object, java.lang.Object, java.lang.Object, java.lang.Object)'> (0x00000000845d28d0) 
thr
Event: 9.652 Thread 0x0000010bbf8f6660 Exception <a 'java/lang/NoSuchMethodError'{0x00000000845d9220}: 'java.lang.Object java.lang.invoke.DirectMethodHandle$Holder.invokeSpecial(java.lang.Object, java.lang.Object, java.lang.Object, java.lang.Object, java.lang.Object, java.lang.Object, java.lang.Object, java.lang.Object, java.lang.Object, java.lang.Object, java.lang.Object, java.lang.Object, java.lang.Object, java.lang.Object, java.lang.Object, java.lang.Object, java.lang.Object, java.lang.Object, java.lang.Object, java.lang.Object)'> (0x0000000
Event: 9.652 Thread 0x0000010bbf8f6660 Exception <a 'java/lang/NoSuchMethodError'{0x00000000845dea38}: 'java.lang.Object java.lang.invoke.DelegatingMethodHandle$Holder.reinvoke_L(java.lang.Object, java.lang.Object, java.lang.Object, java.lang.Object, java.lang.Object, java.lang.Object, java.lang.Object, java.lang.Object, java.lang.Object, java.lang.Object, java.lang.Object, java.lang.Object, java.lang.Object, java.lang.Object, java.lang.Object, java.lang.Object, java.lang.Object, java.lang.Object, java.lang.Object)'> (0x00000000845dea38) 
throw
Event: 9.664 Thread 0x0000010bbf8f6660 Exception <a 'java/lang/IncompatibleClassChangeError'{0x00000000844a8510}: Found class java.lang.Object, but interface was expected> (0x00000000844a8510) 
thrown [s\src\hotspot\share\interpreter\linkResolver.cpp, line 851]

ZGC Phase Switch (0 events):
No events

VM Operations (20 events):
Event: 7.917 Executing VM operation: HandshakeAllThreads (Deoptimize)
Event: 7.918 Executing VM operation: HandshakeAllThreads (Deoptimize) done
Event: 7.999 Executing VM operation: HandshakeAllThreads (Deoptimize)
Event: 7.999 Executing VM operation: HandshakeAllThreads (Deoptimize) done
Event: 8.136 Executing VM operation: G1CollectForAllocation (G1 Evacuation Pause)
Event: 8.142 Executing VM operation: G1CollectForAllocation (G1 Evacuation Pause) done
Event: 8.392 Executing VM operation: HandshakeAllThreads (Deoptimize)
Event: 8.392 Executing VM operation: HandshakeAllThreads (Deoptimize) done
Event: 8.540 Executing VM operation: HandshakeAllThreads (Deoptimize)
Event: 8.540 Executing VM operation: HandshakeAllThreads (Deoptimize) done
Event: 8.724 Executing VM operation: G1CollectForAllocation (G1 Evacuation Pause)
Event: 8.729 Executing VM operation: G1CollectForAllocation (G1 Evacuation Pause) done
Event: 8.781 Executing VM operation: G1PauseRemark
Event: 8.785 Executing VM operation: G1PauseRemark done
Event: 8.804 Executing VM operation: G1PauseCleanup
Event: 8.805 Executing VM operation: G1PauseCleanup done
Event: 9.182 Executing VM operation: HandshakeAllThreads (Deoptimize)
Event: 9.182 Executing VM operation: HandshakeAllThreads (Deoptimize) done
Event: 9.384 Executing VM operation: G1CollectForAllocation (G1 Evacuation Pause)
Event: 9.390 Executing VM operation: G1CollectForAllocation (G1 Evacuation Pause) done

Memory protections (0 events):
No events

Nmethod flushes (20 events):
Event: 8.784 Thread 0x0000010bb93a1840 flushing  nmethod 0x0000010ba4ecd090
Event: 8.784 Thread 0x0000010bb93a1840 flushing  nmethod 0x0000010ba4ece810
Event: 8.784 Thread 0x0000010bb93a1840 flushing  nmethod 0x0000010ba4ecf590
Event: 8.784 Thread 0x0000010bb93a1840 flushing  nmethod 0x0000010ba4ed4790
Event: 8.784 Thread 0x0000010bb93a1840 flushing  nmethod 0x0000010ba4ed4f10
Event: 8.784 Thread 0x0000010bb93a1840 flushing  nmethod 0x0000010ba4fe4310
Event: 8.784 Thread 0x0000010bb93a1840 flushing  nmethod 0x0000010ba4fe5990
Event: 8.784 Thread 0x0000010bb93a1840 flushing  nmethod 0x0000010ba5026210
Event: 8.784 Thread 0x0000010bb93a1840 flushing  nmethod 0x0000010ba5077090
Event: 8.784 Thread 0x0000010bb93a1840 flushing  nmethod 0x0000010ba508ef90
Event: 8.784 Thread 0x0000010bb93a1840 flushing  nmethod 0x0000010ba5120790
Event: 8.784 Thread 0x0000010bb93a1840 flushing  nmethod 0x0000010ba516db90
Event: 8.784 Thread 0x0000010bb93a1840 flushing  nmethod 0x0000010ba516fb10
Event: 8.784 Thread 0x0000010bb93a1840 flushing  nmethod 0x0000010ba5176090
Event: 8.784 Thread 0x0000010bb93a1840 flushing  nmethod 0x0000010ba5176c90
Event: 8.784 Thread 0x0000010bb93a1840 flushing  nmethod 0x0000010ba51af810
Event: 8.784 Thread 0x0000010bb93a1840 flushing  nmethod 0x0000010ba5213410
Event: 8.784 Thread 0x0000010bb93a1840 flushing  nmethod 0x0000010ba5216690
Event: 8.784 Thread 0x0000010bb93a1840 flushing  nmethod 0x0000010ba52c4590
Event: 8.784 Thread 0x0000010bb93a1840 flushing  nmethod 0x0000010ba5454790

Events (20 events):
Event: 8.603 Thread 0x0000010bbf8f6660 Thread added: 0x0000010bc134d380
Event: 8.606 Thread 0x0000010bbf8f6660 Thread added: 0x0000010bc134ac20
Event: 8.609 Thread 0x0000010bbf8f6660 Thread added: 0x0000010bc134e730
Event: 8.612 Thread 0x0000010bbf8f6660 Thread added: 0x0000010bc134da10
Event: 8.614 Thread 0x0000010bbf8f6660 Thread added: 0x0000010bc134ccf0
Event: 8.679 Thread 0x0000010bbf8f6660 Thread added: 0x0000010bc134e0a0
Event: 8.680 Thread 0x0000010bbf8f6660 Thread added: 0x0000010bc1349f00
Event: 8.681 Thread 0x0000010bbf8f6660 Thread added: 0x0000010bc134b2b0
Event: 8.682 Thread 0x0000010bbf8f6660 Thread added: 0x0000010bc134edc0
Event: 8.683 Thread 0x0000010bbf8f6660 Thread added: 0x0000010bc1350800
Event: 8.864 Thread 0x0000010bbf8f6660 Thread added: 0x0000010bc1350e90
Event: 8.946 Thread 0x0000010bbf8f6660 Thread added: 0x0000010bc1350170
Event: 8.993 Thread 0x0000010bbf8f6660 Thread added: 0x0000010bc134b940
Event: 8.994 Thread 0x0000010bbf8f6660 Thread added: 0x0000010bc134f450
Event: 8.995 Thread 0x0000010bbf8f6660 Thread added: 0x0000010bc134fae0
Event: 8.996 Thread 0x0000010bbf8f6660 Thread added: 0x0000010bc1351520
Event: 8.997 Thread 0x0000010bbf8f6660 Thread added: 0x0000010bc134a590
Event: 9.025 Thread 0x0000010bbf8f6660 Thread added: 0x0000010bc2fdea00
Event: 9.054 Thread 0x0000010bbf8f6660 Thread added: 0x0000010bc2fe1e80
Event: 9.073 Thread 0x0000010bbf8f6660 Thread added: 0x0000010bc2fdf090


Dynamic libraries:
0x00007ff7e20a0000 - 0x00007ff7e20aa000 	D:\Android\jbr\bin\java.exe
0x00007ffdb4490000 - 0x00007ffdb4688000 	C:\Windows\SYSTEM32\ntdll.dll
0x00007ffdb2a90000 - 0x00007ffdb2b52000 	C:\Windows\System32\KERNEL32.DLL
0x00007ffdb1d70000 - 0x00007ffdb2066000 	C:\Windows\System32\KERNELBASE.dll
0x00007ffdb2240000 - 0x00007ffdb2340000 	C:\Windows\System32\ucrtbase.dll
0x00007ffd9e380000 - 0x00007ffd9e39b000 	D:\Android\jbr\bin\VCRUNTIME140.dll
0x00007ffda45d0000 - 0x00007ffda45e8000 	D:\Android\jbr\bin\jli.dll
0x00007ffdb3f30000 - 0x00007ffdb40d1000 	C:\Windows\System32\USER32.dll
0x00007ffdb2480000 - 0x00007ffdb24a2000 	C:\Windows\System32\win32u.dll
0x00007ffd999b0000 - 0x00007ffd99c4b000 	C:\Windows\WinSxS\amd64_microsoft.windows.common-controls_6595b64144ccf1df_6.0.19041.6456_none_60b8a6cb71f64256\COMCTL32.dll
0x00007ffdb2c20000 - 0x00007ffdb2c4b000 	C:\Windows\System32\GDI32.dll
0x00007ffdb4200000 - 0x00007ffdb429e000 	C:\Windows\System32\msvcrt.dll
0x00007ffdb2120000 - 0x00007ffdb2239000 	C:\Windows\System32\gdi32full.dll
0x00007ffdb1b70000 - 0x00007ffdb1c0d000 	C:\Windows\System32\msvcp_win.dll
0x00007ffdb2760000 - 0x00007ffdb278f000 	C:\Windows\System32\IMM32.DLL
0x00007ffdaa910000 - 0x00007ffdaa91c000 	D:\Android\jbr\bin\vcruntime140_1.dll
0x00007ffd989a0000 - 0x00007ffd98a2d000 	D:\Android\jbr\bin\msvcp140.dll
0x00007ffd6d970000 - 0x00007ffd6e606000 	D:\Android\jbr\bin\server\jvm.dll
0x00007ffdb2c50000 - 0x00007ffdb2d01000 	C:\Windows\System32\ADVAPI32.dll
0x00007ffdb29d0000 - 0x00007ffdb2a6f000 	C:\Windows\System32\sechost.dll
0x00007ffdb32c0000 - 0x00007ffdb33e0000 	C:\Windows\System32\RPCRT4.dll
0x00007ffdb2340000 - 0x00007ffdb2367000 	C:\Windows\System32\bcrypt.dll
0x00007ffdb2790000 - 0x00007ffdb27fb000 	C:\Windows\System32\WS2_32.dll
0x00007ffdb1980000 - 0x00007ffdb19cb000 	C:\Windows\SYSTEM32\POWRPROF.dll
0x00007ffda9540000 - 0x00007ffda954a000 	C:\Windows\SYSTEM32\VERSION.dll
0x00007ffda6f90000 - 0x00007ffda6fb7000 	C:\Windows\SYSTEM32\WINMM.dll
0x00007ffdb1960000 - 0x00007ffdb1972000 	C:\Windows\SYSTEM32\UMPDC.dll
0x00007ffdaf990000 - 0x00007ffdaf9a2000 	C:\Windows\SYSTEM32\kernel.appcore.dll
0x00007ffda9690000 - 0x00007ffda969a000 	D:\Android\jbr\bin\jimage.dll
0x00007ffdabdc0000 - 0x00007ffdabfc1000 	C:\Windows\SYSTEM32\DBGHELP.DLL
0x00007ffda97a0000 - 0x00007ffda97d4000 	C:\Windows\SYSTEM32\dbgcore.DLL
0x00007ffdb23f0000 - 0x00007ffdb2472000 	C:\Windows\System32\bcryptPrimitives.dll
0x00007ffd9dae0000 - 0x00007ffd9daee000 	D:\Android\jbr\bin\instrument.dll
0x00007ffd9e270000 - 0x00007ffd9e290000 	D:\Android\jbr\bin\java.dll
0x00007ffd9e220000 - 0x00007ffd9e238000 	D:\Android\jbr\bin\zip.dll
0x00007ffdb33e0000 - 0x00007ffdb3b50000 	C:\Windows\System32\SHELL32.dll
0x00007ffdafb90000 - 0x00007ffdb0335000 	C:\Windows\SYSTEM32\windows.storage.dll
0x00007ffdb3bd0000 - 0x00007ffdb3f24000 	C:\Windows\System32\combase.dll
0x00007ffdb1470000 - 0x00007ffdb149b000 	C:\Windows\SYSTEM32\Wldp.dll
0x00007ffdb31e0000 - 0x00007ffdb32ad000 	C:\Windows\System32\OLEAUT32.dll
0x00007ffdb24b0000 - 0x00007ffdb255d000 	C:\Windows\System32\SHCORE.dll
0x00007ffdb2690000 - 0x00007ffdb26eb000 	C:\Windows\System32\shlwapi.dll
0x00007ffdb1a50000 - 0x00007ffdb1a74000 	C:\Windows\SYSTEM32\profapi.dll
0x00007ffd9e0f0000 - 0x00007ffd9e100000 	D:\Android\jbr\bin\net.dll
0x00007ffdad850000 - 0x00007ffdad95a000 	C:\Windows\SYSTEM32\WINHTTP.dll
0x00007ffdb11d0000 - 0x00007ffdb123a000 	C:\Windows\system32\mswsock.dll
0x00007ffd9bf50000 - 0x00007ffd9bf66000 	D:\Android\jbr\bin\nio.dll
0x00007ffd9b020000 - 0x00007ffd9b030000 	D:\Android\jbr\bin\verify.dll
0x00007ffd8fcb0000 - 0x00007ffd8fcd7000 	C:\Users\Admin\.gradle\native\1def1411415f61bf3af743bc5b6707747c0891f09f0c88961ee8f79bc544acac\windows-amd64\native-platform.dll
0x00007ffd97df0000 - 0x00007ffd97e68000 	C:\Users\Admin\.gradle\native\0.2.7\x86_64-windows-gnu\gradle-fileevents.dll
0x00007ffd9cf60000 - 0x00007ffd9cf69000 	D:\Android\jbr\bin\management.dll
0x00007ffd9b040000 - 0x00007ffd9b04b000 	D:\Android\jbr\bin\management_ext.dll
0x00007ffdb2750000 - 0x00007ffdb2758000 	C:\Windows\System32\PSAPI.DLL
0x00007ffdb0eb0000 - 0x00007ffdb0eeb000 	C:\Windows\SYSTEM32\IPHLPAPI.DLL
0x00007ffdb2c10000 - 0x00007ffdb2c18000 	C:\Windows\System32\NSI.dll
0x00007ffd9d2d0000 - 0x00007ffd9d2d9000 	D:\Android\jbr\bin\extnet.dll
0x00007ffdb13d0000 - 0x00007ffdb13e8000 	C:\Windows\SYSTEM32\CRYPTSP.dll
0x00007ffdb0af0000 - 0x00007ffdb0b28000 	C:\Windows\system32\rsaenh.dll
0x00007ffdb1a10000 - 0x00007ffdb1a3e000 	C:\Windows\SYSTEM32\USERENV.dll
0x00007ffdb13c0000 - 0x00007ffdb13cc000 	C:\Windows\SYSTEM32\CRYPTBASE.dll
0x00007ffd9d7c0000 - 0x00007ffd9d7c7000 	C:\Windows\system32\wshunix.dll

JVMTI agents:
C:\Users\Admin\.gradle\wrapper\dists\gradle-8.13-bin\5xuhj0ry160q40clulazy9h7d\gradle-8.13\lib\agents\gradle-instrumentation-agent-8.13.jar path:D:\Android\jbr\bin\instrument.dll, loaded, initialized, instrumentlib options:none

dbghelp: loaded successfully - version: 4.0.5 - missing functions: none
symbol engine: initialized successfully - sym options: 0x614 - pdb path: .;D:\Android\jbr\bin;C:\Windows\SYSTEM32;C:\Windows\WinSxS\amd64_microsoft.windows.common-controls_6595b64144ccf1df_6.0.19041.6456_none_60b8a6cb71f64256;D:\Android\jbr\bin\server;C:\Users\Admin\.gradle\native\1def1411415f61bf3af743bc5b6707747c0891f09f0c88961ee8f79bc544acac\windows-amd64;C:\Users\Admin\.gradle\native\0.2.7\x86_64-windows-gnu

VM Arguments:
jvm_args: --add-opens=java.base/java.lang=ALL-UNNAMED --add-opens=java.base/java.lang.invoke=ALL-UNNAMED --add-opens=java.base/java.util=ALL-UNNAMED --add-opens=java.prefs/java.util.prefs=ALL-UNNAMED --add-exports=jdk.compiler/com.sun.tools.javac.api=ALL-UNNAMED --add-exports=jdk.compiler/com.sun.tools.javac.util=ALL-UNNAMED --add-opens=java.base/java.util=ALL-UNNAMED --add-opens=java.prefs/java.util.prefs=ALL-UNNAMED --add-opens=java.base/java.nio.charset=ALL-UNNAMED --add-opens=java.base/java.net=ALL-UNNAMED --add-opens=java.base/java.util.concurrent.atomic=ALL-UNNAMED --add-opens=java.xml/javax.xml.namespace=ALL-UNNAMED -Xmx2048m -Dfile.encoding=UTF-8 -Duser.country=RU -Duser.language=ru -Duser.variant -javaagent:C:\Users\Admin\.gradle\wrapper\dists\gradle-8.13-bin\5xuhj0ry160q40clulazy9h7d\gradle-8.13\lib\agents\gradle-instrumentation-agent-8.13.jar 
java_command: org.gradle.launcher.daemon.bootstrap.GradleDaemon 8.13
java_class_path (initial): C:\Users\Admin\.gradle\wrapper\dists\gradle-8.13-bin\5xuhj0ry160q40clulazy9h7d\gradle-8.13\lib\gradle-daemon-main-8.13.jar
Launcher Type: SUN_STANDARD

[Global flags]
     intx CICompilerCount                          = 4                                         {product} {ergonomic}
     uint ConcGCThreads                            = 2                                         {product} {ergonomic}
     uint G1ConcRefinementThreads                  = 8                                         {product} {ergonomic}
   size_t G1HeapRegionSize                         = 1048576                                   {product} {ergonomic}
    uintx GCDrainStackTargetSize                   = 64                                        {product} {ergonomic}
   size_t InitialHeapSize                          = 100663296                                 {product} {ergonomic}
   size_t MarkStackSize                            = 4194304                                   {product} {ergonomic}
   size_t MaxHeapSize                              = 2147483648                                {product} {command line}
   size_t MaxNewSize                               = 1287651328                                {product} {ergonomic}
   size_t MinHeapDeltaBytes                        = 1048576                                   {product} {ergonomic}
   size_t MinHeapSize                              = 8388608                                   {product} {ergonomic}
    uintx NonNMethodCodeHeapSize                   = 5839372                                {pd product} {ergonomic}
    uintx NonProfiledCodeHeapSize                  = 122909434                              {pd product} {ergonomic}
    uintx ProfiledCodeHeapSize                     = 122909434                              {pd product} {ergonomic}
    uintx ReservedCodeCacheSize                    = 251658240                              {pd product} {ergonomic}
     bool SegmentedCodeCache                       = true                                      {product} {ergonomic}
   size_t SoftMaxHeapSize                          = 2147483648                             {manageable} {ergonomic}
     bool UseCompressedOops                        = true                           {product lp64_product} {ergonomic}
     bool UseG1GC                                  = true                                      {product} {ergonomic}
     bool UseLargePagesIndividualAllocation        = false                                  {pd product} {ergonomic}

Logging:
Log output configuration:
 #0: stdout all=warning uptime,level,tags foldmultilines=false
 #1: stderr all=off uptime,level,tags foldmultilines=false

Environment Variables:
PATH=C:\Program Files (x86)\NVIDIA Corporation\PhysX\Common;C:\Program Files (x86)\Common Files\Oracle\Java\java8path;C:\Program Files (x86)\Common Files\Oracle\Java\javapath;C:\Windows\system32;C:\Windows;C:\Windows\System32\Wbem;C:\Windows\System32\WindowsPowerShell\v1.0\;C:\Windows\System32\OpenSSH\;C:\Program Files\Microsoft SQL Server\150\Tools\Binn\;C:\Program Files (x86)\Windows Kits\10\Windows Performance Toolkit\;C:\Program Files\nodejs\;C:\Program Files\Git\cmd;C:\Program Files\OpenSSL-Win64\bin;D:\PuTTY\;C:\TDM-GCC-32\bin;C:\Program Files\dotnet\;C:\Program Files\TortoiseGit\bin;C:\php;C:\Users\Admin\AppData\Local\Microsoft\WindowsApps;C:\Users\Admin\AppData\Local\atom\bin;C:\Users\Admin\AppData\Roaming\npm;C:\Users\Admin\AppData\Local\spicetify;C:\msys64\ucrt64\bin;C:\Users\Admin\.dotnet\tools;D:\flutter\bin;
USERNAME=Admin
OS=Windows_NT
PROCESSOR_IDENTIFIER=AMD64 Family 23 Model 24 Stepping 1, AuthenticAMD
TMP=C:\Users\Admin\AppData\Local\Temp
TEMP=C:\Users\Admin\AppData\Local\Temp




Periodic native trim disabled

JNI global refs:
JNI global refs: 26, weak refs: 0

JNI global refs memory usage: 835, weak refs: 833

Process memory usage:
Resident Set Size: 289264K (4% of 6232908K total physical memory with 431580K free physical memory)

OOME stack traces (most recent first):
Classloader memory used:
Loader org.gradle.internal.classloader.VisitableURLClassLoader                         : 30220K
Loader bootstrap                                                                       : 22467K
Loader org.gradle.initialization.MixInLegacyTypesClassLoader                           : 6675K
Loader jdk.internal.loader.ClassLoaders$PlatformClassLoader                            : 528K
Loader jdk.internal.loader.ClassLoaders$AppClassLoader                                 : 235K
Loader org.gradle.groovy.scripts.internal.DefaultScriptCompilationHandler$ScriptClassLoader: 101128B
Loader org.gradle.internal.classloader.VisitableURLClassLoader                         : 19168B
Loader org.gradle.internal.classloader.VisitableURLClassLoader$InstrumentingVisitableURLClassLoader: 15856B
Loader jdk.internal.reflect.DelegatingClassLoader                                      : 10344B
Loader org.codehaus.groovy.runtime.callsite.CallSiteClassLoader                        : 10160B

Classes loaded by more than one classloader:
Class org.gradle.internal.classloader.FilteringClassLoader                            : loaded 2 times (x 105B)
Class org.gradle.internal.classloader.ClassLoaderHierarchy                            : loaded 2 times (x 70B)
Class org.gradle.api.internal.classpath.ManifestUtil                                  : loaded 2 times (x 71B)
Class org.gradle.internal.classloader.DefaultClassLoaderFactory                       : loaded 2 times (x 82B)
Class org.gradle.internal.classloader.ClassLoaderVisitor                              : loaded 2 times (x 76B)
Class org.gradle.api.internal.classpath.EffectiveClassPath                            : loaded 2 times (x 90B)
Class org.gradle.api.internal.DefaultClassPathProvider                                : loaded 2 times (x 76B)
Class [Lorg.gradle.api.internal.ClassPathProvider;                                    : loaded 2 times (x 69B)
Class org.gradle.api.internal.ClassPathProvider                                       : loaded 2 times (x 70B)
Class org.gradle.internal.service.UnknownServiceException                             : loaded 2 times (x 83B)
Class org.gradle.internal.classpath.TransformedClassPath                              : loaded 2 times (x 96B)
Class org.gradle.internal.classloader.InstrumentingClassLoader                        : loaded 2 times (x 70B)
Class org.gradle.internal.service.ServiceLocator                                      : loaded 2 times (x 70B)
Class org.gradle.internal.InternalTransformer                                         : loaded 2 times (x 70B)
Class org.gradle.internal.classloader.ClasspathUtil$1                                 : loaded 2 times (x 76B)
Class org.gradle.api.internal.classpath.DefaultModuleRegistry$DefaultModule           : loaded 2 times (x 86B)
Class org.gradle.api.internal.classpath.Module                                        : loaded 2 times (x 70B)
Class org.gradle.api.internal.classpath.UnknownModuleException                        : loaded 2 times (x 82B)
Class ijKotlinCoroutineJvmDebugInit1_2edxob47te3k3j1lkm25ffz4                         : loaded 2 times (x 179B)
Class org.gradle.api.internal.DefaultClassPathRegistry                                : loaded 2 times (x 76B)
Class org.gradle.api.internal.ClassPathRegistry                                       : loaded 2 times (x 70B)
Class org.gradle.internal.classpath.DefaultClassPath$ImmutableUniqueList              : loaded 2 times (x 199B)
Class org.gradle.internal.classpath.ClassPath                                         : loaded 2 times (x 70B)
Class org.gradle.api.UncheckedIOException                                             : loaded 2 times (x 82B)
Class org.gradle.internal.installation.GradleInstallation$1                           : loaded 2 times (x 75B)
Class org.gradle.api.internal.classpath.ModuleRegistry                                : loaded 2 times (x 70B)
Class org.gradle.api.internal.classpath.DefaultModuleRegistry                         : loaded 2 times (x 86B)
Class org.gradle.internal.service.ServiceLookupException                              : loaded 2 times (x 82B)
Class org.gradle.internal.classloader.ClassLoaderFactory                              : loaded 2 times (x 70B)
Class org.gradle.internal.service.CachingServiceLocator                               : loaded 2 times (x 82B)
Class ijJvmDebugger1_6gnha51x1399uf0afb4xb1b8s$_run_closure1                          : loaded 2 times (x 139B)
Class org.gradle.internal.classloader.ClasspathUtil                                   : loaded 2 times (x 71B)
Class org.gradle.api.specs.Spec                                                       : loaded 2 times (x 70B)
Class org.gradle.internal.classloader.VisitableURLClassLoader$InstrumentingVisitableURLClassLoader: loaded 2 times (x 123B)
Class org.gradle.internal.classloader.VisitableURLClassLoader$Spec                    : loaded 2 times (x 74B)
Class org.gradle.internal.classpath.DefaultClassPath                                  : loaded 2 times (x 90B)
Class ijKotlinCoroutineJvmDebugInit1_2edxob47te3k3j1lkm25ffz4$_run_closure1           : loaded 2 times (x 139B)
Class org.gradle.internal.classloader.ClassLoaderSpec                                 : loaded 2 times (x 71B)
Class org.gradle.internal.classloader.VisitableURLClassLoader                         : loaded 2 times (x 117B)
Class org.gradle.internal.Cast                                                        : loaded 2 times (x 71B)
Class org.gradle.api.Action                                                           : loaded 2 times (x 70B)
Class ijJvmDebugger1_6gnha51x1399uf0afb4xb1b8s                                        : loaded 2 times (x 179B)
Class org.gradle.internal.classpath.DefaultClassPath$ImmutableUniqueList$Builder      : loaded 2 times (x 75B)
Class org.gradle.api.GradleException                                                  : loaded 2 times (x 82B)
Class org.gradle.internal.IoActions                                                   : loaded 2 times (x 71B)
Class org.gradle.internal.classloader.SystemClassLoaderSpec                           : loaded 2 times (x 71B)
Class org.gradle.api.internal.classpath.GlobalCacheRootsProvider                      : loaded 2 times (x 70B)
Class org.gradle.internal.installation.CurrentGradleInstallationLocator               : loaded 2 times (x 71B)
Class org.gradle.internal.service.DefaultServiceLocator                               : loaded 2 times (x 83B)
Class org.gradle.internal.installation.CurrentGradleInstallation                      : loaded 2 times (x 73B)
Class org.gradle.util.internal.GUtil                                                  : loaded 2 times (x 71B)
Class org.gradle.internal.installation.GradleInstallation                             : loaded 2 times (x 75B)

---------------  S Y S T E M  ---------------

OS:
 Windows 10 , 64 bit Build 19041 (10.0.19041.5915)
OS uptime: 0 days 1:01 hours

CPU: total 8 (initial active 8) (8 cores per cpu, 2 threads per core) family 23 model 24 stepping 1 microcode 0x0, cx8, cmov, fxsr, ht, mmx, 3dnowpref, sse, sse2, sse3, ssse3, sse4a, sse4.1, sse4.2, popcnt, lzcnt, tsc, tscinvbit, avx, avx2, aes, clmul, bmi1, bmi2, adx, sha, fma, vzeroupper, clflush, clflushopt, rdtscp, f16c
Processor Information for the first 8 processors :
  Max Mhz: 2100, Current Mhz: 2100, Mhz Limit: 2100

Memory: 4k page, system-wide physical 6086M (421M free)
TotalPageFile size 12810M (AvailPageFile size 5M)
current process WorkingSet (physical memory assigned to process): 282M, peak: 282M
current process commit charge ("private bytes"): 320M, peak: 321M

vm_info: OpenJDK 64-Bit Server VM (21.0.8+-14196175-b1038.72) for windows-amd64 JRE (21.0.8+-14196175-b1038.72), built on 2025-10-01T10:24:33Z by "builder" with MS VC++ 16.10 / 16.11 (VS2019)

END.
