#
# There is insufficient memory for the Java Runtime Environment to continue.
# Native memory allocation (malloc) failed to allocate 1933936 bytes. Error detail: Chunk::new
# Possible reasons:
#   The system is out of physical RAM or swap space
#   This process is running with CompressedOops enabled, and the Java Heap may be blocking the growth of the native heap
# Possible solutions:
#   Reduce memory load on the system
#   Increase physical memory or swap space
#   Check if swap backing store is full
#   Decrease Java heap size (-Xmx/-Xms)
#   Decrease number of Java threads
#   Decrease Java thread stack sizes (-Xss)
#   Set larger code cache with -XX:ReservedCodeCacheSize=
#   JVM is running with Unscaled Compressed Oops mode in which the Java heap is
#     placed in the first 4GB address space. The Java Heap base address is the
#     maximum limit for the native heap growth. Please use -XX:HeapBaseMinAddress
#     to set the Java Heap base and to place the Java Heap above 4GB virtual address.
# This output file may be truncated or incomplete.
#
#  Out of Memory Error (arena.cpp:168), pid=10804, tid=11056
#
# JRE version: OpenJDK Runtime Environment (21.0.8) (build 21.0.8+-14196175-b1038.72)
# Java VM: OpenJDK 64-Bit Server VM (21.0.8+-14196175-b1038.72, mixed mode, tiered, compressed oops, compressed class ptrs, g1 gc, windows-amd64)
# No core dump will be written. Minidumps are not enabled by default on client versions of Windows
#

---------------  S U M M A R Y ------------

Command Line: org.jetbrains.kotlin.cli.jvm.K2JVMCompiler @C:\Users\Admin\Documents\StudyPlanner2\app\build\20251128_11991365803857409897.compiler.options

Host: AMD Ryzen 5 3500U with Radeon Vega Mobile Gfx  , 8 cores, 5G,  Windows 10 , 64 bit Build 19041 (10.0.19041.5915)
Time: Fri Nov 28 22:21:19 2025 elapsed time: 19.351020 seconds (0d 0h 0m 19s)

---------------  T H R E A D  ---------------

Current thread (0x000001887a440790):  JavaThread "C2 CompilerThread0" daemon [_thread_in_native, id=11056, stack(0x00000036ab800000,0x00000036ab900000) (1024K)]


Current CompileTask:
C2:19351 11725       4       org.jetbrains.kotlin.fir.backend.Fir2IrTypeConverter::toIrType (1647 bytes)

Stack: [0x00000036ab800000,0x00000036ab900000]
Native frames: (J=compiled Java code, j=interpreted, Vv=VM code, C=native code)
V  [jvm.dll+0x6d68d9]
V  [jvm.dll+0x866693]
V  [jvm.dll+0x868c4e]
V  [jvm.dll+0x869333]
V  [jvm.dll+0x280566]
V  [jvm.dll+0xc07cd]
V  [jvm.dll+0xc0d03]
V  [jvm.dll+0x3b95e1]
V  [jvm.dll+0x385507]
V  [jvm.dll+0x38497a]
V  [jvm.dll+0x249252]
V  [jvm.dll+0x248821]
V  [jvm.dll+0x1c73a4]
V  [jvm.dll+0x257f9e]
V  [jvm.dll+0x2564e6]
V  [jvm.dll+0x3f4696]
V  [jvm.dll+0x80eac8]
V  [jvm.dll+0x6d512d]
C  [ucrtbase.dll+0x21bb2]
C  [KERNEL32.DLL+0x17374]
C  [ntdll.dll+0x4cc91]


---------------  P R O C E S S  ---------------

Threads class SMR info:
_java_thread_list=0x000001880f6b60d0, length=12, elements={
0x00000188703dff30, 0x000001887a2ae7c0, 0x000001887a4087d0, 0x000001887a409230,
0x000001887a43c0a0, 0x000001887a43c710, 0x000001887a43d170, 0x000001887a41cbd0,
0x000001887a440790, 0x000001887a445640, 0x000001887a5e3970, 0x000001887a4441d0
}

Java Threads: ( => current thread )
  0x00000188703dff30 JavaThread "main"                              [_thread_in_Java, id=1592, stack(0x00000036aa900000,0x00000036aaa00000) (1024K)]
  0x000001887a2ae7c0 JavaThread "Common-Cleaner"             daemon [_thread_blocked, id=12712, stack(0x00000036ab100000,0x00000036ab200000) (1024K)]
  0x000001887a4087d0 JavaThread "Reference Handler"          daemon [_thread_blocked, id=2168, stack(0x00000036ab200000,0x00000036ab300000) (1024K)]
  0x000001887a409230 JavaThread "Finalizer"                  daemon [_thread_blocked, id=16032, stack(0x00000036ab300000,0x00000036ab400000) (1024K)]
  0x000001887a43c0a0 JavaThread "Signal Dispatcher"          daemon [_thread_blocked, id=9600, stack(0x00000036ab400000,0x00000036ab500000) (1024K)]
  0x000001887a43c710 JavaThread "Attach Listener"            daemon [_thread_blocked, id=2216, stack(0x00000036ab500000,0x00000036ab600000) (1024K)]
  0x000001887a43d170 JavaThread "Service Thread"             daemon [_thread_blocked, id=13872, stack(0x00000036ab600000,0x00000036ab700000) (1024K)]
  0x000001887a41cbd0 JavaThread "Monitor Deflation Thread"   daemon [_thread_blocked, id=11820, stack(0x00000036ab700000,0x00000036ab800000) (1024K)]
=>0x000001887a440790 JavaThread "C2 CompilerThread0"         daemon [_thread_in_native, id=11056, stack(0x00000036ab800000,0x00000036ab900000) (1024K)]
  0x000001887a445640 JavaThread "C1 CompilerThread0"         daemon [_thread_in_vm, id=11036, stack(0x00000036ab900000,0x00000036aba00000) (1024K)]
  0x000001887a5e3970 JavaThread "Notification Thread"        daemon [_thread_blocked, id=3604, stack(0x00000036aba00000,0x00000036abb00000) (1024K)]
  0x000001887a4441d0 JavaThread "C2 CompilerThread1"         daemon [_thread_in_native, id=14956, stack(0x00000036ac300000,0x00000036ac400000) (1024K)]
Total: 12

Other Threads:
  0x000001887a2454b0 VMThread "VM Thread"                           [id=9452, stack(0x00000036ab000000,0x00000036ab100000) (1024K)]
  0x000001887a1e78d0 WatcherThread "VM Periodic Task Thread"        [id=404, stack(0x00000036aaf00000,0x00000036ab000000) (1024K)]
  0x00000188726052f0 WorkerThread "GC Thread#0"                     [id=13516, stack(0x00000036aaa00000,0x00000036aab00000) (1024K)]
  0x000001887ad0c290 WorkerThread "GC Thread#1"                     [id=5624, stack(0x00000036abb00000,0x00000036abc00000) (1024K)]
  0x000001887ad96bc0 WorkerThread "GC Thread#2"                     [id=3416, stack(0x00000036abc00000,0x00000036abd00000) (1024K)]
  0x000001887ad96f60 WorkerThread "GC Thread#3"                     [id=13556, stack(0x00000036abd00000,0x00000036abe00000) (1024K)]
  0x000001887ad97700 WorkerThread "GC Thread#4"                     [id=12036, stack(0x00000036abe00000,0x00000036abf00000) (1024K)]
  0x000001887ad97aa0 WorkerThread "GC Thread#5"                     [id=10560, stack(0x00000036abf00000,0x00000036ac000000) (1024K)]
  0x000001887ae18fd0 WorkerThread "GC Thread#6"                     [id=15924, stack(0x00000036ac000000,0x00000036ac100000) (1024K)]
  0x000001887ae19370 WorkerThread "GC Thread#7"                     [id=12404, stack(0x00000036ac100000,0x00000036ac200000) (1024K)]
  0x00000188726138b0 ConcurrentGCThread "G1 Main Marker"            [id=6556, stack(0x00000036aab00000,0x00000036aac00000) (1024K)]
  0x0000018872614960 WorkerThread "G1 Conc#0"                       [id=7276, stack(0x00000036aac00000,0x00000036aad00000) (1024K)]
  0x000001887ae1a930 WorkerThread "G1 Conc#1"                       [id=7876, stack(0x00000036ac200000,0x00000036ac300000) (1024K)]
  0x0000018872688a90 ConcurrentGCThread "G1 Refine#0"               [id=17212, stack(0x00000036aad00000,0x00000036aae00000) (1024K)]
  0x000001887a0c05e0 ConcurrentGCThread "G1 Service"                [id=3136, stack(0x00000036aae00000,0x00000036aaf00000) (1024K)]
Total: 15

Threads with active compile tasks:
C2 CompilerThread0  19402 11725       4       org.jetbrains.kotlin.fir.backend.Fir2IrTypeConverter::toIrType (1647 bytes)
C1 CompilerThread0  19402 12043       2       org.jetbrains.kotlin.ir.util.DeclarationParentsVisitor::visitMemberAccess (13 bytes)
C2 CompilerThread1  19402 11948       4       org.jetbrains.kotlin.metadata.jvm.deserialization.JvmProtoBufUtil::getJvmMethodSignature (437 bytes)
Total: 3

VM state: not at safepoint (normal execution)

VM Mutex/Monitor currently owned by a thread: None

Heap address: 0x00000000a0e00000, size: 1522 MB, Compressed Oops mode: 32-bit

CDS archive(s) not mapped
Compressed class space mapped at: 0x0000000100000000-0x0000000140000000, reserved size: 1073741824
Narrow klass base: 0x0000000000000000, Narrow klass shift: 3, Narrow klass range: 0x140000000

GC Precious Log:
 CardTable entry size: 512
 Card Set container configuration: InlinePtr #cards 5 size 8 Array Of Cards #cards 12 size 40 Howl #buckets 4 coarsen threshold 1843 Howl Bitmap #cards 512 size 80 coarsen threshold 460 Card regions per heap region 1 cards per card region 2048
 CPUs: 8 total, 8 available
 Memory: 6086M
 Large Page Support: Disabled
 NUMA Support: Disabled
 Compressed Oops: Enabled (32-bit)
 Heap Region Size: 1M
 Heap Min Capacity: 8M
 Heap Initial Capacity: 96M
 Heap Max Capacity: 1522M
 Pre-touch: Disabled
 Parallel Workers: 8
 Concurrent Workers: 2
 Concurrent Refinement Workers: 8
 Periodic GC: Disabled

Heap:
 garbage-first heap   total 236544K, used 196770K [0x00000000a0e00000, 0x0000000100000000)
  region size 1024K, 67 young (68608K), 6 survivors (6144K)
 Metaspace       used 74414K, committed 74752K, reserved 1179648K
  class space    used 8034K, committed 8192K, reserved 1048576K

Heap Regions: E=young(eden), S=young(survivor), O=old, HS=humongous(starts), HC=humongous(continues), CS=collection set, F=free, TAMS=top-at-mark-start, PB=parsable bottom
|   0|0x00000000a0e00000, 0x00000000a0f00000, 0x00000000a0f00000|100%|HS|  |TAMS 0x00000000a0e00000| PB 0x00000000a0e00000| Complete 
|   1|0x00000000a0f00000, 0x00000000a1000000, 0x00000000a1000000|100%|HC|  |TAMS 0x00000000a0f00000| PB 0x00000000a0f00000| Complete 
|   2|0x00000000a1000000, 0x00000000a1100000, 0x00000000a1100000|100%|HC|  |TAMS 0x00000000a1000000| PB 0x00000000a1000000| Complete 
|   3|0x00000000a1100000, 0x00000000a1200000, 0x00000000a1200000|100%| O|  |TAMS 0x00000000a1100000| PB 0x00000000a1100000| Untracked 
|   4|0x00000000a1200000, 0x00000000a1300000, 0x00000000a1300000|100%| O|  |TAMS 0x00000000a1200000| PB 0x00000000a1200000| Untracked 
|   5|0x00000000a1300000, 0x00000000a13fd200, 0x00000000a1400000| 98%| O|  |TAMS 0x00000000a1300000| PB 0x00000000a1300000| Untracked 
|   6|0x00000000a1400000, 0x00000000a1500000, 0x00000000a1500000|100%| O|  |TAMS 0x00000000a1400000| PB 0x00000000a1400000| Untracked 
|   7|0x00000000a1500000, 0x00000000a1600000, 0x00000000a1600000|100%| O|  |TAMS 0x00000000a1500000| PB 0x00000000a1500000| Untracked 
|   8|0x00000000a1600000, 0x00000000a1700000, 0x00000000a1700000|100%| O|  |TAMS 0x00000000a1600000| PB 0x00000000a1600000| Untracked 
|   9|0x00000000a1700000, 0x00000000a1800000, 0x00000000a1800000|100%| O|  |TAMS 0x00000000a1700000| PB 0x00000000a1700000| Untracked 
|  10|0x00000000a1800000, 0x00000000a1900000, 0x00000000a1900000|100%| O|  |TAMS 0x00000000a1800000| PB 0x00000000a1800000| Untracked 
|  11|0x00000000a1900000, 0x00000000a1a00000, 0x00000000a1a00000|100%| O|  |TAMS 0x00000000a1900000| PB 0x00000000a1900000| Untracked 
|  12|0x00000000a1a00000, 0x00000000a1b00000, 0x00000000a1b00000|100%| O|  |TAMS 0x00000000a1a00000| PB 0x00000000a1a00000| Untracked 
|  13|0x00000000a1b00000, 0x00000000a1c00000, 0x00000000a1c00000|100%| O|  |TAMS 0x00000000a1b00000| PB 0x00000000a1b00000| Untracked 
|  14|0x00000000a1c00000, 0x00000000a1d00000, 0x00000000a1d00000|100%| O|  |TAMS 0x00000000a1c00000| PB 0x00000000a1c00000| Untracked 
|  15|0x00000000a1d00000, 0x00000000a1e00000, 0x00000000a1e00000|100%| O|  |TAMS 0x00000000a1d00000| PB 0x00000000a1d00000| Untracked 
|  16|0x00000000a1e00000, 0x00000000a1f00000, 0x00000000a1f00000|100%| O|  |TAMS 0x00000000a1e00000| PB 0x00000000a1e00000| Untracked 
|  17|0x00000000a1f00000, 0x00000000a2000000, 0x00000000a2000000|100%| O|  |TAMS 0x00000000a1f00000| PB 0x00000000a1f00000| Untracked 
|  18|0x00000000a2000000, 0x00000000a2100000, 0x00000000a2100000|100%| O|  |TAMS 0x00000000a2000000| PB 0x00000000a2000000| Untracked 
|  19|0x00000000a2100000, 0x00000000a2200000, 0x00000000a2200000|100%| O|  |TAMS 0x00000000a2100000| PB 0x00000000a2100000| Untracked 
|  20|0x00000000a2200000, 0x00000000a2300000, 0x00000000a2300000|100%| O|  |TAMS 0x00000000a2200000| PB 0x00000000a2200000| Untracked 
|  21|0x00000000a2300000, 0x00000000a2400000, 0x00000000a2400000|100%| O|  |TAMS 0x00000000a2300000| PB 0x00000000a2300000| Untracked 
|  22|0x00000000a2400000, 0x00000000a2500000, 0x00000000a2500000|100%| O|  |TAMS 0x00000000a2400000| PB 0x00000000a2400000| Untracked 
|  23|0x00000000a2500000, 0x00000000a2600000, 0x00000000a2600000|100%| O|  |TAMS 0x00000000a2500000| PB 0x00000000a2500000| Untracked 
|  24|0x00000000a2600000, 0x00000000a2700000, 0x00000000a2700000|100%| O|  |TAMS 0x00000000a2600000| PB 0x00000000a2600000| Untracked 
|  25|0x00000000a2700000, 0x00000000a2800000, 0x00000000a2800000|100%| O|  |TAMS 0x00000000a2700000| PB 0x00000000a2700000| Untracked 
|  26|0x00000000a2800000, 0x00000000a2900000, 0x00000000a2900000|100%| O|  |TAMS 0x00000000a2800000| PB 0x00000000a2800000| Untracked 
|  27|0x00000000a2900000, 0x00000000a2a00000, 0x00000000a2a00000|100%| O|  |TAMS 0x00000000a2900000| PB 0x00000000a2900000| Untracked 
|  28|0x00000000a2a00000, 0x00000000a2b00000, 0x00000000a2b00000|100%| O|  |TAMS 0x00000000a2a00000| PB 0x00000000a2a00000| Untracked 
|  29|0x00000000a2b00000, 0x00000000a2c00000, 0x00000000a2c00000|100%| O|  |TAMS 0x00000000a2b00000| PB 0x00000000a2b00000| Untracked 
|  30|0x00000000a2c00000, 0x00000000a2d00000, 0x00000000a2d00000|100%| O|  |TAMS 0x00000000a2c00000| PB 0x00000000a2c00000| Untracked 
|  31|0x00000000a2d00000, 0x00000000a2e00000, 0x00000000a2e00000|100%| O|  |TAMS 0x00000000a2d00000| PB 0x00000000a2d00000| Untracked 
|  32|0x00000000a2e00000, 0x00000000a2f00000, 0x00000000a2f00000|100%| O|  |TAMS 0x00000000a2e00000| PB 0x00000000a2e00000| Untracked 
|  33|0x00000000a2f00000, 0x00000000a3000000, 0x00000000a3000000|100%| O|  |TAMS 0x00000000a2f00000| PB 0x00000000a2f00000| Untracked 
|  34|0x00000000a3000000, 0x00000000a3100000, 0x00000000a3100000|100%| O|  |TAMS 0x00000000a3000000| PB 0x00000000a3000000| Untracked 
|  35|0x00000000a3100000, 0x00000000a3200000, 0x00000000a3200000|100%| O|  |TAMS 0x00000000a3100000| PB 0x00000000a3100000| Untracked 
|  36|0x00000000a3200000, 0x00000000a3300000, 0x00000000a3300000|100%| O|  |TAMS 0x00000000a3200000| PB 0x00000000a3200000| Untracked 
|  37|0x00000000a3300000, 0x00000000a3400000, 0x00000000a3400000|100%| O|  |TAMS 0x00000000a3300000| PB 0x00000000a3300000| Untracked 
|  38|0x00000000a3400000, 0x00000000a3500000, 0x00000000a3500000|100%| O|  |TAMS 0x00000000a3400000| PB 0x00000000a3400000| Untracked 
|  39|0x00000000a3500000, 0x00000000a3600000, 0x00000000a3600000|100%| O|  |TAMS 0x00000000a3500000| PB 0x00000000a3500000| Untracked 
|  40|0x00000000a3600000, 0x00000000a3700000, 0x00000000a3700000|100%| O|  |TAMS 0x00000000a3600000| PB 0x00000000a3600000| Untracked 
|  41|0x00000000a3700000, 0x00000000a3800000, 0x00000000a3800000|100%| O|  |TAMS 0x00000000a3700000| PB 0x00000000a3700000| Untracked 
|  42|0x00000000a3800000, 0x00000000a3900000, 0x00000000a3900000|100%| O|  |TAMS 0x00000000a3800000| PB 0x00000000a3800000| Untracked 
|  43|0x00000000a3900000, 0x00000000a3a00000, 0x00000000a3a00000|100%| O|  |TAMS 0x00000000a3900000| PB 0x00000000a3900000| Untracked 
|  44|0x00000000a3a00000, 0x00000000a3b00000, 0x00000000a3b00000|100%| O|  |TAMS 0x00000000a3a00000| PB 0x00000000a3a00000| Untracked 
|  45|0x00000000a3b00000, 0x00000000a3c00000, 0x00000000a3c00000|100%| O|  |TAMS 0x00000000a3b00000| PB 0x00000000a3b00000| Untracked 
|  46|0x00000000a3c00000, 0x00000000a3d00000, 0x00000000a3d00000|100%| O|  |TAMS 0x00000000a3c00000| PB 0x00000000a3c00000| Untracked 
|  47|0x00000000a3d00000, 0x00000000a3e00000, 0x00000000a3e00000|100%| O|  |TAMS 0x00000000a3d00000| PB 0x00000000a3d00000| Untracked 
|  48|0x00000000a3e00000, 0x00000000a3f00000, 0x00000000a3f00000|100%| O|  |TAMS 0x00000000a3e00000| PB 0x00000000a3e00000| Untracked 
|  49|0x00000000a3f00000, 0x00000000a4000000, 0x00000000a4000000|100%| O|  |TAMS 0x00000000a3f00000| PB 0x00000000a3f00000| Untracked 
|  50|0x00000000a4000000, 0x00000000a4100000, 0x00000000a4100000|100%| O|  |TAMS 0x00000000a4000000| PB 0x00000000a4000000| Untracked 
|  51|0x00000000a4100000, 0x00000000a4200000, 0x00000000a4200000|100%| O|  |TAMS 0x00000000a4100000| PB 0x00000000a4100000| Untracked 
|  52|0x00000000a4200000, 0x00000000a4300000, 0x00000000a4300000|100%| O|  |TAMS 0x00000000a4200000| PB 0x00000000a4200000| Untracked 
|  53|0x00000000a4300000, 0x00000000a4400000, 0x00000000a4400000|100%| O|  |TAMS 0x00000000a4300000| PB 0x00000000a4300000| Untracked 
|  54|0x00000000a4400000, 0x00000000a4500000, 0x00000000a4500000|100%| O|  |TAMS 0x00000000a4400000| PB 0x00000000a4400000| Untracked 
|  55|0x00000000a4500000, 0x00000000a4600000, 0x00000000a4600000|100%| O|  |TAMS 0x00000000a4500000| PB 0x00000000a4500000| Untracked 
|  56|0x00000000a4600000, 0x00000000a4700000, 0x00000000a4700000|100%| O|  |TAMS 0x00000000a4600000| PB 0x00000000a4600000| Untracked 
|  57|0x00000000a4700000, 0x00000000a4800000, 0x00000000a4800000|100%| O|  |TAMS 0x00000000a4700000| PB 0x00000000a4700000| Untracked 
|  58|0x00000000a4800000, 0x00000000a4900000, 0x00000000a4900000|100%| O|  |TAMS 0x00000000a4800000| PB 0x00000000a4800000| Untracked 
|  59|0x00000000a4900000, 0x00000000a4a00000, 0x00000000a4a00000|100%| O|  |TAMS 0x00000000a4900000| PB 0x00000000a4900000| Untracked 
|  60|0x00000000a4a00000, 0x00000000a4b00000, 0x00000000a4b00000|100%| O|  |TAMS 0x00000000a4a00000| PB 0x00000000a4a00000| Untracked 
|  61|0x00000000a4b00000, 0x00000000a4c00000, 0x00000000a4c00000|100%| O|  |TAMS 0x00000000a4b00000| PB 0x00000000a4b00000| Untracked 
|  62|0x00000000a4c00000, 0x00000000a4d00000, 0x00000000a4d00000|100%| O|  |TAMS 0x00000000a4c00000| PB 0x00000000a4c00000| Untracked 
|  63|0x00000000a4d00000, 0x00000000a4e00000, 0x00000000a4e00000|100%| O|  |TAMS 0x00000000a4d00000| PB 0x00000000a4d00000| Untracked 
|  64|0x00000000a4e00000, 0x00000000a4f00000, 0x00000000a4f00000|100%| O|  |TAMS 0x00000000a4e00000| PB 0x00000000a4e00000| Untracked 
|  65|0x00000000a4f00000, 0x00000000a5000000, 0x00000000a5000000|100%| O|  |TAMS 0x00000000a4f00000| PB 0x00000000a4f00000| Untracked 
|  66|0x00000000a5000000, 0x00000000a5100000, 0x00000000a5100000|100%| O|  |TAMS 0x00000000a5000000| PB 0x00000000a5000000| Untracked 
|  67|0x00000000a5100000, 0x00000000a5200000, 0x00000000a5200000|100%| O|  |TAMS 0x00000000a5100000| PB 0x00000000a5100000| Untracked 
|  68|0x00000000a5200000, 0x00000000a5300000, 0x00000000a5300000|100%| O|  |TAMS 0x00000000a5200000| PB 0x00000000a5200000| Untracked 
|  69|0x00000000a5300000, 0x00000000a5400000, 0x00000000a5400000|100%| O|  |TAMS 0x00000000a5300000| PB 0x00000000a5300000| Untracked 
|  70|0x00000000a5400000, 0x00000000a5500000, 0x00000000a5500000|100%| O|  |TAMS 0x00000000a5400000| PB 0x00000000a5400000| Untracked 
|  71|0x00000000a5500000, 0x00000000a5600000, 0x00000000a5600000|100%| O|  |TAMS 0x00000000a5500000| PB 0x00000000a5500000| Untracked 
|  72|0x00000000a5600000, 0x00000000a5700000, 0x00000000a5700000|100%| O|  |TAMS 0x00000000a5600000| PB 0x00000000a5600000| Untracked 
|  73|0x00000000a5700000, 0x00000000a5800000, 0x00000000a5800000|100%| O|  |TAMS 0x00000000a5700000| PB 0x00000000a5700000| Untracked 
|  74|0x00000000a5800000, 0x00000000a5900000, 0x00000000a5900000|100%| O|  |TAMS 0x00000000a5800000| PB 0x00000000a5800000| Untracked 
|  75|0x00000000a5900000, 0x00000000a5a00000, 0x00000000a5a00000|100%| O|  |TAMS 0x00000000a5900000| PB 0x00000000a5900000| Untracked 
|  76|0x00000000a5a00000, 0x00000000a5b00000, 0x00000000a5b00000|100%| O|  |TAMS 0x00000000a5a00000| PB 0x00000000a5a00000| Untracked 
|  77|0x00000000a5b00000, 0x00000000a5c00000, 0x00000000a5c00000|100%| O|  |TAMS 0x00000000a5b00000| PB 0x00000000a5b00000| Untracked 
|  78|0x00000000a5c00000, 0x00000000a5d00000, 0x00000000a5d00000|100%| O|  |TAMS 0x00000000a5c00000| PB 0x00000000a5c00000| Untracked 
|  79|0x00000000a5d00000, 0x00000000a5e00000, 0x00000000a5e00000|100%| O|  |TAMS 0x00000000a5d00000| PB 0x00000000a5d00000| Untracked 
|  80|0x00000000a5e00000, 0x00000000a5f00000, 0x00000000a5f00000|100%| O|  |TAMS 0x00000000a5e00000| PB 0x00000000a5e00000| Untracked 
|  81|0x00000000a5f00000, 0x00000000a6000000, 0x00000000a6000000|100%| O|  |TAMS 0x00000000a5f00000| PB 0x00000000a5f00000| Untracked 
|  82|0x00000000a6000000, 0x00000000a6100000, 0x00000000a6100000|100%| O|  |TAMS 0x00000000a6000000| PB 0x00000000a6000000| Untracked 
|  83|0x00000000a6100000, 0x00000000a6200000, 0x00000000a6200000|100%| O|  |TAMS 0x00000000a6100000| PB 0x00000000a6100000| Untracked 
|  84|0x00000000a6200000, 0x00000000a6300000, 0x00000000a6300000|100%| O|  |TAMS 0x00000000a6200000| PB 0x00000000a6200000| Untracked 
|  85|0x00000000a6300000, 0x00000000a6400000, 0x00000000a6400000|100%| O|  |TAMS 0x00000000a6300000| PB 0x00000000a6300000| Untracked 
|  86|0x00000000a6400000, 0x00000000a6500000, 0x00000000a6500000|100%| O|  |TAMS 0x00000000a6400000| PB 0x00000000a6400000| Untracked 
|  87|0x00000000a6500000, 0x00000000a6600000, 0x00000000a6600000|100%| O|  |TAMS 0x00000000a6500000| PB 0x00000000a6500000| Untracked 
|  88|0x00000000a6600000, 0x00000000a6700000, 0x00000000a6700000|100%| O|Cm|TAMS 0x00000000a6600000| PB 0x00000000a6600000| Complete 
|  89|0x00000000a6700000, 0x00000000a6800000, 0x00000000a6800000|100%| O|  |TAMS 0x00000000a6700000| PB 0x00000000a6700000| Untracked 
|  90|0x00000000a6800000, 0x00000000a6900000, 0x00000000a6900000|100%| O|  |TAMS 0x00000000a6800000| PB 0x00000000a6800000| Untracked 
|  91|0x00000000a6900000, 0x00000000a6a00000, 0x00000000a6a00000|100%| O|  |TAMS 0x00000000a6900000| PB 0x00000000a6900000| Untracked 
|  92|0x00000000a6a00000, 0x00000000a6b00000, 0x00000000a6b00000|100%| O|  |TAMS 0x00000000a6a00000| PB 0x00000000a6a00000| Untracked 
|  93|0x00000000a6b00000, 0x00000000a6c00000, 0x00000000a6c00000|100%| O|  |TAMS 0x00000000a6b00000| PB 0x00000000a6b00000| Untracked 
|  94|0x00000000a6c00000, 0x00000000a6d00000, 0x00000000a6d00000|100%| O|  |TAMS 0x00000000a6c00000| PB 0x00000000a6c00000| Untracked 
|  95|0x00000000a6d00000, 0x00000000a6e00000, 0x00000000a6e00000|100%| O|  |TAMS 0x00000000a6d00000| PB 0x00000000a6d00000| Untracked 
|  96|0x00000000a6e00000, 0x00000000a6f00000, 0x00000000a6f00000|100%| O|  |TAMS 0x00000000a6e00000| PB 0x00000000a6e00000| Untracked 
|  97|0x00000000a6f00000, 0x00000000a7000000, 0x00000000a7000000|100%| O|  |TAMS 0x00000000a6f00000| PB 0x00000000a6f00000| Untracked 
|  98|0x00000000a7000000, 0x00000000a7100000, 0x00000000a7100000|100%| O|  |TAMS 0x00000000a7000000| PB 0x00000000a7000000| Untracked 
|  99|0x00000000a7100000, 0x00000000a7200000, 0x00000000a7200000|100%| O|  |TAMS 0x00000000a7100000| PB 0x00000000a7100000| Untracked 
| 100|0x00000000a7200000, 0x00000000a7300000, 0x00000000a7300000|100%| O|  |TAMS 0x00000000a7200000| PB 0x00000000a7200000| Untracked 
| 101|0x00000000a7300000, 0x00000000a7400000, 0x00000000a7400000|100%| O|  |TAMS 0x00000000a7300000| PB 0x00000000a7300000| Untracked 
| 102|0x00000000a7400000, 0x00000000a7500000, 0x00000000a7500000|100%| O|Cm|TAMS 0x00000000a7400000| PB 0x00000000a7400000| Complete 
| 103|0x00000000a7500000, 0x00000000a7600000, 0x00000000a7600000|100%| O|  |TAMS 0x00000000a7500000| PB 0x00000000a7500000| Untracked 
| 104|0x00000000a7600000, 0x00000000a7700000, 0x00000000a7700000|100%| O|  |TAMS 0x00000000a7600000| PB 0x00000000a7600000| Untracked 
| 105|0x00000000a7700000, 0x00000000a7800000, 0x00000000a7800000|100%| O|  |TAMS 0x00000000a7700000| PB 0x00000000a7700000| Untracked 
| 106|0x00000000a7800000, 0x00000000a7900000, 0x00000000a7900000|100%| O|  |TAMS 0x00000000a7800000| PB 0x00000000a7800000| Untracked 
| 107|0x00000000a7900000, 0x00000000a7a00000, 0x00000000a7a00000|100%| O|  |TAMS 0x00000000a7900000| PB 0x00000000a7900000| Untracked 
| 108|0x00000000a7a00000, 0x00000000a7b00000, 0x00000000a7b00000|100%| O|  |TAMS 0x00000000a7a00000| PB 0x00000000a7a00000| Untracked 
| 109|0x00000000a7b00000, 0x00000000a7c00000, 0x00000000a7c00000|100%| O|  |TAMS 0x00000000a7b00000| PB 0x00000000a7b00000| Untracked 
| 110|0x00000000a7c00000, 0x00000000a7d00000, 0x00000000a7d00000|100%| O|  |TAMS 0x00000000a7c00000| PB 0x00000000a7c00000| Untracked 
| 111|0x00000000a7d00000, 0x00000000a7e00000, 0x00000000a7e00000|100%| O|  |TAMS 0x00000000a7d00000| PB 0x00000000a7d00000| Untracked 
| 112|0x00000000a7e00000, 0x00000000a7f00000, 0x00000000a7f00000|100%| O|Cm|TAMS 0x00000000a7e00000| PB 0x00000000a7e00000| Complete 
| 113|0x00000000a7f00000, 0x00000000a8000000, 0x00000000a8000000|100%| O|  |TAMS 0x00000000a7f00000| PB 0x00000000a7f00000| Untracked 
| 114|0x00000000a8000000, 0x00000000a8100000, 0x00000000a8100000|100%| O|  |TAMS 0x00000000a8000000| PB 0x00000000a8000000| Untracked 
| 115|0x00000000a8100000, 0x00000000a8200000, 0x00000000a8200000|100%| O|  |TAMS 0x00000000a8100000| PB 0x00000000a8100000| Untracked 
| 116|0x00000000a8200000, 0x00000000a8300000, 0x00000000a8300000|100%| O|  |TAMS 0x00000000a8200000| PB 0x00000000a8200000| Untracked 
| 117|0x00000000a8300000, 0x00000000a8400000, 0x00000000a8400000|100%| O|  |TAMS 0x00000000a8300000| PB 0x00000000a8300000| Untracked 
| 118|0x00000000a8400000, 0x00000000a8500000, 0x00000000a8500000|100%| O|  |TAMS 0x00000000a8400000| PB 0x00000000a8400000| Untracked 
| 119|0x00000000a8500000, 0x00000000a8600000, 0x00000000a8600000|100%| O|  |TAMS 0x00000000a8500000| PB 0x00000000a8500000| Untracked 
| 120|0x00000000a8600000, 0x00000000a8700000, 0x00000000a8700000|100%| O|  |TAMS 0x00000000a8600000| PB 0x00000000a8600000| Untracked 
| 121|0x00000000a8700000, 0x00000000a8800000, 0x00000000a8800000|100%| O|  |TAMS 0x00000000a8700000| PB 0x00000000a8700000| Untracked 
| 122|0x00000000a8800000, 0x00000000a8900000, 0x00000000a8900000|100%| O|  |TAMS 0x00000000a8800000| PB 0x00000000a8800000| Untracked 
| 123|0x00000000a8900000, 0x00000000a8a00000, 0x00000000a8a00000|100%| O|  |TAMS 0x00000000a8900000| PB 0x00000000a8900000| Untracked 
| 124|0x00000000a8a00000, 0x00000000a8b00000, 0x00000000a8b00000|100%| O|  |TAMS 0x00000000a8a00000| PB 0x00000000a8a00000| Untracked 
| 125|0x00000000a8b00000, 0x00000000a8c00000, 0x00000000a8c00000|100%| O|  |TAMS 0x00000000a8b00000| PB 0x00000000a8b00000| Untracked 
| 126|0x00000000a8c00000, 0x00000000a8d00000, 0x00000000a8d00000|100%| O|  |TAMS 0x00000000a8c00000| PB 0x00000000a8c00000| Untracked 
| 127|0x00000000a8d00000, 0x00000000a8d00000, 0x00000000a8e00000|  0%| F|  |TAMS 0x00000000a8d00000| PB 0x00000000a8d00000| Untracked 
| 128|0x00000000a8e00000, 0x00000000a8e00000, 0x00000000a8f00000|  0%| F|  |TAMS 0x00000000a8e00000| PB 0x00000000a8e00000| Untracked 
| 129|0x00000000a8f00000, 0x00000000a8f00000, 0x00000000a9000000|  0%| F|  |TAMS 0x00000000a8f00000| PB 0x00000000a8f00000| Untracked 
| 130|0x00000000a9000000, 0x00000000a9000000, 0x00000000a9100000|  0%| F|  |TAMS 0x00000000a9000000| PB 0x00000000a9000000| Untracked 
| 131|0x00000000a9100000, 0x00000000a9100000, 0x00000000a9200000|  0%| F|  |TAMS 0x00000000a9100000| PB 0x00000000a9100000| Untracked 
| 132|0x00000000a9200000, 0x00000000a9200000, 0x00000000a9300000|  0%| F|  |TAMS 0x00000000a9200000| PB 0x00000000a9200000| Untracked 
| 133|0x00000000a9300000, 0x00000000a9300000, 0x00000000a9400000|  0%| F|  |TAMS 0x00000000a9300000| PB 0x00000000a9300000| Untracked 
| 134|0x00000000a9400000, 0x00000000a9400000, 0x00000000a9500000|  0%| F|  |TAMS 0x00000000a9400000| PB 0x00000000a9400000| Untracked 
| 135|0x00000000a9500000, 0x00000000a9500000, 0x00000000a9600000|  0%| F|  |TAMS 0x00000000a9500000| PB 0x00000000a9500000| Untracked 
| 136|0x00000000a9600000, 0x00000000a9600000, 0x00000000a9700000|  0%| F|  |TAMS 0x00000000a9600000| PB 0x00000000a9600000| Untracked 
| 137|0x00000000a9700000, 0x00000000a9700000, 0x00000000a9800000|  0%| F|  |TAMS 0x00000000a9700000| PB 0x00000000a9700000| Untracked 
| 138|0x00000000a9800000, 0x00000000a9800000, 0x00000000a9900000|  0%| F|  |TAMS 0x00000000a9800000| PB 0x00000000a9800000| Untracked 
| 139|0x00000000a9900000, 0x00000000a9900000, 0x00000000a9a00000|  0%| F|  |TAMS 0x00000000a9900000| PB 0x00000000a9900000| Untracked 
| 140|0x00000000a9a00000, 0x00000000a9a00000, 0x00000000a9b00000|  0%| F|  |TAMS 0x00000000a9a00000| PB 0x00000000a9a00000| Untracked 
| 141|0x00000000a9b00000, 0x00000000a9b00000, 0x00000000a9c00000|  0%| F|  |TAMS 0x00000000a9b00000| PB 0x00000000a9b00000| Untracked 
| 142|0x00000000a9c00000, 0x00000000a9c00000, 0x00000000a9d00000|  0%| F|  |TAMS 0x00000000a9c00000| PB 0x00000000a9c00000| Untracked 
| 143|0x00000000a9d00000, 0x00000000a9d00000, 0x00000000a9e00000|  0%| F|  |TAMS 0x00000000a9d00000| PB 0x00000000a9d00000| Untracked 
| 144|0x00000000a9e00000, 0x00000000a9e00000, 0x00000000a9f00000|  0%| F|  |TAMS 0x00000000a9e00000| PB 0x00000000a9e00000| Untracked 
| 145|0x00000000a9f00000, 0x00000000a9f00000, 0x00000000aa000000|  0%| F|  |TAMS 0x00000000a9f00000| PB 0x00000000a9f00000| Untracked 
| 146|0x00000000aa000000, 0x00000000aa000000, 0x00000000aa100000|  0%| F|  |TAMS 0x00000000aa000000| PB 0x00000000aa000000| Untracked 
| 147|0x00000000aa100000, 0x00000000aa100000, 0x00000000aa200000|  0%| F|  |TAMS 0x00000000aa100000| PB 0x00000000aa100000| Untracked 
| 148|0x00000000aa200000, 0x00000000aa200000, 0x00000000aa300000|  0%| F|  |TAMS 0x00000000aa200000| PB 0x00000000aa200000| Untracked 
| 149|0x00000000aa300000, 0x00000000aa300000, 0x00000000aa400000|  0%| F|  |TAMS 0x00000000aa300000| PB 0x00000000aa300000| Untracked 
| 150|0x00000000aa400000, 0x00000000aa400000, 0x00000000aa500000|  0%| F|  |TAMS 0x00000000aa400000| PB 0x00000000aa400000| Untracked 
| 151|0x00000000aa500000, 0x00000000aa500000, 0x00000000aa600000|  0%| F|  |TAMS 0x00000000aa500000| PB 0x00000000aa500000| Untracked 
| 152|0x00000000aa600000, 0x00000000aa600000, 0x00000000aa700000|  0%| F|  |TAMS 0x00000000aa600000| PB 0x00000000aa600000| Untracked 
| 153|0x00000000aa700000, 0x00000000aa700000, 0x00000000aa800000|  0%| F|  |TAMS 0x00000000aa700000| PB 0x00000000aa700000| Untracked 
| 154|0x00000000aa800000, 0x00000000aa800000, 0x00000000aa900000|  0%| F|  |TAMS 0x00000000aa800000| PB 0x00000000aa800000| Untracked 
| 155|0x00000000aa900000, 0x00000000aa900000, 0x00000000aaa00000|  0%| F|  |TAMS 0x00000000aa900000| PB 0x00000000aa900000| Untracked 
| 156|0x00000000aaa00000, 0x00000000aaa00000, 0x00000000aab00000|  0%| F|  |TAMS 0x00000000aaa00000| PB 0x00000000aaa00000| Untracked 
| 157|0x00000000aab00000, 0x00000000aab00000, 0x00000000aac00000|  0%| F|  |TAMS 0x00000000aab00000| PB 0x00000000aab00000| Untracked 
| 158|0x00000000aac00000, 0x00000000aac7b690, 0x00000000aad00000| 48%| S|  |TAMS 0x00000000aac00000| PB 0x00000000aac00000| Complete 
| 159|0x00000000aad00000, 0x00000000aae00000, 0x00000000aae00000|100%| S|  |TAMS 0x00000000aad00000| PB 0x00000000aad00000| Complete 
| 160|0x00000000aae00000, 0x00000000aaf00000, 0x00000000aaf00000|100%| S|  |TAMS 0x00000000aae00000| PB 0x00000000aae00000| Complete 
| 161|0x00000000aaf00000, 0x00000000ab000000, 0x00000000ab000000|100%| E|CS|TAMS 0x00000000aaf00000| PB 0x00000000aaf00000| Complete 
| 162|0x00000000ab000000, 0x00000000ab100000, 0x00000000ab100000|100%| E|CS|TAMS 0x00000000ab000000| PB 0x00000000ab000000| Complete 
| 163|0x00000000ab100000, 0x00000000ab200000, 0x00000000ab200000|100%| E|CS|TAMS 0x00000000ab100000| PB 0x00000000ab100000| Complete 
| 164|0x00000000ab200000, 0x00000000ab300000, 0x00000000ab300000|100%| E|CS|TAMS 0x00000000ab200000| PB 0x00000000ab200000| Complete 
| 165|0x00000000ab300000, 0x00000000ab400000, 0x00000000ab400000|100%| E|CS|TAMS 0x00000000ab300000| PB 0x00000000ab300000| Complete 
| 166|0x00000000ab400000, 0x00000000ab500000, 0x00000000ab500000|100%| E|CS|TAMS 0x00000000ab400000| PB 0x00000000ab400000| Complete 
| 167|0x00000000ab500000, 0x00000000ab600000, 0x00000000ab600000|100%| E|CS|TAMS 0x00000000ab500000| PB 0x00000000ab500000| Complete 
| 168|0x00000000ab600000, 0x00000000ab700000, 0x00000000ab700000|100%| E|CS|TAMS 0x00000000ab600000| PB 0x00000000ab600000| Complete 
| 169|0x00000000ab700000, 0x00000000ab800000, 0x00000000ab800000|100%| E|CS|TAMS 0x00000000ab700000| PB 0x00000000ab700000| Complete 
| 170|0x00000000ab800000, 0x00000000ab900000, 0x00000000ab900000|100%| E|CS|TAMS 0x00000000ab800000| PB 0x00000000ab800000| Complete 
| 171|0x00000000ab900000, 0x00000000aba00000, 0x00000000aba00000|100%| E|CS|TAMS 0x00000000ab900000| PB 0x00000000ab900000| Complete 
| 172|0x00000000aba00000, 0x00000000abb00000, 0x00000000abb00000|100%| E|CS|TAMS 0x00000000aba00000| PB 0x00000000aba00000| Complete 
| 173|0x00000000abb00000, 0x00000000abc00000, 0x00000000abc00000|100%| E|CS|TAMS 0x00000000abb00000| PB 0x00000000abb00000| Complete 
| 174|0x00000000abc00000, 0x00000000abd00000, 0x00000000abd00000|100%| E|CS|TAMS 0x00000000abc00000| PB 0x00000000abc00000| Complete 
| 175|0x00000000abd00000, 0x00000000abe00000, 0x00000000abe00000|100%| E|CS|TAMS 0x00000000abd00000| PB 0x00000000abd00000| Complete 
| 176|0x00000000abe00000, 0x00000000abf00000, 0x00000000abf00000|100%| E|CS|TAMS 0x00000000abe00000| PB 0x00000000abe00000| Complete 
| 177|0x00000000abf00000, 0x00000000ac000000, 0x00000000ac000000|100%| E|CS|TAMS 0x00000000abf00000| PB 0x00000000abf00000| Complete 
| 178|0x00000000ac000000, 0x00000000ac100000, 0x00000000ac100000|100%| E|CS|TAMS 0x00000000ac000000| PB 0x00000000ac000000| Complete 
| 179|0x00000000ac100000, 0x00000000ac200000, 0x00000000ac200000|100%| E|CS|TAMS 0x00000000ac100000| PB 0x00000000ac100000| Complete 
| 180|0x00000000ac200000, 0x00000000ac300000, 0x00000000ac300000|100%| E|CS|TAMS 0x00000000ac200000| PB 0x00000000ac200000| Complete 
| 181|0x00000000ac300000, 0x00000000ac400000, 0x00000000ac400000|100%| E|CS|TAMS 0x00000000ac300000| PB 0x00000000ac300000| Complete 
| 182|0x00000000ac400000, 0x00000000ac500000, 0x00000000ac500000|100%| E|CS|TAMS 0x00000000ac400000| PB 0x00000000ac400000| Complete 
| 183|0x00000000ac500000, 0x00000000ac600000, 0x00000000ac600000|100%| E|CS|TAMS 0x00000000ac500000| PB 0x00000000ac500000| Complete 
| 184|0x00000000ac600000, 0x00000000ac700000, 0x00000000ac700000|100%| E|CS|TAMS 0x00000000ac600000| PB 0x00000000ac600000| Complete 
| 185|0x00000000ac700000, 0x00000000ac766dd0, 0x00000000ac800000| 40%| E|CS|TAMS 0x00000000ac700000| PB 0x00000000ac700000| Complete 
| 186|0x00000000ac800000, 0x00000000ac900000, 0x00000000ac900000|100%| E|CS|TAMS 0x00000000ac800000| PB 0x00000000ac800000| Complete 
| 187|0x00000000ac900000, 0x00000000aca00000, 0x00000000aca00000|100%| E|CS|TAMS 0x00000000ac900000| PB 0x00000000ac900000| Complete 
| 188|0x00000000aca00000, 0x00000000acb00000, 0x00000000acb00000|100%| E|CS|TAMS 0x00000000aca00000| PB 0x00000000aca00000| Complete 
| 189|0x00000000acb00000, 0x00000000acc00000, 0x00000000acc00000|100%| E|CS|TAMS 0x00000000acb00000| PB 0x00000000acb00000| Complete 
| 190|0x00000000acc00000, 0x00000000acd00000, 0x00000000acd00000|100%| E|CS|TAMS 0x00000000acc00000| PB 0x00000000acc00000| Complete 
| 191|0x00000000acd00000, 0x00000000ace00000, 0x00000000ace00000|100%| E|CS|TAMS 0x00000000acd00000| PB 0x00000000acd00000| Complete 
| 192|0x00000000ace00000, 0x00000000acf00000, 0x00000000acf00000|100%| E|CS|TAMS 0x00000000ace00000| PB 0x00000000ace00000| Complete 
| 193|0x00000000acf00000, 0x00000000ad000000, 0x00000000ad000000|100%| E|CS|TAMS 0x00000000acf00000| PB 0x00000000acf00000| Complete 
| 194|0x00000000ad000000, 0x00000000ad100000, 0x00000000ad100000|100%| E|CS|TAMS 0x00000000ad000000| PB 0x00000000ad000000| Complete 
| 195|0x00000000ad100000, 0x00000000ad200000, 0x00000000ad200000|100%| E|CS|TAMS 0x00000000ad100000| PB 0x00000000ad100000| Complete 
| 196|0x00000000ad200000, 0x00000000ad300000, 0x00000000ad300000|100%| E|CS|TAMS 0x00000000ad200000| PB 0x00000000ad200000| Complete 
| 197|0x00000000ad300000, 0x00000000ad400000, 0x00000000ad400000|100%| E|CS|TAMS 0x00000000ad300000| PB 0x00000000ad300000| Complete 
| 198|0x00000000ad400000, 0x00000000ad500000, 0x00000000ad500000|100%| E|CS|TAMS 0x00000000ad400000| PB 0x00000000ad400000| Complete 
| 199|0x00000000ad500000, 0x00000000ad600000, 0x00000000ad600000|100%| E|CS|TAMS 0x00000000ad500000| PB 0x00000000ad500000| Complete 
| 200|0x00000000ad600000, 0x00000000ad700000, 0x00000000ad700000|100%| E|CS|TAMS 0x00000000ad600000| PB 0x00000000ad600000| Complete 
| 201|0x00000000ad700000, 0x00000000ad800000, 0x00000000ad800000|100%| E|CS|TAMS 0x00000000ad700000| PB 0x00000000ad700000| Complete 
| 202|0x00000000ad800000, 0x00000000ad900000, 0x00000000ad900000|100%| E|CS|TAMS 0x00000000ad800000| PB 0x00000000ad800000| Complete 
| 203|0x00000000ad900000, 0x00000000ada00000, 0x00000000ada00000|100%| E|CS|TAMS 0x00000000ad900000| PB 0x00000000ad900000| Complete 
| 204|0x00000000ada00000, 0x00000000adb00000, 0x00000000adb00000|100%| E|CS|TAMS 0x00000000ada00000| PB 0x00000000ada00000| Complete 
| 205|0x00000000adb00000, 0x00000000adc00000, 0x00000000adc00000|100%| E|CS|TAMS 0x00000000adb00000| PB 0x00000000adb00000| Complete 
| 206|0x00000000adc00000, 0x00000000add00000, 0x00000000add00000|100%| E|CS|TAMS 0x00000000adc00000| PB 0x00000000adc00000| Complete 
| 207|0x00000000add00000, 0x00000000ade00000, 0x00000000ade00000|100%| E|CS|TAMS 0x00000000add00000| PB 0x00000000add00000| Complete 
| 208|0x00000000ade00000, 0x00000000adf00000, 0x00000000adf00000|100%| E|CS|TAMS 0x00000000ade00000| PB 0x00000000ade00000| Complete 
| 209|0x00000000adf00000, 0x00000000ae000000, 0x00000000ae000000|100%| E|CS|TAMS 0x00000000adf00000| PB 0x00000000adf00000| Complete 
| 210|0x00000000ae000000, 0x00000000ae100000, 0x00000000ae100000|100%| E|CS|TAMS 0x00000000ae000000| PB 0x00000000ae000000| Complete 
| 211|0x00000000ae100000, 0x00000000ae200000, 0x00000000ae200000|100%| E|CS|TAMS 0x00000000ae100000| PB 0x00000000ae100000| Complete 
| 212|0x00000000ae200000, 0x00000000ae300000, 0x00000000ae300000|100%| E|CS|TAMS 0x00000000ae200000| PB 0x00000000ae200000| Complete 
| 213|0x00000000ae300000, 0x00000000ae400000, 0x00000000ae400000|100%| E|CS|TAMS 0x00000000ae300000| PB 0x00000000ae300000| Complete 
| 214|0x00000000ae400000, 0x00000000ae500000, 0x00000000ae500000|100%| E|CS|TAMS 0x00000000ae400000| PB 0x00000000ae400000| Complete 
| 215|0x00000000ae500000, 0x00000000ae600000, 0x00000000ae600000|100%| E|CS|TAMS 0x00000000ae500000| PB 0x00000000ae500000| Complete 
| 216|0x00000000ae600000, 0x00000000ae700000, 0x00000000ae700000|100%| E|CS|TAMS 0x00000000ae600000| PB 0x00000000ae600000| Complete 
| 217|0x00000000ae700000, 0x00000000ae800000, 0x00000000ae800000|100%| E|CS|TAMS 0x00000000ae700000| PB 0x00000000ae700000| Complete 
| 218|0x00000000ae800000, 0x00000000ae900000, 0x00000000ae900000|100%| E|CS|TAMS 0x00000000ae800000| PB 0x00000000ae800000| Complete 
| 219|0x00000000ae900000, 0x00000000aea00000, 0x00000000aea00000|100%| E|CS|TAMS 0x00000000ae900000| PB 0x00000000ae900000| Complete 
| 220|0x00000000aea00000, 0x00000000aeb00000, 0x00000000aeb00000|100%| E|CS|TAMS 0x00000000aea00000| PB 0x00000000aea00000| Complete 
| 221|0x00000000aeb00000, 0x00000000aec00000, 0x00000000aec00000|100%| E|CS|TAMS 0x00000000aeb00000| PB 0x00000000aeb00000| Complete 
| 222|0x00000000aec00000, 0x00000000aed00000, 0x00000000aed00000|100%| E|CS|TAMS 0x00000000aec00000| PB 0x00000000aec00000| Complete 
| 223|0x00000000aed00000, 0x00000000aee00000, 0x00000000aee00000|100%| E|CS|TAMS 0x00000000aed00000| PB 0x00000000aed00000| Complete 
| 224|0x00000000aee00000, 0x00000000aef00000, 0x00000000aef00000|100%| E|CS|TAMS 0x00000000aee00000| PB 0x00000000aee00000| Complete 
| 225|0x00000000aef00000, 0x00000000af000000, 0x00000000af000000|100%| E|CS|TAMS 0x00000000aef00000| PB 0x00000000aef00000| Complete 
| 226|0x00000000af000000, 0x00000000af100000, 0x00000000af100000|100%| E|CS|TAMS 0x00000000af000000| PB 0x00000000af000000| Complete 
|1518|0x00000000ffc00000, 0x00000000ffd00000, 0x00000000ffd00000|100%| E|CS|TAMS 0x00000000ffc00000| PB 0x00000000ffc00000| Complete 
|1519|0x00000000ffd00000, 0x00000000ffe00000, 0x00000000ffe00000|100%| O|  |TAMS 0x00000000ffd00000| PB 0x00000000ffd00000| Untracked 
|1520|0x00000000ffe00000, 0x00000000fff00000, 0x00000000fff00000|100%| O|  |TAMS 0x00000000ffe00000| PB 0x00000000ffe00000| Untracked 
|1521|0x00000000fff00000, 0x0000000100000000, 0x0000000100000000|100%| O|  |TAMS 0x00000000fff00000| PB 0x00000000fff00000| Untracked 

Card table byte_map: [0x0000018875d50000,0x0000018876050000] _byte_map_base: 0x0000018875849000

Marking Bits: (CMBitMap*) 0x0000018872607020
 Bits: [0x0000018876050000, 0x0000018877818000)

Polling page: 0x0000018870380000

Metaspace:

Usage:
  Non-class:     64.82 MB used.
      Class:      7.85 MB used.
       Both:     72.67 MB used.

Virtual space:
  Non-class space:      128.00 MB reserved,      65.00 MB ( 51%) committed,  2 nodes.
      Class space:        1.00 GB reserved,       8.00 MB ( <1%) committed,  1 nodes.
             Both:        1.12 GB reserved,      73.00 MB (  6%) committed. 

Chunk freelists:
   Non-Class:  14.67 MB
       Class:  8.05 MB
        Both:  22.72 MB

MaxMetaspaceSize: unlimited
CompressedClassSpaceSize: 1.00 GB
Initial GC threshold: 21.00 MB
Current GC threshold: 113.88 MB
CDS: off
 - commit_granule_bytes: 65536.
 - commit_granule_words: 8192.
 - virtual_space_node_default_size: 8388608.
 - enlarge_chunks_in_place: 1.
 - use_allocation_guard: 0.


Internal statistics:

num_allocs_failed_limit: 6.
num_arena_births: 320.
num_arena_deaths: 0.
num_vsnodes_births: 3.
num_vsnodes_deaths: 0.
num_space_committed: 1166.
num_space_uncommitted: 0.
num_chunks_returned_to_freelist: 6.
num_chunks_taken_from_freelist: 2588.
num_chunk_merges: 6.
num_chunk_splits: 2184.
num_chunks_enlarged: 1982.
num_inconsistent_stats: 0.

CodeHeap 'non-profiled nmethods': size=120000Kb used=6761Kb max_used=6761Kb free=113238Kb
 bounds [0x0000018807ad0000, 0x0000018808170000, 0x000001880f000000]
CodeHeap 'profiled nmethods': size=120000Kb used=40286Kb max_used=40286Kb free=79713Kb
 bounds [0x0000018800000000, 0x0000018802760000, 0x0000018807530000]
CodeHeap 'non-nmethods': size=5760Kb used=1781Kb max_used=1836Kb free=3978Kb
 bounds [0x0000018807530000, 0x00000188077a0000, 0x0000018807ad0000]
CodeCache: size=245760Kb, used=48828Kb, max_used=48883Kb, free=196929Kb
 total_blobs=12082, nmethods=11292, adapters=689, full_count=0
Compilation: enabled, stopped_count=0, restarted_count=0

Compilation events (20 events):
Event: 19.331 Thread 0x000001887a445640 nmethod 11955 0x000001880270b690 code [0x000001880270b840, 0x000001880270b978]
Event: 19.331 Thread 0x000001887a445640 11956       3       org.jetbrains.kotlin.metadata.ProtoBuf$VersionRequirement$1::parsePartialFrom (11 bytes)
Event: 19.332 Thread 0x000001887a445640 nmethod 11956 0x000001880270ba10 code [0x000001880270bbc0, 0x000001880270bdc0]
Event: 19.332 Thread 0x000001887a445640 11965       3       org.jetbrains.kotlin.ir.symbols.impl.IrFieldSymbolImpl::<init> (23 bytes)
Event: 19.332 Thread 0x000001887a445640 nmethod 11965 0x000001880270bf10 code [0x000001880270c0e0, 0x000001880270c4c0]
Event: 19.332 Thread 0x000001887a445640 11966       3       org.jetbrains.kotlin.ir.symbols.impl.IrFieldSymbolImpl::<init> (10 bytes)
Event: 19.332 Thread 0x000001887a445640 nmethod 11966 0x000001880270c610 code [0x000001880270c7e0, 0x000001880270cae0]
Event: 19.332 Thread 0x000001887a445640 11967       3       org.jetbrains.kotlin.ir.declarations.IrField::<init> (5 bytes)
Event: 19.333 Thread 0x000001887a445640 nmethod 11967 0x000001880270cc10 code [0x000001880270cdc0, 0x000001880270cfe8]
Event: 19.334 Thread 0x000001887a445640 11969       3       org.jetbrains.kotlin.fir.scopes.impl.AbstractFirOverrideScopeKt::similarFunctionsOrBothProperties (270 bytes)
Event: 19.335 Thread 0x000001887a445640 nmethod 11969 0x000001880270d110 code [0x000001880270d580, 0x000001880270f960]
Event: 19.335 Thread 0x000001887a445640 11970       3       org.jetbrains.kotlin.fir.scopes.impl.FirStandardOverrideChecker::isOverriddenFunction (274 bytes)
Event: 19.339 Thread 0x000001887a445640 nmethod 11970 0x0000018802710310 code [0x00000188027108c0, 0x00000188027137a0]
Event: 19.340 Thread 0x000001887a445640 11973       3       org.jetbrains.kotlin.fir.scopes.impl.FirStandardOverrideChecker::isOverriddenFunction (22 bytes)
Event: 19.340 Thread 0x000001887a445640 nmethod 11973 0x0000018802714490 code [0x0000018802714720, 0x0000018802715150]
Event: 19.340 Thread 0x000001887a445640 11974       3       org.jetbrains.kotlin.fir.backend.PropertySymbols::<init> (32 bytes)
Event: 19.341 Thread 0x000001887a445640 nmethod 11974 0x0000018802715510 code [0x0000018802715740, 0x0000018802715ec8]
Event: 19.341 Thread 0x000001887a445640 11975       3       org.jetbrains.kotlin.platform.JsPlatformKt::isJs (23 bytes)
Event: 19.341 Thread 0x000001887a445640 nmethod 11975 0x0000018802716190 code [0x0000018802716360, 0x0000018802716688]
Event: 19.344 Thread 0x000001887a445640 11976       3       org.jetbrains.kotlin.ir.symbols.impl.IrSymbolBase::getDescriptor (32 bytes)

GC Heap History (20 events):
Event: 8.283 GC heap before
{Heap before GC invocations=20 (full 0):
 garbage-first heap   total 87040K, used 71156K [0x00000000a0e00000, 0x0000000100000000)
  region size 1024K, 22 young (22528K), 3 survivors (3072K)
 Metaspace       used 50497K, committed 50752K, reserved 1114112K
  class space    used 5891K, committed 6016K, reserved 1048576K
}
Event: 8.299 GC heap after
{Heap after GC invocations=21 (full 0):
 garbage-first heap   total 87040K, used 58442K [0x00000000a0e00000, 0x0000000100000000)
  region size 1024K, 3 young (3072K), 3 survivors (3072K)
 Metaspace       used 50497K, committed 50752K, reserved 1114112K
  class space    used 5891K, committed 6016K, reserved 1048576K
}
Event: 8.376 GC heap before
{Heap before GC invocations=21 (full 0):
 garbage-first heap   total 87040K, used 73802K [0x00000000a0e00000, 0x0000000100000000)
  region size 1024K, 18 young (18432K), 3 survivors (3072K)
 Metaspace       used 50512K, committed 50816K, reserved 1114112K
  class space    used 5891K, committed 6016K, reserved 1048576K
}
Event: 8.383 GC heap after
{Heap after GC invocations=22 (full 0):
 garbage-first heap   total 87040K, used 61940K [0x00000000a0e00000, 0x0000000100000000)
  region size 1024K, 3 young (3072K), 3 survivors (3072K)
 Metaspace       used 50512K, committed 50816K, reserved 1114112K
  class space    used 5891K, committed 6016K, reserved 1048576K
}
Event: 8.438 GC heap before
{Heap before GC invocations=22 (full 0):
 garbage-first heap   total 87040K, used 76276K [0x00000000a0e00000, 0x0000000100000000)
  region size 1024K, 17 young (17408K), 3 survivors (3072K)
 Metaspace       used 50512K, committed 50816K, reserved 1114112K
  class space    used 5891K, committed 6016K, reserved 1048576K
}
Event: 8.444 GC heap after
{Heap after GC invocations=23 (full 0):
 garbage-first heap   total 87040K, used 65253K [0x00000000a0e00000, 0x0000000100000000)
  region size 1024K, 3 young (3072K), 3 survivors (3072K)
 Metaspace       used 50512K, committed 50816K, reserved 1114112K
  class space    used 5891K, committed 6016K, reserved 1048576K
}
Event: 8.521 GC heap before
{Heap before GC invocations=24 (full 0):
 garbage-first heap   total 109568K, used 77541K [0x00000000a0e00000, 0x0000000100000000)
  region size 1024K, 15 young (15360K), 3 survivors (3072K)
 Metaspace       used 50512K, committed 50816K, reserved 1114112K
  class space    used 5891K, committed 6016K, reserved 1048576K
}
Event: 8.527 GC heap after
{Heap after GC invocations=25 (full 0):
 garbage-first heap   total 109568K, used 67572K [0x00000000a0e00000, 0x0000000100000000)
  region size 1024K, 2 young (2048K), 2 survivors (2048K)
 Metaspace       used 50512K, committed 50816K, reserved 1114112K
  class space    used 5891K, committed 6016K, reserved 1048576K
}
Event: 8.620 GC heap before
{Heap before GC invocations=25 (full 0):
 garbage-first heap   total 109568K, used 93172K [0x00000000a0e00000, 0x0000000100000000)
  region size 1024K, 27 young (27648K), 2 survivors (2048K)
 Metaspace       used 50512K, committed 50816K, reserved 1114112K
  class space    used 5891K, committed 6016K, reserved 1048576K
}
Event: 8.629 GC heap after
{Heap after GC invocations=26 (full 0):
 garbage-first heap   total 236544K, used 72618K [0x00000000a0e00000, 0x0000000100000000)
  region size 1024K, 4 young (4096K), 4 survivors (4096K)
 Metaspace       used 50512K, committed 50816K, reserved 1114112K
  class space    used 5891K, committed 6016K, reserved 1048576K
}
Event: 10.082 GC heap before
{Heap before GC invocations=26 (full 0):
 garbage-first heap   total 236544K, used 163754K [0x00000000a0e00000, 0x0000000100000000)
  region size 1024K, 94 young (96256K), 4 survivors (4096K)
 Metaspace       used 54602K, committed 54912K, reserved 1114112K
  class space    used 6377K, committed 6528K, reserved 1048576K
}
Event: 10.101 GC heap after
{Heap after GC invocations=27 (full 0):
 garbage-first heap   total 236544K, used 90386K [0x00000000a0e00000, 0x0000000100000000)
  region size 1024K, 12 young (12288K), 12 survivors (12288K)
 Metaspace       used 54602K, committed 54912K, reserved 1114112K
  class space    used 6377K, committed 6528K, reserved 1048576K
}
Event: 12.069 GC heap before
{Heap before GC invocations=27 (full 0):
 garbage-first heap   total 236544K, used 173330K [0x00000000a0e00000, 0x0000000100000000)
  region size 1024K, 93 young (95232K), 12 survivors (12288K)
 Metaspace       used 57610K, committed 57920K, reserved 1114112K
  class space    used 6636K, committed 6784K, reserved 1048576K
}
Event: 12.100 GC heap after
{Heap after GC invocations=28 (full 0):
 garbage-first heap   total 236544K, used 107299K [0x00000000a0e00000, 0x0000000100000000)
  region size 1024K, 12 young (12288K), 12 survivors (12288K)
 Metaspace       used 57610K, committed 57920K, reserved 1114112K
  class space    used 6636K, committed 6784K, reserved 1048576K
}
Event: 14.252 GC heap before
{Heap before GC invocations=28 (full 0):
 garbage-first heap   total 236544K, used 184099K [0x00000000a0e00000, 0x0000000100000000)
  region size 1024K, 87 young (89088K), 12 survivors (12288K)
 Metaspace       used 58943K, committed 59264K, reserved 1114112K
  class space    used 6676K, committed 6848K, reserved 1048576K
}
Event: 14.297 GC heap after
{Heap after GC invocations=29 (full 0):
 garbage-first heap   total 236544K, used 115700K [0x00000000a0e00000, 0x0000000100000000)
  region size 1024K, 7 young (7168K), 7 survivors (7168K)
 Metaspace       used 58943K, committed 59264K, reserved 1114112K
  class space    used 6676K, committed 6848K, reserved 1048576K
}
Event: 16.424 GC heap before
{Heap before GC invocations=29 (full 0):
 garbage-first heap   total 236544K, used 195572K [0x00000000a0e00000, 0x0000000100000000)
  region size 1024K, 85 young (87040K), 7 survivors (7168K)
 Metaspace       used 63213K, committed 63552K, reserved 1114112K
  class space    used 7014K, committed 7168K, reserved 1048576K
}
Event: 16.451 GC heap after
{Heap after GC invocations=30 (full 0):
 garbage-first heap   total 236544K, used 130005K [0x00000000a0e00000, 0x0000000100000000)
  region size 1024K, 11 young (11264K), 11 survivors (11264K)
 Metaspace       used 63213K, committed 63552K, reserved 1114112K
  class space    used 7014K, committed 7168K, reserved 1048576K
}
Event: 17.471 GC heap before
{Heap before GC invocations=30 (full 0):
 garbage-first heap   total 236544K, used 166869K [0x00000000a0e00000, 0x0000000100000000)
  region size 1024K, 48 young (49152K), 11 survivors (11264K)
 Metaspace       used 68835K, committed 69120K, reserved 1114112K
  class space    used 7561K, committed 7680K, reserved 1048576K
}
Event: 17.493 GC heap after
{Heap after GC invocations=31 (full 0):
 garbage-first heap   total 236544K, used 136354K [0x00000000a0e00000, 0x0000000100000000)
  region size 1024K, 6 young (6144K), 6 survivors (6144K)
 Metaspace       used 68835K, committed 69120K, reserved 1114112K
  class space    used 7561K, committed 7680K, reserved 1048576K
}

Dll operation events (3 events):
Event: 0.011 Loaded shared library D:\Android\jbr\bin\java.dll
Event: 0.020 Loaded shared library D:\Android\jbr\bin\zip.dll
Event: 2.181 Loaded shared library D:\Android\jbr\bin\verify.dll

Deoptimization events (20 events):
Event: 19.206 Thread 0x00000188703dff30 Uncommon trap: trap_request=0xffffffbe fr.pc=0x000001880815da84 relative=0x0000000000000244
Event: 19.206 Thread 0x00000188703dff30 Uncommon trap: reason=profile_predicate action=maybe_recompile pc=0x000001880815da84 method=org.jetbrains.kotlin.ir.util.TransformKt.transformInPlace([Lorg/jetbrains/kotlin/ir/IrElement;Lorg/jetbrains/kotlin/ir/visitors/IrElementTransformer;Ljava/lang/Obj
Event: 19.206 Thread 0x00000188703dff30 DEOPT PACKING pc=0x000001880815da84 sp=0x00000036aa9fb790
Event: 19.206 Thread 0x00000188703dff30 DEOPT UNPACKING pc=0x00000188075846a2 sp=0x00000036aa9fb748 mode 2
Event: 19.292 Thread 0x00000188703dff30 Uncommon trap: trap_request=0xffffffde fr.pc=0x0000018807c61a68 relative=0x0000000000000208
Event: 19.292 Thread 0x00000188703dff30 Uncommon trap: reason=class_check action=maybe_recompile pc=0x0000018807c61a68 method=java.util.regex.Pattern$BmpCharProperty.match(Ljava/util/regex/Matcher;ILjava/lang/CharSequence;)Z @ 19 c2
Event: 19.292 Thread 0x00000188703dff30 DEOPT PACKING pc=0x0000018807c61a68 sp=0x00000036aa9fbbd0
Event: 19.292 Thread 0x00000188703dff30 DEOPT UNPACKING pc=0x00000188075846a2 sp=0x00000036aa9fbb68 mode 2
Event: 19.292 Thread 0x00000188703dff30 Uncommon trap: trap_request=0xffffffde fr.pc=0x0000018807c61a68 relative=0x0000000000000208
Event: 19.292 Thread 0x00000188703dff30 Uncommon trap: reason=class_check action=maybe_recompile pc=0x0000018807c61a68 method=java.util.regex.Pattern$BmpCharProperty.match(Ljava/util/regex/Matcher;ILjava/lang/CharSequence;)Z @ 19 c2
Event: 19.292 Thread 0x00000188703dff30 DEOPT PACKING pc=0x0000018807c61a68 sp=0x00000036aa9fbbd0
Event: 19.292 Thread 0x00000188703dff30 DEOPT UNPACKING pc=0x00000188075846a2 sp=0x00000036aa9fbb68 mode 2
Event: 19.292 Thread 0x00000188703dff30 Uncommon trap: trap_request=0xffffffde fr.pc=0x0000018807c61a68 relative=0x0000000000000208
Event: 19.292 Thread 0x00000188703dff30 Uncommon trap: reason=class_check action=maybe_recompile pc=0x0000018807c61a68 method=java.util.regex.Pattern$BmpCharProperty.match(Ljava/util/regex/Matcher;ILjava/lang/CharSequence;)Z @ 19 c2
Event: 19.292 Thread 0x00000188703dff30 DEOPT PACKING pc=0x0000018807c61a68 sp=0x00000036aa9fbbd0
Event: 19.292 Thread 0x00000188703dff30 DEOPT UNPACKING pc=0x00000188075846a2 sp=0x00000036aa9fbb68 mode 2
Event: 19.292 Thread 0x00000188703dff30 Uncommon trap: trap_request=0xffffffde fr.pc=0x0000018807c61a68 relative=0x0000000000000208
Event: 19.292 Thread 0x00000188703dff30 Uncommon trap: reason=class_check action=maybe_recompile pc=0x0000018807c61a68 method=java.util.regex.Pattern$BmpCharProperty.match(Ljava/util/regex/Matcher;ILjava/lang/CharSequence;)Z @ 19 c2
Event: 19.292 Thread 0x00000188703dff30 DEOPT PACKING pc=0x0000018807c61a68 sp=0x00000036aa9fbbd0
Event: 19.292 Thread 0x00000188703dff30 DEOPT UNPACKING pc=0x00000188075846a2 sp=0x00000036aa9fbb68 mode 2

Classes loaded (20 events):
Event: 16.791 Loading class java/util/ServiceLoader$Provider done
Event: 16.791 Loading class java/util/ServiceLoader$ProviderImpl done
Event: 17.116 Loading class java/util/regex/Pattern$StartS
Event: 17.117 Loading class java/util/regex/Pattern$StartS done
Event: 18.371 Loading class java/lang/Short$ShortCache
Event: 18.372 Loading class java/lang/Short$ShortCache done
Event: 19.247 Loading class java/util/Formatter
Event: 19.248 Loading class java/util/Formatter done
Event: 19.248 Loading class java/util/Formatter$FixedString
Event: 19.248 Loading class java/util/Formatter$FormatString
Event: 19.248 Loading class java/util/Formatter$FormatString done
Event: 19.248 Loading class java/util/Formatter$FixedString done
Event: 19.248 Loading class java/util/Formatter$Conversion
Event: 19.248 Loading class java/util/Formatter$Conversion done
Event: 19.248 Loading class java/util/Formatter$FormatSpecifier
Event: 19.249 Loading class java/util/Formatter$FormatSpecifier done
Event: 19.250 Loading class java/util/Formattable
Event: 19.250 Loading class java/util/Formattable done
Event: 19.250 Loading class java/util/Formatter$Flags
Event: 19.250 Loading class java/util/Formatter$Flags done

Classes unloaded (0 events):
No events

Classes redefined (0 events):
No events

Internal exceptions (20 events):
Event: 14.308 Thread 0x00000188703dff30 Implicit null exception at 0x0000018807eeb7c8 to 0x0000018807eecff8
Event: 15.084 Thread 0x00000188703dff30 Implicit null exception at 0x0000018807bb47e3 to 0x0000018807bb4958
Event: 16.061 Thread 0x00000188703dff30 Exception <a 'java/lang/NoSuchMethodError'{0x00000000abb17208}: 'java.lang.Object java.lang.invoke.DirectMethodHandle$Holder.newInvokeSpecial(java.lang.Object, java.lang.Object, int, java.lang.Object, java.lang.Object, java.lang.Object)'> (0x00000000abb17208) 
thrown [s\src\hotspot\share\interpreter\linkResolver.cpp, line 784]
Event: 16.061 Thread 0x00000188703dff30 Exception <a 'java/lang/NoSuchMethodError'{0x00000000abb1b388}: 'java.lang.Object java.lang.invoke.DirectMethodHandle$Holder.invokeSpecial(java.lang.Object, java.lang.Object, java.lang.Object, int, java.lang.Object, java.lang.Object, java.lang.Object)'> (0x00000000abb1b388) 
thrown [s\src\hotspot\share\interpreter\linkResolver.cpp, line 784]
Event: 16.061 Thread 0x00000188703dff30 Exception <a 'java/lang/NoSuchMethodError'{0x00000000abb1ea00}: 'java.lang.Object java.lang.invoke.Invokers$Holder.linkToTargetMethod(java.lang.Object, int, java.lang.Object, java.lang.Object, java.lang.Object, java.lang.Object)'> (0x00000000abb1ea00) 
thrown [s\src\hotspot\share\interpreter\linkResolver.cpp, line 784]
Event: 16.873 Thread 0x00000188703dff30 Implicit null exception at 0x0000018807c79b22 to 0x0000018807c79e38
Event: 16.876 Thread 0x00000188703dff30 Implicit null exception at 0x0000018807c58da2 to 0x0000018807c590b8
Event: 17.156 Thread 0x00000188703dff30 Exception <a 'java/lang/NoSuchMethodError'{0x00000000ad353cd0}: 'java.lang.Object java.lang.invoke.DirectMethodHandle$Holder.newInvokeSpecial(java.lang.Object, java.lang.Object, java.lang.Object, java.lang.Object, java.lang.Object, java.lang.Object, java.lang.Object, java.lang.Object, int)'> (0x00000000ad353cd0) 
thrown [s\src\hotspot\share\interpreter\linkResolver.cpp, line 784]
Event: 17.157 Thread 0x00000188703dff30 Exception <a 'java/lang/NoSuchMethodError'{0x00000000ad358a78}: 'java.lang.Object java.lang.invoke.DirectMethodHandle$Holder.invokeSpecial(java.lang.Object, java.lang.Object, java.lang.Object, java.lang.Object, java.lang.Object, java.lang.Object, java.lang.Object, java.lang.Object, java.lang.Object, int)'> (0x00000000ad358a78) 
thrown [s\src\hotspot\share\interpreter\linkResolver.cpp, line 784]
Event: 17.223 Thread 0x00000188703dff30 Exception <a 'java/lang/NoSuchMethodError'{0x00000000ad11e630}: 'java.lang.Object java.lang.invoke.DirectMethodHandle$Holder.invokeStatic(java.lang.Object, java.lang.Object, int, int)'> (0x00000000ad11e630) 
thrown [s\src\hotspot\share\interpreter\linkResolver.cpp, line 784]
Event: 17.224 Thread 0x00000188703dff30 Exception <a 'java/lang/NoSuchMethodError'{0x00000000ad124ef8}: 'java.lang.Object java.lang.invoke.DirectMethodHandle$Holder.newInvokeSpecial(java.lang.Object, java.lang.Object, int, int)'> (0x00000000ad124ef8) 
thrown [s\src\hotspot\share\interpreter\linkResolver.cpp, line 784]
Event: 17.225 Thread 0x00000188703dff30 Exception <a 'java/lang/NoSuchMethodError'{0x00000000ad128f38}: 'java.lang.Object java.lang.invoke.DirectMethodHandle$Holder.invokeSpecial(java.lang.Object, java.lang.Object, java.lang.Object, int, int)'> (0x00000000ad128f38) 
thrown [s\src\hotspot\share\interpreter\linkResolver.cpp, line 784]
Event: 17.225 Thread 0x00000188703dff30 Exception <a 'java/lang/NoSuchMethodError'{0x00000000ad12c860}: 'java.lang.Object java.lang.invoke.Invokers$Holder.linkToTargetMethod(java.lang.Object, int, int, java.lang.Object)'> (0x00000000ad12c860) 
thrown [s\src\hotspot\share\interpreter\linkResolver.cpp, line 784]
Event: 17.264 Thread 0x00000188703dff30 Exception <a 'java/lang/NoSuchMethodError'{0x00000000ad1c70b8}: 'java.lang.Object java.lang.invoke.DirectMethodHandle$Holder.newInvokeSpecial(java.lang.Object, java.lang.Object, java.lang.Object, java.lang.Object, java.lang.Object, java.lang.Object, java.lang.Object, int)'> (0x00000000ad1c70b8) 
thrown [s\src\hotspot\share\interpreter\linkResolver.cpp, line 784]
Event: 17.265 Thread 0x00000188703dff30 Exception <a 'java/lang/NoSuchMethodError'{0x00000000ad1cb768}: 'java.lang.Object java.lang.invoke.DirectMethodHandle$Holder.invokeSpecial(java.lang.Object, java.lang.Object, java.lang.Object, java.lang.Object, java.lang.Object, java.lang.Object, java.lang.Object, java.lang.Object, int)'> (0x00000000ad1cb768) 
thrown [s\src\hotspot\share\interpreter\linkResolver.cpp, line 784]
Event: 17.741 Thread 0x000001887a2ae7c0 Implicit null exception at 0x00000188080c862f to 0x00000188080c8a14
Event: 18.912 Thread 0x00000188703dff30 Exception <a 'java/lang/NoSuchMethodError'{0x00000000abeca560}: 'java.lang.Object java.lang.invoke.DirectMethodHandle$Holder.invokeStatic(java.lang.Object, java.lang.Object, int, java.lang.Object, java.lang.Object)'> (0x00000000abeca560) 
thrown [s\src\hotspot\share\interpreter\linkResolver.cpp, line 784]
Event: 18.913 Thread 0x00000188703dff30 Exception <a 'java/lang/NoSuchMethodError'{0x00000000abed1930}: 'java.lang.Object java.lang.invoke.DirectMethodHandle$Holder.newInvokeSpecial(java.lang.Object, java.lang.Object, int, java.lang.Object, java.lang.Object)'> (0x00000000abed1930) 
thrown [s\src\hotspot\share\interpreter\linkResolver.cpp, line 784]
Event: 18.914 Thread 0x00000188703dff30 Exception <a 'java/lang/NoSuchMethodError'{0x00000000abed5e98}: 'java.lang.Object java.lang.invoke.DirectMethodHandle$Holder.invokeSpecial(java.lang.Object, java.lang.Object, java.lang.Object, int, java.lang.Object, java.lang.Object)'> (0x00000000abed5e98) 
thrown [s\src\hotspot\share\interpreter\linkResolver.cpp, line 784]
Event: 18.914 Thread 0x00000188703dff30 Exception <a 'java/lang/NoSuchMethodError'{0x00000000abed9990}: 'java.lang.Object java.lang.invoke.Invokers$Holder.linkToTargetMethod(java.lang.Object, int, java.lang.Object, java.lang.Object, java.lang.Object)'> (0x00000000abed9990) 
thrown [s\src\hotspot\share\interpreter\linkResolver.cpp, line 784]

ZGC Phase Switch (0 events):
No events

VM Operations (20 events):
Event: 18.667 Executing VM operation: HandshakeAllThreads (Deoptimize)
Event: 18.667 Executing VM operation: HandshakeAllThreads (Deoptimize) done
Event: 18.724 Executing VM operation: HandshakeAllThreads (Deoptimize)
Event: 18.725 Executing VM operation: HandshakeAllThreads (Deoptimize) done
Event: 18.793 Executing VM operation: ICBufferFull
Event: 18.794 Executing VM operation: ICBufferFull done
Event: 18.862 Executing VM operation: HandshakeAllThreads (Deoptimize)
Event: 18.863 Executing VM operation: HandshakeAllThreads (Deoptimize) done
Event: 19.011 Executing VM operation: ICBufferFull
Event: 19.011 Executing VM operation: ICBufferFull done
Event: 19.061 Executing VM operation: HandshakeAllThreads (Deoptimize)
Event: 19.061 Executing VM operation: HandshakeAllThreads (Deoptimize) done
Event: 19.127 Executing VM operation: HandshakeAllThreads (Deoptimize)
Event: 19.127 Executing VM operation: HandshakeAllThreads (Deoptimize) done
Event: 19.220 Executing VM operation: ICBufferFull
Event: 19.220 Executing VM operation: ICBufferFull done
Event: 19.281 Executing VM operation: HandshakeAllThreads (Deoptimize)
Event: 19.281 Executing VM operation: HandshakeAllThreads (Deoptimize) done
Event: 19.340 Executing VM operation: HandshakeAllThreads (Deoptimize)
Event: 19.340 Executing VM operation: HandshakeAllThreads (Deoptimize) done

Memory protections (0 events):
No events

Nmethod flushes (20 events):
Event: 17.739 Thread 0x000001887a2454b0 flushing  nmethod 0x000001880008d910
Event: 17.739 Thread 0x000001887a2454b0 flushing  nmethod 0x0000018800149390
Event: 17.739 Thread 0x000001887a2454b0 flushing  nmethod 0x0000018800149810
Event: 17.739 Thread 0x000001887a2454b0 flushing  nmethod 0x0000018800485010
Event: 17.739 Thread 0x000001887a2454b0 flushing  nmethod 0x000001880068ad90
Event: 17.739 Thread 0x000001887a2454b0 flushing  nmethod 0x000001880074b510
Event: 17.739 Thread 0x000001887a2454b0 flushing  nmethod 0x0000018807cd1310
Event: 17.739 Thread 0x000001887a2454b0 flushing  nmethod 0x000001880003a310
Event: 17.739 Thread 0x000001887a2454b0 flushing  nmethod 0x0000018800063510
Event: 17.739 Thread 0x000001887a2454b0 flushing  nmethod 0x000001880029ee10
Event: 17.739 Thread 0x000001887a2454b0 flushing  nmethod 0x0000018800301f10
Event: 17.739 Thread 0x000001887a2454b0 flushing  nmethod 0x0000018800302690
Event: 17.739 Thread 0x000001887a2454b0 flushing  nmethod 0x0000018800309f90
Event: 17.739 Thread 0x000001887a2454b0 flushing  nmethod 0x000001880030ac90
Event: 17.739 Thread 0x000001887a2454b0 flushing  nmethod 0x000001880030b190
Event: 17.739 Thread 0x000001887a2454b0 flushing  nmethod 0x000001880052d110
Event: 17.739 Thread 0x000001887a2454b0 flushing  nmethod 0x000001880053c510
Event: 17.739 Thread 0x000001887a2454b0 flushing  nmethod 0x0000018800588290
Event: 17.739 Thread 0x000001887a2454b0 flushing  nmethod 0x000001880073f490
Event: 17.739 Thread 0x000001887a2454b0 flushing  nmethod 0x000001880073f810

Events (16 events):
Event: 0.018 Thread 0x00000188703dff30 Thread added: 0x00000188703dff30
Event: 0.094 Thread 0x00000188703dff30 Thread added: 0x000001887a2ae7c0
Event: 0.104 Thread 0x00000188703dff30 Thread added: 0x000001887a4087d0
Event: 0.104 Thread 0x00000188703dff30 Thread added: 0x000001887a409230
Event: 0.106 Thread 0x00000188703dff30 Thread added: 0x000001887a43c0a0
Event: 0.106 Thread 0x00000188703dff30 Thread added: 0x000001887a43c710
Event: 0.106 Thread 0x00000188703dff30 Thread added: 0x000001887a43d170
Event: 0.106 Thread 0x00000188703dff30 Thread added: 0x000001887a41cbd0
Event: 0.107 Thread 0x00000188703dff30 Thread added: 0x000001887a440790
Event: 0.107 Thread 0x00000188703dff30 Thread added: 0x000001887a445640
Event: 0.212 Thread 0x00000188703dff30 Thread added: 0x000001887a5e3970
Event: 0.237 Loaded shared library D:\Android\jbr\bin\net.dll
Event: 0.241 Loaded shared library D:\Android\jbr\bin\nio.dll
Event: 0.309 Loaded shared library D:\Android\jbr\bin\zip.dll
Event: 0.388 Loaded shared library D:\Android\jbr\bin\jimage.dll
Event: 5.465 Thread 0x000001887a440790 Thread added: 0x000001887a4441d0


Dynamic libraries:
0x00007ff7230e0000 - 0x00007ff7230ea000 	D:\Android\jbr\bin\java.exe
0x00007ffdb4490000 - 0x00007ffdb4688000 	C:\Windows\SYSTEM32\ntdll.dll
0x00007ffdb2a90000 - 0x00007ffdb2b52000 	C:\Windows\System32\KERNEL32.DLL
0x00007ffdb1d70000 - 0x00007ffdb2066000 	C:\Windows\System32\KERNELBASE.dll
0x00007ffdb2240000 - 0x00007ffdb2340000 	C:\Windows\System32\ucrtbase.dll
0x00007ffd87d00000 - 0x00007ffd87d18000 	D:\Android\jbr\bin\jli.dll
0x00007ffdad5a0000 - 0x00007ffdad5bb000 	D:\Android\jbr\bin\VCRUNTIME140.dll
0x00007ffdb3f30000 - 0x00007ffdb40d1000 	C:\Windows\System32\USER32.dll
0x00007ffdb2480000 - 0x00007ffdb24a2000 	C:\Windows\System32\win32u.dll
0x00007ffd999b0000 - 0x00007ffd99c4b000 	C:\Windows\WinSxS\amd64_microsoft.windows.common-controls_6595b64144ccf1df_6.0.19041.6456_none_60b8a6cb71f64256\COMCTL32.dll
0x00007ffdb2c20000 - 0x00007ffdb2c4b000 	C:\Windows\System32\GDI32.dll
0x00007ffdb4200000 - 0x00007ffdb429e000 	C:\Windows\System32\msvcrt.dll
0x00007ffdb2120000 - 0x00007ffdb2239000 	C:\Windows\System32\gdi32full.dll
0x00007ffdb1b70000 - 0x00007ffdb1c0d000 	C:\Windows\System32\msvcp_win.dll
0x00007ffdb2760000 - 0x00007ffdb278f000 	C:\Windows\System32\IMM32.DLL
0x00007ffda6dd0000 - 0x00007ffda6ddc000 	D:\Android\jbr\bin\vcruntime140_1.dll
0x00007ffd74390000 - 0x00007ffd7441d000 	D:\Android\jbr\bin\msvcp140.dll
0x00007ffd45a00000 - 0x00007ffd46696000 	D:\Android\jbr\bin\server\jvm.dll
0x00007ffdb2c50000 - 0x00007ffdb2d01000 	C:\Windows\System32\ADVAPI32.dll
0x00007ffdb29d0000 - 0x00007ffdb2a6f000 	C:\Windows\System32\sechost.dll
0x00007ffdb32c0000 - 0x00007ffdb33e0000 	C:\Windows\System32\RPCRT4.dll
0x00007ffdb2340000 - 0x00007ffdb2367000 	C:\Windows\System32\bcrypt.dll
0x00007ffdb2790000 - 0x00007ffdb27fb000 	C:\Windows\System32\WS2_32.dll
0x00007ffdb1980000 - 0x00007ffdb19cb000 	C:\Windows\SYSTEM32\POWRPROF.dll
0x00007ffda6f90000 - 0x00007ffda6fb7000 	C:\Windows\SYSTEM32\WINMM.dll
0x00007ffda9540000 - 0x00007ffda954a000 	C:\Windows\SYSTEM32\VERSION.dll
0x00007ffdb1960000 - 0x00007ffdb1972000 	C:\Windows\SYSTEM32\UMPDC.dll
0x00007ffdaf990000 - 0x00007ffdaf9a2000 	C:\Windows\SYSTEM32\kernel.appcore.dll
0x00007ffd789b0000 - 0x00007ffd789ba000 	D:\Android\jbr\bin\jimage.dll
0x00007ffdabdc0000 - 0x00007ffdabfc1000 	C:\Windows\SYSTEM32\DBGHELP.DLL
0x00007ffda97a0000 - 0x00007ffda97d4000 	C:\Windows\SYSTEM32\dbgcore.DLL
0x00007ffdb23f0000 - 0x00007ffdb2472000 	C:\Windows\System32\bcryptPrimitives.dll
0x00007ffd46a50000 - 0x00007ffd46a70000 	D:\Android\jbr\bin\java.dll
0x00007ffd46a30000 - 0x00007ffd46a48000 	D:\Android\jbr\bin\zip.dll
0x00007ffdb33e0000 - 0x00007ffdb3b50000 	C:\Windows\System32\SHELL32.dll
0x00007ffdafb90000 - 0x00007ffdb0335000 	C:\Windows\SYSTEM32\windows.storage.dll
0x00007ffdb3bd0000 - 0x00007ffdb3f24000 	C:\Windows\System32\combase.dll
0x00007ffdb1470000 - 0x00007ffdb149b000 	C:\Windows\SYSTEM32\Wldp.dll
0x00007ffdb31e0000 - 0x00007ffdb32ad000 	C:\Windows\System32\OLEAUT32.dll
0x00007ffdb24b0000 - 0x00007ffdb255d000 	C:\Windows\System32\SHCORE.dll
0x00007ffdb2690000 - 0x00007ffdb26eb000 	C:\Windows\System32\shlwapi.dll
0x00007ffdb1a50000 - 0x00007ffdb1a74000 	C:\Windows\SYSTEM32\profapi.dll
0x00007ffd78700000 - 0x00007ffd78710000 	D:\Android\jbr\bin\net.dll
0x00007ffdad850000 - 0x00007ffdad95a000 	C:\Windows\SYSTEM32\WINHTTP.dll
0x00007ffdb11d0000 - 0x00007ffdb123a000 	C:\Windows\system32\mswsock.dll
0x00007ffd46a10000 - 0x00007ffd46a26000 	D:\Android\jbr\bin\nio.dll
0x00007ffd9e1b0000 - 0x00007ffd9e1c0000 	D:\Android\jbr\bin\verify.dll

JVMTI agents: none

dbghelp: loaded successfully - version: 4.0.5 - missing functions: none
symbol engine: initialized successfully - sym options: 0x614 - pdb path: .;D:\Android\jbr\bin;C:\Windows\SYSTEM32;C:\Windows\WinSxS\amd64_microsoft.windows.common-controls_6595b64144ccf1df_6.0.19041.6456_none_60b8a6cb71f64256;D:\Android\jbr\bin\server

VM Arguments:
java_command: org.jetbrains.kotlin.cli.jvm.K2JVMCompiler @C:\Users\Admin\Documents\StudyPlanner2\app\build\20251128_11991365803857409897.compiler.options
java_class_path (initial): C:\Users\Admin\.gradle\caches\modules-2\files-2.1\org.jetbrains.kotlin\kotlin-compiler-embeddable\2.0.21\79346ed53db48b18312a472602eb5c057070c54d\kotlin-compiler-embeddable-2.0.21.jar;C:\Users\Admin\.gradle\caches\modules-2\files-2.1\org.jetbrains.kotlin\kotlin-stdlib\2.0.21\618b539767b4899b4660a83006e052b63f1db551\kotlin-stdlib-2.0.21.jar;C:\Users\Admin\.gradle\caches\modules-2\files-2.1\org.jetbrains.kotlin\kotlin-script-runtime\2.0.21\c9b044380ad41f89aa89aa896c2d32a8c0b2129d\kotlin-script-runtime-2.0.21.jar;C:\Users\Admin\.gradle\caches\modules-2\files-2.1\org.jetbrains.kotlin\kotlin-reflect\1.6.10\1cbe9c92c12a94eea200d23c2bbaedaf3daf5132\kotlin-reflect-1.6.10.jar;C:\Users\Admin\.gradle\caches\modules-2\files-2.1\org.jetbrains.kotlin\kotlin-daemon-embeddable\2.0.21\c9e933b23287de9b5a17e2116b4657bb91aea72c\kotlin-daemon-embeddable-2.0.21.jar;C:\Users\Admin\.gradle\caches\modules-2\files-2.1\org.jetbrains.intellij.deps\trove4j\1.0.20200330\3afb14d5f9ceb459d724e907a21145e8ff394f02\trove4j-1.0.20200330.jar;C:\Users\Admin\.gradle\caches\modules-2\files-2.1\org.jetbrains.kotlinx\kotlinx-coroutines-core-jvm\1.6.4\2c997cd1c0ef33f3e751d3831929aeff1390cb30\kotlinx-coroutines-core-jvm-1.6.4.jar;C:\Users\Admin\.gradle\caches\modules-2\files-2.1\org.jetbrains\annotations\13.0\919f0dfe192fb4e063e7dacadee7f8bb9a2672a9\annotations-13.0.jar
Launcher Type: SUN_STANDARD

[Global flags]
     intx CICompilerCount                          = 4                                         {product} {ergonomic}
     uint ConcGCThreads                            = 2                                         {product} {ergonomic}
     uint G1ConcRefinementThreads                  = 8                                         {product} {ergonomic}
   size_t G1HeapRegionSize                         = 1048576                                   {product} {ergonomic}
    uintx GCDrainStackTargetSize                   = 64                                        {product} {ergonomic}
   size_t InitialHeapSize                          = 100663296                                 {product} {ergonomic}
   size_t MarkStackSize                            = 4194304                                   {product} {ergonomic}
   size_t MaxHeapSize                              = 1595932672                                {product} {ergonomic}
   size_t MaxNewSize                               = 957349888                                 {product} {ergonomic}
   size_t MinHeapDeltaBytes                        = 1048576                                   {product} {ergonomic}
   size_t MinHeapSize                              = 8388608                                   {product} {ergonomic}
    uintx NonNMethodCodeHeapSize                   = 5839372                                {pd product} {ergonomic}
    uintx NonProfiledCodeHeapSize                  = 122909434                              {pd product} {ergonomic}
    uintx ProfiledCodeHeapSize                     = 122909434                              {pd product} {ergonomic}
    uintx ReservedCodeCacheSize                    = 251658240                              {pd product} {ergonomic}
     bool SegmentedCodeCache                       = true                                      {product} {ergonomic}
   size_t SoftMaxHeapSize                          = 1595932672                             {manageable} {ergonomic}
     bool UseCompressedOops                        = true                           {product lp64_product} {ergonomic}
     bool UseG1GC                                  = true                                      {product} {ergonomic}
     bool UseLargePagesIndividualAllocation        = false                                  {pd product} {ergonomic}

Logging:
Log output configuration:
 #0: stdout all=warning uptime,level,tags foldmultilines=false
 #1: stderr all=off uptime,level,tags foldmultilines=false

Environment Variables:
PATH=C:\Program Files (x86)\NVIDIA Corporation\PhysX\Common;C:\Program Files (x86)\Common Files\Oracle\Java\java8path;C:\Program Files (x86)\Common Files\Oracle\Java\javapath;C:\Windows\system32;C:\Windows;C:\Windows\System32\Wbem;C:\Windows\System32\WindowsPowerShell\v1.0\;C:\Windows\System32\OpenSSH\;C:\Program Files\Microsoft SQL Server\150\Tools\Binn\;C:\Program Files (x86)\Windows Kits\10\Windows Performance Toolkit\;C:\Program Files\nodejs\;C:\Program Files\Git\cmd;C:\Program Files\OpenSSL-Win64\bin;D:\PuTTY\;C:\TDM-GCC-32\bin;C:\Program Files\dotnet\;C:\Program Files\TortoiseGit\bin;C:\php;C:\Users\Admin\AppData\Local\Microsoft\WindowsApps;C:\Users\Admin\AppData\Local\atom\bin;C:\Users\Admin\AppData\Roaming\npm;C:\Users\Admin\AppData\Local\spicetify;C:\msys64\ucrt64\bin;C:\Users\Admin\.dotnet\tools;D:\flutter\bin;
USERNAME=Admin
OS=Windows_NT
PROCESSOR_IDENTIFIER=AMD64 Family 23 Model 24 Stepping 1, AuthenticAMD
TMP=C:\Users\Admin\AppData\Local\Temp
TEMP=C:\Users\Admin\AppData\Local\Temp




Periodic native trim disabled

JNI global refs:
JNI global refs: 14, weak refs: 18

JNI global refs memory usage: 835, weak refs: 833

Process memory usage:
Resident Set Size: 360372K (5% of 6232908K total physical memory with 205360K free physical memory)

OOME stack traces (most recent first):
Classloader memory used:
Loader jdk.internal.loader.ClassLoaders$AppClassLoader                                 : 61839K
Loader bootstrap                                                                       : 11233K
Loader java.net.URLClassLoader                                                         : 1344K

---------------  S Y S T E M  ---------------

OS:
 Windows 10 , 64 bit Build 19041 (10.0.19041.5915)
OS uptime: 0 days 1:06 hours

CPU: total 8 (initial active 8) (8 cores per cpu, 2 threads per core) family 23 model 24 stepping 1 microcode 0x0, cx8, cmov, fxsr, ht, mmx, 3dnowpref, sse, sse2, sse3, ssse3, sse4a, sse4.1, sse4.2, popcnt, lzcnt, tsc, tscinvbit, avx, avx2, aes, clmul, bmi1, bmi2, adx, sha, fma, vzeroupper, clflush, clflushopt, rdtscp, f16c
Processor Information for the first 8 processors :
  Max Mhz: 2100, Current Mhz: 2100, Mhz Limit: 2100

Memory: 4k page, system-wide physical 6086M (200M free)
TotalPageFile size 12806M (AvailPageFile size 4M)
current process WorkingSet (physical memory assigned to process): 352M, peak: 408M
current process commit charge ("private bytes"): 501M, peak: 504M

vm_info: OpenJDK 64-Bit Server VM (21.0.8+-14196175-b1038.72) for windows-amd64 JRE (21.0.8+-14196175-b1038.72), built on 2025-10-01T10:24:33Z by "builder" with MS VC++ 16.10 / 16.11 (VS2019)

END.
