#
# There is insufficient memory for the Java Runtime Environment to continue.
# Native memory allocation (malloc) failed to allocate 738816 bytes. Error detail: Chunk::new
# Possible reasons:
#   The system is out of physical RAM or swap space
#   This process is running with CompressedOops enabled, and the Java Heap may be blocking the growth of the native heap
# Possible solutions:
#   Reduce memory load on the system
#   Increase physical memory or swap space
#   Check if swap backing store is full
#   Decrease Java heap size (-Xmx/-Xms)
#   Decrease number of Java threads
#   Decrease Java thread stack sizes (-Xss)
#   Set larger code cache with -XX:ReservedCodeCacheSize=
#   JVM is running with Unscaled Compressed Oops mode in which the Java heap is
#     placed in the first 4GB address space. The Java Heap base address is the
#     maximum limit for the native heap growth. Please use -XX:HeapBaseMinAddress
#     to set the Java Heap base and to place the Java Heap above 4GB virtual address.
# This output file may be truncated or incomplete.
#
#  Out of Memory Error (arena.cpp:168), pid=12512, tid=7072
#
# JRE version: OpenJDK Runtime Environment (21.0.8) (build 21.0.8+-14196175-b1038.72)
# Java VM: OpenJDK 64-Bit Server VM (21.0.8+-14196175-b1038.72, mixed mode, tiered, compressed oops, compressed class ptrs, g1 gc, windows-amd64)
# No core dump will be written. Minidumps are not enabled by default on client versions of Windows
#

---------------  S U M M A R Y ------------

Command Line: --add-opens=java.base/java.lang=ALL-UNNAMED --add-opens=java.base/java.lang.invoke=ALL-UNNAMED --add-opens=java.base/java.util=ALL-UNNAMED --add-opens=java.prefs/java.util.prefs=ALL-UNNAMED --add-exports=jdk.compiler/com.sun.tools.javac.api=ALL-UNNAMED --add-exports=jdk.compiler/com.sun.tools.javac.util=ALL-UNNAMED --add-opens=java.base/java.util=ALL-UNNAMED --add-opens=java.prefs/java.util.prefs=ALL-UNNAMED --add-opens=java.base/java.nio.charset=ALL-UNNAMED --add-opens=java.base/java.net=ALL-UNNAMED --add-opens=java.base/java.util.concurrent.atomic=ALL-UNNAMED --add-opens=java.xml/javax.xml.namespace=ALL-UNNAMED -Xmx2048m -Dfile.encoding=UTF-8 -Duser.country=RU -Duser.language=ru -Duser.variant -javaagent:C:\Users\Admin\.gradle\wrapper\dists\gradle-8.13-bin\5xuhj0ry160q40clulazy9h7d\gradle-8.13\lib\agents\gradle-instrumentation-agent-8.13.jar org.gradle.launcher.daemon.bootstrap.GradleDaemon 8.13

Host: AMD Ryzen 5 3500U with Radeon Vega Mobile Gfx  , 8 cores, 5G,  Windows 10 , 64 bit Build 19041 (10.0.19041.5915)
Time: Fri Nov 28 21:27:57 2025 elapsed time: 14.721603 seconds (0d 0h 0m 14s)

---------------  T H R E A D  ---------------

Current thread (0x000002c57c816600):  JavaThread "C2 CompilerThread0" daemon [_thread_in_native, id=7072, stack(0x000000f741200000,0x000000f741300000) (1024K)]


Current CompileTask:
C2:14721 7596   !   4       java.net.URLClassLoader::findClass (47 bytes)

Stack: [0x000000f741200000,0x000000f741300000]
Native frames: (J=compiled Java code, j=interpreted, Vv=VM code, C=native code)
V  [jvm.dll+0x6d68d9]
V  [jvm.dll+0x866693]
V  [jvm.dll+0x868c4e]
V  [jvm.dll+0x869333]
V  [jvm.dll+0x280566]
V  [jvm.dll+0xc07cd]
V  [jvm.dll+0xc0d03]
V  [jvm.dll+0x2f5970]
V  [jvm.dll+0x5ff719]
V  [jvm.dll+0x252362]
V  [jvm.dll+0x24ac0a]
V  [jvm.dll+0x24871e]
V  [jvm.dll+0x1c73a4]
V  [jvm.dll+0x257f9e]
V  [jvm.dll+0x2564e6]
V  [jvm.dll+0x3f4696]
V  [jvm.dll+0x80eac8]
V  [jvm.dll+0x6d512d]
C  [ucrtbase.dll+0x21bb2]
C  [KERNEL32.DLL+0x17374]
C  [ntdll.dll+0x4cc91]


---------------  P R O C E S S  ---------------

Threads class SMR info:
_java_thread_list=0x000002c5048c6470, length=58, elements={
0x000002c564f902d0, 0x000002c57c7ff570, 0x000002c57c804600, 0x000002c57c82f630,
0x000002c57c80f160, 0x000002c57c80f7d0, 0x000002c57c8109d0, 0x000002c57c811bd0,
0x000002c57c816600, 0x000002c57c817840, 0x000002c57cb03b20, 0x000002c57e37b2e0,
0x000002c57e435d50, 0x000002c57e45b230, 0x000002c57e573610, 0x000002c57e736c40,
0x000002c57e5127f0, 0x000002c57e504e90, 0x000002c57e39ccb0, 0x000002c57e5505c0,
0x000002c57e552000, 0x000002c57e552690, 0x000002c57e551970, 0x000002c57e550c50,
0x000002c57e54f8a0, 0x000002c57e5512e0, 0x000002c57e54ff30, 0x000002c50497e720,
0x000002c50497edb0, 0x000002c5049828c0, 0x000002c50497c650, 0x000002c504981510,
0x000002c50497bfc0, 0x000002c50497cce0, 0x000002c50497b930, 0x000002c50497f440,
0x000002c504982230, 0x000002c50497d370, 0x000002c504980160, 0x000002c5049807f0,
0x000002c50497da00, 0x000002c50497e090, 0x000002c50497fad0, 0x000002c504980e80,
0x000002c504696b60, 0x000002c5046964d0, 0x000002c5046957b0, 0x000002c5046936e0,
0x000002c5046971f0, 0x000002c504691ca0, 0x000002c504697f10, 0x000002c5046985a0,
0x000002c504694400, 0x000002c504693050, 0x000002c504697880, 0x000002c504698c30,
0x000002c5046929c0, 0x000002c504694a90
}

Java Threads: ( => current thread )
  0x000002c564f902d0 JavaThread "main"                              [_thread_blocked, id=1632, stack(0x000000f740300000,0x000000f740400000) (1024K)]
  0x000002c57c7ff570 JavaThread "Common-Cleaner"             daemon [_thread_blocked, id=7084, stack(0x000000f740b00000,0x000000f740c00000) (1024K)]
  0x000002c57c804600 JavaThread "Reference Handler"          daemon [_thread_blocked, id=7032, stack(0x000000f740c00000,0x000000f740d00000) (1024K)]
  0x000002c57c82f630 JavaThread "Finalizer"                  daemon [_thread_blocked, id=4888, stack(0x000000f740d00000,0x000000f740e00000) (1024K)]
  0x000002c57c80f160 JavaThread "Signal Dispatcher"          daemon [_thread_blocked, id=9124, stack(0x000000f740e00000,0x000000f740f00000) (1024K)]
  0x000002c57c80f7d0 JavaThread "Attach Listener"            daemon [_thread_blocked, id=14236, stack(0x000000f740f00000,0x000000f741000000) (1024K)]
  0x000002c57c8109d0 JavaThread "Service Thread"             daemon [_thread_blocked, id=11240, stack(0x000000f741000000,0x000000f741100000) (1024K)]
  0x000002c57c811bd0 JavaThread "Monitor Deflation Thread"   daemon [_thread_blocked, id=10804, stack(0x000000f741100000,0x000000f741200000) (1024K)]
=>0x000002c57c816600 JavaThread "C2 CompilerThread0"         daemon [_thread_in_native, id=7072, stack(0x000000f741200000,0x000000f741300000) (1024K)]
  0x000002c57c817840 JavaThread "C1 CompilerThread0"         daemon [_thread_blocked, id=2884, stack(0x000000f741300000,0x000000f741400000) (1024K)]
  0x000002c57cb03b20 JavaThread "Notification Thread"        daemon [_thread_blocked, id=7120, stack(0x000000f741400000,0x000000f741500000) (1024K)]
  0x000002c57e37b2e0 JavaThread "Daemon health stats"               [_thread_blocked, id=1152, stack(0x000000f741a00000,0x000000f741b00000) (1024K)]
  0x000002c57e435d50 JavaThread "Incoming local TCP Connector on port 59144"        [_thread_in_native, id=3152, stack(0x000000f741b00000,0x000000f741c00000) (1024K)]
  0x000002c57e45b230 JavaThread "Daemon periodic checks"            [_thread_blocked, id=7152, stack(0x000000f741c00000,0x000000f741d00000) (1024K)]
  0x000002c57e573610 JavaThread "Daemon"                            [_thread_blocked, id=8208, stack(0x000000f741d00000,0x000000f741e00000) (1024K)]
  0x000002c57e736c40 JavaThread "Handler for socket connection from /127.0.0.1:59144 to /127.0.0.1:59145"        [_thread_in_native, id=7976, stack(0x000000f741e00000,0x000000f741f00000) (1024K)]
  0x000002c57e5127f0 JavaThread "Cancel handler"                    [_thread_blocked, id=8252, stack(0x000000f741f00000,0x000000f742000000) (1024K)]
  0x000002c57e504e90 JavaThread "Daemon worker"                     [_thread_in_vm, id=13652, stack(0x000000f742000000,0x000000f742100000) (1024K)]
  0x000002c57e39ccb0 JavaThread "Asynchronous log dispatcher for DefaultDaemonConnection: socket connection from /127.0.0.1:59144 to /127.0.0.1:59145"        [_thread_blocked, id=2632, stack(0x000000f742400000,0x000000f742500000) (1024K)]
  0x000002c57e5505c0 JavaThread "Stdin handler"                     [_thread_blocked, id=5020, stack(0x000000f742500000,0x000000f742600000) (1024K)]
  0x000002c57e552000 JavaThread "Daemon client event forwarder"        [_thread_blocked, id=4964, stack(0x000000f742600000,0x000000f742700000) (1024K)]
  0x000002c57e552690 JavaThread "Cache worker for journal cache (C:\Users\Admin\.gradle\caches\journal-1)"        [_thread_blocked, id=4960, stack(0x000000f742700000,0x000000f742800000) (1024K)]
  0x000002c57e551970 JavaThread "File lock request listener"        [_thread_in_native, id=2912, stack(0x000000f742800000,0x000000f742900000) (1024K)]
  0x000002c57e550c50 JavaThread "Cache worker for file hash cache (C:\Users\Admin\.gradle\caches\8.13\fileHashes)"        [_thread_blocked, id=1796, stack(0x000000f742900000,0x000000f742a00000) (1024K)]
  0x000002c57e54f8a0 JavaThread "Cache worker for file hash cache (C:\Users\Admin\Documents\StudyPlanner2\.gradle\8.13\fileHashes)"        [_thread_blocked, id=13656, stack(0x000000f742a00000,0x000000f742b00000) (1024K)]
  0x000002c57e5512e0 JavaThread "Cache worker for Build Output Cleanup Cache (C:\Users\Admin\Documents\StudyPlanner2\.gradle\buildOutputCleanup)"        [_thread_blocked, id=13648, stack(0x000000f742b00000,0x000000f742c00000) (1024K)]
  0x000002c57e54ff30 JavaThread "File watcher server"        daemon [_thread_in_native, id=9000, stack(0x000000f742c00000,0x000000f742d00000) (1024K)]
  0x000002c50497e720 JavaThread "File watcher consumer"      daemon [_thread_blocked, id=9004, stack(0x000000f742d00000,0x000000f742e00000) (1024K)]
  0x000002c50497edb0 JavaThread "jar transforms"                    [_thread_blocked, id=9136, stack(0x000000f742e00000,0x000000f742f00000) (1024K)]
  0x000002c5049828c0 JavaThread "jar transforms Thread 2"           [_thread_blocked, id=10340, stack(0x000000f742f00000,0x000000f743000000) (1024K)]
  0x000002c50497c650 JavaThread "jar transforms Thread 3"           [_thread_blocked, id=13588, stack(0x000000f743000000,0x000000f743100000) (1024K)]
  0x000002c504981510 JavaThread "jar transforms Thread 4"           [_thread_blocked, id=9104, stack(0x000000f743100000,0x000000f743200000) (1024K)]
  0x000002c50497bfc0 JavaThread "jar transforms Thread 5"           [_thread_blocked, id=9100, stack(0x000000f743200000,0x000000f743300000) (1024K)]
  0x000002c50497cce0 JavaThread "jar transforms Thread 6"           [_thread_blocked, id=9108, stack(0x000000f743300000,0x000000f743400000) (1024K)]
  0x000002c50497b930 JavaThread "jar transforms Thread 7"           [_thread_blocked, id=9164, stack(0x000000f743400000,0x000000f743500000) (1024K)]
  0x000002c50497f440 JavaThread "jar transforms Thread 8"           [_thread_blocked, id=13896, stack(0x000000f743500000,0x000000f743600000) (1024K)]
  0x000002c504982230 JavaThread "Cache worker for checksums cache (C:\Users\Admin\Documents\StudyPlanner2\.gradle\8.13\checksums)"        [_thread_blocked, id=8848, stack(0x000000f743600000,0x000000f743700000) (1024K)]
  0x000002c50497d370 JavaThread "Cache worker for file content cache (C:\Users\Admin\.gradle\caches\8.13\fileContent)"        [_thread_blocked, id=8844, stack(0x000000f743700000,0x000000f743800000) (1024K)]
  0x000002c504980160 JavaThread "Cache worker for cache directory md-supplier (C:\Users\Admin\.gradle\caches\8.13\md-supplier)"        [_thread_blocked, id=15768, stack(0x000000f743800000,0x000000f743900000) (1024K)]
  0x000002c5049807f0 JavaThread "Cache worker for cache directory md-rule (C:\Users\Admin\.gradle\caches\8.13\md-rule)"        [_thread_blocked, id=9548, stack(0x000000f743900000,0x000000f743a00000) (1024K)]
  0x000002c50497da00 JavaThread "Unconstrained build operations"        [_thread_blocked, id=3440, stack(0x000000f743a00000,0x000000f743b00000) (1024K)]
  0x000002c50497e090 JavaThread "Unconstrained build operations Thread 2"        [_thread_blocked, id=10300, stack(0x000000f743b00000,0x000000f743c00000) (1024K)]
  0x000002c50497fad0 JavaThread "Unconstrained build operations Thread 3"        [_thread_blocked, id=4744, stack(0x000000f743c00000,0x000000f743d00000) (1024K)]
  0x000002c504980e80 JavaThread "Unconstrained build operations Thread 4"        [_thread_blocked, id=5212, stack(0x000000f743d00000,0x000000f743e00000) (1024K)]
  0x000002c504696b60 JavaThread "Unconstrained build operations Thread 5"        [_thread_blocked, id=9540, stack(0x000000f743e00000,0x000000f743f00000) (1024K)]
  0x000002c5046964d0 JavaThread "Unconstrained build operations Thread 6"        [_thread_blocked, id=15516, stack(0x000000f743f00000,0x000000f744000000) (1024K)]
  0x000002c5046957b0 JavaThread "Unconstrained build operations Thread 7"        [_thread_blocked, id=12116, stack(0x000000f744000000,0x000000f744100000) (1024K)]
  0x000002c5046936e0 JavaThread "Unconstrained build operations Thread 8"        [_thread_blocked, id=3900, stack(0x000000f744100000,0x000000f744200000) (1024K)]
  0x000002c5046971f0 JavaThread "Unconstrained build operations Thread 9"        [_thread_blocked, id=2312, stack(0x000000f744200000,0x000000f744300000) (1024K)]
  0x000002c504691ca0 JavaThread "Unconstrained build operations Thread 10"        [_thread_blocked, id=16276, stack(0x000000f744300000,0x000000f744400000) (1024K)]
  0x000002c504697f10 JavaThread "Unconstrained build operations Thread 11"        [_thread_blocked, id=2740, stack(0x000000f744400000,0x000000f744500000) (1024K)]
  0x000002c5046985a0 JavaThread "Unconstrained build operations Thread 12"        [_thread_blocked, id=3192, stack(0x000000f744500000,0x000000f744600000) (1024K)]
  0x000002c504694400 JavaThread "Unconstrained build operations Thread 13"        [_thread_blocked, id=3208, stack(0x000000f744600000,0x000000f744700000) (1024K)]
  0x000002c504693050 JavaThread "Unconstrained build operations Thread 14"        [_thread_blocked, id=3204, stack(0x000000f744700000,0x000000f744800000) (1024K)]
  0x000002c504697880 JavaThread "Unconstrained build operations Thread 15"        [_thread_blocked, id=3156, stack(0x000000f744800000,0x000000f744900000) (1024K)]
  0x000002c504698c30 JavaThread "Unconstrained build operations Thread 16"        [_thread_blocked, id=2988, stack(0x000000f744900000,0x000000f744a00000) (1024K)]
  0x000002c5046929c0 JavaThread "Unconstrained build operations Thread 17"        [_thread_blocked, id=3704, stack(0x000000f744a00000,0x000000f744b00000) (1024K)]
  0x000002c504694a90 JavaThread "Unconstrained build operations Thread 18"        [_thread_blocked, id=5188, stack(0x000000f744b00000,0x000000f744c00000) (1024K)]
Total: 58

Other Threads:
  0x000002c57c6510b0 VMThread "VM Thread"                           [id=7060, stack(0x000000f740a00000,0x000000f740b00000) (1024K)]
  0x000002c57c5ed5c0 WatcherThread "VM Periodic Task Thread"        [id=4876, stack(0x000000f740900000,0x000000f740a00000) (1024K)]
  0x000002c564fe8de0 WorkerThread "GC Thread#0"                     [id=1544, stack(0x000000f740400000,0x000000f740500000) (1024K)]
  0x000002c57cb54710 WorkerThread "GC Thread#1"                     [id=12780, stack(0x000000f741500000,0x000000f741600000) (1024K)]
  0x000002c57d0b9120 WorkerThread "GC Thread#2"                     [id=7056, stack(0x000000f741600000,0x000000f741700000) (1024K)]
  0x000002c57d7474d0 WorkerThread "GC Thread#3"                     [id=8220, stack(0x000000f741700000,0x000000f741800000) (1024K)]
  0x000002c57d74a930 WorkerThread "GC Thread#4"                     [id=7080, stack(0x000000f741800000,0x000000f741900000) (1024K)]
  0x000002c57e2f34d0 WorkerThread "GC Thread#5"                     [id=3076, stack(0x000000f741900000,0x000000f741a00000) (1024K)]
  0x000002c57e506120 WorkerThread "GC Thread#6"                     [id=3532, stack(0x000000f742100000,0x000000f742200000) (1024K)]
  0x000002c57e507400 WorkerThread "GC Thread#7"                     [id=8504, stack(0x000000f742200000,0x000000f742300000) (1024K)]
  0x000002c564ff9ce0 ConcurrentGCThread "G1 Main Marker"            [id=1980, stack(0x000000f740500000,0x000000f740600000) (1024K)]
  0x000002c564ffbd40 WorkerThread "G1 Conc#0"                       [id=1084, stack(0x000000f740600000,0x000000f740700000) (1024K)]
  0x000002c57e507ee0 WorkerThread "G1 Conc#1"                       [id=8516, stack(0x000000f742300000,0x000000f742400000) (1024K)]
  0x000002c57c4c10b0 ConcurrentGCThread "G1 Refine#0"               [id=4840, stack(0x000000f740700000,0x000000f740800000) (1024K)]
  0x000002c57c4c19d0 ConcurrentGCThread "G1 Service"                [id=4844, stack(0x000000f740800000,0x000000f740900000) (1024K)]
Total: 15

Threads with active compile tasks:
C2 CompilerThread0  14760 7596   !   4       java.net.URLClassLoader::findClass (47 bytes)
Total: 1

VM state: not at safepoint (normal execution)

VM Mutex/Monitor currently owned by a thread: None

Heap address: 0x0000000080000000, size: 2048 MB, Compressed Oops mode: 32-bit

CDS archive(s) not mapped
Compressed class space mapped at: 0x0000000100000000-0x0000000140000000, reserved size: 1073741824
Narrow klass base: 0x0000000000000000, Narrow klass shift: 3, Narrow klass range: 0x140000000

GC Precious Log:
 CardTable entry size: 512
 Card Set container configuration: InlinePtr #cards 5 size 8 Array Of Cards #cards 12 size 40 Howl #buckets 4 coarsen threshold 1843 Howl Bitmap #cards 512 size 80 coarsen threshold 460 Card regions per heap region 1 cards per card region 2048
 CPUs: 8 total, 8 available
 Memory: 6086M
 Large Page Support: Disabled
 NUMA Support: Disabled
 Compressed Oops: Enabled (32-bit)
 Heap Region Size: 1M
 Heap Min Capacity: 8M
 Heap Initial Capacity: 96M
 Heap Max Capacity: 2G
 Pre-touch: Disabled
 Parallel Workers: 8
 Concurrent Workers: 2
 Concurrent Refinement Workers: 8
 Periodic GC: Disabled

Heap:
 garbage-first heap   total 174080K, used 132497K [0x0000000080000000, 0x0000000100000000)
  region size 1024K, 32 young (32768K), 4 survivors (4096K)
 Metaspace       used 72231K, committed 73920K, reserved 1114112K
  class space    used 10088K, committed 10880K, reserved 1048576K

Heap Regions: E=young(eden), S=young(survivor), O=old, HS=humongous(starts), HC=humongous(continues), CS=collection set, F=free, TAMS=top-at-mark-start, PB=parsable bottom
|   0|0x0000000080000000, 0x0000000080100000, 0x0000000080100000|100%|HS|  |TAMS 0x0000000080000000| PB 0x0000000080000000| Complete 
|   1|0x0000000080100000, 0x0000000080200000, 0x0000000080200000|100%|HC|  |TAMS 0x0000000080100000| PB 0x0000000080100000| Complete 
|   2|0x0000000080200000, 0x0000000080300000, 0x0000000080300000|100%|HC|  |TAMS 0x0000000080200000| PB 0x0000000080200000| Complete 
|   3|0x0000000080300000, 0x0000000080400000, 0x0000000080400000|100%| O|  |TAMS 0x0000000080300000| PB 0x0000000080300000| Untracked 
|   4|0x0000000080400000, 0x0000000080500000, 0x0000000080500000|100%| O|  |TAMS 0x0000000080400000| PB 0x0000000080400000| Untracked 
|   5|0x0000000080500000, 0x0000000080600000, 0x0000000080600000|100%| O|  |TAMS 0x0000000080500000| PB 0x0000000080500000| Untracked 
|   6|0x0000000080600000, 0x0000000080700000, 0x0000000080700000|100%|HS|  |TAMS 0x0000000080600000| PB 0x0000000080600000| Complete 
|   7|0x0000000080700000, 0x0000000080800000, 0x0000000080800000|100%| O|  |TAMS 0x0000000080700000| PB 0x0000000080700000| Untracked 
|   8|0x0000000080800000, 0x0000000080900000, 0x0000000080900000|100%| O|  |TAMS 0x0000000080800000| PB 0x0000000080800000| Untracked 
|   9|0x0000000080900000, 0x0000000080a00000, 0x0000000080a00000|100%| O|  |TAMS 0x0000000080900000| PB 0x0000000080900000| Untracked 
|  10|0x0000000080a00000, 0x0000000080b00000, 0x0000000080b00000|100%| O|  |TAMS 0x0000000080a00000| PB 0x0000000080a00000| Untracked 
|  11|0x0000000080b00000, 0x0000000080c00000, 0x0000000080c00000|100%| O|  |TAMS 0x0000000080b00000| PB 0x0000000080b00000| Untracked 
|  12|0x0000000080c00000, 0x0000000080d00000, 0x0000000080d00000|100%| O|  |TAMS 0x0000000080c00000| PB 0x0000000080c00000| Untracked 
|  13|0x0000000080d00000, 0x0000000080e00000, 0x0000000080e00000|100%| O|  |TAMS 0x0000000080d00000| PB 0x0000000080d00000| Untracked 
|  14|0x0000000080e00000, 0x0000000080f00000, 0x0000000080f00000|100%| O|  |TAMS 0x0000000080e00000| PB 0x0000000080e00000| Untracked 
|  15|0x0000000080f00000, 0x0000000081000000, 0x0000000081000000|100%| O|  |TAMS 0x0000000080f00000| PB 0x0000000080f00000| Untracked 
|  16|0x0000000081000000, 0x0000000081100000, 0x0000000081100000|100%| O|  |TAMS 0x0000000081000000| PB 0x0000000081000000| Untracked 
|  17|0x0000000081100000, 0x0000000081200000, 0x0000000081200000|100%| O|  |TAMS 0x0000000081100000| PB 0x0000000081100000| Untracked 
|  18|0x0000000081200000, 0x0000000081300000, 0x0000000081300000|100%| O|  |TAMS 0x0000000081200000| PB 0x0000000081200000| Untracked 
|  19|0x0000000081300000, 0x0000000081400000, 0x0000000081400000|100%| O|  |TAMS 0x0000000081300000| PB 0x0000000081300000| Untracked 
|  20|0x0000000081400000, 0x0000000081500000, 0x0000000081500000|100%| O|  |TAMS 0x0000000081400000| PB 0x0000000081400000| Untracked 
|  21|0x0000000081500000, 0x0000000081600000, 0x0000000081600000|100%| O|  |TAMS 0x0000000081500000| PB 0x0000000081500000| Untracked 
|  22|0x0000000081600000, 0x0000000081700000, 0x0000000081700000|100%|HS|  |TAMS 0x0000000081600000| PB 0x0000000081600000| Complete 
|  23|0x0000000081700000, 0x0000000081800000, 0x0000000081800000|100%|HC|  |TAMS 0x0000000081700000| PB 0x0000000081700000| Complete 
|  24|0x0000000081800000, 0x0000000081900000, 0x0000000081900000|100%|HC|  |TAMS 0x0000000081800000| PB 0x0000000081800000| Complete 
|  25|0x0000000081900000, 0x0000000081a00000, 0x0000000081a00000|100%|HC|  |TAMS 0x0000000081900000| PB 0x0000000081900000| Complete 
|  26|0x0000000081a00000, 0x0000000081b00000, 0x0000000081b00000|100%|HC|  |TAMS 0x0000000081a00000| PB 0x0000000081a00000| Complete 
|  27|0x0000000081b00000, 0x0000000081c00000, 0x0000000081c00000|100%|HC|  |TAMS 0x0000000081b00000| PB 0x0000000081b00000| Complete 
|  28|0x0000000081c00000, 0x0000000081d00000, 0x0000000081d00000|100%|HS|  |TAMS 0x0000000081c00000| PB 0x0000000081c00000| Complete 
|  29|0x0000000081d00000, 0x0000000081e00000, 0x0000000081e00000|100%|HS|  |TAMS 0x0000000081d00000| PB 0x0000000081d00000| Complete 
|  30|0x0000000081e00000, 0x0000000081f00000, 0x0000000081f00000|100%|HC|  |TAMS 0x0000000081e00000| PB 0x0000000081e00000| Complete 
|  31|0x0000000081f00000, 0x0000000082000000, 0x0000000082000000|100%|HS|  |TAMS 0x0000000081f00000| PB 0x0000000081f00000| Complete 
|  32|0x0000000082000000, 0x0000000082100000, 0x0000000082100000|100%|HC|  |TAMS 0x0000000082000000| PB 0x0000000082000000| Complete 
|  33|0x0000000082100000, 0x0000000082200000, 0x0000000082200000|100%|HC|  |TAMS 0x0000000082100000| PB 0x0000000082100000| Complete 
|  34|0x0000000082200000, 0x0000000082300000, 0x0000000082300000|100%|HC|  |TAMS 0x0000000082200000| PB 0x0000000082200000| Complete 
|  35|0x0000000082300000, 0x0000000082400000, 0x0000000082400000|100%|HS|  |TAMS 0x0000000082300000| PB 0x0000000082300000| Complete 
|  36|0x0000000082400000, 0x0000000082500000, 0x0000000082500000|100%|HS|  |TAMS 0x0000000082400000| PB 0x0000000082400000| Complete 
|  37|0x0000000082500000, 0x0000000082600000, 0x0000000082600000|100%|HC|  |TAMS 0x0000000082500000| PB 0x0000000082500000| Complete 
|  38|0x0000000082600000, 0x0000000082700000, 0x0000000082700000|100%|HC|  |TAMS 0x0000000082600000| PB 0x0000000082600000| Complete 
|  39|0x0000000082700000, 0x0000000082800000, 0x0000000082800000|100%|HC|  |TAMS 0x0000000082700000| PB 0x0000000082700000| Complete 
|  40|0x0000000082800000, 0x0000000082900000, 0x0000000082900000|100%|HC|  |TAMS 0x0000000082800000| PB 0x0000000082800000| Complete 
|  41|0x0000000082900000, 0x0000000082a00000, 0x0000000082a00000|100%|HC|  |TAMS 0x0000000082900000| PB 0x0000000082900000| Complete 
|  42|0x0000000082a00000, 0x0000000082b00000, 0x0000000082b00000|100%|HS|  |TAMS 0x0000000082a00000| PB 0x0000000082a00000| Complete 
|  43|0x0000000082b00000, 0x0000000082c00000, 0x0000000082c00000|100%|HS|  |TAMS 0x0000000082b00000| PB 0x0000000082b00000| Complete 
|  44|0x0000000082c00000, 0x0000000082d00000, 0x0000000082d00000|100%|HC|  |TAMS 0x0000000082c00000| PB 0x0000000082c00000| Complete 
|  45|0x0000000082d00000, 0x0000000082e00000, 0x0000000082e00000|100%| O|  |TAMS 0x0000000082d00000| PB 0x0000000082d00000| Untracked 
|  46|0x0000000082e00000, 0x0000000082f00000, 0x0000000082f00000|100%| O|  |TAMS 0x0000000082e00000| PB 0x0000000082e00000| Untracked 
|  47|0x0000000082f00000, 0x0000000083000000, 0x0000000083000000|100%| O|  |TAMS 0x0000000082f00000| PB 0x0000000082f00000| Untracked 
|  48|0x0000000083000000, 0x0000000083100000, 0x0000000083100000|100%| O|  |TAMS 0x0000000083000000| PB 0x0000000083000000| Untracked 
|  49|0x0000000083100000, 0x0000000083200000, 0x0000000083200000|100%|HS|  |TAMS 0x0000000083100000| PB 0x0000000083100000| Complete 
|  50|0x0000000083200000, 0x0000000083300000, 0x0000000083300000|100%|HC|  |TAMS 0x0000000083200000| PB 0x0000000083200000| Complete 
|  51|0x0000000083300000, 0x0000000083400000, 0x0000000083400000|100%|HC|  |TAMS 0x0000000083300000| PB 0x0000000083300000| Complete 
|  52|0x0000000083400000, 0x0000000083500000, 0x0000000083500000|100%|HC|  |TAMS 0x0000000083400000| PB 0x0000000083400000| Complete 
|  53|0x0000000083500000, 0x0000000083600000, 0x0000000083600000|100%| O|  |TAMS 0x0000000083500000| PB 0x0000000083500000| Untracked 
|  54|0x0000000083600000, 0x0000000083700000, 0x0000000083700000|100%| O|  |TAMS 0x0000000083600000| PB 0x0000000083600000| Untracked 
|  55|0x0000000083700000, 0x0000000083800000, 0x0000000083800000|100%| O|  |TAMS 0x0000000083700000| PB 0x0000000083700000| Untracked 
|  56|0x0000000083800000, 0x0000000083900000, 0x0000000083900000|100%| O|  |TAMS 0x0000000083800000| PB 0x0000000083800000| Untracked 
|  57|0x0000000083900000, 0x0000000083a00000, 0x0000000083a00000|100%| O|  |TAMS 0x0000000083900000| PB 0x0000000083900000| Untracked 
|  58|0x0000000083a00000, 0x0000000083b00000, 0x0000000083b00000|100%| O|  |TAMS 0x0000000083a00000| PB 0x0000000083a00000| Untracked 
|  59|0x0000000083b00000, 0x0000000083c00000, 0x0000000083c00000|100%| O|  |TAMS 0x0000000083b00000| PB 0x0000000083b00000| Untracked 
|  60|0x0000000083c00000, 0x0000000083d00000, 0x0000000083d00000|100%| O|  |TAMS 0x0000000083c00000| PB 0x0000000083c00000| Untracked 
|  61|0x0000000083d00000, 0x0000000083e00000, 0x0000000083e00000|100%| O|  |TAMS 0x0000000083d00000| PB 0x0000000083d00000| Untracked 
|  62|0x0000000083e00000, 0x0000000083f00000, 0x0000000083f00000|100%|HS|  |TAMS 0x0000000083e00000| PB 0x0000000083e00000| Complete 
|  63|0x0000000083f00000, 0x0000000084000000, 0x0000000084000000|100%|HC|  |TAMS 0x0000000083f00000| PB 0x0000000083f00000| Complete 
|  64|0x0000000084000000, 0x0000000084100000, 0x0000000084100000|100%| O|  |TAMS 0x0000000084000000| PB 0x0000000084000000| Untracked 
|  65|0x0000000084100000, 0x0000000084200000, 0x0000000084200000|100%|HS|  |TAMS 0x0000000084100000| PB 0x0000000084100000| Complete 
|  66|0x0000000084200000, 0x0000000084300000, 0x0000000084300000|100%| O|  |TAMS 0x0000000084200000| PB 0x0000000084200000| Untracked 
|  67|0x0000000084300000, 0x0000000084400000, 0x0000000084400000|100%| O|  |TAMS 0x0000000084300000| PB 0x0000000084300000| Untracked 
|  68|0x0000000084400000, 0x0000000084500000, 0x0000000084500000|100%| O|Cm|TAMS 0x0000000084400000| PB 0x0000000084400000| Complete 
|  69|0x0000000084500000, 0x0000000084600000, 0x0000000084600000|100%| O|  |TAMS 0x0000000084500000| PB 0x0000000084500000| Untracked 
|  70|0x0000000084600000, 0x0000000084700000, 0x0000000084700000|100%| O|  |TAMS 0x0000000084600000| PB 0x0000000084600000| Untracked 
|  71|0x0000000084700000, 0x0000000084800000, 0x0000000084800000|100%|HS|  |TAMS 0x0000000084700000| PB 0x0000000084700000| Complete 
|  72|0x0000000084800000, 0x0000000084900000, 0x0000000084900000|100%|HC|  |TAMS 0x0000000084800000| PB 0x0000000084800000| Complete 
|  73|0x0000000084900000, 0x0000000084a00000, 0x0000000084a00000|100%|HC|  |TAMS 0x0000000084900000| PB 0x0000000084900000| Complete 
|  74|0x0000000084a00000, 0x0000000084b00000, 0x0000000084b00000|100%|HC|  |TAMS 0x0000000084a00000| PB 0x0000000084a00000| Complete 
|  75|0x0000000084b00000, 0x0000000084c00000, 0x0000000084c00000|100%|HC|  |TAMS 0x0000000084b00000| PB 0x0000000084b00000| Complete 
|  76|0x0000000084c00000, 0x0000000084d00000, 0x0000000084d00000|100%|HC|  |TAMS 0x0000000084c00000| PB 0x0000000084c00000| Complete 
|  77|0x0000000084d00000, 0x0000000084e00000, 0x0000000084e00000|100%|HS|  |TAMS 0x0000000084d00000| PB 0x0000000084d00000| Complete 
|  78|0x0000000084e00000, 0x0000000084f00000, 0x0000000084f00000|100%| O|  |TAMS 0x0000000084e00000| PB 0x0000000084e00000| Untracked 
|  79|0x0000000084f00000, 0x0000000085000000, 0x0000000085000000|100%|HS|  |TAMS 0x0000000084f00000| PB 0x0000000084f00000| Complete 
|  80|0x0000000085000000, 0x0000000085000000, 0x0000000085100000|  0%| F|  |TAMS 0x0000000085000000| PB 0x0000000085000000| Untracked 
|  81|0x0000000085100000, 0x0000000085100000, 0x0000000085200000|  0%| F|  |TAMS 0x0000000085100000| PB 0x0000000085100000| Untracked 
|  82|0x0000000085200000, 0x0000000085200000, 0x0000000085300000|  0%| F|  |TAMS 0x0000000085200000| PB 0x0000000085200000| Untracked 
|  83|0x0000000085300000, 0x0000000085300000, 0x0000000085400000|  0%| F|  |TAMS 0x0000000085300000| PB 0x0000000085300000| Untracked 
|  84|0x0000000085400000, 0x0000000085500000, 0x0000000085500000|100%| O|  |TAMS 0x0000000085400000| PB 0x0000000085400000| Untracked 
|  85|0x0000000085500000, 0x0000000085600000, 0x0000000085600000|100%| O|  |TAMS 0x0000000085500000| PB 0x0000000085500000| Untracked 
|  86|0x0000000085600000, 0x0000000085700000, 0x0000000085700000|100%| O|  |TAMS 0x0000000085600000| PB 0x0000000085600000| Untracked 
|  87|0x0000000085700000, 0x0000000085800000, 0x0000000085800000|100%| O|  |TAMS 0x0000000085700000| PB 0x0000000085700000| Untracked 
|  88|0x0000000085800000, 0x0000000085900000, 0x0000000085900000|100%| O|  |TAMS 0x0000000085800000| PB 0x0000000085800000| Untracked 
|  89|0x0000000085900000, 0x0000000085a00000, 0x0000000085a00000|100%| O|  |TAMS 0x0000000085900000| PB 0x0000000085900000| Untracked 
|  90|0x0000000085a00000, 0x0000000085a645c0, 0x0000000085b00000| 39%| O|  |TAMS 0x0000000085a00000| PB 0x0000000085a00000| Untracked 
|  91|0x0000000085b00000, 0x0000000085c00000, 0x0000000085c00000|100%|HS|  |TAMS 0x0000000085b00000| PB 0x0000000085b00000| Complete 
|  92|0x0000000085c00000, 0x0000000085d00000, 0x0000000085d00000|100%|HC|  |TAMS 0x0000000085c00000| PB 0x0000000085c00000| Complete 
|  93|0x0000000085d00000, 0x0000000085e00000, 0x0000000085e00000|100%|HC|  |TAMS 0x0000000085d00000| PB 0x0000000085d00000| Complete 
|  94|0x0000000085e00000, 0x0000000085f00000, 0x0000000085f00000|100%|HC|  |TAMS 0x0000000085e00000| PB 0x0000000085e00000| Complete 
|  95|0x0000000085f00000, 0x0000000086000000, 0x0000000086000000|100%|HC|  |TAMS 0x0000000085f00000| PB 0x0000000085f00000| Complete 
|  96|0x0000000086000000, 0x0000000086100000, 0x0000000086100000|100%|HC|  |TAMS 0x0000000086000000| PB 0x0000000086000000| Complete 
|  97|0x0000000086100000, 0x0000000086100000, 0x0000000086200000|  0%| F|  |TAMS 0x0000000086100000| PB 0x0000000086100000| Untracked 
|  98|0x0000000086200000, 0x0000000086200000, 0x0000000086300000|  0%| F|  |TAMS 0x0000000086200000| PB 0x0000000086200000| Untracked 
|  99|0x0000000086300000, 0x0000000086300000, 0x0000000086400000|  0%| F|  |TAMS 0x0000000086300000| PB 0x0000000086300000| Untracked 
| 100|0x0000000086400000, 0x0000000086400000, 0x0000000086500000|  0%| F|  |TAMS 0x0000000086400000| PB 0x0000000086400000| Untracked 
| 101|0x0000000086500000, 0x0000000086500000, 0x0000000086600000|  0%| F|  |TAMS 0x0000000086500000| PB 0x0000000086500000| Untracked 
| 102|0x0000000086600000, 0x0000000086600000, 0x0000000086700000|  0%| F|  |TAMS 0x0000000086600000| PB 0x0000000086600000| Untracked 
| 103|0x0000000086700000, 0x0000000086700000, 0x0000000086800000|  0%| F|  |TAMS 0x0000000086700000| PB 0x0000000086700000| Untracked 
| 104|0x0000000086800000, 0x0000000086800000, 0x0000000086900000|  0%| F|  |TAMS 0x0000000086800000| PB 0x0000000086800000| Untracked 
| 105|0x0000000086900000, 0x0000000086900000, 0x0000000086a00000|  0%| F|  |TAMS 0x0000000086900000| PB 0x0000000086900000| Untracked 
| 106|0x0000000086a00000, 0x0000000086a00000, 0x0000000086b00000|  0%| F|  |TAMS 0x0000000086a00000| PB 0x0000000086a00000| Untracked 
| 107|0x0000000086b00000, 0x0000000086b00000, 0x0000000086c00000|  0%| F|  |TAMS 0x0000000086b00000| PB 0x0000000086b00000| Untracked 
| 108|0x0000000086c00000, 0x0000000086c00000, 0x0000000086d00000|  0%| F|  |TAMS 0x0000000086c00000| PB 0x0000000086c00000| Untracked 
| 109|0x0000000086d00000, 0x0000000086d00000, 0x0000000086e00000|  0%| F|  |TAMS 0x0000000086d00000| PB 0x0000000086d00000| Untracked 
| 110|0x0000000086e00000, 0x0000000086e00000, 0x0000000086f00000|  0%| F|  |TAMS 0x0000000086e00000| PB 0x0000000086e00000| Untracked 
| 111|0x0000000086f00000, 0x0000000086f00000, 0x0000000087000000|  0%| F|  |TAMS 0x0000000086f00000| PB 0x0000000086f00000| Untracked 
| 112|0x0000000087000000, 0x0000000087000000, 0x0000000087100000|  0%| F|  |TAMS 0x0000000087000000| PB 0x0000000087000000| Untracked 
| 113|0x0000000087100000, 0x0000000087100000, 0x0000000087200000|  0%| F|  |TAMS 0x0000000087100000| PB 0x0000000087100000| Untracked 
| 114|0x0000000087200000, 0x0000000087300000, 0x0000000087300000|100%| S|CS|TAMS 0x0000000087200000| PB 0x0000000087200000| Complete 
| 115|0x0000000087300000, 0x0000000087400000, 0x0000000087400000|100%| S|CS|TAMS 0x0000000087300000| PB 0x0000000087300000| Complete 
| 116|0x0000000087400000, 0x0000000087500000, 0x0000000087500000|100%| S|CS|TAMS 0x0000000087400000| PB 0x0000000087400000| Complete 
| 117|0x0000000087500000, 0x0000000087600000, 0x0000000087600000|100%| S|CS|TAMS 0x0000000087500000| PB 0x0000000087500000| Complete 
| 118|0x0000000087600000, 0x0000000087600000, 0x0000000087700000|  0%| F|  |TAMS 0x0000000087600000| PB 0x0000000087600000| Untracked 
| 119|0x0000000087700000, 0x0000000087700000, 0x0000000087800000|  0%| F|  |TAMS 0x0000000087700000| PB 0x0000000087700000| Untracked 
| 120|0x0000000087800000, 0x0000000087800000, 0x0000000087900000|  0%| F|  |TAMS 0x0000000087800000| PB 0x0000000087800000| Untracked 
| 121|0x0000000087900000, 0x0000000087900000, 0x0000000087a00000|  0%| F|  |TAMS 0x0000000087900000| PB 0x0000000087900000| Untracked 
| 122|0x0000000087a00000, 0x0000000087a00000, 0x0000000087b00000|  0%| F|  |TAMS 0x0000000087a00000| PB 0x0000000087a00000| Untracked 
| 123|0x0000000087b00000, 0x0000000087b00000, 0x0000000087c00000|  0%| F|  |TAMS 0x0000000087b00000| PB 0x0000000087b00000| Untracked 
| 124|0x0000000087c00000, 0x0000000087c00000, 0x0000000087d00000|  0%| F|  |TAMS 0x0000000087c00000| PB 0x0000000087c00000| Untracked 
| 125|0x0000000087d00000, 0x0000000087d00000, 0x0000000087e00000|  0%| F|  |TAMS 0x0000000087d00000| PB 0x0000000087d00000| Untracked 
| 126|0x0000000087e00000, 0x0000000087e00000, 0x0000000087f00000|  0%| F|  |TAMS 0x0000000087e00000| PB 0x0000000087e00000| Untracked 
| 127|0x0000000087f00000, 0x0000000087f00000, 0x0000000088000000|  0%| F|  |TAMS 0x0000000087f00000| PB 0x0000000087f00000| Untracked 
| 128|0x0000000088000000, 0x0000000088000000, 0x0000000088100000|  0%| F|  |TAMS 0x0000000088000000| PB 0x0000000088000000| Untracked 
| 129|0x0000000088100000, 0x0000000088100000, 0x0000000088200000|  0%| F|  |TAMS 0x0000000088100000| PB 0x0000000088100000| Untracked 
| 130|0x0000000088200000, 0x0000000088200000, 0x0000000088300000|  0%| F|  |TAMS 0x0000000088200000| PB 0x0000000088200000| Untracked 
| 131|0x0000000088300000, 0x0000000088300000, 0x0000000088400000|  0%| F|  |TAMS 0x0000000088300000| PB 0x0000000088300000| Untracked 
| 132|0x0000000088400000, 0x0000000088400000, 0x0000000088500000|  0%| F|  |TAMS 0x0000000088400000| PB 0x0000000088400000| Untracked 
| 133|0x0000000088500000, 0x0000000088500000, 0x0000000088600000|  0%| F|  |TAMS 0x0000000088500000| PB 0x0000000088500000| Untracked 
| 134|0x0000000088600000, 0x0000000088600000, 0x0000000088700000|  0%| F|  |TAMS 0x0000000088600000| PB 0x0000000088600000| Untracked 
| 135|0x0000000088700000, 0x0000000088700000, 0x0000000088800000|  0%| F|  |TAMS 0x0000000088700000| PB 0x0000000088700000| Untracked 
| 136|0x0000000088800000, 0x00000000888afda8, 0x0000000088900000| 68%| E|  |TAMS 0x0000000088800000| PB 0x0000000088800000| Complete 
| 137|0x0000000088900000, 0x0000000088a00000, 0x0000000088a00000|100%| E|CS|TAMS 0x0000000088900000| PB 0x0000000088900000| Complete 
| 138|0x0000000088a00000, 0x0000000088b00000, 0x0000000088b00000|100%| E|CS|TAMS 0x0000000088a00000| PB 0x0000000088a00000| Complete 
| 139|0x0000000088b00000, 0x0000000088c00000, 0x0000000088c00000|100%| E|CS|TAMS 0x0000000088b00000| PB 0x0000000088b00000| Complete 
| 140|0x0000000088c00000, 0x0000000088d00000, 0x0000000088d00000|100%| E|CS|TAMS 0x0000000088c00000| PB 0x0000000088c00000| Complete 
| 141|0x0000000088d00000, 0x0000000088e00000, 0x0000000088e00000|100%| E|CS|TAMS 0x0000000088d00000| PB 0x0000000088d00000| Complete 
| 142|0x0000000088e00000, 0x0000000088f00000, 0x0000000088f00000|100%| E|CS|TAMS 0x0000000088e00000| PB 0x0000000088e00000| Complete 
| 143|0x0000000088f00000, 0x0000000089000000, 0x0000000089000000|100%| E|CS|TAMS 0x0000000088f00000| PB 0x0000000088f00000| Complete 
| 144|0x0000000089000000, 0x0000000089100000, 0x0000000089100000|100%| E|CS|TAMS 0x0000000089000000| PB 0x0000000089000000| Complete 
| 145|0x0000000089100000, 0x0000000089200000, 0x0000000089200000|100%| E|CS|TAMS 0x0000000089100000| PB 0x0000000089100000| Complete 
| 146|0x0000000089200000, 0x0000000089300000, 0x0000000089300000|100%| E|CS|TAMS 0x0000000089200000| PB 0x0000000089200000| Complete 
| 147|0x0000000089300000, 0x0000000089400000, 0x0000000089400000|100%| E|CS|TAMS 0x0000000089300000| PB 0x0000000089300000| Complete 
| 148|0x0000000089400000, 0x0000000089500000, 0x0000000089500000|100%| E|CS|TAMS 0x0000000089400000| PB 0x0000000089400000| Complete 
| 149|0x0000000089500000, 0x0000000089600000, 0x0000000089600000|100%| E|CS|TAMS 0x0000000089500000| PB 0x0000000089500000| Complete 
| 150|0x0000000089600000, 0x0000000089700000, 0x0000000089700000|100%| E|CS|TAMS 0x0000000089600000| PB 0x0000000089600000| Complete 
| 151|0x0000000089700000, 0x0000000089800000, 0x0000000089800000|100%| E|CS|TAMS 0x0000000089700000| PB 0x0000000089700000| Complete 
| 152|0x0000000089800000, 0x0000000089900000, 0x0000000089900000|100%| E|CS|TAMS 0x0000000089800000| PB 0x0000000089800000| Complete 
| 153|0x0000000089900000, 0x0000000089a00000, 0x0000000089a00000|100%| E|CS|TAMS 0x0000000089900000| PB 0x0000000089900000| Complete 
| 154|0x0000000089a00000, 0x0000000089b00000, 0x0000000089b00000|100%| E|CS|TAMS 0x0000000089a00000| PB 0x0000000089a00000| Complete 
| 155|0x0000000089b00000, 0x0000000089c00000, 0x0000000089c00000|100%| E|CS|TAMS 0x0000000089b00000| PB 0x0000000089b00000| Complete 
| 156|0x0000000089c00000, 0x0000000089d00000, 0x0000000089d00000|100%| E|CS|TAMS 0x0000000089c00000| PB 0x0000000089c00000| Complete 
| 157|0x0000000089d00000, 0x0000000089e00000, 0x0000000089e00000|100%| E|CS|TAMS 0x0000000089d00000| PB 0x0000000089d00000| Complete 
| 158|0x0000000089e00000, 0x0000000089f00000, 0x0000000089f00000|100%| E|CS|TAMS 0x0000000089e00000| PB 0x0000000089e00000| Complete 
| 159|0x0000000089f00000, 0x000000008a000000, 0x000000008a000000|100%| E|CS|TAMS 0x0000000089f00000| PB 0x0000000089f00000| Complete 
| 160|0x000000008a000000, 0x000000008a100000, 0x000000008a100000|100%| E|CS|TAMS 0x000000008a000000| PB 0x000000008a000000| Complete 
| 161|0x000000008a100000, 0x000000008a200000, 0x000000008a200000|100%| E|CS|TAMS 0x000000008a100000| PB 0x000000008a100000| Complete 
| 162|0x000000008a200000, 0x000000008a300000, 0x000000008a300000|100%| E|CS|TAMS 0x000000008a200000| PB 0x000000008a200000| Complete 
|2041|0x00000000ff900000, 0x00000000ffa00000, 0x00000000ffa00000|100%| O|  |TAMS 0x00000000ff900000| PB 0x00000000ff900000| Untracked 
|2042|0x00000000ffa00000, 0x00000000ffb00000, 0x00000000ffb00000|100%| O|  |TAMS 0x00000000ffa00000| PB 0x00000000ffa00000| Untracked 
|2043|0x00000000ffb00000, 0x00000000ffc00000, 0x00000000ffc00000|100%| O|Cm|TAMS 0x00000000ffb00000| PB 0x00000000ffb00000| Complete 
|2044|0x00000000ffc00000, 0x00000000ffd00000, 0x00000000ffd00000|100%| O|  |TAMS 0x00000000ffc00000| PB 0x00000000ffc00000| Untracked 
|2045|0x00000000ffd00000, 0x00000000ffe00000, 0x00000000ffe00000|100%| O|  |TAMS 0x00000000ffd00000| PB 0x00000000ffd00000| Untracked 
|2046|0x00000000ffe00000, 0x00000000fff00000, 0x00000000fff00000|100%| E|CS|TAMS 0x00000000ffe00000| PB 0x00000000ffe00000| Complete 
|2047|0x00000000fff00000, 0x0000000100000000, 0x0000000100000000|100%| O|  |TAMS 0x00000000fff00000| PB 0x00000000fff00000| Untracked 

Card table byte_map: [0x000002c577820000,0x000002c577c20000] _byte_map_base: 0x000002c577420000

Marking Bits: (CMBitMap*) 0x000002c564fe9290
 Bits: [0x000002c577c20000, 0x000002c579c20000)

Polling page: 0x000002c564760000

Metaspace:

Usage:
  Non-class:     60.70 MB used.
      Class:      9.85 MB used.
       Both:     70.55 MB used.

Virtual space:
  Non-class space:       64.00 MB reserved,      61.56 MB ( 96%) committed,  1 nodes.
      Class space:        1.00 GB reserved,      10.62 MB (  1%) committed,  1 nodes.
             Both:        1.06 GB reserved,      72.19 MB (  7%) committed. 

Chunk freelists:
   Non-Class:  2.42 MB
       Class:  5.25 MB
        Both:  7.67 MB

MaxMetaspaceSize: unlimited
CompressedClassSpaceSize: 1.00 GB
Initial GC threshold: 21.00 MB
Current GC threshold: 108.69 MB
CDS: off
 - commit_granule_bytes: 65536.
 - commit_granule_words: 8192.
 - virtual_space_node_default_size: 8388608.
 - enlarge_chunks_in_place: 1.
 - use_allocation_guard: 0.


Internal statistics:

num_allocs_failed_limit: 6.
num_arena_births: 3068.
num_arena_deaths: 0.
num_vsnodes_births: 2.
num_vsnodes_deaths: 0.
num_space_committed: 1155.
num_space_uncommitted: 0.
num_chunks_returned_to_freelist: 6.
num_chunks_taken_from_freelist: 6027.
num_chunk_merges: 6.
num_chunk_splits: 3920.
num_chunks_enlarged: 2406.
num_inconsistent_stats: 0.

CodeHeap 'non-profiled nmethods': size=120000Kb used=3358Kb max_used=3358Kb free=116641Kb
 bounds [0x000002c56fbc0000, 0x000002c56ff10000, 0x000002c5770f0000]
CodeHeap 'profiled nmethods': size=120000Kb used=11888Kb max_used=11888Kb free=108111Kb
 bounds [0x000002c5680f0000, 0x000002c568c90000, 0x000002c56f620000]
CodeHeap 'non-nmethods': size=5760Kb used=2758Kb max_used=2772Kb free=3001Kb
 bounds [0x000002c56f620000, 0x000002c56f8e0000, 0x000002c56fbc0000]
CodeCache: size=245760Kb, used=18004Kb, max_used=18018Kb, free=227753Kb
 total_blobs=7461, nmethods=6562, adapters=803, full_count=0
Compilation: enabled, stopped_count=0, restarted_count=0

Compilation events (20 events):
Event: 14.511 Thread 0x000002c57c817840 7588       3       kotlin.reflect.jvm.internal.ReflectProperties$Val::<init> (5 bytes)
Event: 14.511 Thread 0x000002c57c817840 nmethod 7588 0x000002c568c81490 code [0x000002c568c81640, 0x000002c568c817a8]
Event: 14.511 Thread 0x000002c57c817840 7589       3       kotlin.LazyKt__LazyJVMKt::lazy (102 bytes)
Event: 14.513 Thread 0x000002c57c816600 nmethod 7583 0x000002c56ff05990 code [0x000002c56ff05b40, 0x000002c56ff05e70]
Event: 14.513 Thread 0x000002c57c817840 nmethod 7589 0x000002c568c81890 code [0x000002c568c81ca0, 0x000002c568c83648]
Event: 14.513 Thread 0x000002c57c816600 7584       4       java.security.CodeSource::matchCerts (254 bytes)
Event: 14.513 Thread 0x000002c57c817840 7590       3       kotlin.SafePublicationLazyImpl::<init> (30 bytes)
Event: 14.514 Thread 0x000002c57c817840 nmethod 7590 0x000002c568c83f10 code [0x000002c568c84140, 0x000002c568c84860]
Event: 14.514 Thread 0x000002c57c816600 nmethod 7584 0x000002c56ff06110 code [0x000002c56ff062a0, 0x000002c56ff063f0]
Event: 14.514 Thread 0x000002c57c816600 7591       4       kotlin.jvm.internal.Intrinsics::checkNotNullParameter (9 bytes)
Event: 14.514 Thread 0x000002c57c816600 nmethod 7591 0x000002c56ff06510 code [0x000002c56ff066a0, 0x000002c56ff06728]
Event: 14.520 Thread 0x000002c57c817840 7592       3       kotlin.reflect.jvm.internal.impl.renderer.DescriptorRendererOptionsImpl::property (20 bytes)
Event: 14.521 Thread 0x000002c57c817840 nmethod 7592 0x000002c568c84b10 code [0x000002c568c84cc0, 0x000002c568c84ff0]
Event: 14.521 Thread 0x000002c57c817840 7593       3       kotlin.reflect.jvm.internal.impl.renderer.DescriptorRendererOptionsImpl$property$$inlined$vetoable$1::<init> (11 bytes)
Event: 14.521 Thread 0x000002c57c817840 nmethod 7593 0x000002c568c85110 code [0x000002c568c852c0, 0x000002c568c85540]
Event: 14.556 Thread 0x000002c57c816600 7594       4       java.lang.ClassLoader::definePackage (85 bytes)
Event: 14.567 Thread 0x000002c57c816600 nmethod 7594 0x000002c56ff06810 code [0x000002c56ff06a20, 0x000002c56ff07068]
Event: 14.567 Thread 0x000002c57c816600 7595       4       java.lang.ClassLoader::getClassLoadingLock (35 bytes)
Event: 14.568 Thread 0x000002c57c816600 nmethod 7595 0x000002c56ff07590 code [0x000002c56ff07720, 0x000002c56ff07868]
Event: 14.635 Thread 0x000002c57c816600 7596   !   4       java.net.URLClassLoader::findClass (47 bytes)

GC Heap History (20 events):
Event: 8.826 GC heap before
{Heap before GC invocations=17 (full 0):
 garbage-first heap   total 124928K, used 94309K [0x0000000080000000, 0x0000000100000000)
  region size 1024K, 21 young (21504K), 1 survivors (1024K)
 Metaspace       used 50409K, committed 51520K, reserved 1114112K
  class space    used 6903K, committed 7424K, reserved 1048576K
}
Event: 8.829 GC heap after
{Heap after GC invocations=18 (full 0):
 garbage-first heap   total 124928K, used 69737K [0x0000000080000000, 0x0000000100000000)
  region size 1024K, 2 young (2048K), 2 survivors (2048K)
 Metaspace       used 50409K, committed 51520K, reserved 1114112K
  class space    used 6903K, committed 7424K, reserved 1048576K
}
Event: 9.329 GC heap before
{Heap before GC invocations=18 (full 0):
 garbage-first heap   total 124928K, used 103529K [0x0000000080000000, 0x0000000100000000)
  region size 1024K, 35 young (35840K), 2 survivors (2048K)
 Metaspace       used 54454K, committed 55808K, reserved 1114112K
  class space    used 7604K, committed 8256K, reserved 1048576K
}
Event: 9.333 GC heap after
{Heap after GC invocations=19 (full 0):
 garbage-first heap   total 124928K, used 70924K [0x0000000080000000, 0x0000000100000000)
  region size 1024K, 4 young (4096K), 4 survivors (4096K)
 Metaspace       used 54454K, committed 55808K, reserved 1114112K
  class space    used 7604K, committed 8256K, reserved 1048576K
}
Event: 10.016 GC heap before
{Heap before GC invocations=19 (full 0):
 garbage-first heap   total 124928K, used 98572K [0x0000000080000000, 0x0000000100000000)
  region size 1024K, 32 young (32768K), 4 survivors (4096K)
 Metaspace       used 57476K, committed 58944K, reserved 1114112K
  class space    used 8134K, committed 8832K, reserved 1048576K
}
Event: 10.022 GC heap after
{Heap after GC invocations=20 (full 0):
 garbage-first heap   total 124928K, used 73337K [0x0000000080000000, 0x0000000100000000)
  region size 1024K, 5 young (5120K), 5 survivors (5120K)
 Metaspace       used 57476K, committed 58944K, reserved 1114112K
  class space    used 8134K, committed 8832K, reserved 1048576K
}
Event: 10.515 GC heap before
{Heap before GC invocations=21 (full 0):
 garbage-first heap   total 128000K, used 110201K [0x0000000080000000, 0x0000000100000000)
  region size 1024K, 39 young (39936K), 5 survivors (5120K)
 Metaspace       used 60789K, committed 62272K, reserved 1114112K
  class space    used 8689K, committed 9408K, reserved 1048576K
}
Event: 10.523 GC heap after
{Heap after GC invocations=22 (full 0):
 garbage-first heap   total 128000K, used 77975K [0x0000000080000000, 0x0000000100000000)
  region size 1024K, 5 young (5120K), 5 survivors (5120K)
 Metaspace       used 60789K, committed 62272K, reserved 1114112K
  class space    used 8689K, committed 9408K, reserved 1048576K
}
Event: 10.781 GC heap before
{Heap before GC invocations=22 (full 0):
 garbage-first heap   total 128000K, used 112791K [0x0000000080000000, 0x0000000100000000)
  region size 1024K, 39 young (39936K), 5 survivors (5120K)
 Metaspace       used 60892K, committed 62336K, reserved 1114112K
  class space    used 8691K, committed 9408K, reserved 1048576K
}
Event: 10.788 GC heap after
{Heap after GC invocations=23 (full 0):
 garbage-first heap   total 128000K, used 79312K [0x0000000080000000, 0x0000000100000000)
  region size 1024K, 5 young (5120K), 5 survivors (5120K)
 Metaspace       used 60892K, committed 62336K, reserved 1114112K
  class space    used 8691K, committed 9408K, reserved 1048576K
}
Event: 10.976 GC heap before
{Heap before GC invocations=23 (full 0):
 garbage-first heap   total 128000K, used 114128K [0x0000000080000000, 0x0000000100000000)
  region size 1024K, 39 young (39936K), 5 survivors (5120K)
 Metaspace       used 60911K, committed 62400K, reserved 1114112K
  class space    used 8691K, committed 9408K, reserved 1048576K
}
Event: 10.982 GC heap after
{Heap after GC invocations=24 (full 0):
 garbage-first heap   total 153600K, used 79727K [0x0000000080000000, 0x0000000100000000)
  region size 1024K, 3 young (3072K), 3 survivors (3072K)
 Metaspace       used 60911K, committed 62400K, reserved 1114112K
  class space    used 8691K, committed 9408K, reserved 1048576K
}
Event: 11.533 GC heap before
{Heap before GC invocations=25 (full 0):
 garbage-first heap   total 153600K, used 133999K [0x0000000080000000, 0x0000000100000000)
  region size 1024K, 56 young (57344K), 3 survivors (3072K)
 Metaspace       used 61890K, committed 63360K, reserved 1114112K
  class space    used 8825K, committed 9536K, reserved 1048576K
}
Event: 11.539 GC heap after
{Heap after GC invocations=26 (full 0):
 garbage-first heap   total 153600K, used 81463K [0x0000000080000000, 0x0000000100000000)
  region size 1024K, 4 young (4096K), 4 survivors (4096K)
 Metaspace       used 61890K, committed 63360K, reserved 1114112K
  class space    used 8825K, committed 9536K, reserved 1048576K
}
Event: 12.791 GC heap before
{Heap before GC invocations=26 (full 0):
 garbage-first heap   total 153600K, used 146999K [0x0000000080000000, 0x0000000100000000)
  region size 1024K, 61 young (62464K), 4 survivors (4096K)
 Metaspace       used 64414K, committed 65920K, reserved 1114112K
  class space    used 9100K, committed 9792K, reserved 1048576K
}
Event: 12.801 GC heap after
{Heap after GC invocations=27 (full 0):
 garbage-first heap   total 157696K, used 93575K [0x0000000080000000, 0x0000000100000000)
  region size 1024K, 8 young (8192K), 8 survivors (8192K)
 Metaspace       used 64414K, committed 65920K, reserved 1114112K
  class space    used 9100K, committed 9792K, reserved 1048576K
}
Event: 13.587 GC heap before
{Heap before GC invocations=27 (full 0):
 garbage-first heap   total 157696K, used 137607K [0x0000000080000000, 0x0000000100000000)
  region size 1024K, 52 young (53248K), 8 survivors (8192K)
 Metaspace       used 65102K, committed 66688K, reserved 1114112K
  class space    used 9187K, committed 9920K, reserved 1048576K
}
Event: 13.595 GC heap after
{Heap after GC invocations=28 (full 0):
 garbage-first heap   total 157696K, used 96281K [0x0000000080000000, 0x0000000100000000)
  region size 1024K, 3 young (3072K), 3 survivors (3072K)
 Metaspace       used 65102K, committed 66688K, reserved 1114112K
  class space    used 9187K, committed 9920K, reserved 1048576K
}
Event: 14.294 GC heap before
{Heap before GC invocations=29 (full 0):
 garbage-first heap   total 174080K, used 152601K [0x0000000080000000, 0x0000000100000000)
  region size 1024K, 49 young (50176K), 3 survivors (3072K)
 Metaspace       used 68334K, committed 70016K, reserved 1114112K
  class space    used 9553K, committed 10368K, reserved 1048576K
}
Event: 14.298 GC heap after
{Heap after GC invocations=30 (full 0):
 garbage-first heap   total 174080K, used 104849K [0x0000000080000000, 0x0000000100000000)
  region size 1024K, 4 young (4096K), 4 survivors (4096K)
 Metaspace       used 68334K, committed 70016K, reserved 1114112K
  class space    used 9553K, committed 10368K, reserved 1048576K
}

Dll operation events (3 events):
Event: 0.018 Loaded shared library D:\Android\jbr\bin\java.dll
Event: 0.030 Loaded shared library D:\Android\jbr\bin\zip.dll
Event: 1.018 Loaded shared library D:\Android\jbr\bin\verify.dll

Deoptimization events (20 events):
Event: 13.862 Thread 0x000002c57e504e90 DEOPT PACKING pc=0x000002c56fdcec10 sp=0x000000f7420f88e0
Event: 13.862 Thread 0x000002c57e504e90 DEOPT UNPACKING pc=0x000002c56f6746a2 sp=0x000000f7420f8870 mode 2
Event: 13.982 Thread 0x000002c57e504e90 DEOPT PACKING pc=0x000002c56854045e sp=0x000000f7420f7680
Event: 13.982 Thread 0x000002c57e504e90 DEOPT UNPACKING pc=0x000002c56f674e42 sp=0x000000f7420f6b68 mode 0
Event: 13.984 Thread 0x000002c57e504e90 DEOPT PACKING pc=0x000002c568bc5c1a sp=0x000000f7420f77d0
Event: 13.984 Thread 0x000002c57e504e90 DEOPT UNPACKING pc=0x000002c56f674e42 sp=0x000000f7420f6c68 mode 0
Event: 13.989 Thread 0x000002c57e504e90 DEOPT PACKING pc=0x000002c56854045e sp=0x000000f7420f7680
Event: 13.989 Thread 0x000002c57e504e90 DEOPT UNPACKING pc=0x000002c56f674e42 sp=0x000000f7420f6b68 mode 0
Event: 14.031 Thread 0x000002c57e504e90 DEOPT PACKING pc=0x000002c568363e5d sp=0x000000f7420f7b30
Event: 14.031 Thread 0x000002c57e504e90 DEOPT UNPACKING pc=0x000002c56f674e42 sp=0x000000f7420f6fa8 mode 0
Event: 14.087 Thread 0x000002c57e550c50 DEOPT PACKING pc=0x000002c568af1136 sp=0x000000f7429fde60
Event: 14.087 Thread 0x000002c57e550c50 DEOPT UNPACKING pc=0x000002c56f674e42 sp=0x000000f7429fd3d0 mode 0
Event: 14.406 Thread 0x000002c57e504e90 Uncommon trap: trap_request=0xffffff54 fr.pc=0x000002c56fd64be4 relative=0x0000000000001584
Event: 14.406 Thread 0x000002c57e504e90 Uncommon trap: reason=speculate_null_assert action=make_not_entrant pc=0x000002c56fd64be4 method=java.util.jar.JarFile.getVersionedEntry(Ljava/lang/String;Ljava/util/jar/JarEntry;)Ljava/util/jar/JarEntry; @ 115 c2
Event: 14.406 Thread 0x000002c57e504e90 DEOPT PACKING pc=0x000002c56fd64be4 sp=0x000000f7420f6ae0
Event: 14.406 Thread 0x000002c57e504e90 DEOPT UNPACKING pc=0x000002c56f6746a2 sp=0x000000f7420f6ae8 mode 2
Event: 14.406 Thread 0x000002c57e504e90 Uncommon trap: trap_request=0xffffff45 fr.pc=0x000002c56fc5f4e8 relative=0x0000000000000e88
Event: 14.406 Thread 0x000002c57e504e90 Uncommon trap: reason=unstable_if action=reinterpret pc=0x000002c56fc5f4e8 method=java.util.jar.JarFile.getEntry(Ljava/lang/String;)Ljava/util/zip/ZipEntry; @ 15 c2
Event: 14.406 Thread 0x000002c57e504e90 DEOPT PACKING pc=0x000002c56fc5f4e8 sp=0x000000f7420f6bb0
Event: 14.406 Thread 0x000002c57e504e90 DEOPT UNPACKING pc=0x000002c56f6746a2 sp=0x000000f7420f6ba8 mode 2

Classes loaded (20 events):
Event: 13.497 Loading class java/lang/ClassBeanInfo
Event: 13.497 Loading class java/lang/ClassBeanInfo done
Event: 13.498 Loading class java/lang/ClassBeanInfo
Event: 13.498 Loading class java/lang/ClassBeanInfo done
Event: 13.498 Loading class java/lang/ClassCustomizer
Event: 13.498 Loading class java/lang/ClassCustomizer done
Event: 13.498 Loading class java/lang/ClassCustomizer
Event: 13.498 Loading class java/lang/ClassCustomizer done
Event: 13.862 Loading class java/util/BitSet$1BitSetSpliterator
Event: 13.862 Loading class java/util/BitSet$1BitSetSpliterator done
Event: 13.884 Loading class java/util/Collections$SynchronizedRandomAccessList
Event: 13.884 Loading class java/util/Collections$SynchronizedList
Event: 13.884 Loading class java/util/Collections$SynchronizedList done
Event: 13.884 Loading class java/util/Collections$SynchronizedRandomAccessList done
Event: 14.191 Loading class java/util/concurrent/atomic/AtomicReferenceFieldUpdater
Event: 14.191 Loading class java/util/concurrent/atomic/AtomicReferenceFieldUpdater done
Event: 14.191 Loading class java/util/concurrent/atomic/AtomicReferenceFieldUpdater$AtomicReferenceFieldUpdaterImpl
Event: 14.191 Loading class java/util/concurrent/atomic/AtomicReferenceFieldUpdater$AtomicReferenceFieldUpdaterImpl done
Event: 14.191 Loading class java/util/concurrent/atomic/AtomicReferenceFieldUpdater$AtomicReferenceFieldUpdaterImpl$1
Event: 14.191 Loading class java/util/concurrent/atomic/AtomicReferenceFieldUpdater$AtomicReferenceFieldUpdaterImpl$1 done

Classes unloaded (0 events):
No events

Classes redefined (0 events):
No events

Internal exceptions (20 events):
Event: 13.522 Thread 0x000002c57e504e90 Exception <a 'java/lang/ClassNotFoundException'{0x0000000086693db8}: org/gradle/internal/service/DefaultServiceRegistryCustomizer> (0x0000000086693db8) 
thrown [s\src\hotspot\share\classfile\systemDictionary.cpp, line 312]
Event: 13.523 Thread 0x000002c57e504e90 Exception <a 'java/lang/ClassNotFoundException'{0x00000000866b6d98}: org/gradle/internal/service/ScopedServiceRegistryCustomizer> (0x00000000866b6d98) 
thrown [s\src\hotspot\share\classfile\systemDictionary.cpp, line 312]
Event: 13.528 Thread 0x000002c57e504e90 Exception <a 'java/lang/ClassNotFoundException'{0x0000000086502188}: org/gradle/internal/extensibility/DefaultConventionBeanInfo> (0x0000000086502188) 
thrown [s\src\hotspot\share\classfile\systemDictionary.cpp, line 312]
Event: 13.529 Thread 0x000002c57e504e90 Exception <a 'java/lang/ClassNotFoundException'{0x0000000086516b98}: org/gradle/internal/extensibility/DefaultConventionCustomizer> (0x0000000086516b98) 
thrown [s\src\hotspot\share\classfile\systemDictionary.cpp, line 312]
Event: 13.565 Thread 0x000002c57e504e90 Exception <a 'java/lang/ClassNotFoundException'{0x00000000865ac3e8}: com/intellij/gradle/toolingExtension/impl/modelBuilder/ExtraModelBuilderBeanInfo> (0x00000000865ac3e8) 
thrown [s\src\hotspot\share\classfile\systemDictionary.cpp, line 312]
Event: 13.566 Thread 0x000002c57e504e90 Exception <a 'java/lang/ClassNotFoundException'{0x00000000865b7e68}: com/intellij/gradle/toolingExtension/impl/modelBuilder/ExtraModelBuilderCustomizer> (0x00000000865b7e68) 
thrown [s\src\hotspot\share\classfile\systemDictionary.cpp, line 312]
Event: 13.867 Thread 0x000002c57e504e90 Exception <a 'java/lang/IncompatibleClassChangeError'{0x0000000089a74010}: Found class java.lang.Object, but interface was expected> (0x0000000089a74010) 
thrown [s\src\hotspot\share\interpreter\linkResolver.cpp, line 851]
Event: 13.872 Thread 0x000002c57e504e90 Exception <a 'sun/nio/fs/WindowsException'{0x0000000089ab81f8}> (0x0000000089ab81f8) 
thrown [s\src\hotspot\share\prims\jni.cpp, line 537]
Event: 13.873 Thread 0x000002c57e504e90 Exception <a 'sun/nio/fs/WindowsException'{0x0000000089ab9a18}> (0x0000000089ab9a18) 
thrown [s\src\hotspot\share\prims\jni.cpp, line 537]
Event: 13.873 Thread 0x000002c57e504e90 Exception <a 'sun/nio/fs/WindowsException'{0x0000000089abb1f8}> (0x0000000089abb1f8) 
thrown [s\src\hotspot\share\prims\jni.cpp, line 537]
Event: 13.873 Thread 0x000002c57e504e90 Exception <a 'sun/nio/fs/WindowsException'{0x0000000089abc5f0}> (0x0000000089abc5f0) 
thrown [s\src\hotspot\share\prims\jni.cpp, line 537]
Event: 13.876 Thread 0x000002c57e504e90 Exception <a 'java/lang/NoSuchMethodError'{0x0000000089ad1330}: 'java.lang.Object java.lang.invoke.Invokers$Holder.invoker(java.lang.Object, java.lang.Object, java.lang.Object, java.lang.Object, java.lang.Object, java.lang.Object)'> (0x0000000089ad1330) 
thrown [s\src\hotspot\share\interpreter\linkResolver.cpp, line 784]
Event: 13.897 Thread 0x000002c57e504e90 Exception <a 'java/lang/NoSuchMethodError'{0x00000000899e1210}: 'java.lang.Object java.lang.invoke.DirectMethodHandle$Holder.invokeSpecial(java.lang.Object, java.lang.Object, java.lang.Object, java.lang.Object, java.lang.Object, java.lang.Object, java.lang.Object, java.lang.Object, java.lang.Object, java.lang.Object, java.lang.Object, java.lang.Object, java.lang.Object, java.lang.Object, java.lang.Object, java.lang.Object, java.lang.Object, java.lang.Object, java.lang.Object, java.lang.Object, java.lang.Ob
Event: 13.897 Thread 0x000002c57e504e90 Exception <a 'java/lang/NoSuchMethodError'{0x00000000899e7528}: 'java.lang.Object java.lang.invoke.DelegatingMethodHandle$Holder.reinvoke_L(java.lang.Object, java.lang.Object, java.lang.Object, java.lang.Object, java.lang.Object, java.lang.Object, java.lang.Object, java.lang.Object, java.lang.Object, java.lang.Object, java.lang.Object, java.lang.Object, java.lang.Object, java.lang.Object, java.lang.Object, java.lang.Object, java.lang.Object, java.lang.Object, java.lang.Object, java.lang.Object, java.lang.O
Event: 13.897 Thread 0x000002c57e504e90 Exception <a 'java/lang/NoSuchMethodError'{0x00000000899f28e0}: 'java.lang.Object java.lang.invoke.Invokers$Holder.invoker(java.lang.Object, java.lang.Object, java.lang.Object, java.lang.Object, java.lang.Object, java.lang.Object, java.lang.Object, java.lang.Object, java.lang.Object, java.lang.Object, java.lang.Object, java.lang.Object, java.lang.Object, java.lang.Object, java.lang.Object, java.lang.Object, java.lang.Object, java.lang.Object, java.lang.Object, java.lang.Object, java.lang.Object, java.lang.
Event: 13.897 Thread 0x000002c57e504e90 Exception <a 'java/lang/NoSuchMethodError'{0x00000000899f94a8}: 'java.lang.Object java.lang.invoke.DelegatingMethodHandle$Holder.delegate(java.lang.Object, java.lang.Object, java.lang.Object, java.lang.Object, java.lang.Object, java.lang.Object, java.lang.Object, java.lang.Object, java.lang.Object, java.lang.Object, java.lang.Object, java.lang.Object, java.lang.Object, java.lang.Object, java.lang.Object, java.lang.Object, java.lang.Object, java.lang.Object, java.lang.Object, java.lang.Object, java.lang.Obj
Event: 14.290 Thread 0x000002c57e504e90 Exception <a 'java/lang/NoSuchMethodError'{0x000000008769c638}: 'java.lang.Object java.lang.invoke.DirectMethodHandle$Holder.newInvokeSpecial(java.lang.Object, java.lang.Object, java.lang.Object, java.lang.Object, java.lang.Object, java.lang.Object, java.lang.Object, java.lang.Object, java.lang.Object, java.lang.Object, java.lang.Object, java.lang.Object, java.lang.Object, java.lang.Object, java.lang.Object, java.lang.Object, java.lang.Object, java.lang.Object, java.lang.Object)'> (0x000000008769c638) 
thr
Event: 14.290 Thread 0x000002c57e504e90 Exception <a 'java/lang/NoSuchMethodError'{0x00000000876a3520}: 'java.lang.Object java.lang.invoke.DirectMethodHandle$Holder.invokeSpecial(java.lang.Object, java.lang.Object, java.lang.Object, java.lang.Object, java.lang.Object, java.lang.Object, java.lang.Object, java.lang.Object, java.lang.Object, java.lang.Object, java.lang.Object, java.lang.Object, java.lang.Object, java.lang.Object, java.lang.Object, java.lang.Object, java.lang.Object, java.lang.Object, java.lang.Object, java.lang.Object)'> (0x0000000
Event: 14.291 Thread 0x000002c57e504e90 Exception <a 'java/lang/NoSuchMethodError'{0x00000000876a9020}: 'java.lang.Object java.lang.invoke.DelegatingMethodHandle$Holder.reinvoke_L(java.lang.Object, java.lang.Object, java.lang.Object, java.lang.Object, java.lang.Object, java.lang.Object, java.lang.Object, java.lang.Object, java.lang.Object, java.lang.Object, java.lang.Object, java.lang.Object, java.lang.Object, java.lang.Object, java.lang.Object, java.lang.Object, java.lang.Object, java.lang.Object, java.lang.Object)'> (0x00000000876a9020) 
throw
Event: 14.322 Thread 0x000002c57e504e90 Exception <a 'java/lang/IncompatibleClassChangeError'{0x00000000ffe787c8}: Found class java.lang.Object, but interface was expected> (0x00000000ffe787c8) 
thrown [s\src\hotspot\share\interpreter\linkResolver.cpp, line 851]

ZGC Phase Switch (0 events):
No events

VM Operations (20 events):
Event: 12.730 Executing VM operation: ICBufferFull
Event: 12.730 Executing VM operation: ICBufferFull done
Event: 12.791 Executing VM operation: G1CollectForAllocation (G1 Evacuation Pause)
Event: 12.801 Executing VM operation: G1CollectForAllocation (G1 Evacuation Pause) done
Event: 12.964 Executing VM operation: HandshakeAllThreads (Deoptimize)
Event: 12.964 Executing VM operation: HandshakeAllThreads (Deoptimize) done
Event: 13.310 Executing VM operation: ICBufferFull
Event: 13.310 Executing VM operation: ICBufferFull done
Event: 13.360 Executing VM operation: HandshakeAllThreads (Deoptimize)
Event: 13.360 Executing VM operation: HandshakeAllThreads (Deoptimize) done
Event: 13.361 Executing VM operation: HandshakeAllThreads (Deoptimize)
Event: 13.361 Executing VM operation: HandshakeAllThreads (Deoptimize) done
Event: 13.587 Executing VM operation: G1TryInitiateConcMark (G1 Humongous Allocation)
Event: 13.595 Executing VM operation: G1TryInitiateConcMark (G1 Humongous Allocation) done
Event: 13.637 Executing VM operation: G1PauseRemark
Event: 13.641 Executing VM operation: G1PauseRemark done
Event: 13.664 Executing VM operation: G1PauseCleanup
Event: 13.664 Executing VM operation: G1PauseCleanup done
Event: 14.293 Executing VM operation: G1CollectForAllocation (G1 Evacuation Pause)
Event: 14.298 Executing VM operation: G1CollectForAllocation (G1 Evacuation Pause) done

Memory protections (0 events):
No events

Nmethod flushes (20 events):
Event: 13.640 Thread 0x000002c57c6510b0 flushing  nmethod 0x000002c5687b2d10
Event: 13.640 Thread 0x000002c57c6510b0 flushing  nmethod 0x000002c5687b5310
Event: 13.640 Thread 0x000002c57c6510b0 flushing  nmethod 0x000002c5687ecb10
Event: 13.640 Thread 0x000002c57c6510b0 flushing  nmethod 0x000002c5689be910
Event: 13.640 Thread 0x000002c57c6510b0 flushing  nmethod 0x000002c5689f2f10
Event: 13.640 Thread 0x000002c57c6510b0 flushing  nmethod 0x000002c5689f3390
Event: 13.640 Thread 0x000002c57c6510b0 flushing  nmethod 0x000002c5689f3810
Event: 13.640 Thread 0x000002c57c6510b0 flushing  nmethod 0x000002c5689f6d90
Event: 13.640 Thread 0x000002c57c6510b0 flushing  nmethod 0x000002c5689f7110
Event: 13.640 Thread 0x000002c57c6510b0 flushing  nmethod 0x000002c5689ff090
Event: 13.640 Thread 0x000002c57c6510b0 flushing  nmethod 0x000002c5689ff490
Event: 13.640 Thread 0x000002c57c6510b0 flushing  nmethod 0x000002c5689fff10
Event: 13.640 Thread 0x000002c57c6510b0 flushing  nmethod 0x000002c568a00290
Event: 13.640 Thread 0x000002c57c6510b0 flushing  nmethod 0x000002c568a00b90
Event: 13.640 Thread 0x000002c57c6510b0 flushing  nmethod 0x000002c568a00f10
Event: 13.640 Thread 0x000002c57c6510b0 flushing  nmethod 0x000002c568a74a10
Event: 13.640 Thread 0x000002c57c6510b0 flushing  nmethod 0x000002c56822f590
Event: 13.640 Thread 0x000002c57c6510b0 flushing  nmethod 0x000002c568312490
Event: 13.640 Thread 0x000002c57c6510b0 flushing  nmethod 0x000002c56857af10
Event: 13.640 Thread 0x000002c57c6510b0 flushing  nmethod 0x000002c5689a6a90

Events (20 events):
Event: 8.892 Thread 0x000002c57e504e90 Thread added: 0x000002c504980160
Event: 8.959 Thread 0x000002c57e504e90 Thread added: 0x000002c5049807f0
Event: 9.644 Thread 0x000002c57e504e90 Thread added: 0x000002c50497da00
Event: 9.645 Thread 0x000002c57e504e90 Thread added: 0x000002c50497e090
Event: 9.711 Thread 0x000002c57e504e90 Thread added: 0x000002c50497fad0
Event: 9.712 Thread 0x000002c57e504e90 Thread added: 0x000002c504980e80
Event: 12.116 Thread 0x000002c57e504e90 Thread added: 0x000002c504696b60
Event: 12.117 Thread 0x000002c57e504e90 Thread added: 0x000002c5046964d0
Event: 12.118 Thread 0x000002c57e504e90 Thread added: 0x000002c5046957b0
Event: 12.120 Thread 0x000002c57e504e90 Thread added: 0x000002c5046936e0
Event: 12.122 Thread 0x000002c57e504e90 Thread added: 0x000002c5046971f0
Event: 12.123 Thread 0x000002c57e504e90 Thread added: 0x000002c504691ca0
Event: 12.124 Thread 0x000002c57e504e90 Thread added: 0x000002c504697f10
Event: 12.204 Thread 0x000002c57e504e90 Thread added: 0x000002c5046985a0
Event: 12.205 Thread 0x000002c57e504e90 Thread added: 0x000002c504694400
Event: 12.205 Thread 0x000002c57e504e90 Thread added: 0x000002c504693050
Event: 12.206 Thread 0x000002c57e504e90 Thread added: 0x000002c504697880
Event: 12.206 Thread 0x000002c57e504e90 Thread added: 0x000002c504698c30
Event: 12.207 Thread 0x000002c57e504e90 Thread added: 0x000002c5046929c0
Event: 12.208 Thread 0x000002c57e504e90 Thread added: 0x000002c504694a90


Dynamic libraries:
0x00007ff7eeb00000 - 0x00007ff7eeb0a000 	D:\Android\jbr\bin\java.exe
0x00007ffdb4490000 - 0x00007ffdb4688000 	C:\Windows\SYSTEM32\ntdll.dll
0x00007ffdb2a90000 - 0x00007ffdb2b52000 	C:\Windows\System32\KERNEL32.DLL
0x00007ffdb1d70000 - 0x00007ffdb2066000 	C:\Windows\System32\KERNELBASE.dll
0x00007ffdb2240000 - 0x00007ffdb2340000 	C:\Windows\System32\ucrtbase.dll
0x00007ffd3b3d0000 - 0x00007ffd3b3eb000 	D:\Android\jbr\bin\VCRUNTIME140.dll
0x00007ffda4bf0000 - 0x00007ffda4c08000 	D:\Android\jbr\bin\jli.dll
0x00007ffdb3f30000 - 0x00007ffdb40d1000 	C:\Windows\System32\USER32.dll
0x00007ffdb2480000 - 0x00007ffdb24a2000 	C:\Windows\System32\win32u.dll
0x00007ffdb2c20000 - 0x00007ffdb2c4b000 	C:\Windows\System32\GDI32.dll
0x00007ffd999b0000 - 0x00007ffd99c4b000 	C:\Windows\WinSxS\amd64_microsoft.windows.common-controls_6595b64144ccf1df_6.0.19041.6456_none_60b8a6cb71f64256\COMCTL32.dll
0x00007ffdb2120000 - 0x00007ffdb2239000 	C:\Windows\System32\gdi32full.dll
0x00007ffdb4200000 - 0x00007ffdb429e000 	C:\Windows\System32\msvcrt.dll
0x00007ffdb1b70000 - 0x00007ffdb1c0d000 	C:\Windows\System32\msvcp_win.dll
0x00007ffdb2760000 - 0x00007ffdb278f000 	C:\Windows\System32\IMM32.DLL
0x00007ffd3f160000 - 0x00007ffd3f16c000 	D:\Android\jbr\bin\vcruntime140_1.dll
0x00007ffd87970000 - 0x00007ffd879fd000 	D:\Android\jbr\bin\msvcp140.dll
0x00007ffd37a60000 - 0x00007ffd386f6000 	D:\Android\jbr\bin\server\jvm.dll
0x00007ffdb2c50000 - 0x00007ffdb2d01000 	C:\Windows\System32\ADVAPI32.dll
0x00007ffdb29d0000 - 0x00007ffdb2a6f000 	C:\Windows\System32\sechost.dll
0x00007ffdb32c0000 - 0x00007ffdb33e0000 	C:\Windows\System32\RPCRT4.dll
0x00007ffdb2340000 - 0x00007ffdb2367000 	C:\Windows\System32\bcrypt.dll
0x00007ffdb2790000 - 0x00007ffdb27fb000 	C:\Windows\System32\WS2_32.dll
0x00007ffdb1980000 - 0x00007ffdb19cb000 	C:\Windows\SYSTEM32\POWRPROF.dll
0x00007ffda6f90000 - 0x00007ffda6fb7000 	C:\Windows\SYSTEM32\WINMM.dll
0x00007ffda9540000 - 0x00007ffda954a000 	C:\Windows\SYSTEM32\VERSION.dll
0x00007ffdb1960000 - 0x00007ffdb1972000 	C:\Windows\SYSTEM32\UMPDC.dll
0x00007ffdaf990000 - 0x00007ffdaf9a2000 	C:\Windows\SYSTEM32\kernel.appcore.dll
0x00007ffd3b3c0000 - 0x00007ffd3b3ca000 	D:\Android\jbr\bin\jimage.dll
0x00007ffdabdc0000 - 0x00007ffdabfc1000 	C:\Windows\SYSTEM32\DBGHELP.DLL
0x00007ffda97a0000 - 0x00007ffda97d4000 	C:\Windows\SYSTEM32\dbgcore.DLL
0x00007ffdb23f0000 - 0x00007ffdb2472000 	C:\Windows\System32\bcryptPrimitives.dll
0x00007ffda9490000 - 0x00007ffda949e000 	D:\Android\jbr\bin\instrument.dll
0x00007ffd3b3a0000 - 0x00007ffd3b3c0000 	D:\Android\jbr\bin\java.dll
0x00007ffd3b380000 - 0x00007ffd3b398000 	D:\Android\jbr\bin\zip.dll
0x00007ffdb33e0000 - 0x00007ffdb3b50000 	C:\Windows\System32\SHELL32.dll
0x00007ffdafb90000 - 0x00007ffdb0335000 	C:\Windows\SYSTEM32\windows.storage.dll
0x00007ffdb3bd0000 - 0x00007ffdb3f24000 	C:\Windows\System32\combase.dll
0x00007ffdb1470000 - 0x00007ffdb149b000 	C:\Windows\SYSTEM32\Wldp.dll
0x00007ffdb31e0000 - 0x00007ffdb32ad000 	C:\Windows\System32\OLEAUT32.dll
0x00007ffdb24b0000 - 0x00007ffdb255d000 	C:\Windows\System32\SHCORE.dll
0x00007ffdb2690000 - 0x00007ffdb26eb000 	C:\Windows\System32\shlwapi.dll
0x00007ffdb1a50000 - 0x00007ffdb1a74000 	C:\Windows\SYSTEM32\profapi.dll
0x00007ffd3b370000 - 0x00007ffd3b380000 	D:\Android\jbr\bin\net.dll
0x00007ffdad850000 - 0x00007ffdad95a000 	C:\Windows\SYSTEM32\WINHTTP.dll
0x00007ffdb11d0000 - 0x00007ffdb123a000 	C:\Windows\system32\mswsock.dll
0x00007ffd3b350000 - 0x00007ffd3b366000 	D:\Android\jbr\bin\nio.dll
0x00007ffd9da10000 - 0x00007ffd9da20000 	D:\Android\jbr\bin\verify.dll
0x00007ffd85640000 - 0x00007ffd85667000 	C:\Users\Admin\.gradle\native\1def1411415f61bf3af743bc5b6707747c0891f09f0c88961ee8f79bc544acac\windows-amd64\native-platform.dll
0x00007ffd84b10000 - 0x00007ffd84b88000 	C:\Users\Admin\.gradle\native\0.2.7\x86_64-windows-gnu\gradle-fileevents.dll
0x00007ffd9da40000 - 0x00007ffd9da49000 	D:\Android\jbr\bin\management.dll
0x00007ffd9da30000 - 0x00007ffd9da3b000 	D:\Android\jbr\bin\management_ext.dll
0x00007ffdb2750000 - 0x00007ffdb2758000 	C:\Windows\System32\PSAPI.DLL
0x00007ffdb0eb0000 - 0x00007ffdb0eeb000 	C:\Windows\SYSTEM32\IPHLPAPI.DLL
0x00007ffdb2c10000 - 0x00007ffdb2c18000 	C:\Windows\System32\NSI.dll
0x00007ffd9daa0000 - 0x00007ffd9daa9000 	D:\Android\jbr\bin\extnet.dll
0x00007ffdb13d0000 - 0x00007ffdb13e8000 	C:\Windows\SYSTEM32\CRYPTSP.dll
0x00007ffdb0af0000 - 0x00007ffdb0b28000 	C:\Windows\system32\rsaenh.dll
0x00007ffdb1a10000 - 0x00007ffdb1a3e000 	C:\Windows\SYSTEM32\USERENV.dll
0x00007ffdb13c0000 - 0x00007ffdb13cc000 	C:\Windows\SYSTEM32\CRYPTBASE.dll
0x00007ffdaad40000 - 0x00007ffdaad47000 	C:\Windows\system32\wshunix.dll

JVMTI agents:
C:\Users\Admin\.gradle\wrapper\dists\gradle-8.13-bin\5xuhj0ry160q40clulazy9h7d\gradle-8.13\lib\agents\gradle-instrumentation-agent-8.13.jar path:D:\Android\jbr\bin\instrument.dll, loaded, initialized, instrumentlib options:none

dbghelp: loaded successfully - version: 4.0.5 - missing functions: none
symbol engine: initialized successfully - sym options: 0x614 - pdb path: .;D:\Android\jbr\bin;C:\Windows\SYSTEM32;C:\Windows\WinSxS\amd64_microsoft.windows.common-controls_6595b64144ccf1df_6.0.19041.6456_none_60b8a6cb71f64256;D:\Android\jbr\bin\server;C:\Users\Admin\.gradle\native\1def1411415f61bf3af743bc5b6707747c0891f09f0c88961ee8f79bc544acac\windows-amd64;C:\Users\Admin\.gradle\native\0.2.7\x86_64-windows-gnu

VM Arguments:
jvm_args: --add-opens=java.base/java.lang=ALL-UNNAMED --add-opens=java.base/java.lang.invoke=ALL-UNNAMED --add-opens=java.base/java.util=ALL-UNNAMED --add-opens=java.prefs/java.util.prefs=ALL-UNNAMED --add-exports=jdk.compiler/com.sun.tools.javac.api=ALL-UNNAMED --add-exports=jdk.compiler/com.sun.tools.javac.util=ALL-UNNAMED --add-opens=java.base/java.util=ALL-UNNAMED --add-opens=java.prefs/java.util.prefs=ALL-UNNAMED --add-opens=java.base/java.nio.charset=ALL-UNNAMED --add-opens=java.base/java.net=ALL-UNNAMED --add-opens=java.base/java.util.concurrent.atomic=ALL-UNNAMED --add-opens=java.xml/javax.xml.namespace=ALL-UNNAMED -Xmx2048m -Dfile.encoding=UTF-8 -Duser.country=RU -Duser.language=ru -Duser.variant -javaagent:C:\Users\Admin\.gradle\wrapper\dists\gradle-8.13-bin\5xuhj0ry160q40clulazy9h7d\gradle-8.13\lib\agents\gradle-instrumentation-agent-8.13.jar 
java_command: org.gradle.launcher.daemon.bootstrap.GradleDaemon 8.13
java_class_path (initial): C:\Users\Admin\.gradle\wrapper\dists\gradle-8.13-bin\5xuhj0ry160q40clulazy9h7d\gradle-8.13\lib\gradle-daemon-main-8.13.jar
Launcher Type: SUN_STANDARD

[Global flags]
     intx CICompilerCount                          = 4                                         {product} {ergonomic}
     uint ConcGCThreads                            = 2                                         {product} {ergonomic}
     uint G1ConcRefinementThreads                  = 8                                         {product} {ergonomic}
   size_t G1HeapRegionSize                         = 1048576                                   {product} {ergonomic}
    uintx GCDrainStackTargetSize                   = 64                                        {product} {ergonomic}
   size_t InitialHeapSize                          = 100663296                                 {product} {ergonomic}
   size_t MarkStackSize                            = 4194304                                   {product} {ergonomic}
   size_t MaxHeapSize                              = 2147483648                                {product} {command line}
   size_t MaxNewSize                               = 1287651328                                {product} {ergonomic}
   size_t MinHeapDeltaBytes                        = 1048576                                   {product} {ergonomic}
   size_t MinHeapSize                              = 8388608                                   {product} {ergonomic}
    uintx NonNMethodCodeHeapSize                   = 5839372                                {pd product} {ergonomic}
    uintx NonProfiledCodeHeapSize                  = 122909434                              {pd product} {ergonomic}
    uintx ProfiledCodeHeapSize                     = 122909434                              {pd product} {ergonomic}
    uintx ReservedCodeCacheSize                    = 251658240                              {pd product} {ergonomic}
     bool SegmentedCodeCache                       = true                                      {product} {ergonomic}
   size_t SoftMaxHeapSize                          = 2147483648                             {manageable} {ergonomic}
     bool UseCompressedOops                        = true                           {product lp64_product} {ergonomic}
     bool UseG1GC                                  = true                                      {product} {ergonomic}
     bool UseLargePagesIndividualAllocation        = false                                  {pd product} {ergonomic}

Logging:
Log output configuration:
 #0: stdout all=warning uptime,level,tags foldmultilines=false
 #1: stderr all=off uptime,level,tags foldmultilines=false

Environment Variables:
PATH=C:\Program Files (x86)\NVIDIA Corporation\PhysX\Common;C:\Program Files (x86)\Common Files\Oracle\Java\java8path;C:\Program Files (x86)\Common Files\Oracle\Java\javapath;C:\Windows\system32;C:\Windows;C:\Windows\System32\Wbem;C:\Windows\System32\WindowsPowerShell\v1.0\;C:\Windows\System32\OpenSSH\;C:\Program Files\Microsoft SQL Server\150\Tools\Binn\;C:\Program Files (x86)\Windows Kits\10\Windows Performance Toolkit\;C:\Program Files\nodejs\;C:\Program Files\Git\cmd;C:\Program Files\OpenSSL-Win64\bin;D:\PuTTY\;C:\TDM-GCC-32\bin;C:\Program Files\dotnet\;C:\Program Files\TortoiseGit\bin;C:\php;C:\Users\Admin\AppData\Local\Microsoft\WindowsApps;C:\Users\Admin\AppData\Local\atom\bin;C:\Users\Admin\AppData\Roaming\npm;C:\Users\Admin\AppData\Local\spicetify;C:\msys64\ucrt64\bin;C:\Users\Admin\.dotnet\tools;D:\flutter\bin;
USERNAME=Admin
OS=Windows_NT
PROCESSOR_IDENTIFIER=AMD64 Family 23 Model 24 Stepping 1, AuthenticAMD
TMP=C:\Users\Admin\AppData\Local\Temp
TEMP=C:\Users\Admin\AppData\Local\Temp




Periodic native trim disabled

JNI global refs:
JNI global refs: 27, weak refs: 0

JNI global refs memory usage: 835, weak refs: 833

Process memory usage:
Resident Set Size: 326600K (5% of 6232908K total physical memory with 301412K free physical memory)

OOME stack traces (most recent first):
Classloader memory used:
Loader org.gradle.internal.classloader.VisitableURLClassLoader                         : 39463K
Loader bootstrap                                                                       : 23305K
Loader org.gradle.initialization.MixInLegacyTypesClassLoader                           : 6966K
Loader org.gradle.internal.classloader.VisitableURLClassLoader                         : 774K
Loader org.gradle.internal.classloader.VisitableURLClassLoader$InstrumentingVisitableURLClassLoader: 580K
Loader jdk.internal.loader.ClassLoaders$PlatformClassLoader                            : 533K
Loader jdk.internal.loader.ClassLoaders$AppClassLoader                                 : 235K
Loader jdk.internal.reflect.DelegatingClassLoader                                      : 188K
Loader org.gradle.groovy.scripts.internal.DefaultScriptCompilationHandler$ScriptClassLoader: 90000B
Loader groovy.lang.GroovyClassLoader$InnerLoader                                       : 60096B
Loader org.codehaus.groovy.runtime.callsite.CallSiteClassLoader                        : 49032B

Classes loaded by more than one classloader:
Class org.gradle.internal.IoActions                                                   : loaded 3 times (x 71B)
Class org.gradle.api.Action                                                           : loaded 3 times (x 70B)
Class org.gradle.api.GradleException                                                  : loaded 3 times (x 82B)
Class org.gradle.api.UncheckedIOException                                             : loaded 3 times (x 82B)
Class org.gradle.internal.operations.MultipleBuildOperationFailures                   : loaded 2 times (x 95B)
Class org.gradle.internal.classloader.DefaultClassLoaderFactory                       : loaded 2 times (x 82B)
Class kotlin.collections.AbstractList$Companion                                       : loaded 2 times (x 71B)
Class org.gradle.internal.classloader.ClassLoaderVisitor                              : loaded 2 times (x 76B)
Class org.gradle.api.internal.classpath.EffectiveClassPath                            : loaded 2 times (x 90B)
Class org.gradle.api.internal.DefaultClassPathProvider                                : loaded 2 times (x 76B)
Class [Lorg.gradle.api.internal.ClassPathProvider;                                    : loaded 2 times (x 69B)
Class org.gradle.api.internal.ClassPathProvider                                       : loaded 2 times (x 70B)
Class org.gradle.internal.service.UnknownServiceException                             : loaded 2 times (x 83B)
Class org.gradle.internal.classpath.TransformedClassPath                              : loaded 2 times (x 96B)
Class org.gradle.internal.classloader.InstrumentingClassLoader                        : loaded 2 times (x 70B)
Class kotlin.enums.EnumEntriesList                                                    : loaded 2 times (x 223B)
Class _BuildScript_                                                                   : loaded 2 times (x 173B)
Class org.gradle.internal.service.ServiceLocator                                      : loaded 2 times (x 70B)
Class org.gradle.internal.InternalTransformer                                         : loaded 2 times (x 70B)
Class org.gradle.internal.time.DefaultTimer                                           : loaded 2 times (x 80B)
Class org.gradle.internal.classloader.ClasspathUtil$1                                 : loaded 2 times (x 76B)
Class org.gradle.api.internal.classpath.DefaultModuleRegistry$DefaultModule           : loaded 2 times (x 86B)
Class org.gradle.internal.time.DefaultCountdownTimer                                  : loaded 2 times (x 88B)
Class kotlin.Function                                                                 : loaded 2 times (x 70B)
Class org.gradle.api.internal.classpath.Module                                        : loaded 2 times (x 70B)
Class org.gradle.api.internal.classpath.UnknownModuleException                        : loaded 2 times (x 82B)
Class org.gradle.api.internal.DefaultClassPathRegistry                                : loaded 2 times (x 76B)
Class org.gradle.api.internal.ClassPathRegistry                                       : loaded 2 times (x 70B)
Class org.gradle.internal.classpath.DefaultClassPath$ImmutableUniqueList              : loaded 2 times (x 199B)
Class org.gradle.api.internal.classpath.ManifestUtil                                  : loaded 2 times (x 71B)
Class org.gradle.internal.classpath.ClassPath                                         : loaded 2 times (x 70B)
Class kotlin.UninitializedPropertyAccessException                                     : loaded 2 times (x 82B)
Class org.gradle.internal.classloader.ClassLoaderHierarchy                            : loaded 2 times (x 70B)
Class org.gradle.internal.installation.GradleInstallation$1                           : loaded 2 times (x 75B)
Class org.gradle.api.internal.classpath.ModuleRegistry                                : loaded 2 times (x 70B)
Class org.gradle.api.internal.classpath.DefaultModuleRegistry                         : loaded 2 times (x 86B)
Class org.gradle.util.internal.DefaultGradleVersion$Stage                             : loaded 2 times (x 75B)
Class org.gradle.internal.time.MonotonicClock                                         : loaded 2 times (x 77B)
Class org.gradle.internal.service.ServiceLookupException                              : loaded 2 times (x 82B)
Class org.gradle.internal.classloader.ClassLoaderFactory                              : loaded 2 times (x 70B)
Class org.gradle.internal.service.CachingServiceLocator                               : loaded 2 times (x 82B)
Class org.gradle.internal.time.TimeSource                                             : loaded 2 times (x 70B)
Class kotlin.enums.EnumEntries                                                        : loaded 2 times (x 70B)
Class org.gradle.internal.exceptions.ResolutionProvider                               : loaded 2 times (x 70B)
Class org.gradle.internal.classloader.ClasspathUtil                                   : loaded 2 times (x 71B)
Class org.gradle.internal.time.TimeSource$1                                           : loaded 2 times (x 77B)
Class kotlin.jvm.internal.DefaultConstructorMarker                                    : loaded 2 times (x 71B)
Class org.gradle.api.specs.Spec                                                       : loaded 2 times (x 70B)
Class org.gradle.internal.time.Clock                                                  : loaded 2 times (x 70B)
Class kotlin.collections.AbstractList                                                 : loaded 2 times (x 197B)
Class kotlin.collections.AbstractCollection                                           : loaded 2 times (x 117B)
Class _BuildScript_$_run_closure1$_closure2                                           : loaded 2 times (x 132B)
Class org.gradle.internal.classloader.VisitableURLClassLoader$InstrumentingVisitableURLClassLoader: loaded 2 times (x 123B)
Class org.gradle.internal.classloader.VisitableURLClassLoader$Spec                    : loaded 2 times (x 74B)
Class org.gradle.internal.classpath.DefaultClassPath                                  : loaded 2 times (x 90B)
Class org.gradle.util.internal.DefaultGradleVersion                                   : loaded 2 times (x 80B)
Class org.gradle.internal.classloader.ClassLoaderSpec                                 : loaded 2 times (x 71B)
Class kotlin.Unit                                                                     : loaded 2 times (x 71B)
Class org.gradle.internal.classloader.VisitableURLClassLoader                         : loaded 2 times (x 117B)
Class org.gradle.internal.classloader.FilteringClassLoader                            : loaded 2 times (x 105B)
Class org.gradle.internal.Cast                                                        : loaded 2 times (x 71B)
Class kotlin.jvm.functions.Function1                                                  : loaded 2 times (x 70B)
Class org.gradle.internal.classpath.DefaultClassPath$ImmutableUniqueList$Builder      : loaded 2 times (x 75B)
Class _BuildScript_$_run_closure1                                                     : loaded 2 times (x 132B)
Class org.gradle.internal.exceptions.NonGradleCauseExceptionsHolder                   : loaded 2 times (x 70B)
Class org.jetbrains.plugins.gradle.tooling.ModelBuilderService$Parameter              : loaded 2 times (x 70B)
Class kotlin.NotImplementedError                                                      : loaded 2 times (x 82B)
Class kotlin.enums.EnumEntriesKt                                                      : loaded 2 times (x 71B)
Class sync_studio_tooling_a0np0mnnpkhbbcapqao0wj3hv                                   : loaded 2 times (x 179B)
Class org.gradle.internal.classloader.SystemClassLoaderSpec                           : loaded 2 times (x 71B)
Class org.gradle.internal.exceptions.MultiCauseException                              : loaded 2 times (x 70B)
Class org.gradle.internal.time.CountdownTimer                                         : loaded 2 times (x 70B)
Class kotlin.jvm.internal.Intrinsics                                                  : loaded 2 times (x 71B)
Class org.gradle.tooling.model.ProjectModel                                           : loaded 2 times (x 70B)
Class kotlin.KotlinNullPointerException                                               : loaded 2 times (x 83B)
Class ijInit1_cc45vyagw77osorhnet0yrg9q                                               : loaded 2 times (x 179B)
Class org.gradle.internal.exceptions.DefaultMultiCauseException                       : loaded 2 times (x 95B)
Class org.gradle.internal.time.Time                                                   : loaded 2 times (x 71B)
Class JetGradlePlugin                                                                 : loaded 2 times (x 96B)
Class org.gradle.api.internal.classpath.GlobalCacheRootsProvider                      : loaded 2 times (x 70B)
Class org.gradle.internal.time.Timer                                                  : loaded 2 times (x 70B)
Class kotlin.jvm.internal.markers.KMappedMarker                                       : loaded 2 times (x 70B)
Class org.gradle.internal.installation.CurrentGradleInstallationLocator               : loaded 2 times (x 71B)
Class org.gradle.internal.service.DefaultServiceLocator                               : loaded 2 times (x 83B)
Class org.gradle.util.GradleVersion                                                   : loaded 2 times (x 79B)
Class org.gradle.internal.installation.CurrentGradleInstallation                      : loaded 2 times (x 73B)
Class org.gradle.util.internal.GUtil                                                  : loaded 2 times (x 71B)
Class org.gradle.internal.installation.GradleInstallation                             : loaded 2 times (x 75B)

---------------  S Y S T E M  ---------------

OS:
 Windows 10 , 64 bit Build 19041 (10.0.19041.5915)
OS uptime: 0 days 0:13 hours

CPU: total 8 (initial active 8) (8 cores per cpu, 2 threads per core) family 23 model 24 stepping 1 microcode 0x0, cx8, cmov, fxsr, ht, mmx, 3dnowpref, sse, sse2, sse3, ssse3, sse4a, sse4.1, sse4.2, popcnt, lzcnt, tsc, tscinvbit, avx, avx2, aes, clmul, bmi1, bmi2, adx, sha, fma, vzeroupper, clflush, clflushopt, rdtscp, f16c
Processor Information for the first 8 processors :
  Max Mhz: 2100, Current Mhz: 2100, Mhz Limit: 2100

Memory: 4k page, system-wide physical 6086M (294M free)
TotalPageFile size 8040M (AvailPageFile size 2M)
current process WorkingSet (physical memory assigned to process): 319M, peak: 334M
current process commit charge ("private bytes"): 401M, peak: 402M

vm_info: OpenJDK 64-Bit Server VM (21.0.8+-14196175-b1038.72) for windows-amd64 JRE (21.0.8+-14196175-b1038.72), built on 2025-10-01T10:24:33Z by "builder" with MS VC++ 16.10 / 16.11 (VS2019)

END.
