#
# There is insufficient memory for the Java Runtime Environment to continue.
# Native memory allocation (malloc) failed to allocate 750336 bytes. Error detail: Chunk::new
# Possible reasons:
#   The system is out of physical RAM or swap space
#   This process is running with CompressedOops enabled, and the Java Heap may be blocking the growth of the native heap
# Possible solutions:
#   Reduce memory load on the system
#   Increase physical memory or swap space
#   Check if swap backing store is full
#   Decrease Java heap size (-Xmx/-Xms)
#   Decrease number of Java threads
#   Decrease Java thread stack sizes (-Xss)
#   Set larger code cache with -XX:ReservedCodeCacheSize=
#   JVM is running with Unscaled Compressed Oops mode in which the Java heap is
#     placed in the first 4GB address space. The Java Heap base address is the
#     maximum limit for the native heap growth. Please use -XX:HeapBaseMinAddress
#     to set the Java Heap base and to place the Java Heap above 4GB virtual address.
# This output file may be truncated or incomplete.
#
#  Out of Memory Error (arena.cpp:168), pid=10148, tid=2884
#
# JRE version: OpenJDK Runtime Environment (21.0.8) (build 21.0.8+-14196175-b1038.72)
# Java VM: OpenJDK 64-Bit Server VM (21.0.8+-14196175-b1038.72, mixed mode, tiered, compressed oops, compressed class ptrs, g1 gc, windows-amd64)
# No core dump will be written. Minidumps are not enabled by default on client versions of Windows
#

---------------  S U M M A R Y ------------

Command Line: --add-opens=java.base/java.lang=ALL-UNNAMED --add-opens=java.base/java.lang.invoke=ALL-UNNAMED --add-opens=java.base/java.util=ALL-UNNAMED --add-opens=java.prefs/java.util.prefs=ALL-UNNAMED --add-exports=jdk.compiler/com.sun.tools.javac.api=ALL-UNNAMED --add-exports=jdk.compiler/com.sun.tools.javac.util=ALL-UNNAMED --add-opens=java.base/java.util=ALL-UNNAMED --add-opens=java.prefs/java.util.prefs=ALL-UNNAMED --add-opens=java.base/java.nio.charset=ALL-UNNAMED --add-opens=java.base/java.net=ALL-UNNAMED --add-opens=java.base/java.util.concurrent.atomic=ALL-UNNAMED --add-opens=java.xml/javax.xml.namespace=ALL-UNNAMED -Xmx2048m -Dfile.encoding=UTF-8 -Duser.country=RU -Duser.language=ru -Duser.variant -javaagent:C:\Users\Admin\.gradle\wrapper\dists\gradle-8.13-bin\5xuhj0ry160q40clulazy9h7d\gradle-8.13\lib\agents\gradle-instrumentation-agent-8.13.jar org.gradle.launcher.daemon.bootstrap.GradleDaemon 8.13

Host: AMD Ryzen 5 3500U with Radeon Vega Mobile Gfx  , 8 cores, 5G,  Windows 10 , 64 bit Build 19041 (10.0.19041.5915)
Time: Fri Nov 28 21:48:07 2025 elapsed time: 28.905837 seconds (0d 0h 0m 28s)

---------------  T H R E A D  ---------------

Current thread (0x00000206e39fced0):  JavaThread "C2 CompilerThread0" daemon [_thread_in_native, id=2884, stack(0x000000630ba00000,0x000000630bb00000) (1024K)]


Current CompileTask:
C2:28906 11341   !   4       java.net.URLClassLoader$1::run (81 bytes)

Stack: [0x000000630ba00000,0x000000630bb00000]
Native frames: (J=compiled Java code, j=interpreted, Vv=VM code, C=native code)
V  [jvm.dll+0x6d68d9]
V  [jvm.dll+0x866693]
V  [jvm.dll+0x868c4e]
V  [jvm.dll+0x869333]
V  [jvm.dll+0x280566]
V  [jvm.dll+0xc07cd]
V  [jvm.dll+0xc0d03]
V  [jvm.dll+0x2f5970]
V  [jvm.dll+0x5ff719]
V  [jvm.dll+0x252362]
V  [jvm.dll+0x25271f]
V  [jvm.dll+0x24aec5]
V  [jvm.dll+0x24871e]
V  [jvm.dll+0x1c73a4]
V  [jvm.dll+0x257f9e]
V  [jvm.dll+0x2564e6]
V  [jvm.dll+0x3f4696]
V  [jvm.dll+0x80eac8]
V  [jvm.dll+0x6d512d]
C  [ucrtbase.dll+0x21bb2]
C  [KERNEL32.DLL+0x17374]
C  [ntdll.dll+0x4cc91]


---------------  P R O C E S S  ---------------

Threads class SMR info:
_java_thread_list=0x00000206ebbe6320, length=79, elements={
0x00000206cc1471d0, 0x00000206e39ca8f0, 0x00000206e39f9250, 0x00000206e39f9cb0,
0x00000206e39d7d70, 0x00000206e39d83e0, 0x00000206e39dae50, 0x00000206e39db8b0,
0x00000206e39fced0, 0x00000206e39e3f60, 0x00000206e3cf38b0, 0x00000206e97bcab0,
0x00000206e981ce30, 0x00000206e8ca66f0, 0x00000206e98cb060, 0x00000206e98cb6d0,
0x00000206e9895060, 0x00000206e98956d0, 0x00000206e9976420, 0x00000206e9975d90,
0x00000206e9977140, 0x00000206e9976ab0, 0x00000206e99777d0, 0x00000206e9977e60,
0x00000206e9975070, 0x00000206e9975700, 0x00000206eb9d6190, 0x00000206eb9d88f0,
0x00000206eb9d3a30, 0x00000206eb9d5470, 0x00000206eb9d6820, 0x00000206eb9d2d10,
0x00000206eb9d2680, 0x00000206eb9d8f80, 0x00000206eb9d33a0, 0x00000206eb9d1ff0,
0x00000206eb9d7bd0, 0x00000206eb9d40c0, 0x00000206eb9d7540, 0x00000206eb9d8260,
0x00000206eb9d9610, 0x00000206eb9d4750, 0x00000206eb9d4de0, 0x00000206ec0a7730,
0x00000206ec0a3590, 0x00000206ec0a9170, 0x00000206ec0a2870, 0x00000206ec0a4940,
0x00000206ec0a8ae0, 0x00000206ec0a4fd0, 0x00000206ec0a5cf0, 0x00000206ec0a5660,
0x00000206ec0a42b0, 0x00000206ec0a3c20, 0x00000206ec0a6a10, 0x00000206ecb232f0,
0x00000206ecb25a50, 0x00000206ecb23980, 0x00000206ecb22c60, 0x00000206ecb260e0,
0x00000206ecb24010, 0x00000206ecb246a0, 0x00000206ed3b2910, 0x00000206ed3b2fa0,
0x00000206ed3b1bf0, 0x00000206ed3b3630, 0x00000206ed3b2280, 0x00000206ed3b0ed0,
0x00000206ed3af490, 0x00000206ed3ada50, 0x00000206ed3b01b0, 0x00000206ed3b1560,
0x00000206ed3b3cc0, 0x00000206ed3b4350, 0x00000206ed3afb20, 0x00000206ed3ad3c0,
0x00000206ed3ae0e0, 0x00000206ed3b0840, 0x00000206edb5d3b0
}

Java Threads: ( => current thread )
  0x00000206cc1471d0 JavaThread "main"                              [_thread_blocked, id=7400, stack(0x000000630ab00000,0x000000630ac00000) (1024K)]
  0x00000206e39ca8f0 JavaThread "Common-Cleaner"             daemon [_thread_blocked, id=12636, stack(0x000000630b300000,0x000000630b400000) (1024K)]
  0x00000206e39f9250 JavaThread "Reference Handler"          daemon [_thread_blocked, id=14324, stack(0x000000630b400000,0x000000630b500000) (1024K)]
  0x00000206e39f9cb0 JavaThread "Finalizer"                  daemon [_thread_blocked, id=7996, stack(0x000000630b500000,0x000000630b600000) (1024K)]
  0x00000206e39d7d70 JavaThread "Signal Dispatcher"          daemon [_thread_blocked, id=15500, stack(0x000000630b600000,0x000000630b700000) (1024K)]
  0x00000206e39d83e0 JavaThread "Attach Listener"            daemon [_thread_blocked, id=12792, stack(0x000000630b700000,0x000000630b800000) (1024K)]
  0x00000206e39dae50 JavaThread "Service Thread"             daemon [_thread_blocked, id=3556, stack(0x000000630b800000,0x000000630b900000) (1024K)]
  0x00000206e39db8b0 JavaThread "Monitor Deflation Thread"   daemon [_thread_blocked, id=12688, stack(0x000000630b900000,0x000000630ba00000) (1024K)]
=>0x00000206e39fced0 JavaThread "C2 CompilerThread0"         daemon [_thread_in_native, id=2884, stack(0x000000630ba00000,0x000000630bb00000) (1024K)]
  0x00000206e39e3f60 JavaThread "C1 CompilerThread0"         daemon [_thread_blocked, id=5812, stack(0x000000630bb00000,0x000000630bc00000) (1024K)]
  0x00000206e3cf38b0 JavaThread "Notification Thread"        daemon [_thread_blocked, id=14504, stack(0x000000630bc00000,0x000000630bd00000) (1024K)]
  0x00000206e97bcab0 JavaThread "Daemon health stats"               [_thread_blocked, id=14576, stack(0x000000630c200000,0x000000630c300000) (1024K)]
  0x00000206e981ce30 JavaThread "Incoming local TCP Connector on port 54007"        [_thread_in_native, id=1544, stack(0x000000630c300000,0x000000630c400000) (1024K)]
  0x00000206e8ca66f0 JavaThread "Daemon periodic checks"            [_thread_blocked, id=8976, stack(0x000000630c400000,0x000000630c500000) (1024K)]
  0x00000206e98cb060 JavaThread "Daemon"                            [_thread_blocked, id=9740, stack(0x000000630c500000,0x000000630c600000) (1024K)]
  0x00000206e98cb6d0 JavaThread "Handler for socket connection from /127.0.0.1:54007 to /127.0.0.1:54008"        [_thread_in_native, id=9776, stack(0x000000630c600000,0x000000630c700000) (1024K)]
  0x00000206e9895060 JavaThread "Cancel handler"                    [_thread_blocked, id=15388, stack(0x000000630c700000,0x000000630c800000) (1024K)]
  0x00000206e98956d0 JavaThread "Daemon worker"                     [_thread_in_Java, id=8740, stack(0x000000630c800000,0x000000630c900000) (1024K)]
  0x00000206e9976420 JavaThread "Asynchronous log dispatcher for DefaultDaemonConnection: socket connection from /127.0.0.1:54007 to /127.0.0.1:54008"        [_thread_blocked, id=10548, stack(0x000000630c900000,0x000000630ca00000) (1024K)]
  0x00000206e9975d90 JavaThread "Stdin handler"                     [_thread_blocked, id=5172, stack(0x000000630ca00000,0x000000630cb00000) (1024K)]
  0x00000206e9977140 JavaThread "Daemon client event forwarder"        [_thread_blocked, id=4708, stack(0x000000630cb00000,0x000000630cc00000) (1024K)]
  0x00000206e9976ab0 JavaThread "Cache worker for journal cache (C:\Users\Admin\.gradle\caches\journal-1)"        [_thread_blocked, id=10232, stack(0x000000630cf00000,0x000000630d000000) (1024K)]
  0x00000206e99777d0 JavaThread "File lock request listener"        [_thread_in_native, id=3260, stack(0x000000630d000000,0x000000630d100000) (1024K)]
  0x00000206e9977e60 JavaThread "Cache worker for file hash cache (C:\Users\Admin\.gradle\caches\8.13\fileHashes)"        [_thread_blocked, id=9508, stack(0x000000630d100000,0x000000630d200000) (1024K)]
  0x00000206e9975070 JavaThread "Cache worker for file hash cache (C:\Users\Admin\Documents\StudyPlanner2\.gradle\8.13\fileHashes)"        [_thread_blocked, id=2312, stack(0x000000630d200000,0x000000630d300000) (1024K)]
  0x00000206e9975700 JavaThread "Cache worker for Build Output Cleanup Cache (C:\Users\Admin\Documents\StudyPlanner2\.gradle\buildOutputCleanup)"        [_thread_blocked, id=12484, stack(0x000000630d300000,0x000000630d400000) (1024K)]
  0x00000206eb9d6190 JavaThread "File watcher server"        daemon [_thread_in_native, id=9768, stack(0x000000630d400000,0x000000630d500000) (1024K)]
  0x00000206eb9d88f0 JavaThread "File watcher consumer"      daemon [_thread_blocked, id=9104, stack(0x000000630d500000,0x000000630d600000) (1024K)]
  0x00000206eb9d3a30 JavaThread "jar transforms"                    [_thread_blocked, id=15928, stack(0x000000630d600000,0x000000630d700000) (1024K)]
  0x00000206eb9d5470 JavaThread "jar transforms Thread 2"           [_thread_blocked, id=3116, stack(0x000000630d700000,0x000000630d800000) (1024K)]
  0x00000206eb9d6820 JavaThread "Cache worker for checksums cache (C:\Users\Admin\Documents\StudyPlanner2\.gradle\8.13\checksums)"        [_thread_blocked, id=15504, stack(0x000000630d800000,0x000000630d900000) (1024K)]
  0x00000206eb9d2d10 JavaThread "Cache worker for file content cache (C:\Users\Admin\.gradle\caches\8.13\fileContent)"        [_thread_blocked, id=6068, stack(0x000000630d900000,0x000000630da00000) (1024K)]
  0x00000206eb9d2680 JavaThread "jar transforms Thread 3"           [_thread_blocked, id=3792, stack(0x000000630da00000,0x000000630db00000) (1024K)]
  0x00000206eb9d8f80 JavaThread "Cache worker for cache directory md-supplier (C:\Users\Admin\.gradle\caches\8.13\md-supplier)"        [_thread_blocked, id=2988, stack(0x000000630db00000,0x000000630dc00000) (1024K)]
  0x00000206eb9d33a0 JavaThread "Cache worker for cache directory md-rule (C:\Users\Admin\.gradle\caches\8.13\md-rule)"        [_thread_blocked, id=15484, stack(0x000000630dc00000,0x000000630dd00000) (1024K)]
  0x00000206eb9d1ff0 JavaThread "Unconstrained build operations"        [_thread_blocked, id=3728, stack(0x000000630dd00000,0x000000630de00000) (1024K)]
  0x00000206eb9d7bd0 JavaThread "Unconstrained build operations Thread 2"        [_thread_blocked, id=11588, stack(0x000000630de00000,0x000000630df00000) (1024K)]
  0x00000206eb9d40c0 JavaThread "Unconstrained build operations Thread 3"        [_thread_blocked, id=6832, stack(0x000000630df00000,0x000000630e000000) (1024K)]
  0x00000206eb9d7540 JavaThread "Unconstrained build operations Thread 4"        [_thread_blocked, id=11560, stack(0x000000630e000000,0x000000630e100000) (1024K)]
  0x00000206eb9d8260 JavaThread "Unconstrained build operations Thread 5"        [_thread_blocked, id=12004, stack(0x000000630e100000,0x000000630e200000) (1024K)]
  0x00000206eb9d9610 JavaThread "Unconstrained build operations Thread 6"        [_thread_blocked, id=12980, stack(0x000000630e200000,0x000000630e300000) (1024K)]
  0x00000206eb9d4750 JavaThread "Unconstrained build operations Thread 7"        [_thread_blocked, id=16320, stack(0x000000630e300000,0x000000630e400000) (1024K)]
  0x00000206eb9d4de0 JavaThread "Unconstrained build operations Thread 8"        [_thread_blocked, id=8496, stack(0x000000630e400000,0x000000630e500000) (1024K)]
  0x00000206ec0a7730 JavaThread "Unconstrained build operations Thread 9"        [_thread_blocked, id=8256, stack(0x000000630e500000,0x000000630e600000) (1024K)]
  0x00000206ec0a3590 JavaThread "Unconstrained build operations Thread 10"        [_thread_blocked, id=13812, stack(0x000000630e600000,0x000000630e700000) (1024K)]
  0x00000206ec0a9170 JavaThread "jar transforms Thread 4"           [_thread_blocked, id=15640, stack(0x000000630e700000,0x000000630e800000) (1024K)]
  0x00000206ec0a2870 JavaThread "jar transforms Thread 5"           [_thread_blocked, id=8624, stack(0x000000630e800000,0x000000630e900000) (1024K)]
  0x00000206ec0a4940 JavaThread "Unconstrained build operations Thread 11"        [_thread_blocked, id=15480, stack(0x000000630e900000,0x000000630ea00000) (1024K)]
  0x00000206ec0a8ae0 JavaThread "Unconstrained build operations Thread 12"        [_thread_blocked, id=8568, stack(0x000000630ea00000,0x000000630eb00000) (1024K)]
  0x00000206ec0a4fd0 JavaThread "Unconstrained build operations Thread 13"        [_thread_blocked, id=9244, stack(0x000000630eb00000,0x000000630ec00000) (1024K)]
  0x00000206ec0a5cf0 JavaThread "Unconstrained build operations Thread 14"        [_thread_blocked, id=7968, stack(0x000000630ec00000,0x000000630ed00000) (1024K)]
  0x00000206ec0a5660 JavaThread "Unconstrained build operations Thread 15"        [_thread_blocked, id=12656, stack(0x000000630ed00000,0x000000630ee00000) (1024K)]
  0x00000206ec0a42b0 JavaThread "jar transforms Thread 6"           [_thread_blocked, id=7628, stack(0x000000630ee00000,0x000000630ef00000) (1024K)]
  0x00000206ec0a3c20 JavaThread "jar transforms Thread 7"           [_thread_blocked, id=14020, stack(0x000000630ef00000,0x000000630f000000) (1024K)]
  0x00000206ec0a6a10 JavaThread "jar transforms Thread 8"           [_thread_blocked, id=16296, stack(0x000000630f000000,0x000000630f100000) (1024K)]
  0x00000206ecb232f0 JavaThread "Unconstrained build operations Thread 16"        [_thread_blocked, id=8640, stack(0x000000630f100000,0x000000630f200000) (1024K)]
  0x00000206ecb25a50 JavaThread "Unconstrained build operations Thread 17"        [_thread_blocked, id=9564, stack(0x000000630f200000,0x000000630f300000) (1024K)]
  0x00000206ecb23980 JavaThread "Unconstrained build operations Thread 18"        [_thread_blocked, id=8500, stack(0x000000630f300000,0x000000630f400000) (1024K)]
  0x00000206ecb22c60 JavaThread "Unconstrained build operations Thread 19"        [_thread_blocked, id=2976, stack(0x000000630f400000,0x000000630f500000) (1024K)]
  0x00000206ecb260e0 JavaThread "Unconstrained build operations Thread 20"        [_thread_blocked, id=8852, stack(0x000000630f500000,0x000000630f600000) (1024K)]
  0x00000206ecb24010 JavaThread "Unconstrained build operations Thread 21"        [_thread_blocked, id=5968, stack(0x000000630f600000,0x000000630f700000) (1024K)]
  0x00000206ecb246a0 JavaThread "Unconstrained build operations Thread 22"        [_thread_blocked, id=10288, stack(0x000000630f700000,0x000000630f800000) (1024K)]
  0x00000206ed3b2910 JavaThread "Unconstrained build operations Thread 23"        [_thread_blocked, id=3944, stack(0x000000630f800000,0x000000630f900000) (1024K)]
  0x00000206ed3b2fa0 JavaThread "Unconstrained build operations Thread 24"        [_thread_blocked, id=14172, stack(0x000000630f900000,0x000000630fa00000) (1024K)]
  0x00000206ed3b1bf0 JavaThread "Unconstrained build operations Thread 25"        [_thread_blocked, id=9888, stack(0x000000630fa00000,0x000000630fb00000) (1024K)]
  0x00000206ed3b3630 JavaThread "Unconstrained build operations Thread 26"        [_thread_blocked, id=14728, stack(0x000000630fb00000,0x000000630fc00000) (1024K)]
  0x00000206ed3b2280 JavaThread "Unconstrained build operations Thread 27"        [_thread_blocked, id=13960, stack(0x000000630fc00000,0x000000630fd00000) (1024K)]
  0x00000206ed3b0ed0 JavaThread "Unconstrained build operations Thread 28"        [_thread_blocked, id=14768, stack(0x000000630fd00000,0x000000630fe00000) (1024K)]
  0x00000206ed3af490 JavaThread "Unconstrained build operations Thread 29"        [_thread_blocked, id=8692, stack(0x000000630fe00000,0x000000630ff00000) (1024K)]
  0x00000206ed3ada50 JavaThread "Unconstrained build operations Thread 30"        [_thread_blocked, id=14968, stack(0x000000630ff00000,0x0000006310000000) (1024K)]
  0x00000206ed3b01b0 JavaThread "Unconstrained build operations Thread 31"        [_thread_blocked, id=15820, stack(0x0000006310000000,0x0000006310100000) (1024K)]
  0x00000206ed3b1560 JavaThread "Unconstrained build operations Thread 32"        [_thread_blocked, id=10348, stack(0x0000006310100000,0x0000006310200000) (1024K)]
  0x00000206ed3b3cc0 JavaThread "Unconstrained build operations Thread 33"        [_thread_blocked, id=5288, stack(0x0000006310200000,0x0000006310300000) (1024K)]
  0x00000206ed3b4350 JavaThread "Unconstrained build operations Thread 34"        [_thread_blocked, id=10116, stack(0x0000006310300000,0x0000006310400000) (1024K)]
  0x00000206ed3afb20 JavaThread "Unconstrained build operations Thread 35"        [_thread_blocked, id=9316, stack(0x0000006310400000,0x0000006310500000) (1024K)]
  0x00000206ed3ad3c0 JavaThread "Unconstrained build operations Thread 36"        [_thread_blocked, id=10884, stack(0x0000006310500000,0x0000006310600000) (1024K)]
  0x00000206ed3ae0e0 JavaThread "build event listener"              [_thread_blocked, id=14800, stack(0x0000006310700000,0x0000006310800000) (1024K)]
  0x00000206ed3b0840 JavaThread "Memory manager"                    [_thread_blocked, id=13012, stack(0x0000006310800000,0x0000006310900000) (1024K)]
  0x00000206edb5d3b0 JavaThread "build event listener"              [_thread_blocked, id=4364, stack(0x0000006310900000,0x0000006310a00000) (1024K)]
Total: 79

Other Threads:
  0x00000206e38184f0 VMThread "VM Thread"                           [id=15652, stack(0x000000630b200000,0x000000630b300000) (1024K)]
  0x00000206e37bc510 WatcherThread "VM Periodic Task Thread"        [id=11804, stack(0x000000630b100000,0x000000630b200000) (1024K)]
  0x00000206c9fbe040 WorkerThread "GC Thread#0"                     [id=8232, stack(0x000000630ac00000,0x000000630ad00000) (1024K)]
  0x00000206e842ba70 WorkerThread "GC Thread#1"                     [id=8024, stack(0x000000630bd00000,0x000000630be00000) (1024K)]
  0x00000206e842be10 WorkerThread "GC Thread#2"                     [id=13800, stack(0x000000630be00000,0x000000630bf00000) (1024K)]
  0x00000206e8e36ab0 WorkerThread "GC Thread#3"                     [id=12232, stack(0x000000630bf00000,0x000000630c000000) (1024K)]
  0x00000206e8e3ec40 WorkerThread "GC Thread#4"                     [id=5460, stack(0x000000630c000000,0x000000630c100000) (1024K)]
  0x00000206e9648030 WorkerThread "GC Thread#5"                     [id=2872, stack(0x000000630c100000,0x000000630c200000) (1024K)]
  0x00000206e9984380 WorkerThread "GC Thread#6"                     [id=10608, stack(0x000000630cc00000,0x000000630cd00000) (1024K)]
  0x00000206e99a0f50 WorkerThread "GC Thread#7"                     [id=11664, stack(0x000000630cd00000,0x000000630ce00000) (1024K)]
  0x00000206cc1a9e60 ConcurrentGCThread "G1 Main Marker"            [id=10152, stack(0x000000630ad00000,0x000000630ae00000) (1024K)]
  0x00000206cc1ac730 WorkerThread "G1 Conc#0"                       [id=4752, stack(0x000000630ae00000,0x000000630af00000) (1024K)]
  0x00000206e99d13d0 WorkerThread "G1 Conc#1"                       [id=4452, stack(0x000000630ce00000,0x000000630cf00000) (1024K)]
  0x00000206e36924c0 ConcurrentGCThread "G1 Refine#0"               [id=7020, stack(0x000000630af00000,0x000000630b000000) (1024K)]
  0x00000206cc20d810 ConcurrentGCThread "G1 Service"                [id=10564, stack(0x000000630b000000,0x000000630b100000) (1024K)]
Total: 15

Threads with active compile tasks:
C2 CompilerThread0  28970 11341   !   4       java.net.URLClassLoader$1::run (81 bytes)
Total: 1

VM state: not at safepoint (normal execution)

VM Mutex/Monitor currently owned by a thread: None

Heap address: 0x0000000080000000, size: 2048 MB, Compressed Oops mode: 32-bit

CDS archive(s) not mapped
Compressed class space mapped at: 0x0000000100000000-0x0000000140000000, reserved size: 1073741824
Narrow klass base: 0x0000000000000000, Narrow klass shift: 3, Narrow klass range: 0x140000000

GC Precious Log:
 CardTable entry size: 512
 Card Set container configuration: InlinePtr #cards 5 size 8 Array Of Cards #cards 12 size 40 Howl #buckets 4 coarsen threshold 1843 Howl Bitmap #cards 512 size 80 coarsen threshold 460 Card regions per heap region 1 cards per card region 2048
 CPUs: 8 total, 8 available
 Memory: 6086M
 Large Page Support: Disabled
 NUMA Support: Disabled
 Compressed Oops: Enabled (32-bit)
 Heap Region Size: 1M
 Heap Min Capacity: 8M
 Heap Initial Capacity: 96M
 Heap Max Capacity: 2G
 Pre-touch: Disabled
 Parallel Workers: 8
 Concurrent Workers: 2
 Concurrent Refinement Workers: 8
 Periodic GC: Disabled

Heap:
 garbage-first heap   total 171008K, used 125544K [0x0000000080000000, 0x0000000100000000)
  region size 1024K, 20 young (20480K), 2 survivors (2048K)
 Metaspace       used 101556K, committed 103616K, reserved 1179648K
  class space    used 14240K, committed 15232K, reserved 1048576K

Heap Regions: E=young(eden), S=young(survivor), O=old, HS=humongous(starts), HC=humongous(continues), CS=collection set, F=free, TAMS=top-at-mark-start, PB=parsable bottom
|   0|0x0000000080000000, 0x0000000080100000, 0x0000000080100000|100%|HS|  |TAMS 0x0000000080000000| PB 0x0000000080000000| Complete 
|   1|0x0000000080100000, 0x0000000080200000, 0x0000000080200000|100%|HC|  |TAMS 0x0000000080100000| PB 0x0000000080100000| Complete 
|   2|0x0000000080200000, 0x0000000080300000, 0x0000000080300000|100%|HC|  |TAMS 0x0000000080200000| PB 0x0000000080200000| Complete 
|   3|0x0000000080300000, 0x0000000080400000, 0x0000000080400000|100%| O|  |TAMS 0x0000000080300000| PB 0x0000000080300000| Untracked 
|   4|0x0000000080400000, 0x0000000080500000, 0x0000000080500000|100%| O|  |TAMS 0x0000000080400000| PB 0x0000000080400000| Untracked 
|   5|0x0000000080500000, 0x0000000080600000, 0x0000000080600000|100%| O|  |TAMS 0x0000000080500000| PB 0x0000000080500000| Untracked 
|   6|0x0000000080600000, 0x0000000080700000, 0x0000000080700000|100%|HS|  |TAMS 0x0000000080600000| PB 0x0000000080600000| Complete 
|   7|0x0000000080700000, 0x0000000080800000, 0x0000000080800000|100%| O|  |TAMS 0x0000000080700000| PB 0x0000000080700000| Untracked 
|   8|0x0000000080800000, 0x0000000080900000, 0x0000000080900000|100%| O|  |TAMS 0x0000000080800000| PB 0x0000000080800000| Untracked 
|   9|0x0000000080900000, 0x0000000080a00000, 0x0000000080a00000|100%| O|  |TAMS 0x0000000080900000| PB 0x0000000080900000| Untracked 
|  10|0x0000000080a00000, 0x0000000080b00000, 0x0000000080b00000|100%| O|  |TAMS 0x0000000080a00000| PB 0x0000000080a00000| Untracked 
|  11|0x0000000080b00000, 0x0000000080c00000, 0x0000000080c00000|100%| O|  |TAMS 0x0000000080b00000| PB 0x0000000080b00000| Untracked 
|  12|0x0000000080c00000, 0x0000000080d00000, 0x0000000080d00000|100%| O|  |TAMS 0x0000000080c00000| PB 0x0000000080c00000| Untracked 
|  13|0x0000000080d00000, 0x0000000080e00000, 0x0000000080e00000|100%| O|  |TAMS 0x0000000080d00000| PB 0x0000000080d00000| Untracked 
|  14|0x0000000080e00000, 0x0000000080f00000, 0x0000000080f00000|100%| O|  |TAMS 0x0000000080e00000| PB 0x0000000080e00000| Untracked 
|  15|0x0000000080f00000, 0x0000000081000000, 0x0000000081000000|100%| O|  |TAMS 0x0000000080f00000| PB 0x0000000080f00000| Untracked 
|  16|0x0000000081000000, 0x0000000081100000, 0x0000000081100000|100%| O|  |TAMS 0x0000000081000000| PB 0x0000000081000000| Untracked 
|  17|0x0000000081100000, 0x0000000081200000, 0x0000000081200000|100%| O|  |TAMS 0x0000000081100000| PB 0x0000000081100000| Untracked 
|  18|0x0000000081200000, 0x0000000081300000, 0x0000000081300000|100%| O|  |TAMS 0x0000000081200000| PB 0x0000000081200000| Untracked 
|  19|0x0000000081300000, 0x0000000081400000, 0x0000000081400000|100%| O|  |TAMS 0x0000000081300000| PB 0x0000000081300000| Untracked 
|  20|0x0000000081400000, 0x0000000081500000, 0x0000000081500000|100%| O|  |TAMS 0x0000000081400000| PB 0x0000000081400000| Untracked 
|  21|0x0000000081500000, 0x0000000081600000, 0x0000000081600000|100%| O|  |TAMS 0x0000000081500000| PB 0x0000000081500000| Untracked 
|  22|0x0000000081600000, 0x0000000081700000, 0x0000000081700000|100%| O|  |TAMS 0x0000000081600000| PB 0x0000000081600000| Untracked 
|  23|0x0000000081700000, 0x0000000081800000, 0x0000000081800000|100%| O|  |TAMS 0x0000000081700000| PB 0x0000000081700000| Untracked 
|  24|0x0000000081800000, 0x0000000081900000, 0x0000000081900000|100%| O|  |TAMS 0x0000000081800000| PB 0x0000000081800000| Untracked 
|  25|0x0000000081900000, 0x0000000081a00000, 0x0000000081a00000|100%| O|  |TAMS 0x0000000081900000| PB 0x0000000081900000| Untracked 
|  26|0x0000000081a00000, 0x0000000081b00000, 0x0000000081b00000|100%| O|  |TAMS 0x0000000081a00000| PB 0x0000000081a00000| Untracked 
|  27|0x0000000081b00000, 0x0000000081c00000, 0x0000000081c00000|100%| O|  |TAMS 0x0000000081b00000| PB 0x0000000081b00000| Untracked 
|  28|0x0000000081c00000, 0x0000000081d00000, 0x0000000081d00000|100%|HS|  |TAMS 0x0000000081c00000| PB 0x0000000081c00000| Complete 
|  29|0x0000000081d00000, 0x0000000081e00000, 0x0000000081e00000|100%|HC|  |TAMS 0x0000000081d00000| PB 0x0000000081d00000| Complete 
|  30|0x0000000081e00000, 0x0000000081f00000, 0x0000000081f00000|100%| O|  |TAMS 0x0000000081e00000| PB 0x0000000081e00000| Untracked 
|  31|0x0000000081f00000, 0x0000000082000000, 0x0000000082000000|100%| O|  |TAMS 0x0000000081f00000| PB 0x0000000081f00000| Untracked 
|  32|0x0000000082000000, 0x0000000082100000, 0x0000000082100000|100%| O|  |TAMS 0x0000000082000000| PB 0x0000000082000000| Untracked 
|  33|0x0000000082100000, 0x0000000082200000, 0x0000000082200000|100%| O|  |TAMS 0x0000000082100000| PB 0x0000000082100000| Untracked 
|  34|0x0000000082200000, 0x0000000082300000, 0x0000000082300000|100%| O|  |TAMS 0x0000000082200000| PB 0x0000000082200000| Untracked 
|  35|0x0000000082300000, 0x0000000082400000, 0x0000000082400000|100%| O|  |TAMS 0x0000000082300000| PB 0x0000000082300000| Untracked 
|  36|0x0000000082400000, 0x0000000082500000, 0x0000000082500000|100%| O|  |TAMS 0x0000000082400000| PB 0x0000000082400000| Untracked 
|  37|0x0000000082500000, 0x0000000082600000, 0x0000000082600000|100%| O|  |TAMS 0x0000000082500000| PB 0x0000000082500000| Untracked 
|  38|0x0000000082600000, 0x0000000082700000, 0x0000000082700000|100%| O|  |TAMS 0x0000000082600000| PB 0x0000000082600000| Untracked 
|  39|0x0000000082700000, 0x0000000082800000, 0x0000000082800000|100%| O|  |TAMS 0x0000000082700000| PB 0x0000000082700000| Untracked 
|  40|0x0000000082800000, 0x0000000082900000, 0x0000000082900000|100%| O|  |TAMS 0x0000000082800000| PB 0x0000000082800000| Untracked 
|  41|0x0000000082900000, 0x0000000082a00000, 0x0000000082a00000|100%| O|  |TAMS 0x0000000082900000| PB 0x0000000082900000| Untracked 
|  42|0x0000000082a00000, 0x0000000082b00000, 0x0000000082b00000|100%| O|  |TAMS 0x0000000082a00000| PB 0x0000000082a00000| Untracked 
|  43|0x0000000082b00000, 0x0000000082c00000, 0x0000000082c00000|100%|HS|  |TAMS 0x0000000082b00000| PB 0x0000000082b00000| Complete 
|  44|0x0000000082c00000, 0x0000000082d00000, 0x0000000082d00000|100%|HS|  |TAMS 0x0000000082c00000| PB 0x0000000082c00000| Complete 
|  45|0x0000000082d00000, 0x0000000082e00000, 0x0000000082e00000|100%| O|  |TAMS 0x0000000082d00000| PB 0x0000000082d00000| Untracked 
|  46|0x0000000082e00000, 0x0000000082f00000, 0x0000000082f00000|100%| O|  |TAMS 0x0000000082e00000| PB 0x0000000082e00000| Untracked 
|  47|0x0000000082f00000, 0x0000000083000000, 0x0000000083000000|100%| O|  |TAMS 0x0000000082f00000| PB 0x0000000082f00000| Untracked 
|  48|0x0000000083000000, 0x0000000083100000, 0x0000000083100000|100%| O|  |TAMS 0x0000000083000000| PB 0x0000000083000000| Untracked 
|  49|0x0000000083100000, 0x0000000083200000, 0x0000000083200000|100%| O|  |TAMS 0x0000000083100000| PB 0x0000000083100000| Untracked 
|  50|0x0000000083200000, 0x0000000083300000, 0x0000000083300000|100%| O|  |TAMS 0x0000000083200000| PB 0x0000000083200000| Untracked 
|  51|0x0000000083300000, 0x0000000083400000, 0x0000000083400000|100%| O|  |TAMS 0x0000000083300000| PB 0x0000000083300000| Untracked 
|  52|0x0000000083400000, 0x0000000083500000, 0x0000000083500000|100%| O|  |TAMS 0x0000000083400000| PB 0x0000000083400000| Untracked 
|  53|0x0000000083500000, 0x0000000083600000, 0x0000000083600000|100%| O|  |TAMS 0x0000000083500000| PB 0x0000000083500000| Untracked 
|  54|0x0000000083600000, 0x0000000083700000, 0x0000000083700000|100%|HS|  |TAMS 0x0000000083600000| PB 0x0000000083600000| Complete 
|  55|0x0000000083700000, 0x0000000083800000, 0x0000000083800000|100%|HC|  |TAMS 0x0000000083700000| PB 0x0000000083700000| Complete 
|  56|0x0000000083800000, 0x0000000083900000, 0x0000000083900000|100%|HS|  |TAMS 0x0000000083800000| PB 0x0000000083800000| Complete 
|  57|0x0000000083900000, 0x0000000083a00000, 0x0000000083a00000|100%|HC|  |TAMS 0x0000000083900000| PB 0x0000000083900000| Complete 
|  58|0x0000000083a00000, 0x0000000083b00000, 0x0000000083b00000|100%|HS|  |TAMS 0x0000000083a00000| PB 0x0000000083a00000| Complete 
|  59|0x0000000083b00000, 0x0000000083b00000, 0x0000000083c00000|  0%| F|  |TAMS 0x0000000083b00000| PB 0x0000000083b00000| Untracked 
|  60|0x0000000083c00000, 0x0000000083d00000, 0x0000000083d00000|100%| O|  |TAMS 0x0000000083c00000| PB 0x0000000083c00000| Untracked 
|  61|0x0000000083d00000, 0x0000000083e00000, 0x0000000083e00000|100%|HS|  |TAMS 0x0000000083d00000| PB 0x0000000083d00000| Complete 
|  62|0x0000000083e00000, 0x0000000083f00000, 0x0000000083f00000|100%|HC|  |TAMS 0x0000000083e00000| PB 0x0000000083e00000| Complete 
|  63|0x0000000083f00000, 0x0000000084000000, 0x0000000084000000|100%|HC|  |TAMS 0x0000000083f00000| PB 0x0000000083f00000| Complete 
|  64|0x0000000084000000, 0x0000000084100000, 0x0000000084100000|100%|HS|  |TAMS 0x0000000084000000| PB 0x0000000084000000| Complete 
|  65|0x0000000084100000, 0x0000000084200000, 0x0000000084200000|100%| O|  |TAMS 0x0000000084100000| PB 0x0000000084100000| Untracked 
|  66|0x0000000084200000, 0x0000000084300000, 0x0000000084300000|100%| O|  |TAMS 0x0000000084200000| PB 0x0000000084200000| Untracked 
|  67|0x0000000084300000, 0x0000000084400000, 0x0000000084400000|100%|HS|  |TAMS 0x0000000084300000| PB 0x0000000084300000| Complete 
|  68|0x0000000084400000, 0x0000000084500000, 0x0000000084500000|100%| O|  |TAMS 0x0000000084400000| PB 0x0000000084400000| Untracked 
|  69|0x0000000084500000, 0x0000000084600000, 0x0000000084600000|100%|HS|  |TAMS 0x0000000084500000| PB 0x0000000084500000| Complete 
|  70|0x0000000084600000, 0x0000000084700000, 0x0000000084700000|100%| O|  |TAMS 0x0000000084600000| PB 0x0000000084600000| Untracked 
|  71|0x0000000084700000, 0x0000000084800000, 0x0000000084800000|100%| O|  |TAMS 0x0000000084700000| PB 0x0000000084700000| Untracked 
|  72|0x0000000084800000, 0x0000000084900000, 0x0000000084900000|100%| O|  |TAMS 0x0000000084800000| PB 0x0000000084800000| Untracked 
|  73|0x0000000084900000, 0x0000000084a00000, 0x0000000084a00000|100%| O|  |TAMS 0x0000000084900000| PB 0x0000000084900000| Untracked 
|  74|0x0000000084a00000, 0x0000000084b00000, 0x0000000084b00000|100%| O|  |TAMS 0x0000000084a00000| PB 0x0000000084a00000| Untracked 
|  75|0x0000000084b00000, 0x0000000084c00000, 0x0000000084c00000|100%|HS|  |TAMS 0x0000000084b00000| PB 0x0000000084b00000| Complete 
|  76|0x0000000084c00000, 0x0000000084d00000, 0x0000000084d00000|100%| O|  |TAMS 0x0000000084c00000| PB 0x0000000084c00000| Untracked 
|  77|0x0000000084d00000, 0x0000000084e00000, 0x0000000084e00000|100%| O|  |TAMS 0x0000000084d00000| PB 0x0000000084d00000| Untracked 
|  78|0x0000000084e00000, 0x0000000084e00000, 0x0000000084f00000|  0%| F|  |TAMS 0x0000000084e00000| PB 0x0000000084e00000| Untracked 
|  79|0x0000000084f00000, 0x0000000085000000, 0x0000000085000000|100%|HS|  |TAMS 0x0000000084f00000| PB 0x0000000084f00000| Complete 
|  80|0x0000000085000000, 0x0000000085100000, 0x0000000085100000|100%|HC|  |TAMS 0x0000000085000000| PB 0x0000000085000000| Complete 
|  81|0x0000000085100000, 0x0000000085200000, 0x0000000085200000|100%|HC|  |TAMS 0x0000000085100000| PB 0x0000000085100000| Complete 
|  82|0x0000000085200000, 0x0000000085300000, 0x0000000085300000|100%| O|  |TAMS 0x0000000085200000| PB 0x0000000085200000| Untracked 
|  83|0x0000000085300000, 0x0000000085400000, 0x0000000085400000|100%| O|  |TAMS 0x0000000085300000| PB 0x0000000085300000| Untracked 
|  84|0x0000000085400000, 0x0000000085500000, 0x0000000085500000|100%| O|  |TAMS 0x0000000085400000| PB 0x0000000085400000| Untracked 
|  85|0x0000000085500000, 0x0000000085600000, 0x0000000085600000|100%| O|  |TAMS 0x0000000085500000| PB 0x0000000085500000| Untracked 
|  86|0x0000000085600000, 0x0000000085600000, 0x0000000085700000|  0%| F|  |TAMS 0x0000000085600000| PB 0x0000000085600000| Untracked 
|  87|0x0000000085700000, 0x0000000085800000, 0x0000000085800000|100%| O|  |TAMS 0x0000000085700000| PB 0x0000000085700000| Untracked 
|  88|0x0000000085800000, 0x0000000085900000, 0x0000000085900000|100%| O|  |TAMS 0x0000000085800000| PB 0x0000000085800000| Untracked 
|  89|0x0000000085900000, 0x0000000085a00000, 0x0000000085a00000|100%| O|  |TAMS 0x0000000085900000| PB 0x0000000085900000| Untracked 
|  90|0x0000000085a00000, 0x0000000085b00000, 0x0000000085b00000|100%| O|  |TAMS 0x0000000085a00000| PB 0x0000000085a00000| Untracked 
|  91|0x0000000085b00000, 0x0000000085c00000, 0x0000000085c00000|100%| O|  |TAMS 0x0000000085b00000| PB 0x0000000085b00000| Untracked 
|  92|0x0000000085c00000, 0x0000000085d00000, 0x0000000085d00000|100%| O|  |TAMS 0x0000000085c00000| PB 0x0000000085c00000| Untracked 
|  93|0x0000000085d00000, 0x0000000085d00000, 0x0000000085e00000|  0%| F|  |TAMS 0x0000000085d00000| PB 0x0000000085d00000| Untracked 
|  94|0x0000000085e00000, 0x0000000085f00000, 0x0000000085f00000|100%| O|  |TAMS 0x0000000085e00000| PB 0x0000000085e00000| Untracked 
|  95|0x0000000085f00000, 0x0000000086000000, 0x0000000086000000|100%| O|  |TAMS 0x0000000085f00000| PB 0x0000000085f00000| Untracked 
|  96|0x0000000086000000, 0x0000000086100000, 0x0000000086100000|100%| O|  |TAMS 0x0000000086000000| PB 0x0000000086000000| Untracked 
|  97|0x0000000086100000, 0x0000000086200000, 0x0000000086200000|100%| O|  |TAMS 0x0000000086100000| PB 0x0000000086100000| Untracked 
|  98|0x0000000086200000, 0x0000000086300000, 0x0000000086300000|100%| O|  |TAMS 0x0000000086200000| PB 0x0000000086200000| Untracked 
|  99|0x0000000086300000, 0x0000000086400000, 0x0000000086400000|100%| O|  |TAMS 0x0000000086300000| PB 0x0000000086300000| Untracked 
| 100|0x0000000086400000, 0x000000008649a088, 0x0000000086500000| 60%| O|  |TAMS 0x0000000086400000| PB 0x0000000086400000| Untracked 
| 101|0x0000000086500000, 0x0000000086500000, 0x0000000086600000|  0%| F|  |TAMS 0x0000000086500000| PB 0x0000000086500000| Untracked 
| 102|0x0000000086600000, 0x0000000086600000, 0x0000000086700000|  0%| F|  |TAMS 0x0000000086600000| PB 0x0000000086600000| Untracked 
| 103|0x0000000086700000, 0x0000000086700000, 0x0000000086800000|  0%| F|  |TAMS 0x0000000086700000| PB 0x0000000086700000| Untracked 
| 104|0x0000000086800000, 0x0000000086800000, 0x0000000086900000|  0%| F|  |TAMS 0x0000000086800000| PB 0x0000000086800000| Untracked 
| 105|0x0000000086900000, 0x0000000086900000, 0x0000000086a00000|  0%| F|  |TAMS 0x0000000086900000| PB 0x0000000086900000| Untracked 
| 106|0x0000000086a00000, 0x0000000086a00000, 0x0000000086b00000|  0%| F|  |TAMS 0x0000000086a00000| PB 0x0000000086a00000| Untracked 
| 107|0x0000000086b00000, 0x0000000086c00000, 0x0000000086c00000|100%| S|CS|TAMS 0x0000000086b00000| PB 0x0000000086b00000| Complete 
| 108|0x0000000086c00000, 0x0000000086d00000, 0x0000000086d00000|100%| S|CS|TAMS 0x0000000086c00000| PB 0x0000000086c00000| Complete 
| 109|0x0000000086d00000, 0x0000000086d00000, 0x0000000086e00000|  0%| F|  |TAMS 0x0000000086d00000| PB 0x0000000086d00000| Untracked 
| 110|0x0000000086e00000, 0x0000000086e00000, 0x0000000086f00000|  0%| F|  |TAMS 0x0000000086e00000| PB 0x0000000086e00000| Untracked 
| 111|0x0000000086f00000, 0x0000000086f00000, 0x0000000087000000|  0%| F|  |TAMS 0x0000000086f00000| PB 0x0000000086f00000| Untracked 
| 112|0x0000000087000000, 0x0000000087000000, 0x0000000087100000|  0%| F|  |TAMS 0x0000000087000000| PB 0x0000000087000000| Untracked 
| 113|0x0000000087100000, 0x0000000087100000, 0x0000000087200000|  0%| F|  |TAMS 0x0000000087100000| PB 0x0000000087100000| Untracked 
| 114|0x0000000087200000, 0x0000000087200000, 0x0000000087300000|  0%| F|  |TAMS 0x0000000087200000| PB 0x0000000087200000| Untracked 
| 115|0x0000000087300000, 0x0000000087300000, 0x0000000087400000|  0%| F|  |TAMS 0x0000000087300000| PB 0x0000000087300000| Untracked 
| 116|0x0000000087400000, 0x0000000087400000, 0x0000000087500000|  0%| F|  |TAMS 0x0000000087400000| PB 0x0000000087400000| Untracked 
| 117|0x0000000087500000, 0x0000000087500000, 0x0000000087600000|  0%| F|  |TAMS 0x0000000087500000| PB 0x0000000087500000| Untracked 
| 118|0x0000000087600000, 0x0000000087600000, 0x0000000087700000|  0%| F|  |TAMS 0x0000000087600000| PB 0x0000000087600000| Untracked 
| 119|0x0000000087700000, 0x0000000087700000, 0x0000000087800000|  0%| F|  |TAMS 0x0000000087700000| PB 0x0000000087700000| Untracked 
| 120|0x0000000087800000, 0x0000000087800000, 0x0000000087900000|  0%| F|  |TAMS 0x0000000087800000| PB 0x0000000087800000| Untracked 
| 121|0x0000000087900000, 0x0000000087900000, 0x0000000087a00000|  0%| F|  |TAMS 0x0000000087900000| PB 0x0000000087900000| Untracked 
| 122|0x0000000087a00000, 0x0000000087a00000, 0x0000000087b00000|  0%| F|  |TAMS 0x0000000087a00000| PB 0x0000000087a00000| Untracked 
| 123|0x0000000087b00000, 0x0000000087b00000, 0x0000000087c00000|  0%| F|  |TAMS 0x0000000087b00000| PB 0x0000000087b00000| Untracked 
| 124|0x0000000087c00000, 0x0000000087c00000, 0x0000000087d00000|  0%| F|  |TAMS 0x0000000087c00000| PB 0x0000000087c00000| Untracked 
| 125|0x0000000087d00000, 0x0000000087d00000, 0x0000000087e00000|  0%| F|  |TAMS 0x0000000087d00000| PB 0x0000000087d00000| Untracked 
| 126|0x0000000087e00000, 0x0000000087e00000, 0x0000000087f00000|  0%| F|  |TAMS 0x0000000087e00000| PB 0x0000000087e00000| Untracked 
| 127|0x0000000087f00000, 0x0000000087f00000, 0x0000000088000000|  0%| F|  |TAMS 0x0000000087f00000| PB 0x0000000087f00000| Untracked 
| 128|0x0000000088000000, 0x0000000088000000, 0x0000000088100000|  0%| F|  |TAMS 0x0000000088000000| PB 0x0000000088000000| Untracked 
| 129|0x0000000088100000, 0x0000000088100000, 0x0000000088200000|  0%| F|  |TAMS 0x0000000088100000| PB 0x0000000088100000| Untracked 
| 130|0x0000000088200000, 0x0000000088200000, 0x0000000088300000|  0%| F|  |TAMS 0x0000000088200000| PB 0x0000000088200000| Untracked 
| 131|0x0000000088300000, 0x0000000088300000, 0x0000000088400000|  0%| F|  |TAMS 0x0000000088300000| PB 0x0000000088300000| Untracked 
| 132|0x0000000088400000, 0x0000000088400000, 0x0000000088500000|  0%| F|  |TAMS 0x0000000088400000| PB 0x0000000088400000| Untracked 
| 133|0x0000000088500000, 0x0000000088500000, 0x0000000088600000|  0%| F|  |TAMS 0x0000000088500000| PB 0x0000000088500000| Untracked 
| 134|0x0000000088600000, 0x0000000088600000, 0x0000000088700000|  0%| F|  |TAMS 0x0000000088600000| PB 0x0000000088600000| Untracked 
| 135|0x0000000088700000, 0x0000000088700000, 0x0000000088800000|  0%| F|  |TAMS 0x0000000088700000| PB 0x0000000088700000| Untracked 
| 136|0x0000000088800000, 0x0000000088800000, 0x0000000088900000|  0%| F|  |TAMS 0x0000000088800000| PB 0x0000000088800000| Untracked 
| 137|0x0000000088900000, 0x0000000088900000, 0x0000000088a00000|  0%| F|  |TAMS 0x0000000088900000| PB 0x0000000088900000| Untracked 
| 138|0x0000000088a00000, 0x0000000088a00000, 0x0000000088b00000|  0%| F|  |TAMS 0x0000000088a00000| PB 0x0000000088a00000| Untracked 
| 139|0x0000000088b00000, 0x0000000088b00000, 0x0000000088c00000|  0%| F|  |TAMS 0x0000000088b00000| PB 0x0000000088b00000| Untracked 
| 140|0x0000000088c00000, 0x0000000088c00000, 0x0000000088d00000|  0%| F|  |TAMS 0x0000000088c00000| PB 0x0000000088c00000| Untracked 
| 141|0x0000000088d00000, 0x0000000088d00000, 0x0000000088e00000|  0%| F|  |TAMS 0x0000000088d00000| PB 0x0000000088d00000| Untracked 
| 142|0x0000000088e00000, 0x0000000088f00000, 0x0000000088f00000|100%| E|  |TAMS 0x0000000088e00000| PB 0x0000000088e00000| Complete 
| 143|0x0000000088f00000, 0x0000000089000000, 0x0000000089000000|100%| E|CS|TAMS 0x0000000088f00000| PB 0x0000000088f00000| Complete 
| 144|0x0000000089000000, 0x0000000089100000, 0x0000000089100000|100%| E|CS|TAMS 0x0000000089000000| PB 0x0000000089000000| Complete 
| 145|0x0000000089100000, 0x0000000089200000, 0x0000000089200000|100%| E|CS|TAMS 0x0000000089100000| PB 0x0000000089100000| Complete 
| 146|0x0000000089200000, 0x0000000089300000, 0x0000000089300000|100%| E|CS|TAMS 0x0000000089200000| PB 0x0000000089200000| Complete 
| 147|0x0000000089300000, 0x0000000089400000, 0x0000000089400000|100%| E|CS|TAMS 0x0000000089300000| PB 0x0000000089300000| Complete 
| 148|0x0000000089400000, 0x0000000089500000, 0x0000000089500000|100%| E|CS|TAMS 0x0000000089400000| PB 0x0000000089400000| Complete 
| 149|0x0000000089500000, 0x0000000089600000, 0x0000000089600000|100%| E|CS|TAMS 0x0000000089500000| PB 0x0000000089500000| Complete 
| 150|0x0000000089600000, 0x0000000089700000, 0x0000000089700000|100%| E|CS|TAMS 0x0000000089600000| PB 0x0000000089600000| Complete 
| 151|0x0000000089700000, 0x0000000089800000, 0x0000000089800000|100%| E|CS|TAMS 0x0000000089700000| PB 0x0000000089700000| Complete 
| 152|0x0000000089800000, 0x0000000089900000, 0x0000000089900000|100%| E|CS|TAMS 0x0000000089800000| PB 0x0000000089800000| Complete 
| 153|0x0000000089900000, 0x0000000089a00000, 0x0000000089a00000|100%| E|CS|TAMS 0x0000000089900000| PB 0x0000000089900000| Complete 
| 154|0x0000000089a00000, 0x0000000089b00000, 0x0000000089b00000|100%| E|CS|TAMS 0x0000000089a00000| PB 0x0000000089a00000| Complete 
| 155|0x0000000089b00000, 0x0000000089c00000, 0x0000000089c00000|100%| E|CS|TAMS 0x0000000089b00000| PB 0x0000000089b00000| Complete 
| 156|0x0000000089c00000, 0x0000000089d00000, 0x0000000089d00000|100%| E|CS|TAMS 0x0000000089c00000| PB 0x0000000089c00000| Complete 
| 157|0x0000000089d00000, 0x0000000089e00000, 0x0000000089e00000|100%| E|CS|TAMS 0x0000000089d00000| PB 0x0000000089d00000| Complete 
| 158|0x0000000089e00000, 0x0000000089f00000, 0x0000000089f00000|100%| E|CS|TAMS 0x0000000089e00000| PB 0x0000000089e00000| Complete 
|2040|0x00000000ff800000, 0x00000000ff900000, 0x00000000ff900000|100%| O|  |TAMS 0x00000000ff800000| PB 0x00000000ff800000| Untracked 
|2041|0x00000000ff900000, 0x00000000ffa00000, 0x00000000ffa00000|100%| O|  |TAMS 0x00000000ff900000| PB 0x00000000ff900000| Untracked 
|2042|0x00000000ffa00000, 0x00000000ffb00000, 0x00000000ffb00000|100%| O|  |TAMS 0x00000000ffa00000| PB 0x00000000ffa00000| Untracked 
|2043|0x00000000ffb00000, 0x00000000ffc00000, 0x00000000ffc00000|100%| O|  |TAMS 0x00000000ffb00000| PB 0x00000000ffb00000| Untracked 
|2044|0x00000000ffc00000, 0x00000000ffd00000, 0x00000000ffd00000|100%| O|  |TAMS 0x00000000ffc00000| PB 0x00000000ffc00000| Untracked 
|2045|0x00000000ffd00000, 0x00000000ffe00000, 0x00000000ffe00000|100%| O|  |TAMS 0x00000000ffd00000| PB 0x00000000ffd00000| Untracked 
|2046|0x00000000ffe00000, 0x00000000fff00000, 0x00000000fff00000|100%| O|  |TAMS 0x00000000ffe00000| PB 0x00000000ffe00000| Untracked 
|2047|0x00000000fff00000, 0x0000000100000000, 0x0000000100000000|100%| E|CS|TAMS 0x00000000fff00000| PB 0x00000000fff00000| Complete 

Card table byte_map: [0x00000206de9d0000,0x00000206dedd0000] _byte_map_base: 0x00000206de5d0000

Marking Bits: (CMBitMap*) 0x00000206c9fbe650
 Bits: [0x00000206dedd0000, 0x00000206e0dd0000)

Polling page: 0x00000206c9eb0000

Metaspace:

Usage:
  Non-class:     85.30 MB used.
      Class:     13.91 MB used.
       Both:     99.21 MB used.

Virtual space:
  Non-class space:      128.00 MB reserved,      86.31 MB ( 67%) committed,  2 nodes.
      Class space:        1.00 GB reserved,      14.88 MB (  1%) committed,  1 nodes.
             Both:        1.12 GB reserved,     101.19 MB (  9%) committed. 

Chunk freelists:
   Non-Class:  9.31 MB
       Class:  976.00 KB
        Both:  10.27 MB

MaxMetaspaceSize: unlimited
CompressedClassSpaceSize: 1.00 GB
Initial GC threshold: 21.00 MB
Current GC threshold: 159.62 MB
CDS: off
 - commit_granule_bytes: 65536.
 - commit_granule_words: 8192.
 - virtual_space_node_default_size: 8388608.
 - enlarge_chunks_in_place: 1.
 - use_allocation_guard: 0.


Internal statistics:

num_allocs_failed_limit: 9.
num_arena_births: 3976.
num_arena_deaths: 0.
num_vsnodes_births: 3.
num_vsnodes_deaths: 0.
num_space_committed: 1619.
num_space_uncommitted: 0.
num_chunks_returned_to_freelist: 9.
num_chunks_taken_from_freelist: 8328.
num_chunk_merges: 9.
num_chunk_splits: 5403.
num_chunks_enlarged: 3332.
num_inconsistent_stats: 0.

CodeHeap 'non-profiled nmethods': size=120000Kb used=5062Kb max_used=5062Kb free=114937Kb
 bounds [0x00000206d6d70000, 0x00000206d7270000, 0x00000206de2a0000]
CodeHeap 'profiled nmethods': size=120000Kb used=17479Kb max_used=17479Kb free=102520Kb
 bounds [0x00000206cf2a0000, 0x00000206d03c0000, 0x00000206d67d0000]
CodeHeap 'non-nmethods': size=5760Kb used=2838Kb max_used=2878Kb free=2921Kb
 bounds [0x00000206d67d0000, 0x00000206d6ab0000, 0x00000206d6d70000]
CodeCache: size=245760Kb, used=25379Kb, max_used=25419Kb, free=220378Kb
 total_blobs=10447, nmethods=9486, adapters=865, full_count=0
Compilation: enabled, stopped_count=0, restarted_count=0

Compilation events (20 events):
Event: 28.833 Thread 0x00000206e39e3f60 11351       3       org.gradle.internal.ImmutableActionSet::mergeFrom (37 bytes)
Event: 28.833 Thread 0x00000206e39e3f60 nmethod 11351 0x00000206d03ae390 code [0x00000206d03ae580, 0x00000206d03aea38]
Event: 28.835 Thread 0x00000206e39e3f60 11352       3       java.lang.invoke.BoundMethodHandle::copyWith (7 bytes)
Event: 28.835 Thread 0x00000206e39e3f60 nmethod 11352 0x00000206d03aeb90 code [0x00000206d03aed40, 0x00000206d03aef00]
Event: 28.837 Thread 0x00000206e39e3f60 11353       3       org.gradle.api.internal.provider.ValueState$NonFinalizedValue::shallowCopy (11 bytes)
Event: 28.837 Thread 0x00000206e39e3f60 nmethod 11353 0x00000206d03aef90 code [0x00000206d03af140, 0x00000206d03af310]
Event: 28.838 Thread 0x00000206e39e3f60 11354       3       org.gradle.api.internal.file.collections.DefaultConfigurableFileCollection::assertMutable (14 bytes)
Event: 28.838 Thread 0x00000206e39e3f60 nmethod 11354 0x00000206d03af410 code [0x00000206d03af620, 0x00000206d03afc88]
Event: 28.838 Thread 0x00000206e39e3f60 11355       3       org.gradle.api.internal.file.collections.DefaultConfigurableFileCollection$$Lambda/0x00000001007bde40::<init> (10 bytes)
Event: 28.839 Thread 0x00000206e39e3f60 nmethod 11355 0x00000206d7260290 code [0x00000206d7260440, 0x00000206d72605f8]
Event: 28.845 Thread 0x00000206e39e3f60 11357       1       com.android.build.gradle.options.BooleanOption::getFutureStage (5 bytes)
Event: 28.845 Thread 0x00000206e39e3f60 nmethod 11357 0x00000206d7260690 code [0x00000206d7260820, 0x00000206d72608e8]
Event: 28.861 Thread 0x00000206e39e3f60 11358       1       com.android.build.api.artifact.impl.TypedStorageProvider::access$getPropertyAllocator$p (5 bytes)
Event: 28.861 Thread 0x00000206e39e3f60 nmethod 11358 0x00000206d7260990 code [0x00000206d7260b20, 0x00000206d7260bd0]
Event: 28.882 Thread 0x00000206e39e3f60 11359       3       sun.reflect.generics.repository.ClassRepository::parse (8 bytes)
Event: 28.883 Thread 0x00000206e39e3f60 nmethod 11359 0x00000206d03aff10 code [0x00000206d03b00e0, 0x00000206d03b04a0]
Event: 28.883 Thread 0x00000206e39e3f60 11360       3       sun.reflect.generics.parser.SignatureParser::parseClassSig (10 bytes)
Event: 28.883 Thread 0x00000206e39e3f60 nmethod 11360 0x00000206d03b0610 code [0x00000206d03b07c0, 0x00000206d03b09c8]
Event: 28.898 Thread 0x00000206e39e3f60 11361       3       org.gradle.api.internal.file.DefaultFilePropertyFactory$AbstractFileVar::<init> (7 bytes)
Event: 28.899 Thread 0x00000206e39e3f60 nmethod 11361 0x00000206d03b0a90 code [0x00000206d03b0d00, 0x00000206d03b1980]

GC Heap History (20 events):
Event: 20.398 GC heap before
{Heap before GC invocations=30 (full 0):
 garbage-first heap   total 130048K, used 113937K [0x0000000080000000, 0x0000000100000000)
  region size 1024K, 40 young (40960K), 7 survivors (7168K)
 Metaspace       used 76979K, committed 78720K, reserved 1179648K
  class space    used 10756K, committed 11584K, reserved 1048576K
}
Event: 20.404 GC heap after
{Heap after GC invocations=31 (full 0):
 garbage-first heap   total 130048K, used 81435K [0x0000000080000000, 0x0000000100000000)
  region size 1024K, 2 young (2048K), 2 survivors (2048K)
 Metaspace       used 76979K, committed 78720K, reserved 1179648K
  class space    used 10756K, committed 11584K, reserved 1048576K
}
Event: 21.282 GC heap before
{Heap before GC invocations=31 (full 0):
 garbage-first heap   total 130048K, used 114203K [0x0000000080000000, 0x0000000100000000)
  region size 1024K, 35 young (35840K), 2 survivors (2048K)
 Metaspace       used 80730K, committed 82496K, reserved 1179648K
  class space    used 11233K, committed 12096K, reserved 1048576K
}
Event: 21.287 GC heap after
{Heap after GC invocations=32 (full 0):
 garbage-first heap   total 130048K, used 82212K [0x0000000080000000, 0x0000000100000000)
  region size 1024K, 3 young (3072K), 3 survivors (3072K)
 Metaspace       used 80730K, committed 82496K, reserved 1179648K
  class space    used 11233K, committed 12096K, reserved 1048576K
}
Event: 22.168 GC heap before
{Heap before GC invocations=33 (full 0):
 garbage-first heap   total 138240K, used 121124K [0x0000000080000000, 0x0000000100000000)
  region size 1024K, 37 young (37888K), 3 survivors (3072K)
 Metaspace       used 83513K, committed 85376K, reserved 1179648K
  class space    used 11668K, committed 12544K, reserved 1048576K
}
Event: 22.175 GC heap after
{Heap after GC invocations=34 (full 0):
 garbage-first heap   total 138240K, used 87479K [0x0000000080000000, 0x0000000100000000)
  region size 1024K, 5 young (5120K), 5 survivors (5120K)
 Metaspace       used 83513K, committed 85376K, reserved 1179648K
  class space    used 11668K, committed 12544K, reserved 1048576K
}
Event: 23.083 GC heap before
{Heap before GC invocations=34 (full 0):
 garbage-first heap   total 138240K, used 124343K [0x0000000080000000, 0x0000000100000000)
  region size 1024K, 41 young (41984K), 5 survivors (5120K)
 Metaspace       used 86398K, committed 88320K, reserved 1179648K
  class space    used 12032K, committed 12992K, reserved 1048576K
}
Event: 23.091 GC heap after
{Heap after GC invocations=35 (full 0):
 garbage-first heap   total 138240K, used 89231K [0x0000000080000000, 0x0000000100000000)
  region size 1024K, 5 young (5120K), 5 survivors (5120K)
 Metaspace       used 86398K, committed 88320K, reserved 1179648K
  class space    used 12032K, committed 12992K, reserved 1048576K
}
Event: 24.020 GC heap before
{Heap before GC invocations=35 (full 0):
 garbage-first heap   total 138240K, used 124047K [0x0000000080000000, 0x0000000100000000)
  region size 1024K, 39 young (39936K), 5 survivors (5120K)
 Metaspace       used 90098K, committed 91968K, reserved 1179648K
  class space    used 12517K, committed 13440K, reserved 1048576K
}
Event: 24.027 GC heap after
{Heap after GC invocations=36 (full 0):
 garbage-first heap   total 138240K, used 91368K [0x0000000080000000, 0x0000000100000000)
  region size 1024K, 4 young (4096K), 4 survivors (4096K)
 Metaspace       used 90098K, committed 91968K, reserved 1179648K
  class space    used 12517K, committed 13440K, reserved 1048576K
}
Event: 24.913 GC heap before
{Heap before GC invocations=37 (full 0):
 garbage-first heap   total 153600K, used 128232K [0x0000000080000000, 0x0000000100000000)
  region size 1024K, 37 young (37888K), 4 survivors (4096K)
 Metaspace       used 92996K, committed 94912K, reserved 1179648K
  class space    used 12914K, committed 13824K, reserved 1048576K
}
Event: 24.918 GC heap after
{Heap after GC invocations=38 (full 0):
 garbage-first heap   total 153600K, used 96485K [0x0000000080000000, 0x0000000100000000)
  region size 1024K, 4 young (4096K), 4 survivors (4096K)
 Metaspace       used 92996K, committed 94912K, reserved 1179648K
  class space    used 12914K, committed 13824K, reserved 1048576K
}
Event: 25.958 GC heap before
{Heap before GC invocations=38 (full 0):
 garbage-first heap   total 153600K, used 140517K [0x0000000080000000, 0x0000000100000000)
  region size 1024K, 47 young (48128K), 4 survivors (4096K)
 Metaspace       used 95525K, committed 97536K, reserved 1179648K
  class space    used 13315K, committed 14272K, reserved 1048576K
}
Event: 25.967 GC heap after
{Heap after GC invocations=39 (full 0):
 garbage-first heap   total 153600K, used 98298K [0x0000000080000000, 0x0000000100000000)
  region size 1024K, 5 young (5120K), 5 survivors (5120K)
 Metaspace       used 95525K, committed 97536K, reserved 1179648K
  class space    used 13315K, committed 14272K, reserved 1048576K
}
Event: 26.440 GC heap before
{Heap before GC invocations=39 (full 0):
 garbage-first heap   total 153600K, used 140282K [0x0000000080000000, 0x0000000100000000)
  region size 1024K, 46 young (47104K), 5 survivors (5120K)
 Metaspace       used 95917K, committed 97856K, reserved 1179648K
  class space    used 13377K, committed 14336K, reserved 1048576K
}
Event: 26.449 GC heap after
{Heap after GC invocations=40 (full 0):
 garbage-first heap   total 153600K, used 101907K [0x0000000080000000, 0x0000000100000000)
  region size 1024K, 6 young (6144K), 6 survivors (6144K)
 Metaspace       used 95917K, committed 97856K, reserved 1179648K
  class space    used 13377K, committed 14336K, reserved 1048576K
}
Event: 27.333 GC heap before
{Heap before GC invocations=41 (full 0):
 garbage-first heap   total 171008K, used 137747K [0x0000000080000000, 0x0000000100000000)
  region size 1024K, 41 young (41984K), 6 survivors (6144K)
 Metaspace       used 96416K, committed 98432K, reserved 1179648K
  class space    used 13447K, committed 14400K, reserved 1048576K
}
Event: 27.344 GC heap after
{Heap after GC invocations=42 (full 0):
 garbage-first heap   total 171008K, used 106837K [0x0000000080000000, 0x0000000100000000)
  region size 1024K, 5 young (5120K), 5 survivors (5120K)
 Metaspace       used 96416K, committed 98432K, reserved 1179648K
  class space    used 13447K, committed 14400K, reserved 1048576K
}
Event: 28.371 GC heap before
{Heap before GC invocations=42 (full 0):
 garbage-first heap   total 171008K, used 153941K [0x0000000080000000, 0x0000000100000000)
  region size 1024K, 51 young (52224K), 5 survivors (5120K)
 Metaspace       used 99997K, committed 102016K, reserved 1179648K
  class space    used 13945K, committed 14912K, reserved 1048576K
}
Event: 28.379 GC heap after
{Heap after GC invocations=43 (full 0):
 garbage-first heap   total 171008K, used 108136K [0x0000000080000000, 0x0000000100000000)
  region size 1024K, 2 young (2048K), 2 survivors (2048K)
 Metaspace       used 99997K, committed 102016K, reserved 1179648K
  class space    used 13945K, committed 14912K, reserved 1048576K
}

Dll operation events (3 events):
Event: 0.012 Loaded shared library D:\Android\jbr\bin\java.dll
Event: 0.020 Loaded shared library D:\Android\jbr\bin\zip.dll
Event: 1.254 Loaded shared library D:\Android\jbr\bin\verify.dll

Deoptimization events (20 events):
Event: 28.271 Thread 0x00000206e98956d0 Uncommon trap: trap_request=0xffffff45 fr.pc=0x00000206d6f6b044 relative=0x0000000000000304
Event: 28.271 Thread 0x00000206e98956d0 Uncommon trap: reason=unstable_if action=reinterpret pc=0x00000206d6f6b044 method=java.lang.String.indexOf([BBILjava/lang/String;I)I @ 22 c2
Event: 28.271 Thread 0x00000206e98956d0 DEOPT PACKING pc=0x00000206d6f6b044 sp=0x000000630c8f7260
Event: 28.271 Thread 0x00000206e98956d0 DEOPT UNPACKING pc=0x00000206d68246a2 sp=0x000000630c8f71f0 mode 2
Event: 28.303 Thread 0x00000206e98956d0 Uncommon trap: trap_request=0xffffff45 fr.pc=0x00000206d6e1bd54 relative=0x00000000000005d4
Event: 28.304 Thread 0x00000206e98956d0 Uncommon trap: reason=unstable_if action=reinterpret pc=0x00000206d6e1bd54 method=java.lang.AbstractStringBuilder.appendChars(Ljava/lang/String;II)V @ 11 c2
Event: 28.304 Thread 0x00000206e98956d0 DEOPT PACKING pc=0x00000206d6e1bd54 sp=0x000000630c8f7120
Event: 28.304 Thread 0x00000206e98956d0 DEOPT UNPACKING pc=0x00000206d68246a2 sp=0x000000630c8f7060 mode 2
Event: 28.304 Thread 0x00000206e98956d0 Uncommon trap: trap_request=0xffffff45 fr.pc=0x00000206d6e44480 relative=0x00000000000004c0
Event: 28.304 Thread 0x00000206e98956d0 Uncommon trap: reason=unstable_if action=reinterpret pc=0x00000206d6e44480 method=java.lang.String.<init>(Ljava/lang/AbstractStringBuilder;Ljava/lang/Void;)V @ 19 c2
Event: 28.304 Thread 0x00000206e98956d0 DEOPT PACKING pc=0x00000206d6e44480 sp=0x000000630c8f71e0
Event: 28.304 Thread 0x00000206e98956d0 DEOPT UNPACKING pc=0x00000206d68246a2 sp=0x000000630c8f7190 mode 2
Event: 28.304 Thread 0x00000206e98956d0 Uncommon trap: trap_request=0xffffff45 fr.pc=0x00000206d6de0704 relative=0x0000000000000524
Event: 28.304 Thread 0x00000206e98956d0 Uncommon trap: reason=unstable_if action=reinterpret pc=0x00000206d6de0704 method=java.lang.AbstractStringBuilder.inflateIfNeededFor(Ljava/lang/String;)V @ 14 c2
Event: 28.304 Thread 0x00000206e98956d0 DEOPT PACKING pc=0x00000206d6de0704 sp=0x000000630c8f71a0
Event: 28.304 Thread 0x00000206e98956d0 DEOPT UNPACKING pc=0x00000206d68246a2 sp=0x000000630c8f7098 mode 2
Event: 28.304 Thread 0x00000206e98956d0 Uncommon trap: trap_request=0xffffff45 fr.pc=0x00000206d6dc250c relative=0x00000000000000ec
Event: 28.304 Thread 0x00000206e98956d0 Uncommon trap: reason=unstable_if action=reinterpret pc=0x00000206d6dc250c method=java.lang.String.getBytes([BIB)V @ 5 c2
Event: 28.304 Thread 0x00000206e98956d0 DEOPT PACKING pc=0x00000206d6dc250c sp=0x000000630c8f70c0
Event: 28.304 Thread 0x00000206e98956d0 DEOPT UNPACKING pc=0x00000206d68246a2 sp=0x000000630c8f7088 mode 2

Classes loaded (20 events):
Event: 25.938 Loading class java/lang/PackageCustomizer
Event: 25.938 Loading class java/lang/PackageCustomizer done
Event: 25.938 Loading class java/lang/PackageCustomizer
Event: 25.938 Loading class java/lang/PackageCustomizer done
Event: 25.945 Loading class java/lang/BooleanBeanInfo
Event: 25.945 Loading class java/lang/BooleanBeanInfo done
Event: 25.946 Loading class java/lang/BooleanBeanInfo
Event: 25.946 Loading class java/lang/BooleanBeanInfo done
Event: 25.946 Loading class java/lang/BooleanCustomizer
Event: 25.946 Loading class java/lang/BooleanCustomizer done
Event: 25.947 Loading class java/lang/BooleanCustomizer
Event: 25.947 Loading class java/lang/BooleanCustomizer done
Event: 25.947 Loading class jdk/internal/ValueBased
Event: 25.947 Loading class jdk/internal/ValueBased done
Event: 26.247 Loading class java/beans/IntrospectionException
Event: 26.247 Loading class java/beans/IntrospectionException done
Event: 28.178 Loading class sun/reflect/generics/repository/FieldRepository
Event: 28.179 Loading class sun/reflect/generics/repository/FieldRepository done
Event: 28.305 Loading class java/util/regex/Pattern$Caret
Event: 28.305 Loading class java/util/regex/Pattern$Caret done

Classes unloaded (0 events):
No events

Classes redefined (0 events):
No events

Internal exceptions (20 events):
Event: 26.309 Thread 0x00000206e98956d0 Exception <a 'java/lang/ClassNotFoundException'{0x00000000873b9b88}: com/google/firebase/crashlytics/buildtools/gradle/CrashlyticsExtension_DecoratedCustomizer> (0x00000000873b9b88) 
thrown [s\src\hotspot\share\classfile\systemDictionary.cpp, line 312]
Event: 26.319 Thread 0x00000206e98956d0 Exception <a 'java/lang/ClassNotFoundException'{0x0000000087252e78}: com/google/firebase/crashlytics/buildtools/gradle/CrashlyticsExtension$SymbolGenerator_DecoratedBeanInfo> (0x0000000087252e78) 
thrown [s\src\hotspot\share\classfile\systemDictionary.cpp, line 312]
Event: 26.324 Thread 0x00000206e98956d0 Exception <a 'java/lang/ClassNotFoundException'{0x0000000087265688}: com/google/firebase/crashlytics/buildtools/gradle/CrashlyticsExtension$SymbolGenerator_DecoratedCustomizer> (0x0000000087265688) 
thrown [s\src\hotspot\share\classfile\systemDictionary.cpp, line 312]
Event: 26.338 Thread 0x00000206e98956d0 Exception <a 'java/lang/ClassNotFoundException'{0x00000000870f5160}: org/gradle/api/internal/FactoryNamedDomainObjectContainer_DecoratedBeanInfo> (0x00000000870f5160) 
thrown [s\src\hotspot\share\classfile\systemDictionary.cpp, line 312]
Event: 26.339 Thread 0x00000206e98956d0 Exception <a 'java/lang/ClassNotFoundException'{0x0000000086f10690}: org/gradle/api/internal/FactoryNamedDomainObjectContainerBeanInfo> (0x0000000086f10690) 
thrown [s\src\hotspot\share\classfile\systemDictionary.cpp, line 312]
Event: 26.341 Thread 0x00000206e98956d0 Exception <a 'java/lang/ClassNotFoundException'{0x0000000086f2b898}: org/gradle/api/internal/AbstractNamedDomainObjectContainerBeanInfo> (0x0000000086f2b898) 
thrown [s\src\hotspot\share\classfile\systemDictionary.cpp, line 312]
Event: 26.342 Thread 0x00000206e98956d0 Exception <a 'java/lang/ClassNotFoundException'{0x0000000086f46ac0}: org/gradle/api/internal/AbstractNamedDomainObjectContainerCustomizer> (0x0000000086f46ac0) 
thrown [s\src\hotspot\share\classfile\systemDictionary.cpp, line 312]
Event: 26.345 Thread 0x00000206e98956d0 Exception <a 'java/lang/ClassNotFoundException'{0x0000000086f88970}: org/gradle/api/internal/FactoryNamedDomainObjectContainerCustomizer> (0x0000000086f88970) 
thrown [s\src\hotspot\share\classfile\systemDictionary.cpp, line 312]
Event: 26.347 Thread 0x00000206e98956d0 Exception <a 'java/lang/ClassNotFoundException'{0x0000000086fad658}: org/gradle/api/internal/FactoryNamedDomainObjectContainer_DecoratedCustomizer> (0x0000000086fad658) 
thrown [s\src\hotspot\share\classfile\systemDictionary.cpp, line 312]
Event: 26.395 Thread 0x00000206e98956d0 Exception <a 'java/lang/ClassNotFoundException'{0x0000000086997e78}: com/android/build/gradle/internal/dsl/BuildType$AgpDecorated_DecoratedBeanInfo> (0x0000000086997e78) 
thrown [s\src\hotspot\share\classfile\systemDictionary.cpp, line 312]
Event: 26.396 Thread 0x00000206e98956d0 Exception <a 'java/lang/ClassNotFoundException'{0x00000000869ab108}: com/android/build/gradle/internal/dsl/BuildType$AgpDecoratedBeanInfo> (0x00000000869ab108) 
thrown [s\src\hotspot\share\classfile\systemDictionary.cpp, line 312]
Event: 26.397 Thread 0x00000206e98956d0 Exception <a 'java/lang/ClassNotFoundException'{0x00000000869be000}: com/android/build/gradle/internal/dsl/BuildTypeBeanInfo> (0x00000000869be000) 
thrown [s\src\hotspot\share\classfile\systemDictionary.cpp, line 312]
Event: 26.398 Thread 0x00000206e98956d0 Exception <a 'java/lang/ClassNotFoundException'{0x00000000869d0c80}: com/android/builder/core/AbstractBuildTypeBeanInfo> (0x00000000869d0c80) 
thrown [s\src\hotspot\share\classfile\systemDictionary.cpp, line 312]
Event: 26.399 Thread 0x00000206e98956d0 Exception <a 'java/lang/ClassNotFoundException'{0x00000000869e3920}: com/android/builder/core/AbstractBuildTypeCustomizer> (0x00000000869e3920) 
thrown [s\src\hotspot\share\classfile\systemDictionary.cpp, line 312]
Event: 26.401 Thread 0x00000206e98956d0 Exception <a 'java/lang/ClassNotFoundException'{0x00000000868136c8}: com/android/build/gradle/internal/dsl/BuildTypeCustomizer> (0x00000000868136c8) 
thrown [s\src\hotspot\share\classfile\systemDictionary.cpp, line 312]
Event: 26.407 Thread 0x00000206e98956d0 Exception <a 'java/lang/ClassNotFoundException'{0x00000000868b0db8}: com/android/build/gradle/internal/dsl/BuildType$AgpDecoratedCustomizer> (0x00000000868b0db8) 
thrown [s\src\hotspot\share\classfile\systemDictionary.cpp, line 312]
Event: 26.411 Thread 0x00000206e98956d0 Exception <a 'java/lang/ClassNotFoundException'{0x0000000086709858}: com/android/build/gradle/internal/dsl/BuildType$AgpDecorated_DecoratedCustomizer> (0x0000000086709858) 
thrown [s\src\hotspot\share\classfile\systemDictionary.cpp, line 312]
Event: 26.428 Thread 0x00000206e98956d0 Exception <a 'java/lang/ClassNotFoundException'{0x000000008665e6f8}: org/gradle/configuration/internal/DefaultListenerBuildOperationDecorator$BuildOperationEmittingClosureBeanInfo> (0x000000008665e6f8) 
thrown [s\src\hotspot\share\classfile\systemDictionary.cpp, line 312]
Event: 26.430 Thread 0x00000206e98956d0 Exception <a 'java/lang/ClassNotFoundException'{0x000000008667ad58}: org/gradle/configuration/internal/DefaultListenerBuildOperationDecorator$BuildOperationEmittingClosureCustomizer> (0x000000008667ad58) 
thrown [s\src\hotspot\share\classfile\systemDictionary.cpp, line 312]
Event: 27.708 Thread 0x00000206e98956d0 Exception <a 'java/lang/NoSuchMethodError'{0x0000000088c53f30}: 'java.lang.Object java.lang.invoke.DirectMethodHandle$Holder.newInvokeSpecial(java.lang.Object, java.lang.Object, java.lang.Object, java.lang.Object, java.lang.Object, java.lang.Object, java.lang.Object, java.lang.Object, java.lang.Object, java.lang.Object, java.lang.Object, java.lang.Object, java.lang.Object, java.lang.Object)'> (0x0000000088c53f30) 
thrown [s\src\hotspot\share\interpreter\linkResolver.cpp, line 784]

ZGC Phase Switch (0 events):
No events

VM Operations (20 events):
Event: 24.553 Executing VM operation: HandshakeAllThreads (Deoptimize)
Event: 24.554 Executing VM operation: HandshakeAllThreads (Deoptimize) done
Event: 24.913 Executing VM operation: G1CollectForAllocation (G1 Evacuation Pause)
Event: 24.918 Executing VM operation: G1CollectForAllocation (G1 Evacuation Pause) done
Event: 25.891 Executing VM operation: HandshakeAllThreads (Deoptimize)
Event: 25.891 Executing VM operation: HandshakeAllThreads (Deoptimize) done
Event: 25.958 Executing VM operation: G1CollectForAllocation (G1 Evacuation Pause)
Event: 25.967 Executing VM operation: G1CollectForAllocation (G1 Evacuation Pause) done
Event: 26.440 Executing VM operation: G1CollectForAllocation (G1 Evacuation Pause)
Event: 26.449 Executing VM operation: G1CollectForAllocation (G1 Evacuation Pause) done
Event: 26.554 Executing VM operation: G1PauseRemark
Event: 26.561 Executing VM operation: G1PauseRemark done
Event: 26.609 Executing VM operation: G1PauseCleanup
Event: 26.609 Executing VM operation: G1PauseCleanup done
Event: 27.333 Executing VM operation: G1CollectForAllocation (G1 Evacuation Pause)
Event: 27.344 Executing VM operation: G1CollectForAllocation (G1 Evacuation Pause) done
Event: 27.623 Executing VM operation: HandshakeAllThreads (Deoptimize)
Event: 27.623 Executing VM operation: HandshakeAllThreads (Deoptimize) done
Event: 28.371 Executing VM operation: G1CollectForAllocation (G1 Evacuation Pause)
Event: 28.380 Executing VM operation: G1CollectForAllocation (G1 Evacuation Pause) done

Memory protections (0 events):
No events

Nmethod flushes (20 events):
Event: 26.559 Thread 0x00000206e38184f0 flushing  nmethod 0x00000206cfa4de10
Event: 26.559 Thread 0x00000206e38184f0 flushing  nmethod 0x00000206cfafe510
Event: 26.559 Thread 0x00000206e38184f0 flushing  nmethod 0x00000206cfb4a790
Event: 26.559 Thread 0x00000206e38184f0 flushing  nmethod 0x00000206cfbbbd90
Event: 26.559 Thread 0x00000206e38184f0 flushing  nmethod 0x00000206cfcd7290
Event: 26.559 Thread 0x00000206e38184f0 flushing  nmethod 0x00000206cfdc1790
Event: 26.559 Thread 0x00000206e38184f0 flushing  nmethod 0x00000206d009d710
Event: 26.559 Thread 0x00000206e38184f0 flushing  nmethod 0x00000206d6f04f90
Event: 26.559 Thread 0x00000206e38184f0 flushing  nmethod 0x00000206d6ff4690
Event: 26.559 Thread 0x00000206e38184f0 flushing  nmethod 0x00000206cf2af490
Event: 26.559 Thread 0x00000206e38184f0 flushing  nmethod 0x00000206cf402790
Event: 26.559 Thread 0x00000206e38184f0 flushing  nmethod 0x00000206cf439610
Event: 26.559 Thread 0x00000206e38184f0 flushing  nmethod 0x00000206cf43a390
Event: 26.559 Thread 0x00000206e38184f0 flushing  nmethod 0x00000206cf43e690
Event: 26.559 Thread 0x00000206e38184f0 flushing  nmethod 0x00000206cf43e990
Event: 26.559 Thread 0x00000206e38184f0 flushing  nmethod 0x00000206cfa33610
Event: 26.559 Thread 0x00000206e38184f0 flushing  nmethod 0x00000206cfb0d410
Event: 26.559 Thread 0x00000206e38184f0 flushing  nmethod 0x00000206cfc75e10
Event: 26.559 Thread 0x00000206e38184f0 flushing  nmethod 0x00000206cfd13090
Event: 26.559 Thread 0x00000206e38184f0 flushing  nmethod 0x00000206cfe37f90

Events (20 events):
Event: 12.928 Thread 0x00000206e98956d0 Thread added: 0x00000206ed3b2fa0
Event: 12.930 Thread 0x00000206e98956d0 Thread added: 0x00000206ed3b1bf0
Event: 12.933 Thread 0x00000206e98956d0 Thread added: 0x00000206ed3b3630
Event: 12.942 Thread 0x00000206e98956d0 Thread added: 0x00000206ed3b2280
Event: 12.946 Thread 0x00000206e98956d0 Thread added: 0x00000206ed3b0ed0
Event: 12.951 Thread 0x00000206e98956d0 Thread added: 0x00000206ed3af490
Event: 13.694 Thread 0x00000206e98956d0 Thread added: 0x00000206ed3ada50
Event: 13.695 Thread 0x00000206e98956d0 Thread added: 0x00000206ed3b01b0
Event: 13.695 Thread 0x00000206e98956d0 Thread added: 0x00000206ed3b1560
Event: 13.696 Thread 0x00000206e98956d0 Thread added: 0x00000206ed3b3cc0
Event: 13.697 Thread 0x00000206e98956d0 Thread added: 0x00000206ed3b4350
Event: 13.697 Thread 0x00000206e98956d0 Thread added: 0x00000206ed3afb20
Event: 13.698 Thread 0x00000206e98956d0 Thread added: 0x00000206ed3ad3c0
Event: 20.169 Thread 0x00000206e39fced0 Thread added: 0x00000206eaf4f5f0
Event: 20.505 Thread 0x00000206e98956d0 Thread added: 0x00000206ed3ae0e0
Event: 20.871 Thread 0x00000206eaf4f5f0 Thread exited: 0x00000206eaf4f5f0
Event: 21.166 Thread 0x00000206e39e3f60 Thread added: 0x00000206ec31d500
Event: 21.402 Thread 0x00000206e98956d0 Thread added: 0x00000206ed3b0840
Event: 24.323 Thread 0x00000206e98956d0 Thread added: 0x00000206edb5d3b0
Event: 24.336 Thread 0x00000206ec31d500 Thread exited: 0x00000206ec31d500


Dynamic libraries:
0x00007ff6b9fa0000 - 0x00007ff6b9faa000 	D:\Android\jbr\bin\java.exe
0x00007ffdb4490000 - 0x00007ffdb4688000 	C:\Windows\SYSTEM32\ntdll.dll
0x00007ffdb2a90000 - 0x00007ffdb2b52000 	C:\Windows\System32\KERNEL32.DLL
0x00007ffdb1d70000 - 0x00007ffdb2066000 	C:\Windows\System32\KERNELBASE.dll
0x00007ffdb2240000 - 0x00007ffdb2340000 	C:\Windows\System32\ucrtbase.dll
0x00007ffd9e130000 - 0x00007ffd9e14b000 	D:\Android\jbr\bin\VCRUNTIME140.dll
0x00007ffd84850000 - 0x00007ffd84868000 	D:\Android\jbr\bin\jli.dll
0x00007ffdb3f30000 - 0x00007ffdb40d1000 	C:\Windows\System32\USER32.dll
0x00007ffdb2480000 - 0x00007ffdb24a2000 	C:\Windows\System32\win32u.dll
0x00007ffd999b0000 - 0x00007ffd99c4b000 	C:\Windows\WinSxS\amd64_microsoft.windows.common-controls_6595b64144ccf1df_6.0.19041.6456_none_60b8a6cb71f64256\COMCTL32.dll
0x00007ffdb2c20000 - 0x00007ffdb2c4b000 	C:\Windows\System32\GDI32.dll
0x00007ffdb4200000 - 0x00007ffdb429e000 	C:\Windows\System32\msvcrt.dll
0x00007ffdb2120000 - 0x00007ffdb2239000 	C:\Windows\System32\gdi32full.dll
0x00007ffdb1b70000 - 0x00007ffdb1c0d000 	C:\Windows\System32\msvcp_win.dll
0x00007ffdb2760000 - 0x00007ffdb278f000 	C:\Windows\System32\IMM32.DLL
0x00007ffd9e220000 - 0x00007ffd9e22c000 	D:\Android\jbr\bin\vcruntime140_1.dll
0x00007ffd66af0000 - 0x00007ffd66b7d000 	D:\Android\jbr\bin\msvcp140.dll
0x00007ffd674f0000 - 0x00007ffd68186000 	D:\Android\jbr\bin\server\jvm.dll
0x00007ffdb2c50000 - 0x00007ffdb2d01000 	C:\Windows\System32\ADVAPI32.dll
0x00007ffdb29d0000 - 0x00007ffdb2a6f000 	C:\Windows\System32\sechost.dll
0x00007ffdb32c0000 - 0x00007ffdb33e0000 	C:\Windows\System32\RPCRT4.dll
0x00007ffdb2340000 - 0x00007ffdb2367000 	C:\Windows\System32\bcrypt.dll
0x00007ffdb2790000 - 0x00007ffdb27fb000 	C:\Windows\System32\WS2_32.dll
0x00007ffdb1980000 - 0x00007ffdb19cb000 	C:\Windows\SYSTEM32\POWRPROF.dll
0x00007ffda6f90000 - 0x00007ffda6fb7000 	C:\Windows\SYSTEM32\WINMM.dll
0x00007ffda9540000 - 0x00007ffda954a000 	C:\Windows\SYSTEM32\VERSION.dll
0x00007ffdb1960000 - 0x00007ffdb1972000 	C:\Windows\SYSTEM32\UMPDC.dll
0x00007ffdaf990000 - 0x00007ffdaf9a2000 	C:\Windows\SYSTEM32\kernel.appcore.dll
0x00007ffd9b390000 - 0x00007ffd9b39a000 	D:\Android\jbr\bin\jimage.dll
0x00007ffdabdc0000 - 0x00007ffdabfc1000 	C:\Windows\SYSTEM32\DBGHELP.DLL
0x00007ffda97a0000 - 0x00007ffda97d4000 	C:\Windows\SYSTEM32\dbgcore.DLL
0x00007ffdb23f0000 - 0x00007ffdb2472000 	C:\Windows\System32\bcryptPrimitives.dll
0x00007ffd85b20000 - 0x00007ffd85b2e000 	D:\Android\jbr\bin\instrument.dll
0x00007ffd85c00000 - 0x00007ffd85c20000 	D:\Android\jbr\bin\java.dll
0x00007ffd84b70000 - 0x00007ffd84b88000 	D:\Android\jbr\bin\zip.dll
0x00007ffdb33e0000 - 0x00007ffdb3b50000 	C:\Windows\System32\SHELL32.dll
0x00007ffdafb90000 - 0x00007ffdb0335000 	C:\Windows\SYSTEM32\windows.storage.dll
0x00007ffdb3bd0000 - 0x00007ffdb3f24000 	C:\Windows\System32\combase.dll
0x00007ffdb1470000 - 0x00007ffdb149b000 	C:\Windows\SYSTEM32\Wldp.dll
0x00007ffdb31e0000 - 0x00007ffdb32ad000 	C:\Windows\System32\OLEAUT32.dll
0x00007ffdb24b0000 - 0x00007ffdb255d000 	C:\Windows\System32\SHCORE.dll
0x00007ffdb2690000 - 0x00007ffdb26eb000 	C:\Windows\System32\shlwapi.dll
0x00007ffdb1a50000 - 0x00007ffdb1a74000 	C:\Windows\SYSTEM32\profapi.dll
0x00007ffd9b380000 - 0x00007ffd9b390000 	D:\Android\jbr\bin\net.dll
0x00007ffdad850000 - 0x00007ffdad95a000 	C:\Windows\SYSTEM32\WINHTTP.dll
0x00007ffdb11d0000 - 0x00007ffdb123a000 	C:\Windows\system32\mswsock.dll
0x00007ffd84b50000 - 0x00007ffd84b66000 	D:\Android\jbr\bin\nio.dll
0x00007ffda4bb0000 - 0x00007ffda4bc0000 	D:\Android\jbr\bin\verify.dll
0x00007ffd7dca0000 - 0x00007ffd7dcc7000 	C:\Users\Admin\.gradle\native\1def1411415f61bf3af743bc5b6707747c0891f09f0c88961ee8f79bc544acac\windows-amd64\native-platform.dll
0x00007ffd655f0000 - 0x00007ffd65668000 	C:\Users\Admin\.gradle\native\0.2.7\x86_64-windows-gnu\gradle-fileevents.dll
0x00007ffd89220000 - 0x00007ffd89229000 	D:\Android\jbr\bin\management.dll
0x00007ffd88260000 - 0x00007ffd8826b000 	D:\Android\jbr\bin\management_ext.dll
0x00007ffdb2750000 - 0x00007ffdb2758000 	C:\Windows\System32\PSAPI.DLL
0x00007ffdb0eb0000 - 0x00007ffdb0eeb000 	C:\Windows\SYSTEM32\IPHLPAPI.DLL
0x00007ffdb2c10000 - 0x00007ffdb2c18000 	C:\Windows\System32\NSI.dll
0x00007ffd89830000 - 0x00007ffd89839000 	D:\Android\jbr\bin\extnet.dll
0x00007ffdb13d0000 - 0x00007ffdb13e8000 	C:\Windows\SYSTEM32\CRYPTSP.dll
0x00007ffdb0af0000 - 0x00007ffdb0b28000 	C:\Windows\system32\rsaenh.dll
0x00007ffdb1a10000 - 0x00007ffdb1a3e000 	C:\Windows\SYSTEM32\USERENV.dll
0x00007ffdb13c0000 - 0x00007ffdb13cc000 	C:\Windows\SYSTEM32\CRYPTBASE.dll
0x00007ffd8fd80000 - 0x00007ffd8fd87000 	C:\Windows\system32\wshunix.dll

JVMTI agents:
C:\Users\Admin\.gradle\wrapper\dists\gradle-8.13-bin\5xuhj0ry160q40clulazy9h7d\gradle-8.13\lib\agents\gradle-instrumentation-agent-8.13.jar path:D:\Android\jbr\bin\instrument.dll, loaded, initialized, instrumentlib options:none

dbghelp: loaded successfully - version: 4.0.5 - missing functions: none
symbol engine: initialized successfully - sym options: 0x614 - pdb path: .;D:\Android\jbr\bin;C:\Windows\SYSTEM32;C:\Windows\WinSxS\amd64_microsoft.windows.common-controls_6595b64144ccf1df_6.0.19041.6456_none_60b8a6cb71f64256;D:\Android\jbr\bin\server;C:\Users\Admin\.gradle\native\1def1411415f61bf3af743bc5b6707747c0891f09f0c88961ee8f79bc544acac\windows-amd64;C:\Users\Admin\.gradle\native\0.2.7\x86_64-windows-gnu

VM Arguments:
jvm_args: --add-opens=java.base/java.lang=ALL-UNNAMED --add-opens=java.base/java.lang.invoke=ALL-UNNAMED --add-opens=java.base/java.util=ALL-UNNAMED --add-opens=java.prefs/java.util.prefs=ALL-UNNAMED --add-exports=jdk.compiler/com.sun.tools.javac.api=ALL-UNNAMED --add-exports=jdk.compiler/com.sun.tools.javac.util=ALL-UNNAMED --add-opens=java.base/java.util=ALL-UNNAMED --add-opens=java.prefs/java.util.prefs=ALL-UNNAMED --add-opens=java.base/java.nio.charset=ALL-UNNAMED --add-opens=java.base/java.net=ALL-UNNAMED --add-opens=java.base/java.util.concurrent.atomic=ALL-UNNAMED --add-opens=java.xml/javax.xml.namespace=ALL-UNNAMED -Xmx2048m -Dfile.encoding=UTF-8 -Duser.country=RU -Duser.language=ru -Duser.variant -javaagent:C:\Users\Admin\.gradle\wrapper\dists\gradle-8.13-bin\5xuhj0ry160q40clulazy9h7d\gradle-8.13\lib\agents\gradle-instrumentation-agent-8.13.jar 
java_command: org.gradle.launcher.daemon.bootstrap.GradleDaemon 8.13
java_class_path (initial): C:\Users\Admin\.gradle\wrapper\dists\gradle-8.13-bin\5xuhj0ry160q40clulazy9h7d\gradle-8.13\lib\gradle-daemon-main-8.13.jar
Launcher Type: SUN_STANDARD

[Global flags]
     intx CICompilerCount                          = 4                                         {product} {ergonomic}
     uint ConcGCThreads                            = 2                                         {product} {ergonomic}
     uint G1ConcRefinementThreads                  = 8                                         {product} {ergonomic}
   size_t G1HeapRegionSize                         = 1048576                                   {product} {ergonomic}
    uintx GCDrainStackTargetSize                   = 64                                        {product} {ergonomic}
   size_t InitialHeapSize                          = 100663296                                 {product} {ergonomic}
   size_t MarkStackSize                            = 4194304                                   {product} {ergonomic}
   size_t MaxHeapSize                              = 2147483648                                {product} {command line}
   size_t MaxNewSize                               = 1287651328                                {product} {ergonomic}
   size_t MinHeapDeltaBytes                        = 1048576                                   {product} {ergonomic}
   size_t MinHeapSize                              = 8388608                                   {product} {ergonomic}
    uintx NonNMethodCodeHeapSize                   = 5839372                                {pd product} {ergonomic}
    uintx NonProfiledCodeHeapSize                  = 122909434                              {pd product} {ergonomic}
    uintx ProfiledCodeHeapSize                     = 122909434                              {pd product} {ergonomic}
    uintx ReservedCodeCacheSize                    = 251658240                              {pd product} {ergonomic}
     bool SegmentedCodeCache                       = true                                      {product} {ergonomic}
   size_t SoftMaxHeapSize                          = 2147483648                             {manageable} {ergonomic}
     bool UseCompressedOops                        = true                           {product lp64_product} {ergonomic}
     bool UseG1GC                                  = true                                      {product} {ergonomic}
     bool UseLargePagesIndividualAllocation        = false                                  {pd product} {ergonomic}

Logging:
Log output configuration:
 #0: stdout all=warning uptime,level,tags foldmultilines=false
 #1: stderr all=off uptime,level,tags foldmultilines=false

Environment Variables:
PATH=C:\Program Files (x86)\NVIDIA Corporation\PhysX\Common;C:\Program Files (x86)\Common Files\Oracle\Java\java8path;C:\Program Files (x86)\Common Files\Oracle\Java\javapath;C:\Windows\system32;C:\Windows;C:\Windows\System32\Wbem;C:\Windows\System32\WindowsPowerShell\v1.0\;C:\Windows\System32\OpenSSH\;C:\Program Files\Microsoft SQL Server\150\Tools\Binn\;C:\Program Files (x86)\Windows Kits\10\Windows Performance Toolkit\;C:\Program Files\nodejs\;C:\Program Files\Git\cmd;C:\Program Files\OpenSSL-Win64\bin;D:\PuTTY\;C:\TDM-GCC-32\bin;C:\Program Files\dotnet\;C:\Program Files\TortoiseGit\bin;C:\php;C:\Users\Admin\AppData\Local\Microsoft\WindowsApps;C:\Users\Admin\AppData\Local\atom\bin;C:\Users\Admin\AppData\Roaming\npm;C:\Users\Admin\AppData\Local\spicetify;C:\msys64\ucrt64\bin;C:\Users\Admin\.dotnet\tools;D:\flutter\bin;
USERNAME=Admin
OS=Windows_NT
PROCESSOR_IDENTIFIER=AMD64 Family 23 Model 24 Stepping 1, AuthenticAMD
TMP=C:\Users\Admin\AppData\Local\Temp
TEMP=C:\Users\Admin\AppData\Local\Temp




Periodic native trim disabled

JNI global refs:
JNI global refs: 28, weak refs: 5

JNI global refs memory usage: 835, weak refs: 833

Process memory usage:
Resident Set Size: 408832K (6% of 6232908K total physical memory with 305272K free physical memory)

OOME stack traces (most recent first):
Classloader memory used:
