#
# There is insufficient memory for the Java Runtime Environment to continue.
# Native memory allocation (mmap) failed to map 19922944 bytes. Error detail: G1 virtual space
# Possible reasons:
#   The system is out of physical RAM or swap space
#   This process is running with CompressedOops enabled, and the Java Heap may be blocking the growth of the native heap
# Possible solutions:
#   Reduce memory load on the system
#   Increase physical memory or swap space
#   Check if swap backing store is full
#   Decrease Java heap size (-Xmx/-Xms)
#   Decrease number of Java threads
#   Decrease Java thread stack sizes (-Xss)
#   Set larger code cache with -XX:ReservedCodeCacheSize=
#   JVM is running with Unscaled Compressed Oops mode in which the Java heap is
#     placed in the first 4GB address space. The Java Heap base address is the
#     maximum limit for the native heap growth. Please use -XX:HeapBaseMinAddress
#     to set the Java Heap base and to place the Java Heap above 4GB virtual address.
# This output file may be truncated or incomplete.
#
#  Out of Memory Error (os_windows.cpp:3925), pid=11452, tid=12744
#
# JRE version: OpenJDK Runtime Environment (21.0.8) (build 21.0.8+-14196175-b1038.72)
# Java VM: OpenJDK 64-Bit Server VM (21.0.8+-14196175-b1038.72, mixed mode, tiered, compressed oops, compressed class ptrs, g1 gc, windows-amd64)
# No core dump will be written. Minidumps are not enabled by default on client versions of Windows
#

---------------  S U M M A R Y ------------

Command Line: --add-opens=java.base/java.lang=ALL-UNNAMED --add-opens=java.base/java.lang.invoke=ALL-UNNAMED --add-opens=java.base/java.util=ALL-UNNAMED --add-opens=java.prefs/java.util.prefs=ALL-UNNAMED --add-exports=jdk.compiler/com.sun.tools.javac.api=ALL-UNNAMED --add-exports=jdk.compiler/com.sun.tools.javac.util=ALL-UNNAMED --add-opens=java.base/java.util=ALL-UNNAMED --add-opens=java.prefs/java.util.prefs=ALL-UNNAMED --add-opens=java.base/java.nio.charset=ALL-UNNAMED --add-opens=java.base/java.net=ALL-UNNAMED --add-opens=java.base/java.util.concurrent.atomic=ALL-UNNAMED --add-opens=java.xml/javax.xml.namespace=ALL-UNNAMED -Xmx2048m -Dfile.encoding=UTF-8 -Duser.country=RU -Duser.language=ru -Duser.variant -javaagent:C:\Users\Admin\.gradle\wrapper\dists\gradle-8.13-bin\5xuhj0ry160q40clulazy9h7d\gradle-8.13\lib\agents\gradle-instrumentation-agent-8.13.jar org.gradle.launcher.daemon.bootstrap.GradleDaemon 8.13

Host: AMD Ryzen 5 3500U with Radeon Vega Mobile Gfx  , 8 cores, 5G,  Windows 10 , 64 bit Build 19041 (10.0.19041.5915)
Time: Fri Nov 28 21:30:08 2025 elapsed time: 12.537882 seconds (0d 0h 0m 12s)

---------------  T H R E A D  ---------------

Current thread (0x000001d7fb831cc0):  VMThread "VM Thread"          [id=12744, stack(0x0000008296c00000,0x0000008296d00000) (1024K)]

Stack: [0x0000008296c00000,0x0000008296d00000]
Native frames: (J=compiled Java code, j=interpreted, Vv=VM code, C=native code)
V  [jvm.dll+0x6d68d9]
V  [jvm.dll+0x866693]
V  [jvm.dll+0x868c4e]
V  [jvm.dll+0x869333]
V  [jvm.dll+0x280566]
V  [jvm.dll+0x6d3195]
V  [jvm.dll+0x6c69ea]
V  [jvm.dll+0x3586db]
V  [jvm.dll+0x360336]
V  [jvm.dll+0x3b23f6]
V  [jvm.dll+0x3b26c8]
V  [jvm.dll+0x32ae6c]
V  [jvm.dll+0x32d806]
V  [jvm.dll+0x3376dd]
V  [jvm.dll+0x36ee15]
V  [jvm.dll+0x86f0b8]
V  [jvm.dll+0x870434]
V  [jvm.dll+0x870970]
V  [jvm.dll+0x870c03]
V  [jvm.dll+0x80eac8]
V  [jvm.dll+0x6d512d]
C  [ucrtbase.dll+0x21bb2]
C  [KERNEL32.DLL+0x17374]
C  [ntdll.dll+0x4cc91]

VM_Operation (0x00000082967ff790): G1PauseRemark, mode: safepoint, requested by thread 0x000001d7e41f9ea0


---------------  P R O C E S S  ---------------

Threads class SMR info:
_java_thread_list=0x000001d7874f4e10, length=73, elements={
0x000001d7e4190c30, 0x000001d78403c7a0, 0x000001d78406c980, 0x000001d78406d790,
0x000001d78407f1d0, 0x000001d78407fc30, 0x000001d784080690, 0x000001d7840518b0,
0x000001d784055b40, 0x000001d7840565e0, 0x000001d78434cff0, 0x000001d78509a9e0,
0x000001d78562e530, 0x000001d78608f1c0, 0x000001d7860f2580, 0x000001d78611eeb0,
0x000001d78611f520, 0x000001d78621eec0, 0x000001d786225aa0, 0x000001d785ff1c40,
0x000001d785ff15b0, 0x000001d785feee50, 0x000001d785fee7c0, 0x000001d785fefb70,
0x000001d785fef4e0, 0x000001d785ff0890, 0x000001d785ff0f20, 0x000001d78a030ff0,
0x000001d78a0302d0, 0x000001d78a02fc40, 0x000001d78a02ef20, 0x000001d78a030960,
0x000001d78a02f5b0, 0x000001d78a031d10, 0x000001d78a02e890, 0x000001d78a031680,
0x000001d788bd9230, 0x000001d788bd8ba0, 0x000001d788bdc6b0, 0x000001d788bdcd40,
0x000001d788bdee10, 0x000001d788bd98c0, 0x000001d788bdd3d0, 0x000001d788bdda60,
0x000001d788bdb990, 0x000001d788bdc020, 0x000001d788bd8510, 0x000001d788bde0f0,
0x000001d788bd7e80, 0x000001d788bdf4a0, 0x000001d78b26e720, 0x000001d78b268b40,
0x000001d78b26a580, 0x000001d78b26cce0, 0x000001d78b26d370, 0x000001d78b26bfc0,
0x000001d78b269ef0, 0x000001d78b26e090, 0x000001d78b26c650, 0x000001d78b26b2a0,
0x000001d78b2691d0, 0x000001d78b26f440, 0x000001d78b26da00, 0x000001d78b26fad0,
0x000001d78b26b930, 0x000001d785116660, 0x000001d78511a170, 0x000001d785113870,
0x000001d785113f00, 0x000001d7851131e0, 0x000001d785114c20, 0x000001d785118730,
0x000001d785114590
}

Java Threads: ( => current thread )
  0x000001d7e4190c30 JavaThread "main"                              [_thread_blocked, id=12980, stack(0x0000008296500000,0x0000008296600000) (1024K)]
  0x000001d78403c7a0 JavaThread "Common-Cleaner"             daemon [_thread_blocked, id=13384, stack(0x0000008296d00000,0x0000008296e00000) (1024K)]
  0x000001d78406c980 JavaThread "Reference Handler"          daemon [_thread_blocked, id=9496, stack(0x0000008296e00000,0x0000008296f00000) (1024K)]
  0x000001d78406d790 JavaThread "Finalizer"                  daemon [_thread_blocked, id=8712, stack(0x0000008296f00000,0x0000008297000000) (1024K)]
  0x000001d78407f1d0 JavaThread "Signal Dispatcher"          daemon [_thread_blocked, id=13608, stack(0x0000008297000000,0x0000008297100000) (1024K)]
  0x000001d78407fc30 JavaThread "Attach Listener"            daemon [_thread_blocked, id=14112, stack(0x0000008297100000,0x0000008297200000) (1024K)]
  0x000001d784080690 JavaThread "Service Thread"             daemon [_thread_blocked, id=14068, stack(0x0000008297200000,0x0000008297300000) (1024K)]
  0x000001d7840518b0 JavaThread "Monitor Deflation Thread"   daemon [_thread_blocked, id=10984, stack(0x0000008297300000,0x0000008297400000) (1024K)]
  0x000001d784055b40 JavaThread "C2 CompilerThread0"         daemon [_thread_blocked, id=7820, stack(0x0000008297400000,0x0000008297500000) (1024K)]
  0x000001d7840565e0 JavaThread "C1 CompilerThread0"         daemon [_thread_blocked, id=14436, stack(0x0000008297500000,0x0000008297600000) (1024K)]
  0x000001d78434cff0 JavaThread "Notification Thread"        daemon [_thread_blocked, id=10796, stack(0x0000008297600000,0x0000008297700000) (1024K)]
  0x000001d78509a9e0 JavaThread "C2 CompilerThread1"         daemon [_thread_blocked, id=10848, stack(0x0000008297800000,0x0000008297900000) (1024K)]
  0x000001d78562e530 JavaThread "Daemon health stats"               [_thread_blocked, id=9228, stack(0x0000008297d00000,0x0000008297e00000) (1024K)]
  0x000001d78608f1c0 JavaThread "Incoming local TCP Connector on port 59236"        [_thread_in_native, id=4684, stack(0x0000008297e00000,0x0000008297f00000) (1024K)]
  0x000001d7860f2580 JavaThread "Daemon periodic checks"            [_thread_blocked, id=3412, stack(0x0000008297f00000,0x0000008298000000) (1024K)]
  0x000001d78611eeb0 JavaThread "Daemon"                            [_thread_blocked, id=12036, stack(0x0000008298000000,0x0000008298100000) (1024K)]
  0x000001d78611f520 JavaThread "Handler for socket connection from /127.0.0.1:59236 to /127.0.0.1:59237"        [_thread_in_native, id=1312, stack(0x0000008298100000,0x0000008298200000) (1024K)]
  0x000001d78621eec0 JavaThread "Cancel handler"                    [_thread_blocked, id=8656, stack(0x0000008298200000,0x0000008298300000) (1024K)]
  0x000001d786225aa0 JavaThread "Daemon worker"                     [_thread_blocked, id=8636, stack(0x0000008298300000,0x0000008298400000) (1024K)]
  0x000001d785ff1c40 JavaThread "Asynchronous log dispatcher for DefaultDaemonConnection: socket connection from /127.0.0.1:59236 to /127.0.0.1:59237"        [_thread_blocked, id=3508, stack(0x0000008298400000,0x0000008298500000) (1024K)]
  0x000001d785ff15b0 JavaThread "Stdin handler"                     [_thread_blocked, id=9024, stack(0x0000008298800000,0x0000008298900000) (1024K)]
  0x000001d785feee50 JavaThread "Daemon client event forwarder"        [_thread_blocked, id=10552, stack(0x0000008298900000,0x0000008298a00000) (1024K)]
  0x000001d785fee7c0 JavaThread "Cache worker for journal cache (C:\Users\Admin\.gradle\caches\journal-1)"        [_thread_blocked, id=13884, stack(0x0000008298a00000,0x0000008298b00000) (1024K)]
  0x000001d785fefb70 JavaThread "File lock request listener"        [_thread_in_native, id=10124, stack(0x0000008298b00000,0x0000008298c00000) (1024K)]
  0x000001d785fef4e0 JavaThread "Cache worker for file hash cache (C:\Users\Admin\.gradle\caches\8.13\fileHashes)"        [_thread_blocked, id=15272, stack(0x0000008298c00000,0x0000008298d00000) (1024K)]
  0x000001d785ff0890 JavaThread "Cache worker for file hash cache (C:\Users\Admin\Documents\StudyPlanner2\.gradle\8.13\fileHashes)"        [_thread_blocked, id=1104, stack(0x0000008298e00000,0x0000008298f00000) (1024K)]
  0x000001d785ff0f20 JavaThread "Cache worker for Build Output Cleanup Cache (C:\Users\Admin\Documents\StudyPlanner2\.gradle\buildOutputCleanup)"        [_thread_blocked, id=7488, stack(0x0000008298f00000,0x0000008299000000) (1024K)]
  0x000001d78a030ff0 JavaThread "File watcher server"        daemon [_thread_in_native, id=1408, stack(0x0000008299000000,0x0000008299100000) (1024K)]
  0x000001d78a0302d0 JavaThread "File watcher consumer"      daemon [_thread_blocked, id=13892, stack(0x0000008299100000,0x0000008299200000) (1024K)]
  0x000001d78a02fc40 JavaThread "jar transforms"                    [_thread_blocked, id=13908, stack(0x0000008299200000,0x0000008299300000) (1024K)]
  0x000001d78a02ef20 JavaThread "jar transforms Thread 2"           [_thread_blocked, id=12548, stack(0x0000008299300000,0x0000008299400000) (1024K)]
  0x000001d78a030960 JavaThread "jar transforms Thread 3"           [_thread_blocked, id=10168, stack(0x0000008299400000,0x0000008299500000) (1024K)]
  0x000001d78a02f5b0 JavaThread "jar transforms Thread 4"           [_thread_blocked, id=5740, stack(0x0000008299500000,0x0000008299600000) (1024K)]
  0x000001d78a031d10 JavaThread "jar transforms Thread 5"           [_thread_blocked, id=12592, stack(0x0000008299600000,0x0000008299700000) (1024K)]
  0x000001d78a02e890 JavaThread "jar transforms Thread 6"           [_thread_blocked, id=12556, stack(0x0000008299700000,0x0000008299800000) (1024K)]
  0x000001d78a031680 JavaThread "jar transforms Thread 7"           [_thread_blocked, id=7700, stack(0x0000008299800000,0x0000008299900000) (1024K)]
  0x000001d788bd9230 JavaThread "jar transforms Thread 8"           [_thread_blocked, id=11616, stack(0x0000008299900000,0x0000008299a00000) (1024K)]
  0x000001d788bd8ba0 JavaThread "Cache worker for checksums cache (C:\Users\Admin\Documents\StudyPlanner2\.gradle\8.13\checksums)"        [_thread_blocked, id=10072, stack(0x0000008299a00000,0x0000008299b00000) (1024K)]
  0x000001d788bdc6b0 JavaThread "Cache worker for file content cache (C:\Users\Admin\.gradle\caches\8.13\fileContent)"        [_thread_blocked, id=14036, stack(0x0000008299b00000,0x0000008299c00000) (1024K)]
  0x000001d788bdcd40 JavaThread "Cache worker for cache directory md-supplier (C:\Users\Admin\.gradle\caches\8.13\md-supplier)"        [_thread_blocked, id=13496, stack(0x0000008299c00000,0x0000008299d00000) (1024K)]
  0x000001d788bdee10 JavaThread "Cache worker for cache directory md-rule (C:\Users\Admin\.gradle\caches\8.13\md-rule)"        [_thread_blocked, id=3228, stack(0x0000008299d00000,0x0000008299e00000) (1024K)]
  0x000001d788bd98c0 JavaThread "Unconstrained build operations"        [_thread_blocked, id=5272, stack(0x0000008298d00000,0x0000008298e00000) (1024K)]
  0x000001d788bdd3d0 JavaThread "Unconstrained build operations Thread 2"        [_thread_blocked, id=4612, stack(0x0000008299e00000,0x0000008299f00000) (1024K)]
  0x000001d788bdda60 JavaThread "Unconstrained build operations Thread 3"        [_thread_blocked, id=10104, stack(0x0000008299f00000,0x000000829a000000) (1024K)]
  0x000001d788bdb990 JavaThread "Unconstrained build operations Thread 4"        [_thread_blocked, id=7064, stack(0x000000829a000000,0x000000829a100000) (1024K)]
  0x000001d788bdc020 JavaThread "Unconstrained build operations Thread 5"        [_thread_blocked, id=9796, stack(0x000000829a100000,0x000000829a200000) (1024K)]
  0x000001d788bd8510 JavaThread "Unconstrained build operations Thread 6"        [_thread_blocked, id=13224, stack(0x000000829a200000,0x000000829a300000) (1024K)]
  0x000001d788bde0f0 JavaThread "Unconstrained build operations Thread 7"        [_thread_blocked, id=11944, stack(0x000000829a300000,0x000000829a400000) (1024K)]
  0x000001d788bd7e80 JavaThread "Unconstrained build operations Thread 8"        [_thread_blocked, id=11988, stack(0x000000829a400000,0x000000829a500000) (1024K)]
  0x000001d788bdf4a0 JavaThread "Unconstrained build operations Thread 9"        [_thread_blocked, id=16004, stack(0x000000829a500000,0x000000829a600000) (1024K)]
  0x000001d78b26e720 JavaThread "Unconstrained build operations Thread 10"        [_thread_blocked, id=13912, stack(0x000000829a600000,0x000000829a700000) (1024K)]
  0x000001d78b268b40 JavaThread "Unconstrained build operations Thread 11"        [_thread_blocked, id=12700, stack(0x000000829a700000,0x000000829a800000) (1024K)]
  0x000001d78b26a580 JavaThread "Unconstrained build operations Thread 12"        [_thread_blocked, id=1444, stack(0x000000829a800000,0x000000829a900000) (1024K)]
  0x000001d78b26cce0 JavaThread "Unconstrained build operations Thread 13"        [_thread_blocked, id=4708, stack(0x000000829a900000,0x000000829aa00000) (1024K)]
  0x000001d78b26d370 JavaThread "Unconstrained build operations Thread 14"        [_thread_blocked, id=4604, stack(0x000000829aa00000,0x000000829ab00000) (1024K)]
  0x000001d78b26bfc0 JavaThread "Unconstrained build operations Thread 15"        [_thread_blocked, id=9660, stack(0x000000829ab00000,0x000000829ac00000) (1024K)]
  0x000001d78b269ef0 JavaThread "Unconstrained build operations Thread 16"        [_thread_blocked, id=3356, stack(0x000000829ac00000,0x000000829ad00000) (1024K)]
  0x000001d78b26e090 JavaThread "Unconstrained build operations Thread 17"        [_thread_blocked, id=1276, stack(0x000000829ad00000,0x000000829ae00000) (1024K)]
  0x000001d78b26c650 JavaThread "Unconstrained build operations Thread 18"        [_thread_blocked, id=11632, stack(0x000000829ae00000,0x000000829af00000) (1024K)]
  0x000001d78b26b2a0 JavaThread "Unconstrained build operations Thread 19"        [_thread_blocked, id=15736, stack(0x000000829af00000,0x000000829b000000) (1024K)]
  0x000001d78b2691d0 JavaThread "Unconstrained build operations Thread 20"        [_thread_blocked, id=4004, stack(0x000000829b000000,0x000000829b100000) (1024K)]
  0x000001d78b26f440 JavaThread "Unconstrained build operations Thread 21"        [_thread_blocked, id=3788, stack(0x000000829b100000,0x000000829b200000) (1024K)]
  0x000001d78b26da00 JavaThread "Unconstrained build operations Thread 22"        [_thread_blocked, id=4560, stack(0x000000829b200000,0x000000829b300000) (1024K)]
  0x000001d78b26fad0 JavaThread "Unconstrained build operations Thread 23"        [_thread_blocked, id=9212, stack(0x000000829b300000,0x000000829b400000) (1024K)]
  0x000001d78b26b930 JavaThread "Unconstrained build operations Thread 24"        [_thread_blocked, id=12228, stack(0x000000829b400000,0x000000829b500000) (1024K)]
  0x000001d785116660 JavaThread "Unconstrained build operations Thread 25"        [_thread_blocked, id=13620, stack(0x000000829b500000,0x000000829b600000) (1024K)]
  0x000001d78511a170 JavaThread "Unconstrained build operations Thread 26"        [_thread_blocked, id=13520, stack(0x000000829b600000,0x000000829b700000) (1024K)]
  0x000001d785113870 JavaThread "Unconstrained build operations Thread 27"        [_thread_blocked, id=7508, stack(0x000000829b700000,0x000000829b800000) (1024K)]
  0x000001d785113f00 JavaThread "Unconstrained build operations Thread 28"        [_thread_blocked, id=4316, stack(0x000000829b800000,0x000000829b900000) (1024K)]
  0x000001d7851131e0 JavaThread "Unconstrained build operations Thread 29"        [_thread_blocked, id=7532, stack(0x000000829b900000,0x000000829ba00000) (1024K)]
  0x000001d785114c20 JavaThread "Unconstrained build operations Thread 30"        [_thread_blocked, id=1696, stack(0x000000829ba00000,0x000000829bb00000) (1024K)]
  0x000001d785118730 JavaThread "Unconstrained build operations Thread 31"        [_thread_blocked, id=13080, stack(0x000000829bb00000,0x000000829bc00000) (1024K)]
  0x000001d785114590 JavaThread "Unconstrained build operations Thread 32"        [_thread_blocked, id=5260, stack(0x000000829bc00000,0x000000829bd00000) (1024K)]
Total: 73

Other Threads:
=>0x000001d7fb831cc0 VMThread "VM Thread"                           [id=12744, stack(0x0000008296c00000,0x0000008296d00000) (1024K)]
  0x000001d7fb7ec860 WatcherThread "VM Periodic Task Thread"        [id=7392, stack(0x0000008296b00000,0x0000008296c00000) (1024K)]
  0x000001d7e41e7f90 WorkerThread "GC Thread#0"                     [id=7472, stack(0x0000008296600000,0x0000008296700000) (1024K)]
  0x000001d784a65ed0 WorkerThread "GC Thread#1"                     [id=11252, stack(0x0000008297900000,0x0000008297a00000) (1024K)]
  0x000001d7846dc2b0 WorkerThread "GC Thread#2"                     [id=11232, stack(0x0000008297a00000,0x0000008297b00000) (1024K)]
  0x000001d784ef7450 WorkerThread "GC Thread#3"                     [id=11248, stack(0x0000008297b00000,0x0000008297c00000) (1024K)]
  0x000001d78550ab20 WorkerThread "GC Thread#4"                     [id=11072, stack(0x0000008297c00000,0x0000008297d00000) (1024K)]
  0x000001d78532a5b0 WorkerThread "GC Thread#5"                     [id=3932, stack(0x0000008297700000,0x0000008297800000) (1024K)]
  0x000001d7861e88d0 WorkerThread "GC Thread#6"                     [id=15468, stack(0x0000008298500000,0x0000008298600000) (1024K)]
  0x000001d7861e9af0 WorkerThread "GC Thread#7"                     [id=15672, stack(0x0000008298600000,0x0000008298700000) (1024K)]
  0x000001d7e41f9ea0 ConcurrentGCThread "G1 Main Marker"            [id=11812, stack(0x0000008296700000,0x0000008296800000) (1024K)]
  0x000001d7e41fbf00 WorkerThread "G1 Conc#0"                       [id=4448, stack(0x0000008296800000,0x0000008296900000) (1024K)]
  0x000001d7861e8c70 WorkerThread "G1 Conc#1"                       [id=3496, stack(0x0000008298700000,0x0000008298800000) (1024K)]
  0x000001d7fb6c10b0 ConcurrentGCThread "G1 Refine#0"               [id=5316, stack(0x0000008296900000,0x0000008296a00000) (1024K)]
  0x000001d7fb6c29e0 ConcurrentGCThread "G1 Service"                [id=8616, stack(0x0000008296a00000,0x0000008296b00000) (1024K)]
Total: 15

Threads with active compile tasks:
C2 CompilerThread0  12567 8062       4       org.gradle.internal.snapshot.AbstractListChildMap$$Lambda/0x0000000100561508::compareTo (16 bytes)
C1 CompilerThread0  12567 8064       3       org.gradle.internal.snapshot.AbstractListChildMap::withNewChild (36 bytes)
C2 CompilerThread1  12567 8030   !   4       java.nio.file.FileTreeWalker::next (144 bytes)
Total: 3

VM state: at safepoint (normal execution)

VM Mutex/Monitor currently owned by a thread:  ([mutex/lock_event])
[0x00007ffd386185b8] Threads_lock - owner thread: 0x000001d7fb831cc0
[0x00007ffd386186b8] Heap_lock - owner thread: 0x000001d7e41f9ea0

Heap address: 0x0000000080000000, size: 2048 MB, Compressed Oops mode: 32-bit

CDS archive(s) not mapped
Compressed class space mapped at: 0x0000000100000000-0x0000000140000000, reserved size: 1073741824
Narrow klass base: 0x0000000000000000, Narrow klass shift: 3, Narrow klass range: 0x140000000

GC Precious Log:
 CardTable entry size: 512
 Card Set container configuration: InlinePtr #cards 5 size 8 Array Of Cards #cards 12 size 40 Howl #buckets 4 coarsen threshold 1843 Howl Bitmap #cards 512 size 80 coarsen threshold 460 Card regions per heap region 1 cards per card region 2048
 CPUs: 8 total, 8 available
 Memory: 6086M
 Large Page Support: Disabled
 NUMA Support: Disabled
 Compressed Oops: Enabled (32-bit)
 Heap Region Size: 1M
 Heap Min Capacity: 8M
 Heap Initial Capacity: 96M
 Heap Max Capacity: 2G
 Pre-touch: Disabled
 Parallel Workers: 8
 Concurrent Workers: 2
 Concurrent Refinement Workers: 8
 Periodic GC: Disabled

Heap:
 garbage-first heap   total 158720K, used 111330K [0x0000000080000000, 0x0000000100000000)
  region size 1024K, 13 young (13312K), 6 survivors (6144K)
 Metaspace       used 74525K, committed 76352K, reserved 1114112K
  class space    used 10536K, committed 11392K, reserved 1048576K

Heap Regions: E=young(eden), S=young(survivor), O=old, HS=humongous(starts), HC=humongous(continues), CS=collection set, F=free, TAMS=top-at-mark-start, PB=parsable bottom
|   0|0x0000000080000000, 0x0000000080100000, 0x0000000080100000|100%|HS|  |TAMS 0x0000000080100000| PB 0x0000000080000000| Complete 
|   1|0x0000000080100000, 0x0000000080200000, 0x0000000080200000|100%|HC|  |TAMS 0x0000000080200000| PB 0x0000000080100000| Complete 
|   2|0x0000000080200000, 0x0000000080300000, 0x0000000080300000|100%|HC|  |TAMS 0x0000000080300000| PB 0x0000000080200000| Complete 
|   3|0x0000000080300000, 0x0000000080400000, 0x0000000080400000|100%| O|  |TAMS 0x0000000080400000| PB 0x0000000080400000| Untracked 
|   4|0x0000000080400000, 0x0000000080500000, 0x0000000080500000|100%| O|  |TAMS 0x0000000080500000| PB 0x0000000080500000| Untracked 
|   5|0x0000000080500000, 0x0000000080600000, 0x0000000080600000|100%| O|  |TAMS 0x0000000080600000| PB 0x0000000080600000| Untracked 
|   6|0x0000000080600000, 0x0000000080700000, 0x0000000080700000|100%|HS|  |TAMS 0x0000000080700000| PB 0x0000000080600000| Complete 
|   7|0x0000000080700000, 0x0000000080800000, 0x0000000080800000|100%| O|  |TAMS 0x0000000080800000| PB 0x0000000080800000| Untracked 
|   8|0x0000000080800000, 0x0000000080900000, 0x0000000080900000|100%| O|  |TAMS 0x0000000080900000| PB 0x0000000080900000| Untracked 
|   9|0x0000000080900000, 0x0000000080a00000, 0x0000000080a00000|100%| O|  |TAMS 0x0000000080a00000| PB 0x0000000080a00000| Untracked 
|  10|0x0000000080a00000, 0x0000000080b00000, 0x0000000080b00000|100%| O|  |TAMS 0x0000000080b00000| PB 0x0000000080b00000| Untracked 
|  11|0x0000000080b00000, 0x0000000080c00000, 0x0000000080c00000|100%| O|  |TAMS 0x0000000080c00000| PB 0x0000000080c00000| Untracked 
|  12|0x0000000080c00000, 0x0000000080d00000, 0x0000000080d00000|100%| O|  |TAMS 0x0000000080d00000| PB 0x0000000080d00000| Updating 
|  13|0x0000000080d00000, 0x0000000080e00000, 0x0000000080e00000|100%| O|  |TAMS 0x0000000080e00000| PB 0x0000000080e00000| Untracked 
|  14|0x0000000080e00000, 0x0000000080f00000, 0x0000000080f00000|100%| O|  |TAMS 0x0000000080f00000| PB 0x0000000080f00000| Untracked 
|  15|0x0000000080f00000, 0x0000000081000000, 0x0000000081000000|100%| O|  |TAMS 0x0000000081000000| PB 0x0000000081000000| Updating 
|  16|0x0000000081000000, 0x0000000081100000, 0x0000000081100000|100%| O|  |TAMS 0x0000000081100000| PB 0x0000000081100000| Untracked 
|  17|0x0000000081100000, 0x0000000081200000, 0x0000000081200000|100%| O|  |TAMS 0x0000000081200000| PB 0x0000000081200000| Untracked 
|  18|0x0000000081200000, 0x0000000081300000, 0x0000000081300000|100%| O|  |TAMS 0x0000000081300000| PB 0x0000000081300000| Untracked 
|  19|0x0000000081300000, 0x0000000081400000, 0x0000000081400000|100%| O|  |TAMS 0x0000000081400000| PB 0x0000000081400000| Untracked 
|  20|0x0000000081400000, 0x0000000081500000, 0x0000000081500000|100%| O|  |TAMS 0x0000000081500000| PB 0x0000000081500000| Updating 
|  21|0x0000000081500000, 0x0000000081600000, 0x0000000081600000|100%| O|  |TAMS 0x0000000081600000| PB 0x0000000081600000| Updating 
|  22|0x0000000081600000, 0x0000000081700000, 0x0000000081700000|100%|HS|  |TAMS 0x0000000081700000| PB 0x0000000081600000| Complete 
|  23|0x0000000081700000, 0x0000000081800000, 0x0000000081800000|100%|HC|  |TAMS 0x0000000081800000| PB 0x0000000081700000| Complete 
|  24|0x0000000081800000, 0x0000000081900000, 0x0000000081900000|100%|HC|  |TAMS 0x0000000081900000| PB 0x0000000081800000| Complete 
|  25|0x0000000081900000, 0x0000000081a00000, 0x0000000081a00000|100%|HC|  |TAMS 0x0000000081a00000| PB 0x0000000081900000| Complete 
|  26|0x0000000081a00000, 0x0000000081b00000, 0x0000000081b00000|100%|HC|  |TAMS 0x0000000081b00000| PB 0x0000000081a00000| Complete 
|  27|0x0000000081b00000, 0x0000000081c00000, 0x0000000081c00000|100%|HC|  |TAMS 0x0000000081c00000| PB 0x0000000081b00000| Complete 
|  28|0x0000000081c00000, 0x0000000081d00000, 0x0000000081d00000|100%|HS|  |TAMS 0x0000000081d00000| PB 0x0000000081c00000| Complete 
|  29|0x0000000081d00000, 0x0000000081e00000, 0x0000000081e00000|100%|HS|  |TAMS 0x0000000081e00000| PB 0x0000000081d00000| Complete 
|  30|0x0000000081e00000, 0x0000000081f00000, 0x0000000081f00000|100%|HC|  |TAMS 0x0000000081f00000| PB 0x0000000081e00000| Complete 
|  31|0x0000000081f00000, 0x0000000082000000, 0x0000000082000000|100%|HS|  |TAMS 0x0000000082000000| PB 0x0000000081f00000| Complete 
|  32|0x0000000082000000, 0x0000000082100000, 0x0000000082100000|100%|HC|  |TAMS 0x0000000082100000| PB 0x0000000082000000| Complete 
|  33|0x0000000082100000, 0x0000000082200000, 0x0000000082200000|100%|HC|  |TAMS 0x0000000082200000| PB 0x0000000082100000| Complete 
|  34|0x0000000082200000, 0x0000000082300000, 0x0000000082300000|100%|HC|  |TAMS 0x0000000082300000| PB 0x0000000082200000| Complete 
|  35|0x0000000082300000, 0x0000000082400000, 0x0000000082400000|100%|HS|  |TAMS 0x0000000082400000| PB 0x0000000082300000| Complete 
|  36|0x0000000082400000, 0x0000000082500000, 0x0000000082500000|100%|HS|  |TAMS 0x0000000082500000| PB 0x0000000082400000| Complete 
|  37|0x0000000082500000, 0x0000000082600000, 0x0000000082600000|100%|HC|  |TAMS 0x0000000082600000| PB 0x0000000082500000| Complete 
|  38|0x0000000082600000, 0x0000000082700000, 0x0000000082700000|100%|HC|  |TAMS 0x0000000082700000| PB 0x0000000082600000| Complete 
|  39|0x0000000082700000, 0x0000000082800000, 0x0000000082800000|100%|HC|  |TAMS 0x0000000082800000| PB 0x0000000082700000| Complete 
|  40|0x0000000082800000, 0x0000000082900000, 0x0000000082900000|100%|HC|  |TAMS 0x0000000082900000| PB 0x0000000082800000| Complete 
|  41|0x0000000082900000, 0x0000000082a00000, 0x0000000082a00000|100%|HC|  |TAMS 0x0000000082a00000| PB 0x0000000082900000| Complete 
|  42|0x0000000082a00000, 0x0000000082b00000, 0x0000000082b00000|100%|HS|  |TAMS 0x0000000082b00000| PB 0x0000000082a00000| Complete 
|  43|0x0000000082b00000, 0x0000000082c00000, 0x0000000082c00000|100%|HS|  |TAMS 0x0000000082c00000| PB 0x0000000082b00000| Complete 
|  44|0x0000000082c00000, 0x0000000082d00000, 0x0000000082d00000|100%|HC|  |TAMS 0x0000000082d00000| PB 0x0000000082c00000| Complete 
|  45|0x0000000082d00000, 0x0000000082e00000, 0x0000000082e00000|100%| O|  |TAMS 0x0000000082e00000| PB 0x0000000082e00000| Untracked 
|  46|0x0000000082e00000, 0x0000000082f00000, 0x0000000082f00000|100%| O|  |TAMS 0x0000000082f00000| PB 0x0000000082f00000| Untracked 
|  47|0x0000000082f00000, 0x0000000083000000, 0x0000000083000000|100%| O|  |TAMS 0x0000000083000000| PB 0x0000000083000000| Untracked 
|  48|0x0000000083000000, 0x0000000083100000, 0x0000000083100000|100%| O|  |TAMS 0x0000000083100000| PB 0x0000000083100000| Untracked 
|  49|0x0000000083100000, 0x0000000083200000, 0x0000000083200000|100%| O|  |TAMS 0x0000000083200000| PB 0x0000000083200000| Updating 
|  50|0x0000000083200000, 0x0000000083300000, 0x0000000083300000|100%|HS|  |TAMS 0x0000000083300000| PB 0x0000000083200000| Complete 
|  51|0x0000000083300000, 0x0000000083400000, 0x0000000083400000|100%|HC|  |TAMS 0x0000000083400000| PB 0x0000000083300000| Complete 
|  52|0x0000000083400000, 0x0000000083500000, 0x0000000083500000|100%|HC|  |TAMS 0x0000000083500000| PB 0x0000000083400000| Complete 
|  53|0x0000000083500000, 0x0000000083600000, 0x0000000083600000|100%|HC|  |TAMS 0x0000000083600000| PB 0x0000000083500000| Complete 
|  54|0x0000000083600000, 0x0000000083700000, 0x0000000083700000|100%| O|  |TAMS 0x0000000083700000| PB 0x0000000083700000| Untracked 
|  55|0x0000000083700000, 0x0000000083800000, 0x0000000083800000|100%| O|  |TAMS 0x0000000083700000| PB 0x0000000083700000| Untracked 
|  56|0x0000000083800000, 0x0000000083900000, 0x0000000083900000|100%| O|  |TAMS 0x0000000083900000| PB 0x0000000083900000| Updating 
|  57|0x0000000083900000, 0x0000000083a00000, 0x0000000083a00000|100%| O|  |TAMS 0x0000000083a00000| PB 0x0000000083a00000| Updating 
|  58|0x0000000083a00000, 0x0000000083b00000, 0x0000000083b00000|100%|HS|  |TAMS 0x0000000083b00000| PB 0x0000000083a00000| Complete 
|  59|0x0000000083b00000, 0x0000000083c00000, 0x0000000083c00000|100%|HC|  |TAMS 0x0000000083c00000| PB 0x0000000083b00000| Complete 
|  60|0x0000000083c00000, 0x0000000083d00000, 0x0000000083d00000|100%|HS|  |TAMS 0x0000000083d00000| PB 0x0000000083c00000| Complete 
|  61|0x0000000083d00000, 0x0000000083e00000, 0x0000000083e00000|100%| O|  |TAMS 0x0000000083e00000| PB 0x0000000083e00000| Untracked 
|  62|0x0000000083e00000, 0x0000000083f00000, 0x0000000083f00000|100%| O|  |TAMS 0x0000000083f00000| PB 0x0000000083f00000| Untracked 
|  63|0x0000000083f00000, 0x0000000084000000, 0x0000000084000000|100%| O|  |TAMS 0x0000000084000000| PB 0x0000000084000000| Updating 
|  64|0x0000000084000000, 0x0000000084100000, 0x0000000084100000|100%|HS|  |TAMS 0x0000000084100000| PB 0x0000000084000000| Complete 
|  65|0x0000000084100000, 0x0000000084200000, 0x0000000084200000|100%|HS|  |TAMS 0x0000000084200000| PB 0x0000000084100000| Complete 
|  66|0x0000000084200000, 0x0000000084300000, 0x0000000084300000|100%|HS|  |TAMS 0x0000000084300000| PB 0x0000000084200000| Complete 
|  67|0x0000000084300000, 0x0000000084400000, 0x0000000084400000|100%|HC|  |TAMS 0x0000000084400000| PB 0x0000000084300000| Complete 
|  68|0x0000000084400000, 0x0000000084500000, 0x0000000084500000|100%|HC|  |TAMS 0x0000000084500000| PB 0x0000000084400000| Complete 
|  69|0x0000000084500000, 0x0000000084600000, 0x0000000084600000|100%|HC|  |TAMS 0x0000000084600000| PB 0x0000000084500000| Complete 
|  70|0x0000000084600000, 0x0000000084700000, 0x0000000084700000|100%|HC|  |TAMS 0x0000000084700000| PB 0x0000000084600000| Complete 
|  71|0x0000000084700000, 0x0000000084800000, 0x0000000084800000|100%|HC|  |TAMS 0x0000000084800000| PB 0x0000000084700000| Complete 
|  72|0x0000000084800000, 0x0000000084900000, 0x0000000084900000|100%| O|  |TAMS 0x0000000084900000| PB 0x0000000084900000| Updating 
|  73|0x0000000084900000, 0x0000000084a00000, 0x0000000084a00000|100%| O|  |TAMS 0x0000000084a00000| PB 0x0000000084a00000| Updating 
|  74|0x0000000084a00000, 0x0000000084b00000, 0x0000000084b00000|100%| O|  |TAMS 0x0000000084b00000| PB 0x0000000084b00000| Updating 
|  75|0x0000000084b00000, 0x0000000084c00000, 0x0000000084c00000|100%| O|  |TAMS 0x0000000084c00000| PB 0x0000000084c00000| Updating 
|  76|0x0000000084c00000, 0x0000000084d00000, 0x0000000084d00000|100%|HS|  |TAMS 0x0000000084d00000| PB 0x0000000084c00000| Complete 
|  77|0x0000000084d00000, 0x0000000084e00000, 0x0000000084e00000|100%|HC|  |TAMS 0x0000000084e00000| PB 0x0000000084d00000| Complete 
|  78|0x0000000084e00000, 0x0000000084f00000, 0x0000000084f00000|100%|HC|  |TAMS 0x0000000084f00000| PB 0x0000000084e00000| Complete 
|  79|0x0000000084f00000, 0x0000000085000000, 0x0000000085000000|100%|HC|  |TAMS 0x0000000085000000| PB 0x0000000084f00000| Complete 
|  80|0x0000000085000000, 0x0000000085100000, 0x0000000085100000|100%|HC|  |TAMS 0x0000000085100000| PB 0x0000000085000000| Complete 
|  81|0x0000000085100000, 0x0000000085200000, 0x0000000085200000|100%|HC|  |TAMS 0x0000000085200000| PB 0x0000000085100000| Complete 
|  82|0x0000000085200000, 0x0000000085300000, 0x0000000085300000|100%| O|  |TAMS 0x0000000085300000| PB 0x0000000085300000| Untracked 
|  83|0x0000000085300000, 0x0000000085400000, 0x0000000085400000|100%| O|  |TAMS 0x0000000085400000| PB 0x0000000085400000| Untracked 
|  84|0x0000000085400000, 0x0000000085500000, 0x0000000085500000|100%| O|  |TAMS 0x0000000085500000| PB 0x0000000085500000| Updating 
|  85|0x0000000085500000, 0x0000000085600000, 0x0000000085600000|100%| O|  |TAMS 0x00000000855f5700| PB 0x00000000855f5700| Updating 
|  86|0x0000000085600000, 0x0000000085700000, 0x0000000085700000|100%| O|  |TAMS 0x0000000085600000| PB 0x0000000085600000| Untracked 
|  87|0x0000000085700000, 0x0000000085800000, 0x0000000085800000|100%| O|  |TAMS 0x0000000085700000| PB 0x0000000085700000| Untracked 
|  88|0x0000000085800000, 0x0000000085900000, 0x0000000085900000|100%| O|  |TAMS 0x0000000085800000| PB 0x0000000085800000| Untracked 
|  89|0x0000000085900000, 0x00000000859b8838, 0x0000000085a00000| 72%| O|  |TAMS 0x0000000085900000| PB 0x0000000085900000| Updating 
|  90|0x0000000085a00000, 0x0000000085a00000, 0x0000000085b00000|  0%| F|  |TAMS 0x0000000085a00000| PB 0x0000000085a00000| Untracked 
|  91|0x0000000085b00000, 0x0000000085b00000, 0x0000000085c00000|  0%| F|  |TAMS 0x0000000085b00000| PB 0x0000000085b00000| Untracked 
|  92|0x0000000085c00000, 0x0000000085c00000, 0x0000000085d00000|  0%| F|  |TAMS 0x0000000085c00000| PB 0x0000000085c00000| Untracked 
|  93|0x0000000085d00000, 0x0000000085d00000, 0x0000000085e00000|  0%| F|  |TAMS 0x0000000085d00000| PB 0x0000000085d00000| Untracked 
|  94|0x0000000085e00000, 0x0000000085e00000, 0x0000000085f00000|  0%| F|  |TAMS 0x0000000085e00000| PB 0x0000000085e00000| Untracked 
|  95|0x0000000085f00000, 0x0000000086000000, 0x0000000086000000|100%| S|CS|TAMS 0x0000000085f00000| PB 0x0000000085f00000| Complete 
|  96|0x0000000086000000, 0x0000000086000000, 0x0000000086100000|  0%| F|  |TAMS 0x0000000086000000| PB 0x0000000086000000| Untracked 
|  97|0x0000000086100000, 0x0000000086100000, 0x0000000086200000|  0%| F|  |TAMS 0x0000000086100000| PB 0x0000000086100000| Untracked 
|  98|0x0000000086200000, 0x0000000086200000, 0x0000000086300000|  0%| F|  |TAMS 0x0000000086200000| PB 0x0000000086200000| Untracked 
|  99|0x0000000086300000, 0x0000000086400000, 0x0000000086400000|100%| S|CS|TAMS 0x0000000086300000| PB 0x0000000086300000| Complete 
| 100|0x0000000086400000, 0x0000000086400000, 0x0000000086500000|  0%| F|  |TAMS 0x0000000086400000| PB 0x0000000086400000| Untracked 
| 101|0x0000000086500000, 0x0000000086500000, 0x0000000086600000|  0%| F|  |TAMS 0x0000000086500000| PB 0x0000000086500000| Untracked 
| 102|0x0000000086600000, 0x0000000086700000, 0x0000000086700000|100%| S|CS|TAMS 0x0000000086600000| PB 0x0000000086600000| Complete 
| 103|0x0000000086700000, 0x0000000086800000, 0x0000000086800000|100%| S|CS|TAMS 0x0000000086700000| PB 0x0000000086700000| Complete 
| 104|0x0000000086800000, 0x0000000086900000, 0x0000000086900000|100%| S|CS|TAMS 0x0000000086800000| PB 0x0000000086800000| Complete 
| 105|0x0000000086900000, 0x0000000086a00000, 0x0000000086a00000|100%| S|CS|TAMS 0x0000000086900000| PB 0x0000000086900000| Complete 
| 106|0x0000000086a00000, 0x0000000086a00000, 0x0000000086b00000|  0%| F|  |TAMS 0x0000000086a00000| PB 0x0000000086a00000| Untracked 
| 107|0x0000000086b00000, 0x0000000086b00000, 0x0000000086c00000|  0%| F|  |TAMS 0x0000000086b00000| PB 0x0000000086b00000| Untracked 
| 108|0x0000000086c00000, 0x0000000086c00000, 0x0000000086d00000|  0%| F|  |TAMS 0x0000000086c00000| PB 0x0000000086c00000| Untracked 
| 109|0x0000000086d00000, 0x0000000086d00000, 0x0000000086e00000|  0%| F|  |TAMS 0x0000000086d00000| PB 0x0000000086d00000| Untracked 
| 110|0x0000000086e00000, 0x0000000086e00000, 0x0000000086f00000|  0%| F|  |TAMS 0x0000000086e00000| PB 0x0000000086e00000| Untracked 
| 111|0x0000000086f00000, 0x0000000086f00000, 0x0000000087000000|  0%| F|  |TAMS 0x0000000086f00000| PB 0x0000000086f00000| Untracked 
| 112|0x0000000087000000, 0x0000000087000000, 0x0000000087100000|  0%| F|  |TAMS 0x0000000087000000| PB 0x0000000087000000| Untracked 
| 113|0x0000000087100000, 0x0000000087100000, 0x0000000087200000|  0%| F|  |TAMS 0x0000000087100000| PB 0x0000000087100000| Untracked 
| 114|0x0000000087200000, 0x0000000087200000, 0x0000000087300000|  0%| F|  |TAMS 0x0000000087200000| PB 0x0000000087200000| Untracked 
| 115|0x0000000087300000, 0x0000000087300000, 0x0000000087400000|  0%| F|  |TAMS 0x0000000087300000| PB 0x0000000087300000| Untracked 
| 116|0x0000000087400000, 0x0000000087400000, 0x0000000087500000|  0%| F|  |TAMS 0x0000000087400000| PB 0x0000000087400000| Untracked 
| 117|0x0000000087500000, 0x0000000087500000, 0x0000000087600000|  0%| F|  |TAMS 0x0000000087500000| PB 0x0000000087500000| Untracked 
| 118|0x0000000087600000, 0x0000000087600000, 0x0000000087700000|  0%| F|  |TAMS 0x0000000087600000| PB 0x0000000087600000| Untracked 
| 119|0x0000000087700000, 0x0000000087700000, 0x0000000087800000|  0%| F|  |TAMS 0x0000000087700000| PB 0x0000000087700000| Untracked 
| 120|0x0000000087800000, 0x0000000087800000, 0x0000000087900000|  0%| F|  |TAMS 0x0000000087800000| PB 0x0000000087800000| Untracked 
| 121|0x0000000087900000, 0x0000000087900000, 0x0000000087a00000|  0%| F|  |TAMS 0x0000000087900000| PB 0x0000000087900000| Untracked 
| 122|0x0000000087a00000, 0x0000000087a00000, 0x0000000087b00000|  0%| F|  |TAMS 0x0000000087a00000| PB 0x0000000087a00000| Untracked 
| 123|0x0000000087b00000, 0x0000000087b00000, 0x0000000087c00000|  0%| F|  |TAMS 0x0000000087b00000| PB 0x0000000087b00000| Untracked 
| 124|0x0000000087c00000, 0x0000000087c00000, 0x0000000087d00000|  0%| F|  |TAMS 0x0000000087c00000| PB 0x0000000087c00000| Untracked 
| 125|0x0000000087d00000, 0x0000000087d00000, 0x0000000087e00000|  0%| F|  |TAMS 0x0000000087d00000| PB 0x0000000087d00000| Untracked 
| 126|0x0000000087e00000, 0x0000000087e00000, 0x0000000087f00000|  0%| F|  |TAMS 0x0000000087e00000| PB 0x0000000087e00000| Untracked 
| 127|0x0000000087f00000, 0x0000000087f00000, 0x0000000088000000|  0%| F|  |TAMS 0x0000000087f00000| PB 0x0000000087f00000| Untracked 
| 128|0x0000000088000000, 0x0000000088000000, 0x0000000088100000|  0%| F|  |TAMS 0x0000000088000000| PB 0x0000000088000000| Untracked 
| 129|0x0000000088100000, 0x0000000088100000, 0x0000000088200000|  0%| F|  |TAMS 0x0000000088100000| PB 0x0000000088100000| Untracked 
| 130|0x0000000088200000, 0x0000000088200000, 0x0000000088300000|  0%| F|  |TAMS 0x0000000088200000| PB 0x0000000088200000| Untracked 
| 131|0x0000000088300000, 0x0000000088300000, 0x0000000088400000|  0%| F|  |TAMS 0x0000000088300000| PB 0x0000000088300000| Untracked 
| 132|0x0000000088400000, 0x0000000088400000, 0x0000000088500000|  0%| F|  |TAMS 0x0000000088400000| PB 0x0000000088400000| Untracked 
| 133|0x0000000088500000, 0x0000000088500000, 0x0000000088600000|  0%| F|  |TAMS 0x0000000088500000| PB 0x0000000088500000| Untracked 
| 134|0x0000000088600000, 0x0000000088600000, 0x0000000088700000|  0%| F|  |TAMS 0x0000000088600000| PB 0x0000000088600000| Untracked 
| 135|0x0000000088700000, 0x0000000088700000, 0x0000000088800000|  0%| F|  |TAMS 0x0000000088700000| PB 0x0000000088700000| Untracked 
| 136|0x0000000088800000, 0x0000000088800000, 0x0000000088900000|  0%| F|  |TAMS 0x0000000088800000| PB 0x0000000088800000| Untracked 
| 137|0x0000000088900000, 0x0000000088900000, 0x0000000088a00000|  0%| F|  |TAMS 0x0000000088900000| PB 0x0000000088900000| Untracked 
| 138|0x0000000088a00000, 0x0000000088a00000, 0x0000000088b00000|  0%| F|  |TAMS 0x0000000088a00000| PB 0x0000000088a00000| Untracked 
| 139|0x0000000088b00000, 0x0000000088b00000, 0x0000000088c00000|  0%| F|  |TAMS 0x0000000088b00000| PB 0x0000000088b00000| Untracked 
| 140|0x0000000088c00000, 0x0000000088c64820, 0x0000000088d00000| 39%| E|  |TAMS 0x0000000088c00000| PB 0x0000000088c00000| Complete 
| 141|0x0000000088d00000, 0x0000000088e00000, 0x0000000088e00000|100%| E|CS|TAMS 0x0000000088d00000| PB 0x0000000088d00000| Complete 
| 142|0x0000000088e00000, 0x0000000088f00000, 0x0000000088f00000|100%| E|CS|TAMS 0x0000000088e00000| PB 0x0000000088e00000| Complete 
| 143|0x0000000088f00000, 0x0000000089000000, 0x0000000089000000|100%| E|CS|TAMS 0x0000000088f00000| PB 0x0000000088f00000| Complete 
| 144|0x0000000089000000, 0x0000000089100000, 0x0000000089100000|100%| E|  |TAMS 0x0000000089000000| PB 0x0000000089000000| Complete 
| 145|0x0000000089100000, 0x0000000089200000, 0x0000000089200000|100%| E|CS|TAMS 0x0000000089100000| PB 0x0000000089100000| Complete 
|2039|0x00000000ff700000, 0x00000000ff800000, 0x00000000ff800000|100%| O|  |TAMS 0x00000000ff800000| PB 0x00000000ff800000| Updating 
|2040|0x00000000ff800000, 0x00000000ff900000, 0x00000000ff900000|100%| O|  |TAMS 0x00000000ff900000| PB 0x00000000ff900000| Updating 
|2041|0x00000000ff900000, 0x00000000ffa00000, 0x00000000ffa00000|100%| O|  |TAMS 0x00000000ffa00000| PB 0x00000000ffa00000| Updating 
|2042|0x00000000ffa00000, 0x00000000ffb00000, 0x00000000ffb00000|100%| O|  |TAMS 0x00000000ffb00000| PB 0x00000000ffb00000| Untracked 
|2043|0x00000000ffb00000, 0x00000000ffc00000, 0x00000000ffc00000|100%| O|  |TAMS 0x00000000ffc00000| PB 0x00000000ffc00000| Updating 
|2044|0x00000000ffc00000, 0x00000000ffd00000, 0x00000000ffd00000|100%| E|CS|TAMS 0x00000000ffc00000| PB 0x00000000ffc00000| Complete 
|2045|0x00000000ffd00000, 0x00000000ffe00000, 0x00000000ffe00000|100%| O|  |TAMS 0x00000000ffe00000| PB 0x00000000ffe00000| Untracked 
|2046|0x00000000ffe00000, 0x00000000fff00000, 0x00000000fff00000|100%| O|  |TAMS 0x00000000fff00000| PB 0x00000000fff00000| Untracked 
|2047|0x00000000fff00000, 0x0000000100000000, 0x0000000100000000|100%| O|  |TAMS 0x0000000100000000| PB 0x0000000100000000| Untracked 

Card table byte_map: [0x000001d7f6a20000,0x000001d7f6e20000] _byte_map_base: 0x000001d7f6620000

Marking Bits: (CMBitMap*) 0x000001d7e41e9450
 Bits: [0x000001d7f6e20000, 0x000001d7f8e20000)

Polling page: 0x000001d7e1f00000

Metaspace:

Usage:
  Non-class:     62.49 MB used.
      Class:     10.29 MB used.
       Both:     72.78 MB used.

Virtual space:
  Non-class space:       64.00 MB reserved,      63.44 MB (>99%) committed,  1 nodes.
      Class space:        1.00 GB reserved,      11.12 MB (  1%) committed,  1 nodes.
             Both:        1.06 GB reserved,      74.56 MB (  7%) committed. 

Chunk freelists:
   Non-Class:  560.00 KB
       Class:  4.72 MB
        Both:  5.27 MB

MaxMetaspaceSize: unlimited
CompressedClassSpaceSize: 1.00 GB
Initial GC threshold: 21.00 MB
Current GC threshold: 97.31 MB
CDS: off
 - commit_granule_bytes: 65536.
 - commit_granule_words: 8192.
 - virtual_space_node_default_size: 8388608.
 - enlarge_chunks_in_place: 1.
 - use_allocation_guard: 0.


Internal statistics:

num_allocs_failed_limit: 6.
num_arena_births: 3402.
num_arena_deaths: 0.
num_vsnodes_births: 2.
num_vsnodes_deaths: 0.
num_space_committed: 1193.
num_space_uncommitted: 0.
num_chunks_returned_to_freelist: 6.
num_chunks_taken_from_freelist: 6539.
num_chunk_merges: 3.
num_chunk_splits: 4237.
num_chunks_enlarged: 2562.
num_inconsistent_stats: 0.

CodeHeap 'non-profiled nmethods': size=120000Kb used=4043Kb max_used=4221Kb free=115956Kb
 bounds [0x000001d7eedc0000, 0x000001d7ef1e0000, 0x000001d7f62f0000]
CodeHeap 'profiled nmethods': size=120000Kb used=12707Kb max_used=13169Kb free=107292Kb
 bounds [0x000001d7e72f0000, 0x000001d7e7fd0000, 0x000001d7ee820000]
CodeHeap 'non-nmethods': size=5760Kb used=2764Kb max_used=2848Kb free=2995Kb
 bounds [0x000001d7ee820000, 0x000001d7eeb00000, 0x000001d7eedc0000]
CodeCache: size=245760Kb, used=19514Kb, max_used=20238Kb, free=226243Kb
 total_blobs=7919, nmethods=7016, adapters=806, full_count=0
Compilation: enabled, stopped_count=0, restarted_count=0

Compilation events (20 events):
Event: 12.527 Thread 0x000001d7840565e0 8050       3       org.gradle.internal.snapshot.impl.DirectorySnapshotter$DefaultExcludes$EndMatcher::test (9 bytes)
Event: 12.527 Thread 0x000001d784055b40 8054       4       org.gradle.internal.snapshot.PathUtil::compareDifferentCharsIgnoringCase (38 bytes)
Event: 12.527 Thread 0x000001d7840565e0 nmethod 8050 0x000001d7e7fc8a10 code [0x000001d7e7fc8c00, 0x000001d7e7fc8fb0]
Event: 12.527 Thread 0x000001d7840565e0 8048   !   3       org.gradle.internal.resources.DefaultResourceLockCoordinationService::getCurrent (33 bytes)
Event: 12.527 Thread 0x000001d7840565e0 nmethod 8048 0x000001d7e7fc9190 code [0x000001d7e7fc9340, 0x000001d7e7fc95f8]
Event: 12.527 Thread 0x000001d7840565e0 8044       3       java.lang.invoke.LambdaForm$DMH/0x0000000100550000::newInvokeSpecial (27 bytes)
Event: 12.528 Thread 0x000001d7840565e0 nmethod 8044 0x000001d7e7fc9710 code [0x000001d7e7fc9900, 0x000001d7e7fca020]
Event: 12.528 Thread 0x000001d7840565e0 8055       1       sun.nio.fs.WindowsPath::getPathForPermissionCheck (5 bytes)
Event: 12.528 Thread 0x000001d7840565e0 nmethod 8055 0x000001d7ef1de910 code [0x000001d7ef1deaa0, 0x000001d7ef1deb68]
Event: 12.529 Thread 0x000001d7840565e0 8058       3       org.gradle.internal.hash.HashCode::access$100 (7 bytes)
Event: 12.529 Thread 0x000001d7840565e0 nmethod 8058 0x000001d7e7fca210 code [0x000001d7e7fca3c0, 0x000001d7e7fca4d8]
Event: 12.529 Thread 0x000001d7840565e0 8059       3       org.gradle.internal.hash.HashCode::longToBytes (118 bytes)
Event: 12.530 Thread 0x000001d7840565e0 nmethod 8059 0x000001d7e7fca590 code [0x000001d7e7fca740, 0x000001d7e7fca9d8]
Event: 12.530 Thread 0x000001d7840565e0 8060       3       org.gradle.api.internal.artifacts.ivyservice.resolveengine.artifact.ArtifactVisitor::endVisitCollection (1 bytes)
Event: 12.530 Thread 0x000001d7840565e0 nmethod 8060 0x000001d7e7fcab90 code [0x000001d7e7fcad20, 0x000001d7e7fcae28]
Event: 12.530 Thread 0x000001d7840565e0 8061       3       java.util.stream.Collector::of (73 bytes)
Event: 12.530 Thread 0x000001d784055b40 nmethod 8054 0x000001d7ef1dec10 code [0x000001d7ef1dede0, 0x000001d7ef1df158]
Event: 12.531 Thread 0x000001d784055b40 8062       4       org.gradle.internal.snapshot.AbstractListChildMap$$Lambda/0x0000000100561508::compareTo (16 bytes)
Event: 12.531 Thread 0x000001d7840565e0 nmethod 8061 0x000001d7e7fcae90 code [0x000001d7e7fcb160, 0x000001d7e7fcc100]
Event: 12.531 Thread 0x000001d7840565e0 8064       3       org.gradle.internal.snapshot.AbstractListChildMap::withNewChild (36 bytes)

GC Heap History (20 events):
Event: 7.571 GC heap before
{Heap before GC invocations=13 (full 0):
 garbage-first heap   total 106496K, used 88392K [0x0000000080000000, 0x0000000100000000)
  region size 1024K, 29 young (29696K), 3 survivors (3072K)
 Metaspace       used 46385K, committed 47296K, reserved 1114112K
  class space    used 6392K, committed 6848K, reserved 1048576K
}
Event: 7.576 GC heap after
{Heap after GC invocations=14 (full 0):
 garbage-first heap   total 106496K, used 66330K [0x0000000080000000, 0x0000000100000000)
  region size 1024K, 4 young (4096K), 4 survivors (4096K)
 Metaspace       used 46385K, committed 47296K, reserved 1114112K
  class space    used 6392K, committed 6848K, reserved 1048576K
}
Event: 8.024 GC heap before
{Heap before GC invocations=14 (full 0):
 garbage-first heap   total 106496K, used 98074K [0x0000000080000000, 0x0000000100000000)
  region size 1024K, 31 young (31744K), 4 survivors (4096K)
 Metaspace       used 49157K, committed 50240K, reserved 1114112K
  class space    used 6690K, committed 7168K, reserved 1048576K
}
Event: 8.028 GC heap after
{Heap after GC invocations=15 (full 0):
 garbage-first heap   total 106496K, used 67909K [0x0000000080000000, 0x0000000100000000)
  region size 1024K, 3 young (3072K), 3 survivors (3072K)
 Metaspace       used 49157K, committed 50240K, reserved 1114112K
  class space    used 6690K, committed 7168K, reserved 1048576K
}
Event: 8.489 GC heap before
{Heap before GC invocations=15 (full 0):
 garbage-first heap   total 106496K, used 95557K [0x0000000080000000, 0x0000000100000000)
  region size 1024K, 30 young (30720K), 3 survivors (3072K)
 Metaspace       used 52316K, committed 53632K, reserved 1114112K
  class space    used 7227K, committed 7808K, reserved 1048576K
}
Event: 8.493 GC heap after
{Heap after GC invocations=16 (full 0):
 garbage-first heap   total 106496K, used 69593K [0x0000000080000000, 0x0000000100000000)
  region size 1024K, 2 young (2048K), 2 survivors (2048K)
 Metaspace       used 52316K, committed 53632K, reserved 1114112K
  class space    used 7227K, committed 7808K, reserved 1048576K
}
Event: 8.892 GC heap before
{Heap before GC invocations=17 (full 0):
 garbage-first heap   total 117760K, used 96217K [0x0000000080000000, 0x0000000100000000)
  region size 1024K, 28 young (28672K), 2 survivors (2048K)
 Metaspace       used 55504K, committed 56960K, reserved 1114112K
  class space    used 7795K, committed 8512K, reserved 1048576K
}
Event: 8.895 GC heap after
{Heap after GC invocations=18 (full 0):
 garbage-first heap   total 117760K, used 70936K [0x0000000080000000, 0x0000000100000000)
  region size 1024K, 3 young (3072K), 3 survivors (3072K)
 Metaspace       used 55504K, committed 56960K, reserved 1114112K
  class space    used 7795K, committed 8512K, reserved 1048576K
}
Event: 9.512 GC heap before
{Heap before GC invocations=18 (full 0):
 garbage-first heap   total 117760K, used 114968K [0x0000000080000000, 0x0000000100000000)
  region size 1024K, 38 young (38912K), 3 survivors (3072K)
 Metaspace       used 57844K, committed 59328K, reserved 1114112K
  class space    used 8175K, committed 8896K, reserved 1048576K
}
Event: 9.520 GC heap after
{Heap after GC invocations=19 (full 0):
 garbage-first heap   total 125952K, used 85405K [0x0000000080000000, 0x0000000100000000)
  region size 1024K, 5 young (5120K), 5 survivors (5120K)
 Metaspace       used 57844K, committed 59328K, reserved 1114112K
  class space    used 8175K, committed 8896K, reserved 1048576K
}
Event: 9.580 GC heap before
{Heap before GC invocations=19 (full 0):
 garbage-first heap   total 125952K, used 89501K [0x0000000080000000, 0x0000000100000000)
  region size 1024K, 10 young (10240K), 5 survivors (5120K)
 Metaspace       used 58009K, committed 59520K, reserved 1114112K
  class space    used 8206K, committed 8960K, reserved 1048576K
}
Event: 9.585 GC heap after
{Heap after GC invocations=20 (full 0):
 garbage-first heap   total 151552K, used 87105K [0x0000000080000000, 0x0000000100000000)
  region size 1024K, 2 young (2048K), 2 survivors (2048K)
 Metaspace       used 58009K, committed 59520K, reserved 1114112K
  class space    used 8206K, committed 8960K, reserved 1048576K
}
Event: 10.038 GC heap before
{Heap before GC invocations=21 (full 0):
 garbage-first heap   total 158720K, used 141377K [0x0000000080000000, 0x0000000100000000)
  region size 1024K, 47 young (48128K), 2 survivors (2048K)
 Metaspace       used 61169K, committed 62784K, reserved 1114112K
  class space    used 8559K, committed 9344K, reserved 1048576K
}
Event: 10.042 GC heap after
{Heap after GC invocations=22 (full 0):
 garbage-first heap   total 158720K, used 96133K [0x0000000080000000, 0x0000000100000000)
  region size 1024K, 3 young (3072K), 3 survivors (3072K)
 Metaspace       used 61169K, committed 62784K, reserved 1114112K
  class space    used 8559K, committed 9344K, reserved 1048576K
}
Event: 10.889 GC heap before
{Heap before GC invocations=22 (full 0):
 garbage-first heap   total 158720K, used 143237K [0x0000000080000000, 0x0000000100000000)
  region size 1024K, 49 young (50176K), 3 survivors (3072K)
 Metaspace       used 67791K, committed 69440K, reserved 1114112K
  class space    used 9522K, committed 10304K, reserved 1048576K
}
Event: 10.894 GC heap after
{Heap after GC invocations=23 (full 0):
 garbage-first heap   total 158720K, used 97487K [0x0000000080000000, 0x0000000100000000)
  region size 1024K, 5 young (5120K), 5 survivors (5120K)
 Metaspace       used 67791K, committed 69440K, reserved 1114112K
  class space    used 9522K, committed 10304K, reserved 1048576K
}
Event: 11.604 GC heap before
{Heap before GC invocations=23 (full 0):
 garbage-first heap   total 158720K, used 143567K [0x0000000080000000, 0x0000000100000000)
  region size 1024K, 50 young (51200K), 5 survivors (5120K)
 Metaspace       used 72419K, committed 74176K, reserved 1114112K
  class space    used 10289K, committed 11136K, reserved 1048576K
}
Event: 11.611 GC heap after
{Heap after GC invocations=24 (full 0):
 garbage-first heap   total 158720K, used 100927K [0x0000000080000000, 0x0000000100000000)
  region size 1024K, 6 young (6144K), 6 survivors (6144K)
 Metaspace       used 72419K, committed 74176K, reserved 1114112K
  class space    used 10289K, committed 11136K, reserved 1048576K
}
Event: 12.457 GC heap before
{Heap before GC invocations=24 (full 0):
 garbage-first heap   total 158720K, used 141887K [0x0000000080000000, 0x0000000100000000)
  region size 1024K, 47 young (48128K), 6 survivors (6144K)
 Metaspace       used 74482K, committed 76224K, reserved 1114112K
  class space    used 10536K, committed 11392K, reserved 1048576K
}
Event: 12.466 GC heap after
{Heap after GC invocations=25 (full 0):
 garbage-first heap   total 158720K, used 106210K [0x0000000080000000, 0x0000000100000000)
  region size 1024K, 6 young (6144K), 6 survivors (6144K)
 Metaspace       used 74482K, committed 76224K, reserved 1114112K
  class space    used 10536K, committed 11392K, reserved 1048576K
}

Dll operation events (3 events):
Event: 0.011 Loaded shared library D:\Android\jbr\bin\java.dll
Event: 0.018 Loaded shared library D:\Android\jbr\bin\zip.dll
Event: 1.009 Loaded shared library D:\Android\jbr\bin\verify.dll

Deoptimization events (20 events):
Event: 12.337 Thread 0x000001d78b26b2a0 DEOPT PACKING pc=0x000001d7e77ae596 sp=0x000000829affd620
Event: 12.337 Thread 0x000001d78b26b2a0 DEOPT UNPACKING pc=0x000001d7ee874e42 sp=0x000000829affcb68 mode 0
Event: 12.348 Thread 0x000001d78b26b2a0 DEOPT PACKING pc=0x000001d7e77ae596 sp=0x000000829affcce0
Event: 12.348 Thread 0x000001d78b26b2a0 DEOPT UNPACKING pc=0x000001d7ee874e42 sp=0x000000829affc228 mode 0
Event: 12.369 Thread 0x000001d786225aa0 Uncommon trap: trap_request=0xffffffcc fr.pc=0x000001d7ef16d1f4 relative=0x0000000000001b74
Event: 12.369 Thread 0x000001d786225aa0 Uncommon trap: reason=intrinsic_or_type_checked_inlining action=make_not_entrant pc=0x000001d7ef16d1f4 method=java.util.ArrayList$SubList.toArray([Ljava/lang/Object;)[Ljava/lang/Object; @ 58 c2
Event: 12.369 Thread 0x000001d786225aa0 DEOPT PACKING pc=0x000001d7ef16d1f4 sp=0x00000082983f6160
Event: 12.369 Thread 0x000001d786225aa0 DEOPT UNPACKING pc=0x000001d7ee8746a2 sp=0x00000082983f6098 mode 2
Event: 12.390 Thread 0x000001d786225aa0 Uncommon trap: trap_request=0xffffff45 fr.pc=0x000001d7eef9b328 relative=0x0000000000000228
Event: 12.390 Thread 0x000001d786225aa0 Uncommon trap: reason=unstable_if action=reinterpret pc=0x000001d7eef9b328 method=org.gradle.internal.snapshot.PathUtil.equalChars(CCLorg/gradle/internal/snapshot/CaseSensitivity;)Z @ 11 c2
Event: 12.390 Thread 0x000001d786225aa0 DEOPT PACKING pc=0x000001d7eef9b328 sp=0x00000082983f1b10
Event: 12.390 Thread 0x000001d786225aa0 DEOPT UNPACKING pc=0x000001d7ee8746a2 sp=0x00000082983f1a98 mode 2
Event: 12.390 Thread 0x000001d786225aa0 Uncommon trap: trap_request=0xffffff45 fr.pc=0x000001d7eef62108 relative=0x0000000000000068
Event: 12.390 Thread 0x000001d786225aa0 Uncommon trap: reason=unstable_if action=reinterpret pc=0x000001d7eef62108 method=org.gradle.internal.snapshot.PathUtil.compareCharsIgnoringCase(CC)I @ 11 c2
Event: 12.390 Thread 0x000001d786225aa0 DEOPT PACKING pc=0x000001d7eef62108 sp=0x00000082983f18e0
Event: 12.390 Thread 0x000001d786225aa0 DEOPT UNPACKING pc=0x000001d7ee8746a2 sp=0x00000082983f1880 mode 2
Event: 12.400 Thread 0x000001d786225aa0 Uncommon trap: trap_request=0xffffff45 fr.pc=0x000001d7eef62e78 relative=0x0000000000000918
Event: 12.400 Thread 0x000001d786225aa0 Uncommon trap: reason=unstable_if action=reinterpret pc=0x000001d7eef62e78 method=org.gradle.internal.snapshot.VfsRelativePath.isPrefix(Ljava/lang/String;ILjava/lang/String;ILorg/gradle/internal/snapshot/CaseSensitivity;)Z @ 101 c2
Event: 12.400 Thread 0x000001d786225aa0 DEOPT PACKING pc=0x000001d7eef62e78 sp=0x00000082983f27b0
Event: 12.400 Thread 0x000001d786225aa0 DEOPT UNPACKING pc=0x000001d7ee8746a2 sp=0x00000082983f2738 mode 2

Classes loaded (20 events):
Event: 11.202 Loading class java/util/IdentityHashMap$EntryIterator$Entry
Event: 11.202 Loading class java/util/IdentityHashMap$EntryIterator$Entry done
Event: 11.261 Loading class java/lang/invoke/SerializedLambda$1
Event: 11.261 Loading class java/lang/invoke/SerializedLambda$1 done
Event: 11.289 Loading class org/xml/sax/SAXParseException
Event: 11.289 Loading class org/xml/sax/SAXParseException done
Event: 11.290 Loading class org/xml/sax/Attributes
Event: 11.290 Loading class org/xml/sax/Attributes done
Event: 11.290 Loading class org/xml/sax/Locator
Event: 11.290 Loading class org/xml/sax/Locator done
Event: 11.348 Loading class java/util/DualPivotQuicksort
Event: 11.348 Loading class java/util/DualPivotQuicksort done
Event: 11.443 Loading class java/util/function/LongUnaryOperator
Event: 11.443 Loading class java/util/function/LongUnaryOperator done
Event: 12.160 Loading class java/util/Collections$ReverseComparator
Event: 12.160 Loading class java/util/Collections$ReverseComparator done
Event: 12.161 Loading class java/util/Collections$ReverseComparator2
Event: 12.161 Loading class java/util/Collections$ReverseComparator2 done
Event: 12.269 Loading class java/util/LinkedList$LLSpliterator
Event: 12.269 Loading class java/util/LinkedList$LLSpliterator done

Classes unloaded (0 events):
No events

Classes redefined (0 events):
No events

Internal exceptions (20 events):
Event: 11.259 Thread 0x000001d786225aa0 Exception <a 'java/lang/NoSuchMethodError'{0x000000008798fcf8}: 'void java.lang.invoke.Invokers$Holder.invokeExact_MT(java.lang.Object, java.lang.Object, int, java.lang.Object)'> (0x000000008798fcf8) 
thrown [s\src\hotspot\share\interpreter\linkResolver.cpp, line 784]
Event: 11.264 Thread 0x000001d786225aa0 Exception <a 'java/lang/NoSuchMethodError'{0x00000000879b2798}: 'void java.lang.invoke.Invokers$Holder.invokeExact_MT(java.lang.Object, java.lang.Object, long, java.lang.Object)'> (0x00000000879b2798) 
thrown [s\src\hotspot\share\interpreter\linkResolver.cpp, line 784]
Event: 11.280 Thread 0x000001d786225aa0 Exception <a 'java/lang/ClassNotFoundException'{0x00000000878ee4a0}: org/gradle/api/internal/project/DefaultProject_DecoratedBeanInfo> (0x00000000878ee4a0) 
thrown [s\src\hotspot\share\classfile\systemDictionary.cpp, line 312]
Event: 11.280 Thread 0x000001d786225aa0 Exception <a 'java/lang/ClassNotFoundException'{0x00000000878fa6c0}: org/gradle/api/internal/project/DefaultProjectBeanInfo> (0x00000000878fa6c0) 
thrown [s\src\hotspot\share\classfile\systemDictionary.cpp, line 312]
Event: 11.281 Thread 0x000001d786225aa0 Exception <a 'java/lang/ClassNotFoundException'{0x0000000087706bf0}: org/gradle/api/internal/project/DefaultProjectCustomizer> (0x0000000087706bf0) 
thrown [s\src\hotspot\share\classfile\systemDictionary.cpp, line 312]
Event: 11.286 Thread 0x000001d786225aa0 Exception <a 'java/lang/ClassNotFoundException'{0x00000000877c4ea8}: org/gradle/api/internal/project/DefaultProject_DecoratedCustomizer> (0x00000000877c4ea8) 
thrown [s\src\hotspot\share\classfile\systemDictionary.cpp, line 312]
Event: 11.443 Thread 0x000001d786225aa0 Exception <a 'java/lang/NoSuchMethodError'{0x0000000086efa6a8}: 'long java.lang.invoke.DirectMethodHandle$Holder.invokeStatic(java.lang.Object, long)'> (0x0000000086efa6a8) 
thrown [s\src\hotspot\share\interpreter\linkResolver.cpp, line 784]
Event: 11.521 Thread 0x000001d786225aa0 Exception <a 'java/lang/NoSuchMethodError'{0x0000000086978cd0}: 'java.lang.Object java.lang.invoke.DirectMethodHandle$Holder.invokeVirtual(java.lang.Object, java.lang.Object, java.lang.Object, java.lang.Object, java.lang.Object, java.lang.Object, java.lang.Object, java.lang.Object, java.lang.Object, java.lang.Object, java.lang.Object, java.lang.Object, java.lang.Object, java.lang.Object, java.lang.Object, java.lang.Object, java.lang.Object)'> (0x0000000086978cd0) 
thrown [s\src\hotspot\share\interpreter\li
Event: 11.521 Thread 0x000001d786225aa0 Exception <a 'java/lang/NoSuchMethodError'{0x000000008697ee50}: 'java.lang.Object java.lang.invoke.DirectMethodHandle$Holder.invokeSpecial(java.lang.Object, java.lang.Object, java.lang.Object, java.lang.Object, java.lang.Object, java.lang.Object, java.lang.Object, java.lang.Object, java.lang.Object, java.lang.Object, java.lang.Object, java.lang.Object, java.lang.Object, java.lang.Object, java.lang.Object, java.lang.Object, java.lang.Object, java.lang.Object)'> (0x000000008697ee50) 
thrown [s\src\hotspot\sh
Event: 11.521 Thread 0x000001d786225aa0 Exception <a 'java/lang/NoSuchMethodError'{0x00000000869848d0}: 'java.lang.Object java.lang.invoke.DelegatingMethodHandle$Holder.reinvoke_L(java.lang.Object, java.lang.Object, java.lang.Object, java.lang.Object, java.lang.Object, java.lang.Object, java.lang.Object, java.lang.Object, java.lang.Object, java.lang.Object, java.lang.Object, java.lang.Object, java.lang.Object, java.lang.Object, java.lang.Object, java.lang.Object, java.lang.Object)'> (0x00000000869848d0) 
thrown [s\src\hotspot\share\interpreter\l
Event: 11.640 Thread 0x000001d786225aa0 Exception <a 'java/lang/NoSuchMethodError'{0x0000000089155408}: static Lorg/gradle/api/internal/catalog/DefaultVersionCatalog;.<clinit>()V> (0x0000000089155408) 
thrown [s\src\hotspot\share\prims\jni.cpp, line 1144]
Event: 11.644 Thread 0x000001d786225aa0 Exception <a 'java/lang/NoSuchMethodError'{0x0000000089192f38}: static [Ljava/lang/Object;.<clinit>()V> (0x0000000089192f38) 
thrown [s\src\hotspot\share\prims\jni.cpp, line 1144]
Event: 11.646 Thread 0x000001d786225aa0 Exception <a 'java/lang/NoSuchMethodError'{0x00000000891bdeb0}: static Lorg/gradle/api/internal/catalog/DependencyModel;.<clinit>()V> (0x00000000891bdeb0) 
thrown [s\src\hotspot\share\prims\jni.cpp, line 1144]
Event: 11.646 Thread 0x000001d786225aa0 Exception <a 'java/lang/NoSuchMethodError'{0x00000000891c2238}: static Lorg/gradle/api/internal/catalog/AbstractContextAwareModel;.<clinit>()V> (0x00000000891c2238) 
thrown [s\src\hotspot\share\prims\jni.cpp, line 1144]
Event: 11.648 Thread 0x000001d786225aa0 Exception <a 'java/lang/NoSuchMethodError'{0x00000000891ddf08}: static Lorg/gradle/api/internal/artifacts/dependencies/AbstractVersionConstraint;.<clinit>()V> (0x00000000891ddf08) 
thrown [s\src\hotspot\share\prims\jni.cpp, line 1144]
Event: 11.654 Thread 0x000001d786225aa0 Exception <a 'java/lang/NoSuchMethodError'{0x00000000890354f8}: static Lorg/gradle/api/internal/catalog/PluginModel;.<clinit>()V> (0x00000000890354f8) 
thrown [s\src\hotspot\share\prims\jni.cpp, line 1144]
Event: 11.655 Thread 0x000001d786225aa0 Exception <a 'java/lang/NoSuchMethodError'{0x000000008904eb38}: static Lorg/gradle/api/internal/catalog/VersionModel;.<clinit>()V> (0x000000008904eb38) 
thrown [s\src\hotspot\share\prims\jni.cpp, line 1144]
Event: 11.749 Thread 0x000001d786225aa0 Exception <a 'java/lang/NoSuchMethodError'{0x0000000088c4e4e8}: 'int java.lang.invoke.DirectMethodHandle$Holder.invokeSpecialIFC(java.lang.Object, java.lang.Object, java.lang.Object)'> (0x0000000088c4e4e8) 
thrown [s\src\hotspot\share\interpreter\linkResolver.cpp, line 784]
Event: 11.819 Thread 0x000001d786225aa0 Exception <a 'java/lang/NoSuchMethodError'{0x0000000088804110}: 'void java.lang.invoke.DirectMethodHandle$Holder.invokeStatic(java.lang.Object, java.lang.Object, java.lang.Object, int, java.lang.Object)'> (0x0000000088804110) 
thrown [s\src\hotspot\share\interpreter\linkResolver.cpp, line 784]
Event: 12.270 Thread 0x000001d786225aa0 Exception <a 'java/lang/IncompatibleClassChangeError'{0x0000000087aa0838}: Found class java.lang.Object, but interface was expected> (0x0000000087aa0838) 
thrown [s\src\hotspot\share\interpreter\linkResolver.cpp, line 851]

ZGC Phase Switch (0 events):
No events

VM Operations (20 events):
Event: 11.131 Executing VM operation: HandshakeAllThreads (Deoptimize) done
Event: 11.222 Executing VM operation: HandshakeAllThreads (Deoptimize)
Event: 11.222 Executing VM operation: HandshakeAllThreads (Deoptimize) done
Event: 11.431 Executing VM operation: ICBufferFull
Event: 11.431 Executing VM operation: ICBufferFull done
Event: 11.604 Executing VM operation: G1CollectForAllocation (G1 Evacuation Pause)
Event: 11.611 Executing VM operation: G1CollectForAllocation (G1 Evacuation Pause) done
Event: 11.832 Executing VM operation: HandshakeAllThreads (Deoptimize)
Event: 11.832 Executing VM operation: HandshakeAllThreads (Deoptimize) done
Event: 12.017 Executing VM operation: ICBufferFull
Event: 12.018 Executing VM operation: ICBufferFull done
Event: 12.198 Executing VM operation: HandshakeAllThreads (Deoptimize)
Event: 12.198 Executing VM operation: HandshakeAllThreads (Deoptimize) done
Event: 12.214 Executing VM operation: ICBufferFull
Event: 12.214 Executing VM operation: ICBufferFull done
Event: 12.392 Executing VM operation: ICBufferFull
Event: 12.392 Executing VM operation: ICBufferFull done
Event: 12.456 Executing VM operation: G1CollectForAllocation (G1 Evacuation Pause)
Event: 12.466 Executing VM operation: G1CollectForAllocation (G1 Evacuation Pause) done
Event: 12.531 Executing VM operation: G1PauseRemark

Memory protections (0 events):
No events

Nmethod flushes (20 events):
Event: 12.535 Thread 0x000001d7fb831cc0 flushing  nmethod 0x000001d7e7b74790
Event: 12.535 Thread 0x000001d7fb831cc0 flushing  nmethod 0x000001d7eee5d490
Event: 12.535 Thread 0x000001d7fb831cc0 flushing  nmethod 0x000001d7ef018f10
Event: 12.535 Thread 0x000001d7fb831cc0 flushing  nmethod 0x000001d7e73c1110
Event: 12.535 Thread 0x000001d7fb831cc0 flushing  nmethod 0x000001d7e745d090
Event: 12.535 Thread 0x000001d7fb831cc0 flushing  nmethod 0x000001d7e7489790
Event: 12.535 Thread 0x000001d7fb831cc0 flushing  nmethod 0x000001d7e74c2690
Event: 12.535 Thread 0x000001d7fb831cc0 flushing  nmethod 0x000001d7e74c4710
Event: 12.535 Thread 0x000001d7fb831cc0 flushing  nmethod 0x000001d7e74c8290
Event: 12.535 Thread 0x000001d7fb831cc0 flushing  nmethod 0x000001d7e762fe90
Event: 12.535 Thread 0x000001d7fb831cc0 flushing  nmethod 0x000001d7e76dc810
Event: 12.535 Thread 0x000001d7fb831cc0 flushing  nmethod 0x000001d7e7971310
Event: 12.535 Thread 0x000001d7fb831cc0 flushing  nmethod 0x000001d7e7972310
Event: 12.535 Thread 0x000001d7fb831cc0 flushing  nmethod 0x000001d7e7a88610
Event: 12.535 Thread 0x000001d7fb831cc0 flushing  nmethod 0x000001d7e7b23a10
Event: 12.535 Thread 0x000001d7fb831cc0 flushing  nmethod 0x000001d7e76a5690
Event: 12.535 Thread 0x000001d7fb831cc0 flushing  nmethod 0x000001d7e76e6710
Event: 12.535 Thread 0x000001d7fb831cc0 flushing  nmethod 0x000001d7e7a90d90
Event: 12.535 Thread 0x000001d7fb831cc0 flushing  nmethod 0x000001d7e7a93e90
Event: 12.535 Thread 0x000001d7fb831cc0 flushing  nmethod 0x000001d7e7b24d90

Events (20 events):
Event: 9.380 Thread 0x000001d786225aa0 Thread added: 0x000001d78b26cce0
Event: 9.380 Thread 0x000001d786225aa0 Thread added: 0x000001d78b26d370
Event: 9.381 Thread 0x000001d786225aa0 Thread added: 0x000001d78b26bfc0
Event: 9.382 Thread 0x000001d786225aa0 Thread added: 0x000001d78b269ef0
Event: 9.383 Thread 0x000001d786225aa0 Thread added: 0x000001d78b26e090
Event: 9.384 Thread 0x000001d786225aa0 Thread added: 0x000001d78b26c650
Event: 12.298 Thread 0x000001d786225aa0 Thread added: 0x000001d78b26b2a0
Event: 12.299 Thread 0x000001d786225aa0 Thread added: 0x000001d78b2691d0
Event: 12.299 Thread 0x000001d786225aa0 Thread added: 0x000001d78b26f440
Event: 12.299 Thread 0x000001d786225aa0 Thread added: 0x000001d78b26da00
Event: 12.300 Thread 0x000001d786225aa0 Thread added: 0x000001d78b26fad0
Event: 12.300 Thread 0x000001d786225aa0 Thread added: 0x000001d78b26b930
Event: 12.300 Thread 0x000001d786225aa0 Thread added: 0x000001d785116660
Event: 12.389 Thread 0x000001d786225aa0 Thread added: 0x000001d78511a170
Event: 12.390 Thread 0x000001d786225aa0 Thread added: 0x000001d785113870
Event: 12.392 Thread 0x000001d786225aa0 Thread added: 0x000001d785113f00
Event: 12.394 Thread 0x000001d786225aa0 Thread added: 0x000001d7851131e0
Event: 12.398 Thread 0x000001d786225aa0 Thread added: 0x000001d785114c20
Event: 12.400 Thread 0x000001d786225aa0 Thread added: 0x000001d785118730
Event: 12.402 Thread 0x000001d786225aa0 Thread added: 0x000001d785114590


Dynamic libraries:
0x00007ff7eeb00000 - 0x00007ff7eeb0a000 	D:\Android\jbr\bin\java.exe
0x00007ffdb4490000 - 0x00007ffdb4688000 	C:\Windows\SYSTEM32\ntdll.dll
0x00007ffdb2a90000 - 0x00007ffdb2b52000 	C:\Windows\System32\KERNEL32.DLL
0x00007ffdb1d70000 - 0x00007ffdb2066000 	C:\Windows\System32\KERNELBASE.dll
0x00007ffdb2240000 - 0x00007ffdb2340000 	C:\Windows\System32\ucrtbase.dll
0x00007ffda4bf0000 - 0x00007ffda4c08000 	D:\Android\jbr\bin\jli.dll
0x00007ffd3b3d0000 - 0x00007ffd3b3eb000 	D:\Android\jbr\bin\VCRUNTIME140.dll
0x00007ffdb3f30000 - 0x00007ffdb40d1000 	C:\Windows\System32\USER32.dll
0x00007ffdb2480000 - 0x00007ffdb24a2000 	C:\Windows\System32\win32u.dll
0x00007ffd999b0000 - 0x00007ffd99c4b000 	C:\Windows\WinSxS\amd64_microsoft.windows.common-controls_6595b64144ccf1df_6.0.19041.6456_none_60b8a6cb71f64256\COMCTL32.dll
0x00007ffdb2c20000 - 0x00007ffdb2c4b000 	C:\Windows\System32\GDI32.dll
0x00007ffdb4200000 - 0x00007ffdb429e000 	C:\Windows\System32\msvcrt.dll
0x00007ffdb2120000 - 0x00007ffdb2239000 	C:\Windows\System32\gdi32full.dll
0x00007ffdb1b70000 - 0x00007ffdb1c0d000 	C:\Windows\System32\msvcp_win.dll
0x00007ffdb2760000 - 0x00007ffdb278f000 	C:\Windows\System32\IMM32.DLL
0x00007ffd3f160000 - 0x00007ffd3f16c000 	D:\Android\jbr\bin\vcruntime140_1.dll
0x00007ffd87970000 - 0x00007ffd879fd000 	D:\Android\jbr\bin\msvcp140.dll
0x00007ffd37a60000 - 0x00007ffd386f6000 	D:\Android\jbr\bin\server\jvm.dll
0x00007ffdb2c50000 - 0x00007ffdb2d01000 	C:\Windows\System32\ADVAPI32.dll
0x00007ffdb29d0000 - 0x00007ffdb2a6f000 	C:\Windows\System32\sechost.dll
0x00007ffdb32c0000 - 0x00007ffdb33e0000 	C:\Windows\System32\RPCRT4.dll
0x00007ffdb2340000 - 0x00007ffdb2367000 	C:\Windows\System32\bcrypt.dll
0x00007ffdb2790000 - 0x00007ffdb27fb000 	C:\Windows\System32\WS2_32.dll
0x00007ffdb1980000 - 0x00007ffdb19cb000 	C:\Windows\SYSTEM32\POWRPROF.dll
0x00007ffda6f90000 - 0x00007ffda6fb7000 	C:\Windows\SYSTEM32\WINMM.dll
0x00007ffda9540000 - 0x00007ffda954a000 	C:\Windows\SYSTEM32\VERSION.dll
0x00007ffdb1960000 - 0x00007ffdb1972000 	C:\Windows\SYSTEM32\UMPDC.dll
0x00007ffdaf990000 - 0x00007ffdaf9a2000 	C:\Windows\SYSTEM32\kernel.appcore.dll
0x00007ffd3b3c0000 - 0x00007ffd3b3ca000 	D:\Android\jbr\bin\jimage.dll
0x00007ffdabdc0000 - 0x00007ffdabfc1000 	C:\Windows\SYSTEM32\DBGHELP.DLL
0x00007ffda97a0000 - 0x00007ffda97d4000 	C:\Windows\SYSTEM32\dbgcore.DLL
0x00007ffdb23f0000 - 0x00007ffdb2472000 	C:\Windows\System32\bcryptPrimitives.dll
0x00007ffda9490000 - 0x00007ffda949e000 	D:\Android\jbr\bin\instrument.dll
0x00007ffd3b3a0000 - 0x00007ffd3b3c0000 	D:\Android\jbr\bin\java.dll
0x00007ffd3b380000 - 0x00007ffd3b398000 	D:\Android\jbr\bin\zip.dll
0x00007ffdb33e0000 - 0x00007ffdb3b50000 	C:\Windows\System32\SHELL32.dll
0x00007ffdafb90000 - 0x00007ffdb0335000 	C:\Windows\SYSTEM32\windows.storage.dll
0x00007ffdb3bd0000 - 0x00007ffdb3f24000 	C:\Windows\System32\combase.dll
0x00007ffdb1470000 - 0x00007ffdb149b000 	C:\Windows\SYSTEM32\Wldp.dll
0x00007ffdb31e0000 - 0x00007ffdb32ad000 	C:\Windows\System32\OLEAUT32.dll
0x00007ffdb24b0000 - 0x00007ffdb255d000 	C:\Windows\System32\SHCORE.dll
0x00007ffdb2690000 - 0x00007ffdb26eb000 	C:\Windows\System32\shlwapi.dll
0x00007ffdb1a50000 - 0x00007ffdb1a74000 	C:\Windows\SYSTEM32\profapi.dll
0x00007ffd3b370000 - 0x00007ffd3b380000 	D:\Android\jbr\bin\net.dll
0x00007ffdad850000 - 0x00007ffdad95a000 	C:\Windows\SYSTEM32\WINHTTP.dll
0x00007ffdb11d0000 - 0x00007ffdb123a000 	C:\Windows\system32\mswsock.dll
0x00007ffd3b350000 - 0x00007ffd3b366000 	D:\Android\jbr\bin\nio.dll
0x00007ffd9da10000 - 0x00007ffd9da20000 	D:\Android\jbr\bin\verify.dll
0x00007ffd85640000 - 0x00007ffd85667000 	C:\Users\Admin\.gradle\native\1def1411415f61bf3af743bc5b6707747c0891f09f0c88961ee8f79bc544acac\windows-amd64\native-platform.dll
0x00007ffd84b10000 - 0x00007ffd84b88000 	C:\Users\Admin\.gradle\native\0.2.7\x86_64-windows-gnu\gradle-fileevents.dll
0x00007ffd9da40000 - 0x00007ffd9da49000 	D:\Android\jbr\bin\management.dll
0x00007ffd9da30000 - 0x00007ffd9da3b000 	D:\Android\jbr\bin\management_ext.dll
0x00007ffdb2750000 - 0x00007ffdb2758000 	C:\Windows\System32\PSAPI.DLL
0x00007ffdb0eb0000 - 0x00007ffdb0eeb000 	C:\Windows\SYSTEM32\IPHLPAPI.DLL
0x00007ffdb2c10000 - 0x00007ffdb2c18000 	C:\Windows\System32\NSI.dll
0x00007ffd9daa0000 - 0x00007ffd9daa9000 	D:\Android\jbr\bin\extnet.dll
0x00007ffdb13d0000 - 0x00007ffdb13e8000 	C:\Windows\SYSTEM32\CRYPTSP.dll
0x00007ffdb0af0000 - 0x00007ffdb0b28000 	C:\Windows\system32\rsaenh.dll
0x00007ffdb1a10000 - 0x00007ffdb1a3e000 	C:\Windows\SYSTEM32\USERENV.dll
0x00007ffdb13c0000 - 0x00007ffdb13cc000 	C:\Windows\SYSTEM32\CRYPTBASE.dll
0x00007ffdaad40000 - 0x00007ffdaad47000 	C:\Windows\system32\wshunix.dll

JVMTI agents:
C:\Users\Admin\.gradle\wrapper\dists\gradle-8.13-bin\5xuhj0ry160q40clulazy9h7d\gradle-8.13\lib\agents\gradle-instrumentation-agent-8.13.jar path:D:\Android\jbr\bin\instrument.dll, loaded, initialized, instrumentlib options:none

dbghelp: loaded successfully - version: 4.0.5 - missing functions: none
symbol engine: initialized successfully - sym options: 0x614 - pdb path: .;D:\Android\jbr\bin;C:\Windows\SYSTEM32;C:\Windows\WinSxS\amd64_microsoft.windows.common-controls_6595b64144ccf1df_6.0.19041.6456_none_60b8a6cb71f64256;D:\Android\jbr\bin\server;C:\Users\Admin\.gradle\native\1def1411415f61bf3af743bc5b6707747c0891f09f0c88961ee8f79bc544acac\windows-amd64;C:\Users\Admin\.gradle\native\0.2.7\x86_64-windows-gnu

VM Arguments:
jvm_args: --add-opens=java.base/java.lang=ALL-UNNAMED --add-opens=java.base/java.lang.invoke=ALL-UNNAMED --add-opens=java.base/java.util=ALL-UNNAMED --add-opens=java.prefs/java.util.prefs=ALL-UNNAMED --add-exports=jdk.compiler/com.sun.tools.javac.api=ALL-UNNAMED --add-exports=jdk.compiler/com.sun.tools.javac.util=ALL-UNNAMED --add-opens=java.base/java.util=ALL-UNNAMED --add-opens=java.prefs/java.util.prefs=ALL-UNNAMED --add-opens=java.base/java.nio.charset=ALL-UNNAMED --add-opens=java.base/java.net=ALL-UNNAMED --add-opens=java.base/java.util.concurrent.atomic=ALL-UNNAMED --add-opens=java.xml/javax.xml.namespace=ALL-UNNAMED -Xmx2048m -Dfile.encoding=UTF-8 -Duser.country=RU -Duser.language=ru -Duser.variant -javaagent:C:\Users\Admin\.gradle\wrapper\dists\gradle-8.13-bin\5xuhj0ry160q40clulazy9h7d\gradle-8.13\lib\agents\gradle-instrumentation-agent-8.13.jar 
java_command: org.gradle.launcher.daemon.bootstrap.GradleDaemon 8.13
java_class_path (initial): C:\Users\Admin\.gradle\wrapper\dists\gradle-8.13-bin\5xuhj0ry160q40clulazy9h7d\gradle-8.13\lib\gradle-daemon-main-8.13.jar
Launcher Type: SUN_STANDARD

[Global flags]
     intx CICompilerCount                          = 4                                         {product} {ergonomic}
     uint ConcGCThreads                            = 2                                         {product} {ergonomic}
     uint G1ConcRefinementThreads                  = 8                                         {product} {ergonomic}
   size_t G1HeapRegionSize                         = 1048576                                   {product} {ergonomic}
    uintx GCDrainStackTargetSize                   = 64                                        {product} {ergonomic}
   size_t InitialHeapSize                          = 100663296                                 {product} {ergonomic}
   size_t MarkStackSize                            = 4194304                                   {product} {ergonomic}
   size_t MaxHeapSize                              = 2147483648                                {product} {command line}
   size_t MaxNewSize                               = 1287651328                                {product} {ergonomic}
   size_t MinHeapDeltaBytes                        = 1048576                                   {product} {ergonomic}
   size_t MinHeapSize                              = 8388608                                   {product} {ergonomic}
    uintx NonNMethodCodeHeapSize                   = 5839372                                {pd product} {ergonomic}
    uintx NonProfiledCodeHeapSize                  = 122909434                              {pd product} {ergonomic}
    uintx ProfiledCodeHeapSize                     = 122909434                              {pd product} {ergonomic}
    uintx ReservedCodeCacheSize                    = 251658240                              {pd product} {ergonomic}
     bool SegmentedCodeCache                       = true                                      {product} {ergonomic}
   size_t SoftMaxHeapSize                          = 2147483648                             {manageable} {ergonomic}
     bool UseCompressedOops                        = true                           {product lp64_product} {ergonomic}
     bool UseG1GC                                  = true                                      {product} {ergonomic}
     bool UseLargePagesIndividualAllocation        = false                                  {pd product} {ergonomic}

Logging:
Log output configuration:
 #0: stdout all=warning uptime,level,tags foldmultilines=false
 #1: stderr all=off uptime,level,tags foldmultilines=false

Environment Variables:
PATH=C:\Program Files (x86)\NVIDIA Corporation\PhysX\Common;C:\Program Files (x86)\Common Files\Oracle\Java\java8path;C:\Program Files (x86)\Common Files\Oracle\Java\javapath;C:\Windows\system32;C:\Windows;C:\Windows\System32\Wbem;C:\Windows\System32\WindowsPowerShell\v1.0\;C:\Windows\System32\OpenSSH\;C:\Program Files\Microsoft SQL Server\150\Tools\Binn\;C:\Program Files (x86)\Windows Kits\10\Windows Performance Toolkit\;C:\Program Files\nodejs\;C:\Program Files\Git\cmd;C:\Program Files\OpenSSL-Win64\bin;D:\PuTTY\;C:\TDM-GCC-32\bin;C:\Program Files\dotnet\;C:\Program Files\TortoiseGit\bin;C:\php;C:\Users\Admin\AppData\Local\Microsoft\WindowsApps;C:\Users\Admin\AppData\Local\atom\bin;C:\Users\Admin\AppData\Roaming\npm;C:\Users\Admin\AppData\Local\spicetify;C:\msys64\ucrt64\bin;C:\Users\Admin\.dotnet\tools;D:\flutter\bin;
USERNAME=Admin
OS=Windows_NT
PROCESSOR_IDENTIFIER=AMD64 Family 23 Model 24 Stepping 1, AuthenticAMD
TMP=C:\Users\Admin\AppData\Local\Temp
TEMP=C:\Users\Admin\AppData\Local\Temp




Periodic native trim disabled

JNI global refs:
JNI global refs: 29, weak refs: 0

JNI global refs memory usage: 835, weak refs: 833

Process memory usage:
Resident Set Size: 392572K (6% of 6232908K total physical memory with 408064K free physical memory)

OOME stack traces (most recent first):
Classloader memory used:
Loader org.gradle.internal.classloader.VisitableURLClassLoader                         : 37048K
Loader bootstrap                                                                       : 23601K
Loader org.gradle.initialization.MixInLegacyTypesClassLoader                           : 10914K
Loader org.gradle.internal.classloader.VisitableURLClassLoader                         : 1090K
Loader org.gradle.internal.classloader.VisitableURLClassLoader$InstrumentingVisitableURLClassLoader: 685K
Loader jdk.internal.loader.ClassLoaders$PlatformClassLoader                            : 529K
Loader jdk.internal.reflect.DelegatingClassLoader                                      : 283K
Loader jdk.internal.loader.ClassLoaders$AppClassLoader                                 : 235K
Loader org.gradle.groovy.scripts.internal.DefaultScriptCompilationHandler$ScriptClassLoader: 90128B
Loader org.codehaus.groovy.runtime.callsite.CallSiteClassLoader                        : 49928B

Classes loaded by more than one classloader:
Class org.gradle.internal.IoActions                                                   : loaded 3 times (x 71B)
Class org.gradle.api.Action                                                           : loaded 3 times (x 70B)
Class org.gradle.internal.Cast                                                        : loaded 3 times (x 71B)
Class org.gradle.api.GradleException                                                  : loaded 3 times (x 82B)
Class org.gradle.api.UncheckedIOException                                             : loaded 3 times (x 82B)
Class Program                                                                         : loaded 3 times (x 72B)
Class kotlin.collections.AbstractList$Companion                                       : loaded 2 times (x 71B)
Class org.gradle.internal.classloader.ClassLoaderVisitor                              : loaded 2 times (x 76B)
Class org.gradle.api.internal.classpath.EffectiveClassPath                            : loaded 2 times (x 90B)
Class org.gradle.tooling.internal.gradle.DefaultProjectIdentifier                     : loaded 2 times (x 86B)
Class org.gradle.api.internal.DefaultClassPathProvider                                : loaded 2 times (x 76B)
Class [Lorg.gradle.api.internal.ClassPathProvider;                                    : loaded 2 times (x 69B)
Class org.gradle.api.internal.ClassPathProvider                                       : loaded 2 times (x 70B)
Class org.gradle.internal.service.UnknownServiceException                             : loaded 2 times (x 83B)
Class org.gradle.internal.classpath.TransformedClassPath                              : loaded 2 times (x 96B)
Class org.gradle.internal.classloader.InstrumentingClassLoader                        : loaded 2 times (x 70B)
Class kotlin.enums.EnumEntriesList                                                    : loaded 2 times (x 223B)
Class org.gradle.internal.service.ServiceLocator                                      : loaded 2 times (x 70B)
Class com.intellij.gradle.toolingExtension.util.GradleVersionUtil                     : loaded 2 times (x 71B)
Class org.gradle.tooling.model.UnsupportedMethodException                             : loaded 2 times (x 82B)
Class org.gradle.internal.InternalTransformer                                         : loaded 2 times (x 70B)
Class org.gradle.internal.time.DefaultTimer                                           : loaded 2 times (x 80B)
Class org.gradle.internal.classloader.ClasspathUtil$1                                 : loaded 2 times (x 76B)
Class org.gradle.api.internal.classpath.DefaultModuleRegistry$DefaultModule           : loaded 2 times (x 86B)
Class org.gradle.internal.time.DefaultCountdownTimer                                  : loaded 2 times (x 88B)
Class org.gradle.tooling.internal.gradle.DefaultBuildIdentifier                       : loaded 2 times (x 79B)
Class kotlin.Function                                                                 : loaded 2 times (x 70B)
Class org.gradle.api.internal.classpath.Module                                        : loaded 2 times (x 70B)
Class org.gradle.api.internal.classpath.UnknownModuleException                        : loaded 2 times (x 82B)
Class org.gradle.tooling.internal.gradle.GradleProjectIdentity                        : loaded 2 times (x 70B)
Class org.gradle.api.internal.DefaultClassPathRegistry                                : loaded 2 times (x 76B)
Class org.gradle.api.internal.ClassPathRegistry                                       : loaded 2 times (x 70B)
Class org.gradle.internal.classpath.DefaultClassPath$ImmutableUniqueList              : loaded 2 times (x 199B)
Class org.gradle.internal.classloader.DefaultClassLoaderFactory                       : loaded 2 times (x 82B)
Class Settings_gradle$1                                                               : loaded 2 times (x 74B)
Class org.gradle.internal.operations.MultipleBuildOperationFailures                   : loaded 2 times (x 95B)
Class org.gradle.internal.classpath.ClassPath                                         : loaded 2 times (x 70B)
Class sync_studio_tooling1_640xrusbbbgijsy82klg2g3bb                                  : loaded 2 times (x 179B)
Class org.gradle.api.internal.classpath.ManifestUtil                                  : loaded 2 times (x 71B)
Class kotlin.UninitializedPropertyAccessException                                     : loaded 2 times (x 82B)
Class org.gradle.internal.installation.GradleInstallation$1                           : loaded 2 times (x 75B)
Class org.gradle.api.internal.classpath.ModuleRegistry                                : loaded 2 times (x 70B)
Class org.gradle.api.internal.classpath.DefaultModuleRegistry                         : loaded 2 times (x 86B)
Class org.gradle.util.internal.DefaultGradleVersion$Stage                             : loaded 2 times (x 75B)
Class org.gradle.internal.time.MonotonicClock                                         : loaded 2 times (x 77B)
Class org.gradle.internal.service.ServiceLookupException                              : loaded 2 times (x 82B)
Class org.gradle.internal.classloader.ClassLoaderFactory                              : loaded 2 times (x 70B)
Class org.gradle.internal.service.CachingServiceLocator                               : loaded 2 times (x 82B)
Class org.gradle.internal.time.TimeSource                                             : loaded 2 times (x 70B)
Class org.gradle.tooling.internal.gradle.GradleBuildIdentity                          : loaded 2 times (x 70B)
Class kotlin.enums.EnumEntries                                                        : loaded 2 times (x 70B)
Class org.gradle.internal.exceptions.ResolutionProvider                               : loaded 2 times (x 70B)
Class org.gradle.tooling.model.ProjectIdentifier                                      : loaded 2 times (x 70B)
Class org.gradle.internal.classloader.ClasspathUtil                                   : loaded 2 times (x 71B)
Class org.gradle.internal.time.TimeSource$1                                           : loaded 2 times (x 77B)
Class kotlin.jvm.internal.DefaultConstructorMarker                                    : loaded 2 times (x 71B)
Class org.gradle.api.specs.Spec                                                       : loaded 2 times (x 70B)
Class com.intellij.gradle.toolingExtension.impl.model.utilDummyModel.DummyModel       : loaded 2 times (x 70B)
Class org.gradle.internal.time.Clock                                                  : loaded 2 times (x 70B)
Class kotlin.collections.AbstractList                                                 : loaded 2 times (x 197B)
Class kotlin.collections.AbstractCollection                                           : loaded 2 times (x 117B)
Class org.gradle.internal.impldep.com.google.common.base.Preconditions                : loaded 2 times (x 71B)
Class org.gradle.internal.classloader.VisitableURLClassLoader$InstrumentingVisitableURLClassLoader: loaded 2 times (x 123B)
Class org.gradle.internal.classloader.VisitableURLClassLoader$Spec                    : loaded 2 times (x 74B)
Class org.gradle.internal.classpath.DefaultClassPath                                  : loaded 2 times (x 90B)
Class org.gradle.util.internal.DefaultGradleVersion                                   : loaded 2 times (x 80B)
Class org.gradle.internal.classloader.ClassLoaderSpec                                 : loaded 2 times (x 71B)
Class Settings_gradle$1$1                                                             : loaded 2 times (x 74B)
Class kotlin.Unit                                                                     : loaded 2 times (x 71B)
Class org.gradle.internal.classloader.VisitableURLClassLoader                         : loaded 2 times (x 117B)
Class Settings_gradle                                                                 : loaded 2 times (x 128B)
Class org.gradle.internal.classloader.ClassLoaderHierarchy                            : loaded 2 times (x 70B)
Class org.gradle.internal.classloader.FilteringClassLoader                            : loaded 2 times (x 105B)
Class kotlin.jvm.functions.Function1                                                  : loaded 2 times (x 70B)
Class org.gradle.internal.classpath.DefaultClassPath$ImmutableUniqueList$Builder      : loaded 2 times (x 75B)
Class org.gradle.tooling.model.Model                                                  : loaded 2 times (x 70B)
Class org.gradle.internal.exceptions.NonGradleCauseExceptionsHolder                   : loaded 2 times (x 70B)
Class org.jetbrains.plugins.gradle.tooling.ModelBuilderService$Parameter              : loaded 2 times (x 70B)
Class kotlin.NotImplementedError                                                      : loaded 2 times (x 82B)
Class kotlin.enums.EnumEntriesKt                                                      : loaded 2 times (x 71B)
Class org.gradle.internal.classloader.SystemClassLoaderSpec                           : loaded 2 times (x 71B)
Class org.gradle.internal.exceptions.MultiCauseException                              : loaded 2 times (x 70B)
Class org.gradle.internal.time.CountdownTimer                                         : loaded 2 times (x 70B)
Class kotlin.jvm.internal.Intrinsics                                                  : loaded 2 times (x 71B)
Class org.gradle.tooling.model.ProjectModel                                           : loaded 2 times (x 70B)
Class kotlin.KotlinNullPointerException                                               : loaded 2 times (x 83B)
Class ijInit1_cc45vyagw77osorhnet0yrg9q                                               : loaded 2 times (x 179B)
Class org.gradle.internal.exceptions.DefaultMultiCauseException                       : loaded 2 times (x 95B)
Class org.gradle.internal.time.Time                                                   : loaded 2 times (x 71B)
Class org.gradle.api.internal.classpath.GlobalCacheRootsProvider                      : loaded 2 times (x 70B)
Class org.gradle.tooling.model.BuildIdentifier                                        : loaded 2 times (x 70B)
Class org.gradle.internal.time.Timer                                                  : loaded 2 times (x 70B)
Class kotlin.jvm.internal.markers.KMappedMarker                                       : loaded 2 times (x 70B)
Class org.gradle.internal.installation.CurrentGradleInstallationLocator               : loaded 2 times (x 71B)
Class org.gradle.internal.service.DefaultServiceLocator                               : loaded 2 times (x 83B)
Class org.gradle.util.GradleVersion                                                   : loaded 2 times (x 79B)
Class org.gradle.internal.installation.CurrentGradleInstallation                      : loaded 2 times (x 73B)
Class org.gradle.util.internal.GUtil                                                  : loaded 2 times (x 71B)
Class org.gradle.internal.installation.GradleInstallation                             : loaded 2 times (x 75B)

---------------  S Y S T E M  ---------------

OS:
 Windows 10 , 64 bit Build 19041 (10.0.19041.5915)
OS uptime: 0 days 0:15 hours

CPU: total 8 (initial active 8) (8 cores per cpu, 2 threads per core) family 23 model 24 stepping 1 microcode 0x0, cx8, cmov, fxsr, ht, mmx, 3dnowpref, sse, sse2, sse3, ssse3, sse4a, sse4.1, sse4.2, popcnt, lzcnt, tsc, tscinvbit, avx, avx2, aes, clmul, bmi1, bmi2, adx, sha, fma, vzeroupper, clflush, clflushopt, rdtscp, f16c
Processor Information for the first 8 processors :
  Max Mhz: 2100, Current Mhz: 2100, Mhz Limit: 2100

Memory: 4k page, system-wide physical 6086M (398M free)
TotalPageFile size 8042M (AvailPageFile size 12M)
current process WorkingSet (physical memory assigned to process): 383M, peak: 391M
current process commit charge ("private bytes"): 420M, peak: 440M

vm_info: OpenJDK 64-Bit Server VM (21.0.8+-14196175-b1038.72) for windows-amd64 JRE (21.0.8+-14196175-b1038.72), built on 2025-10-01T10:24:33Z by "builder" with MS VC++ 16.10 / 16.11 (VS2019)

END.
