#
# There is insufficient memory for the Java Runtime Environment to continue.
# Native memory allocation (malloc) failed to allocate 1436176 bytes. Error detail: Chunk::new
# Possible reasons:
#   The system is out of physical RAM or swap space
#   This process is running with CompressedOops enabled, and the Java Heap may be blocking the growth of the native heap
# Possible solutions:
#   Reduce memory load on the system
#   Increase physical memory or swap space
#   Check if swap backing store is full
#   Decrease Java heap size (-Xmx/-Xms)
#   Decrease number of Java threads
#   Decrease Java thread stack sizes (-Xss)
#   Set larger code cache with -XX:ReservedCodeCacheSize=
#   JVM is running with Unscaled Compressed Oops mode in which the Java heap is
#     placed in the first 4GB address space. The Java Heap base address is the
#     maximum limit for the native heap growth. Please use -XX:HeapBaseMinAddress
#     to set the Java Heap base and to place the Java Heap above 4GB virtual address.
# This output file may be truncated or incomplete.
#
#  Out of Memory Error (arena.cpp:168), pid=15004, tid=6404
#
# JRE version: OpenJDK Runtime Environment (21.0.8) (build 21.0.8+-14196175-b1038.72)
# Java VM: OpenJDK 64-Bit Server VM (21.0.8+-14196175-b1038.72, mixed mode, tiered, compressed oops, compressed class ptrs, g1 gc, windows-amd64)
# No core dump will be written. Minidumps are not enabled by default on client versions of Windows
#

---------------  S U M M A R Y ------------

Command Line: --add-opens=java.base/java.lang=ALL-UNNAMED --add-opens=java.base/java.lang.invoke=ALL-UNNAMED --add-opens=java.base/java.util=ALL-UNNAMED --add-opens=java.prefs/java.util.prefs=ALL-UNNAMED --add-exports=jdk.compiler/com.sun.tools.javac.api=ALL-UNNAMED --add-exports=jdk.compiler/com.sun.tools.javac.util=ALL-UNNAMED --add-opens=java.base/java.util=ALL-UNNAMED --add-opens=java.prefs/java.util.prefs=ALL-UNNAMED --add-opens=java.base/java.nio.charset=ALL-UNNAMED --add-opens=java.base/java.net=ALL-UNNAMED --add-opens=java.base/java.util.concurrent.atomic=ALL-UNNAMED --add-opens=java.xml/javax.xml.namespace=ALL-UNNAMED -Xmx2048m -Dfile.encoding=UTF-8 -Duser.country=RU -Duser.language=ru -Duser.variant -javaagent:C:\Users\Admin\.gradle\wrapper\dists\gradle-8.13-bin\5xuhj0ry160q40clulazy9h7d\gradle-8.13\lib\agents\gradle-instrumentation-agent-8.13.jar org.gradle.launcher.daemon.bootstrap.GradleDaemon 8.13

Host: AMD Ryzen 5 3500U with Radeon Vega Mobile Gfx  , 8 cores, 5G,  Windows 10 , 64 bit Build 19041 (10.0.19041.5915)
Time: Fri Nov 14 23:45:13 2025 elapsed time: 5.513250 seconds (0d 0h 0m 5s)

---------------  T H R E A D  ---------------

Current thread (0x000002a7f8713790):  JavaThread "C2 CompilerThread0" daemon [_thread_in_native, id=6404, stack(0x000000f8a0500000,0x000000f8a0600000) (1024K)]


Current CompileTask:
C2:5513 2678   !   4       java.lang.ClassLoader::loadClass (121 bytes)

Stack: [0x000000f8a0500000,0x000000f8a0600000]
Native frames: (J=compiled Java code, j=interpreted, Vv=VM code, C=native code)
V  [jvm.dll+0x6d68d9]
V  [jvm.dll+0x866693]
V  [jvm.dll+0x868c4e]
V  [jvm.dll+0x869333]
V  [jvm.dll+0x280566]
V  [jvm.dll+0xc07cd]
V  [jvm.dll+0xc0d03]
V  [jvm.dll+0x3b95e1]
V  [jvm.dll+0x1dfb24]
V  [jvm.dll+0x2493a4]
V  [jvm.dll+0x248821]
V  [jvm.dll+0x1c73a4]
V  [jvm.dll+0x257f9e]
V  [jvm.dll+0x2564e6]
V  [jvm.dll+0x3f4696]
V  [jvm.dll+0x80eac8]
V  [jvm.dll+0x6d512d]
C  [ucrtbase.dll+0x21bb2]
C  [KERNEL32.DLL+0x17374]
C  [ntdll.dll+0x4cc91]


---------------  P R O C E S S  ---------------

Threads class SMR info:
_java_thread_list=0x000002a7fed24ae0, length=24, elements={
0x000002a7e0e61210, 0x000002a7f86e1180, 0x000002a7f857e380, 0x000002a7f857c470,
0x000002a7f870f780, 0x000002a7f87101e0, 0x000002a7f8710c40, 0x000002a7f87116a0,
0x000002a7f8713790, 0x000002a7f8714640, 0x000002a7f8a15380, 0x000002a7fe9ed1f0,
0x000002a7fea24890, 0x000002a7fe94ca30, 0x000002a7fe9762b0, 0x000002a7fe977130,
0x000002a7feb4bef0, 0x000002a7feb52ee0, 0x000002a7feaa9ee0, 0x000002a7feaab290,
0x000002a7feaa91c0, 0x000002a7feaab920, 0x000002a7feaaa570, 0x000002a7feaabfb0
}

Java Threads: ( => current thread )
  0x000002a7e0e61210 JavaThread "main"                              [_thread_blocked, id=15020, stack(0x000000f89f600000,0x000000f89f700000) (1024K)]
  0x000002a7f86e1180 JavaThread "Common-Cleaner"             daemon [_thread_blocked, id=1360, stack(0x000000f89fe00000,0x000000f89ff00000) (1024K)]
  0x000002a7f857e380 JavaThread "Reference Handler"          daemon [_thread_blocked, id=16024, stack(0x000000f89ff00000,0x000000f8a0000000) (1024K)]
  0x000002a7f857c470 JavaThread "Finalizer"                  daemon [_thread_blocked, id=11296, stack(0x000000f8a0000000,0x000000f8a0100000) (1024K)]
  0x000002a7f870f780 JavaThread "Signal Dispatcher"          daemon [_thread_blocked, id=3256, stack(0x000000f8a0100000,0x000000f8a0200000) (1024K)]
  0x000002a7f87101e0 JavaThread "Attach Listener"            daemon [_thread_blocked, id=17972, stack(0x000000f8a0200000,0x000000f8a0300000) (1024K)]
  0x000002a7f8710c40 JavaThread "Service Thread"             daemon [_thread_blocked, id=18664, stack(0x000000f8a0300000,0x000000f8a0400000) (1024K)]
  0x000002a7f87116a0 JavaThread "Monitor Deflation Thread"   daemon [_thread_blocked, id=21660, stack(0x000000f8a0400000,0x000000f8a0500000) (1024K)]
=>0x000002a7f8713790 JavaThread "C2 CompilerThread0"         daemon [_thread_in_native, id=6404, stack(0x000000f8a0500000,0x000000f8a0600000) (1024K)]
  0x000002a7f8714640 JavaThread "C1 CompilerThread0"         daemon [_thread_blocked, id=10652, stack(0x000000f8a0600000,0x000000f8a0700000) (1024K)]
  0x000002a7f8a15380 JavaThread "Notification Thread"        daemon [_thread_blocked, id=22356, stack(0x000000f8a0700000,0x000000f8a0800000) (1024K)]
  0x000002a7fe9ed1f0 JavaThread "Daemon health stats"               [_thread_blocked, id=3924, stack(0x000000f8a0d00000,0x000000f8a0e00000) (1024K)]
  0x000002a7fea24890 JavaThread "Incoming local TCP Connector on port 59151"        [_thread_in_native, id=16236, stack(0x000000f8a0e00000,0x000000f8a0f00000) (1024K)]
  0x000002a7fe94ca30 JavaThread "Daemon periodic checks"            [_thread_blocked, id=10160, stack(0x000000f8a0f00000,0x000000f8a1000000) (1024K)]
  0x000002a7fe9762b0 JavaThread "Daemon"                            [_thread_blocked, id=12944, stack(0x000000f8a1000000,0x000000f8a1100000) (1024K)]
  0x000002a7fe977130 JavaThread "Handler for socket connection from /127.0.0.1:59151 to /127.0.0.1:59152"        [_thread_in_native, id=18704, stack(0x000000f8a1100000,0x000000f8a1200000) (1024K)]
  0x000002a7feb4bef0 JavaThread "Cancel handler"                    [_thread_blocked, id=22212, stack(0x000000f8a1200000,0x000000f8a1300000) (1024K)]
  0x000002a7feb52ee0 JavaThread "Daemon worker"                     [_thread_in_native, id=2792, stack(0x000000f8a1300000,0x000000f8a1400000) (1024K)]
  0x000002a7feaa9ee0 JavaThread "Asynchronous log dispatcher for DefaultDaemonConnection: socket connection from /127.0.0.1:59151 to /127.0.0.1:59152"        [_thread_blocked, id=20104, stack(0x000000f8a1400000,0x000000f8a1500000) (1024K)]
  0x000002a7feaab290 JavaThread "Stdin handler"                     [_thread_blocked, id=19960, stack(0x000000f8a1500000,0x000000f8a1600000) (1024K)]
  0x000002a7feaa91c0 JavaThread "Daemon client event forwarder"        [_thread_blocked, id=14528, stack(0x000000f8a1600000,0x000000f8a1700000) (1024K)]
  0x000002a7feaab920 JavaThread "Cache worker for journal cache (C:\Users\Admin\.gradle\caches\journal-1)"        [_thread_blocked, id=5992, stack(0x000000f8a1a00000,0x000000f8a1b00000) (1024K)]
  0x000002a7feaaa570 JavaThread "File lock request listener"        [_thread_in_native, id=12352, stack(0x000000f8a1b00000,0x000000f8a1c00000) (1024K)]
  0x000002a7feaabfb0 JavaThread "Cache worker for file hash cache (C:\Users\Admin\.gradle\caches\8.13\fileHashes)"        [_thread_blocked, id=9160, stack(0x000000f8a1c00000,0x000000f8a1d00000) (1024K)]
Total: 24

Other Threads:
  0x000002a7f8516e60 VMThread "VM Thread"                           [id=10772, stack(0x000000f89fd00000,0x000000f89fe00000) (1024K)]
  0x000002a7f84d1c60 WatcherThread "VM Periodic Task Thread"        [id=5888, stack(0x000000f89fc00000,0x000000f89fd00000) (1024K)]
  0x000002a7e0eb7300 WorkerThread "GC Thread#0"                     [id=5508, stack(0x000000f89f700000,0x000000f89f800000) (1024K)]
  0x000002a7fd060f70 WorkerThread "GC Thread#1"                     [id=12576, stack(0x000000f8a0800000,0x000000f8a0900000) (1024K)]
  0x000002a7fd1f1c70 WorkerThread "GC Thread#2"                     [id=12048, stack(0x000000f8a0900000,0x000000f8a0a00000) (1024K)]
  0x000002a7fd2f6770 WorkerThread "GC Thread#3"                     [id=16388, stack(0x000000f8a0a00000,0x000000f8a0b00000) (1024K)]
  0x000002a7fd8b18d0 WorkerThread "GC Thread#4"                     [id=8500, stack(0x000000f8a0b00000,0x000000f8a0c00000) (1024K)]
  0x000002a7fdb36ef0 WorkerThread "GC Thread#5"                     [id=16168, stack(0x000000f8a0c00000,0x000000f8a0d00000) (1024K)]
  0x000002a7feb1b4e0 WorkerThread "GC Thread#6"                     [id=1556, stack(0x000000f8a1700000,0x000000f8a1800000) (1024K)]
  0x000002a7feb1c360 WorkerThread "GC Thread#7"                     [id=2020, stack(0x000000f8a1800000,0x000000f8a1900000) (1024K)]
  0x000002a7e0ec8b00 ConcurrentGCThread "G1 Main Marker"            [id=11724, stack(0x000000f89f800000,0x000000f89f900000) (1024K)]
  0x000002a7e0eca520 WorkerThread "G1 Conc#0"                       [id=17884, stack(0x000000f89f900000,0x000000f89fa00000) (1024K)]
  0x000002a7feb1c700 WorkerThread "G1 Conc#1"                       [id=20052, stack(0x000000f8a1900000,0x000000f8a1a00000) (1024K)]
  0x000002a7f83a54d0 ConcurrentGCThread "G1 Refine#0"               [id=12728, stack(0x000000f89fa00000,0x000000f89fb00000) (1024K)]
  0x000002a7e0f2e190 ConcurrentGCThread "G1 Service"                [id=13656, stack(0x000000f89fb00000,0x000000f89fc00000) (1024K)]
Total: 15

Threads with active compile tasks:
C2 CompilerThread0  5584 2678   !   4       java.lang.ClassLoader::loadClass (121 bytes)
Total: 1

VM state: not at safepoint (normal execution)

VM Mutex/Monitor currently owned by a thread: None

Heap address: 0x0000000080000000, size: 2048 MB, Compressed Oops mode: 32-bit

CDS archive(s) not mapped
Compressed class space mapped at: 0x0000000100000000-0x0000000140000000, reserved size: 1073741824
Narrow klass base: 0x0000000000000000, Narrow klass shift: 3, Narrow klass range: 0x140000000

GC Precious Log:
 CardTable entry size: 512
 Card Set container configuration: InlinePtr #cards 5 size 8 Array Of Cards #cards 12 size 40 Howl #buckets 4 coarsen threshold 1843 Howl Bitmap #cards 512 size 80 coarsen threshold 460 Card regions per heap region 1 cards per card region 2048
 CPUs: 8 total, 8 available
 Memory: 6086M
 Large Page Support: Disabled
 NUMA Support: Disabled
 Compressed Oops: Enabled (32-bit)
 Heap Region Size: 1M
 Heap Min Capacity: 8M
 Heap Initial Capacity: 96M
 Heap Max Capacity: 2G
 Pre-touch: Disabled
 Parallel Workers: 8
 Concurrent Workers: 2
 Concurrent Refinement Workers: 8
 Periodic GC: Disabled

Heap:
 garbage-first heap   total 71680K, used 50123K [0x0000000080000000, 0x0000000100000000)
  region size 1024K, 35 young (35840K), 4 survivors (4096K)
 Metaspace       used 26979K, committed 27456K, reserved 1114112K
  class space    used 3427K, committed 3648K, reserved 1048576K

Heap Regions: E=young(eden), S=young(survivor), O=old, HS=humongous(starts), HC=humongous(continues), CS=collection set, F=free, TAMS=top-at-mark-start, PB=parsable bottom
|   0|0x0000000080000000, 0x0000000080100000, 0x0000000080100000|100%|HS|  |TAMS 0x0000000080000000| PB 0x0000000080000000| Complete 
|   1|0x0000000080100000, 0x0000000080200000, 0x0000000080200000|100%|HC|  |TAMS 0x0000000080100000| PB 0x0000000080100000| Complete 
|   2|0x0000000080200000, 0x0000000080300000, 0x0000000080300000|100%|HC|  |TAMS 0x0000000080200000| PB 0x0000000080200000| Complete 
|   3|0x0000000080300000, 0x0000000080400000, 0x0000000080400000|100%| O|  |TAMS 0x0000000080300000| PB 0x0000000080300000| Untracked 
|   4|0x0000000080400000, 0x0000000080500000, 0x0000000080500000|100%| O|  |TAMS 0x0000000080400000| PB 0x0000000080400000| Untracked 
|   5|0x0000000080500000, 0x0000000080600000, 0x0000000080600000|100%| O|  |TAMS 0x0000000080500000| PB 0x0000000080500000| Untracked 
|   6|0x0000000080600000, 0x0000000080700000, 0x0000000080700000|100%|HS|  |TAMS 0x0000000080600000| PB 0x0000000080600000| Complete 
|   7|0x0000000080700000, 0x0000000080800000, 0x0000000080800000|100%| O|  |TAMS 0x0000000080700000| PB 0x0000000080700000| Untracked 
|   8|0x0000000080800000, 0x0000000080900000, 0x0000000080900000|100%| O|  |TAMS 0x0000000080800000| PB 0x0000000080800000| Untracked 
|   9|0x0000000080900000, 0x0000000080a00000, 0x0000000080a00000|100%| O|  |TAMS 0x0000000080900000| PB 0x0000000080900000| Untracked 
|  10|0x0000000080a00000, 0x0000000080b00000, 0x0000000080b00000|100%| O|  |TAMS 0x0000000080a00000| PB 0x0000000080a00000| Untracked 
|  11|0x0000000080b00000, 0x0000000080c00000, 0x0000000080c00000|100%| O|  |TAMS 0x0000000080b00000| PB 0x0000000080b00000| Untracked 
|  12|0x0000000080c00000, 0x0000000080d00000, 0x0000000080d00000|100%| O|  |TAMS 0x0000000080c00000| PB 0x0000000080c00000| Untracked 
|  13|0x0000000080d00000, 0x0000000080e00000, 0x0000000080e00000|100%| O|  |TAMS 0x0000000080d00000| PB 0x0000000080d00000| Untracked 
|  14|0x0000000080e00000, 0x0000000080f00000, 0x0000000080f00000|100%| O|  |TAMS 0x0000000080e00000| PB 0x0000000080e00000| Untracked 
|  15|0x0000000080f00000, 0x0000000081000000, 0x0000000081000000|100%| O|  |TAMS 0x0000000080f00000| PB 0x0000000080f00000| Untracked 
|  16|0x0000000081000000, 0x000000008105c5e0, 0x0000000081100000| 36%| O|Cm|TAMS 0x0000000081000000| PB 0x0000000081000000| Complete 
|  17|0x0000000081100000, 0x0000000081100000, 0x0000000081200000|  0%| F|  |TAMS 0x0000000081100000| PB 0x0000000081100000| Untracked 
|  18|0x0000000081200000, 0x0000000081200000, 0x0000000081300000|  0%| F|  |TAMS 0x0000000081200000| PB 0x0000000081200000| Untracked 
|  19|0x0000000081300000, 0x0000000081300000, 0x0000000081400000|  0%| F|  |TAMS 0x0000000081300000| PB 0x0000000081300000| Untracked 
|  20|0x0000000081400000, 0x0000000081400000, 0x0000000081500000|  0%| F|  |TAMS 0x0000000081400000| PB 0x0000000081400000| Untracked 
|  21|0x0000000081500000, 0x0000000081500000, 0x0000000081600000|  0%| F|  |TAMS 0x0000000081500000| PB 0x0000000081500000| Untracked 
|  22|0x0000000081600000, 0x0000000081600000, 0x0000000081700000|  0%| F|  |TAMS 0x0000000081600000| PB 0x0000000081600000| Untracked 
|  23|0x0000000081700000, 0x0000000081700000, 0x0000000081800000|  0%| F|  |TAMS 0x0000000081700000| PB 0x0000000081700000| Untracked 
|  24|0x0000000081800000, 0x0000000081800000, 0x0000000081900000|  0%| F|  |TAMS 0x0000000081800000| PB 0x0000000081800000| Untracked 
|  25|0x0000000081900000, 0x0000000081900000, 0x0000000081a00000|  0%| F|  |TAMS 0x0000000081900000| PB 0x0000000081900000| Untracked 
|  26|0x0000000081a00000, 0x0000000081a00000, 0x0000000081b00000|  0%| F|  |TAMS 0x0000000081a00000| PB 0x0000000081a00000| Untracked 
|  27|0x0000000081b00000, 0x0000000081b00000, 0x0000000081c00000|  0%| F|  |TAMS 0x0000000081b00000| PB 0x0000000081b00000| Untracked 
|  28|0x0000000081c00000, 0x0000000081c00000, 0x0000000081d00000|  0%| F|  |TAMS 0x0000000081c00000| PB 0x0000000081c00000| Untracked 
|  29|0x0000000081d00000, 0x0000000081d00000, 0x0000000081e00000|  0%| F|  |TAMS 0x0000000081d00000| PB 0x0000000081d00000| Untracked 
|  30|0x0000000081e00000, 0x0000000081e00000, 0x0000000081f00000|  0%| F|  |TAMS 0x0000000081e00000| PB 0x0000000081e00000| Untracked 
|  31|0x0000000081f00000, 0x0000000081f00000, 0x0000000082000000|  0%| F|  |TAMS 0x0000000081f00000| PB 0x0000000081f00000| Untracked 
|  32|0x0000000082000000, 0x0000000082000000, 0x0000000082100000|  0%| F|  |TAMS 0x0000000082000000| PB 0x0000000082000000| Untracked 
|  33|0x0000000082100000, 0x0000000082100000, 0x0000000082200000|  0%| F|  |TAMS 0x0000000082100000| PB 0x0000000082100000| Untracked 
|  34|0x0000000082200000, 0x0000000082200000, 0x0000000082300000|  0%| F|  |TAMS 0x0000000082200000| PB 0x0000000082200000| Untracked 
|  35|0x0000000082300000, 0x0000000082400000, 0x0000000082400000|100%| E|  |TAMS 0x0000000082300000| PB 0x0000000082300000| Complete 
|  36|0x0000000082400000, 0x0000000082500000, 0x0000000082500000|100%| E|CS|TAMS 0x0000000082400000| PB 0x0000000082400000| Complete 
|  37|0x0000000082500000, 0x0000000082600000, 0x0000000082600000|100%| E|CS|TAMS 0x0000000082500000| PB 0x0000000082500000| Complete 
|  38|0x0000000082600000, 0x0000000082700000, 0x0000000082700000|100%| E|CS|TAMS 0x0000000082600000| PB 0x0000000082600000| Complete 
|  39|0x0000000082700000, 0x0000000082800000, 0x0000000082800000|100%| E|CS|TAMS 0x0000000082700000| PB 0x0000000082700000| Complete 
|  40|0x0000000082800000, 0x0000000082900000, 0x0000000082900000|100%| E|CS|TAMS 0x0000000082800000| PB 0x0000000082800000| Complete 
|  41|0x0000000082900000, 0x0000000082a00000, 0x0000000082a00000|100%| E|CS|TAMS 0x0000000082900000| PB 0x0000000082900000| Complete 
|  42|0x0000000082a00000, 0x0000000082b00000, 0x0000000082b00000|100%| E|CS|TAMS 0x0000000082a00000| PB 0x0000000082a00000| Complete 
|  43|0x0000000082b00000, 0x0000000082c00000, 0x0000000082c00000|100%| E|CS|TAMS 0x0000000082b00000| PB 0x0000000082b00000| Complete 
|  44|0x0000000082c00000, 0x0000000082d00000, 0x0000000082d00000|100%| E|CS|TAMS 0x0000000082c00000| PB 0x0000000082c00000| Complete 
|  45|0x0000000082d00000, 0x0000000082e00000, 0x0000000082e00000|100%| E|CS|TAMS 0x0000000082d00000| PB 0x0000000082d00000| Complete 
|  46|0x0000000082e00000, 0x0000000082f00000, 0x0000000082f00000|100%| E|CS|TAMS 0x0000000082e00000| PB 0x0000000082e00000| Complete 
|  47|0x0000000082f00000, 0x0000000083000000, 0x0000000083000000|100%| E|CS|TAMS 0x0000000082f00000| PB 0x0000000082f00000| Complete 
|  48|0x0000000083000000, 0x0000000083100000, 0x0000000083100000|100%| E|CS|TAMS 0x0000000083000000| PB 0x0000000083000000| Complete 
|  49|0x0000000083100000, 0x0000000083200000, 0x0000000083200000|100%| E|CS|TAMS 0x0000000083100000| PB 0x0000000083100000| Complete 
|  50|0x0000000083200000, 0x0000000083300000, 0x0000000083300000|100%| E|CS|TAMS 0x0000000083200000| PB 0x0000000083200000| Complete 
|  51|0x0000000083300000, 0x0000000083400000, 0x0000000083400000|100%| E|CS|TAMS 0x0000000083300000| PB 0x0000000083300000| Complete 
|  52|0x0000000083400000, 0x0000000083500000, 0x0000000083500000|100%| E|CS|TAMS 0x0000000083400000| PB 0x0000000083400000| Complete 
|  53|0x0000000083500000, 0x0000000083600000, 0x0000000083600000|100%| E|CS|TAMS 0x0000000083500000| PB 0x0000000083500000| Complete 
|  54|0x0000000083600000, 0x0000000083700000, 0x0000000083700000|100%| E|CS|TAMS 0x0000000083600000| PB 0x0000000083600000| Complete 
|  55|0x0000000083700000, 0x0000000083800000, 0x0000000083800000|100%| E|CS|TAMS 0x0000000083700000| PB 0x0000000083700000| Complete 
|  56|0x0000000083800000, 0x0000000083900000, 0x0000000083900000|100%| E|CS|TAMS 0x0000000083800000| PB 0x0000000083800000| Complete 
|  57|0x0000000083900000, 0x0000000083a00000, 0x0000000083a00000|100%| E|  |TAMS 0x0000000083900000| PB 0x0000000083900000| Complete 
|  58|0x0000000083a00000, 0x0000000083b00000, 0x0000000083b00000|100%| E|CS|TAMS 0x0000000083a00000| PB 0x0000000083a00000| Complete 
|  59|0x0000000083b00000, 0x0000000083c00000, 0x0000000083c00000|100%| E|CS|TAMS 0x0000000083b00000| PB 0x0000000083b00000| Complete 
|  60|0x0000000083c00000, 0x0000000083d00000, 0x0000000083d00000|100%| E|CS|TAMS 0x0000000083c00000| PB 0x0000000083c00000| Complete 
|  61|0x0000000083d00000, 0x0000000083e00000, 0x0000000083e00000|100%| E|CS|TAMS 0x0000000083d00000| PB 0x0000000083d00000| Complete 
|  62|0x0000000083e00000, 0x0000000083f00000, 0x0000000083f00000|100%| E|CS|TAMS 0x0000000083e00000| PB 0x0000000083e00000| Complete 
|  63|0x0000000083f00000, 0x0000000084000000, 0x0000000084000000|100%| E|CS|TAMS 0x0000000083f00000| PB 0x0000000083f00000| Complete 
|  67|0x0000000084300000, 0x0000000084396678, 0x0000000084400000| 58%| S|CS|TAMS 0x0000000084300000| PB 0x0000000084300000| Complete 
|  68|0x0000000084400000, 0x0000000084500000, 0x0000000084500000|100%| S|CS|TAMS 0x0000000084400000| PB 0x0000000084400000| Complete 
|  69|0x0000000084500000, 0x0000000084600000, 0x0000000084600000|100%| S|CS|TAMS 0x0000000084500000| PB 0x0000000084500000| Complete 
|  70|0x0000000084600000, 0x0000000084700000, 0x0000000084700000|100%| S|CS|TAMS 0x0000000084600000| PB 0x0000000084600000| Complete 
|  94|0x0000000085e00000, 0x0000000085f00000, 0x0000000085f00000|100%| E|CS|TAMS 0x0000000085e00000| PB 0x0000000085e00000| Complete 
|  95|0x0000000085f00000, 0x0000000086000000, 0x0000000086000000|100%| E|CS|TAMS 0x0000000085f00000| PB 0x0000000085f00000| Complete 

Card table byte_map: [0x000002a7f3700000,0x000002a7f3b00000] _byte_map_base: 0x000002a7f3300000

Marking Bits: (CMBitMap*) 0x000002a7e0eb7910
 Bits: [0x000002a7f3b00000, 0x000002a7f5b00000)

Polling page: 0x000002a7dec80000

Metaspace:

Usage:
  Non-class:     23.03 MB used.
      Class:      3.35 MB used.
       Both:     26.38 MB used.

Virtual space:
  Non-class space:       64.00 MB reserved,      23.25 MB ( 36%) committed,  1 nodes.
      Class space:        1.00 GB reserved,       3.56 MB ( <1%) committed,  1 nodes.
             Both:        1.06 GB reserved,      26.81 MB (  2%) committed. 

Chunk freelists:
   Non-Class:  8.31 MB
       Class:  12.48 MB
        Both:  20.79 MB

MaxMetaspaceSize: unlimited
CompressedClassSpaceSize: 1.00 GB
Initial GC threshold: 21.00 MB
Current GC threshold: 35.12 MB
CDS: off
 - commit_granule_bytes: 65536.
 - commit_granule_words: 8192.
 - virtual_space_node_default_size: 8388608.
 - enlarge_chunks_in_place: 1.
 - use_allocation_guard: 0.


Internal statistics:

num_allocs_failed_limit: 3.
num_arena_births: 600.
num_arena_deaths: 0.
num_vsnodes_births: 2.
num_vsnodes_deaths: 0.
num_space_committed: 430.
num_space_uncommitted: 0.
num_chunks_returned_to_freelist: 3.
num_chunks_taken_from_freelist: 1224.
num_chunk_merges: 3.
num_chunk_splits: 803.
num_chunks_enlarged: 554.
num_inconsistent_stats: 0.

CodeHeap 'non-profiled nmethods': size=120000Kb used=1286Kb max_used=1286Kb free=118713Kb
 bounds [0x000002a7eba90000, 0x000002a7ebd00000, 0x000002a7f2fc0000]
CodeHeap 'profiled nmethods': size=120000Kb used=5464Kb max_used=5464Kb free=114535Kb
 bounds [0x000002a7e3fc0000, 0x000002a7e4520000, 0x000002a7eb4f0000]
CodeHeap 'non-nmethods': size=5760Kb used=1464Kb max_used=1471Kb free=4295Kb
 bounds [0x000002a7eb4f0000, 0x000002a7eb760000, 0x000002a7eba90000]
CodeCache: size=245760Kb, used=8214Kb, max_used=8221Kb, free=237543Kb
 total_blobs=3326, nmethods=2764, adapters=466, full_count=0
Compilation: enabled, stopped_count=0, restarted_count=0

Compilation events (20 events):
Event: 5.470 Thread 0x000002a7f8714640 2731   !   3       java.lang.invoke.LambdaForm::lambdaName (49 bytes)
Event: 5.470 Thread 0x000002a7f8714640 nmethod 2731 0x000002a7e4505b90 code [0x000002a7e4505d20, 0x000002a7e4505e48]
Event: 5.470 Thread 0x000002a7f8714640 2733       3       java.lang.invoke.InvokerBytecodeGenerator::addMethod (725 bytes)
Event: 5.473 Thread 0x000002a7f8714640 nmethod 2733 0x000002a7e4505f10 code [0x000002a7e4506480, 0x000002a7e45087f0]
Event: 5.473 Thread 0x000002a7f8714640 2732       3       java.lang.invoke.InvokerBytecodeGenerator::classFilePrologue (64 bytes)
Event: 5.473 Thread 0x000002a7f8714640 nmethod 2732 0x000002a7e4509490 code [0x000002a7e45096e0, 0x000002a7e4509e28]
Event: 5.477 Thread 0x000002a7f8714640 2734       3       java.lang.invoke.MethodType::methodType (21 bytes)
Event: 5.477 Thread 0x000002a7f8714640 nmethod 2734 0x000002a7e450a110 code [0x000002a7e450a2e0, 0x000002a7e450a4b0]
Event: 5.480 Thread 0x000002a7f8714640 2735       3       java.lang.invoke.InfoFromMemberName::getModifiers (8 bytes)
Event: 5.480 Thread 0x000002a7f8714640 nmethod 2735 0x000002a7e450a590 code [0x000002a7e450a740, 0x000002a7e450a8b8]
Event: 5.481 Thread 0x000002a7f8714640 2736       3       com.google.common.collect.Hashing::smear (19 bytes)
Event: 5.481 Thread 0x000002a7f8714640 nmethod 2736 0x000002a7e450a990 code [0x000002a7e450ab40, 0x000002a7e450acc0]
Event: 5.485 Thread 0x000002a7f8714640 2737       3       java.lang.invoke.LambdaFormBuffer::replaceParameterByCopy (38 bytes)
Event: 5.486 Thread 0x000002a7f8714640 nmethod 2737 0x000002a7e450ad90 code [0x000002a7e450af60, 0x000002a7e450b148]
Event: 5.486 Thread 0x000002a7f8714640 2738       3       java.lang.invoke.LambdaFormBuffer::noteDuplicate (115 bytes)
Event: 5.487 Thread 0x000002a7f8714640 nmethod 2738 0x000002a7e450b290 code [0x000002a7e450b4a0, 0x000002a7e450bc60]
Event: 5.487 Thread 0x000002a7f8714640 2739       3       java.lang.invoke.LambdaForm$Name::<init> (19 bytes)
Event: 5.487 Thread 0x000002a7f8714640 nmethod 2739 0x000002a7e450bf90 code [0x000002a7e450c1c0, 0x000002a7e450ca00]
Event: 5.487 Thread 0x000002a7f8714640 2740       3       java.lang.invoke.ClassSpecializer$SpeciesData::transformHelper (56 bytes)
Event: 5.487 Thread 0x000002a7f8714640 nmethod 2740 0x000002a7e450cd90 code [0x000002a7e450cfe0, 0x000002a7e450d780]

GC Heap History (8 events):
Event: 1.058 GC heap before
{Heap before GC invocations=0 (full 0):
 garbage-first heap   total 98304K, used 22528K [0x0000000080000000, 0x0000000100000000)
  region size 1024K, 23 young (23552K), 0 survivors (0K)
 Metaspace       used 8120K, committed 8256K, reserved 1114112K
  class space    used 749K, committed 832K, reserved 1048576K
}
Event: 1.063 GC heap after
{Heap after GC invocations=1 (full 0):
 garbage-first heap   total 98304K, used 2304K [0x0000000080000000, 0x0000000100000000)
  region size 1024K, 3 young (3072K), 3 survivors (3072K)
 Metaspace       used 8120K, committed 8256K, reserved 1114112K
  class space    used 749K, committed 832K, reserved 1048576K
}
Event: 2.375 GC heap before
{Heap before GC invocations=1 (full 0):
 garbage-first heap   total 98304K, used 41216K [0x0000000080000000, 0x0000000100000000)
  region size 1024K, 39 young (39936K), 3 survivors (3072K)
 Metaspace       used 12370K, committed 12608K, reserved 1114112K
  class space    used 1353K, committed 1472K, reserved 1048576K
}
Event: 2.383 GC heap after
{Heap after GC invocations=2 (full 0):
 garbage-first heap   total 98304K, used 10649K [0x0000000080000000, 0x0000000100000000)
  region size 1024K, 5 young (5120K), 5 survivors (5120K)
 Metaspace       used 12370K, committed 12608K, reserved 1114112K
  class space    used 1353K, committed 1472K, reserved 1048576K
}
Event: 3.264 GC heap before
{Heap before GC invocations=2 (full 0):
 garbage-first heap   total 98304K, used 56729K [0x0000000080000000, 0x0000000100000000)
  region size 1024K, 49 young (50176K), 5 survivors (5120K)
 Metaspace       used 13326K, committed 13568K, reserved 1114112K
  class space    used 1527K, committed 1664K, reserved 1048576K
}
Event: 3.275 GC heap after
{Heap after GC invocations=3 (full 0):
 garbage-first heap   total 98304K, used 16489K [0x0000000080000000, 0x0000000100000000)
  region size 1024K, 5 young (5120K), 5 survivors (5120K)
 Metaspace       used 13326K, committed 13568K, reserved 1114112K
  class space    used 1527K, committed 1664K, reserved 1048576K
}
Event: 4.563 GC heap before
{Heap before GC invocations=3 (full 0):
 garbage-first heap   total 98304K, used 41065K [0x0000000080000000, 0x0000000100000000)
  region size 1024K, 30 young (30720K), 5 survivors (5120K)
 Metaspace       used 21210K, committed 21504K, reserved 1114112K
  class space    used 2527K, committed 2624K, reserved 1048576K
}
Event: 4.570 GC heap after
{Heap after GC invocations=4 (full 0):
 garbage-first heap   total 98304K, used 20427K [0x0000000080000000, 0x0000000100000000)
  region size 1024K, 4 young (4096K), 4 survivors (4096K)
 Metaspace       used 21210K, committed 21504K, reserved 1114112K
  class space    used 2527K, committed 2624K, reserved 1048576K
}

Dll operation events (3 events):
Event: 0.063 Loaded shared library D:\Android\jbr\bin\java.dll
Event: 0.082 Loaded shared library D:\Android\jbr\bin\zip.dll
Event: 1.272 Loaded shared library D:\Android\jbr\bin\verify.dll

Deoptimization events (20 events):
Event: 4.550 Thread 0x000002a7feb52ee0 DEOPT PACKING pc=0x000002a7ebba90ec sp=0x000000f8a13fe000
Event: 4.550 Thread 0x000002a7feb52ee0 DEOPT UNPACKING pc=0x000002a7eb5446a2 sp=0x000000f8a13fdf90 mode 2
Event: 4.738 Thread 0x000002a7feb52ee0 Uncommon trap: trap_request=0xffffff45 fr.pc=0x000002a7ebb8b350 relative=0x0000000000000470
Event: 4.738 Thread 0x000002a7feb52ee0 Uncommon trap: reason=unstable_if action=reinterpret pc=0x000002a7ebb8b350 method=java.util.HashMap.getNode(Ljava/lang/Object;)Ljava/util/HashMap$Node; @ 66 c2
Event: 4.738 Thread 0x000002a7feb52ee0 DEOPT PACKING pc=0x000002a7ebb8b350 sp=0x000000f8a13fc780
Event: 4.738 Thread 0x000002a7feb52ee0 DEOPT UNPACKING pc=0x000002a7eb5446a2 sp=0x000000f8a13fc6a0 mode 2
Event: 4.750 Thread 0x000002a7feb52ee0 Uncommon trap: trap_request=0xffffff45 fr.pc=0x000002a7ebb1a57c relative=0x00000000000002bc
Event: 4.750 Thread 0x000002a7feb52ee0 Uncommon trap: reason=unstable_if action=reinterpret pc=0x000002a7ebb1a57c method=java.util.concurrent.ConcurrentHashMap.get(Ljava/lang/Object;)Ljava/lang/Object; @ 152 c2
Event: 4.750 Thread 0x000002a7feb52ee0 DEOPT PACKING pc=0x000002a7ebb1a57c sp=0x000000f8a13fbce0
Event: 4.750 Thread 0x000002a7feb52ee0 DEOPT UNPACKING pc=0x000002a7eb5446a2 sp=0x000000f8a13fbc58 mode 2
Event: 5.102 Thread 0x000002a7feb52ee0 DEOPT PACKING pc=0x000002a7e4437916 sp=0x000000f8a13f8d00
Event: 5.102 Thread 0x000002a7feb52ee0 DEOPT UNPACKING pc=0x000002a7eb544e42 sp=0x000000f8a13f8248 mode 0
Event: 5.405 Thread 0x000002a7feb52ee0 Uncommon trap: trap_request=0xffffff45 fr.pc=0x000002a7ebab519c relative=0x0000000000000d1c
Event: 5.405 Thread 0x000002a7feb52ee0 Uncommon trap: reason=unstable_if action=reinterpret pc=0x000002a7ebab519c method=java.io.WinNTFileSystem.resolve(Ljava/lang/String;Ljava/lang/String;)Ljava/lang/String; @ 19 c2
Event: 5.405 Thread 0x000002a7feb52ee0 DEOPT PACKING pc=0x000002a7ebab519c sp=0x000000f8a13fb2e0
Event: 5.406 Thread 0x000002a7feb52ee0 DEOPT UNPACKING pc=0x000002a7eb5446a2 sp=0x000000f8a13fb278 mode 2
Event: 5.408 Thread 0x000002a7feb52ee0 Uncommon trap: trap_request=0xffffff45 fr.pc=0x000002a7ebb29b10 relative=0x0000000000000630
Event: 5.408 Thread 0x000002a7feb52ee0 Uncommon trap: reason=unstable_if action=reinterpret pc=0x000002a7ebb29b10 method=java.io.File.getName()Ljava/lang/String; @ 16 c2
Event: 5.408 Thread 0x000002a7feb52ee0 DEOPT PACKING pc=0x000002a7ebb29b10 sp=0x000000f8a13fb2a0
Event: 5.408 Thread 0x000002a7feb52ee0 DEOPT UNPACKING pc=0x000002a7eb5446a2 sp=0x000000f8a13fb270 mode 2

Classes loaded (20 events):
Event: 5.367 Loading class sun/security/provider/MD5
Event: 5.367 Loading class sun/security/provider/MD5 done
Event: 5.367 Loading class sun/security/provider/SHA5$SHA512
Event: 5.367 Loading class sun/security/provider/SHA5
Event: 5.368 Loading class sun/security/provider/SHA5 done
Event: 5.368 Loading class sun/security/provider/SHA5$SHA512 done
Event: 5.370 Loading class sun/security/provider/ByteArrayAccess$LE
Event: 5.370 Loading class sun/security/provider/ByteArrayAccess$LE done
Event: 5.407 Loading class java/io/File$TempDirectory
Event: 5.407 Loading class java/io/File$TempDirectory done
Event: 5.414 Loading class java/io/PrintWriter
Event: 5.414 Loading class java/io/PrintWriter done
Event: 5.475 Loading class java/util/concurrent/Semaphore
Event: 5.475 Loading class java/util/concurrent/Semaphore done
Event: 5.478 Loading class java/nio/file/FileVisitOption
Event: 5.478 Loading class java/nio/file/FileVisitOption done
Event: 5.482 Loading class java/util/stream/ReduceOps$1
Event: 5.482 Loading class java/util/stream/ReduceOps$1 done
Event: 5.482 Loading class java/util/stream/ReduceOps$1ReducingSink
Event: 5.482 Loading class java/util/stream/ReduceOps$1ReducingSink done

Classes unloaded (0 events):
No events

Classes redefined (0 events):
No events

Internal exceptions (20 events):
Event: 3.889 Thread 0x000002a7e0e61210 Exception <a 'java/lang/NoSuchMethodError'{0x00000000856b59d8}: 'java.lang.Object java.lang.invoke.DirectMethodHandle$Holder.invokeVirtual(java.lang.Object, java.lang.Object, java.lang.Object, java.lang.Object, java.lang.Object, java.lang.Object, java.lang.Object)'> (0x00000000856b59d8) 
thrown [s\src\hotspot\share\interpreter\linkResolver.cpp, line 784]
Event: 3.905 Thread 0x000002a7e0e61210 Exception <a 'java/lang/NoSuchMethodError'{0x00000000855451c0}: 'java.lang.Object java.lang.invoke.DirectMethodHandle$Holder.invokeVirtual(java.lang.Object, java.lang.Object, java.lang.Object, java.lang.Object, java.lang.Object, java.lang.Object, java.lang.Object, java.lang.Object, java.lang.Object)'> (0x00000000855451c0) 
thrown [s\src\hotspot\share\interpreter\linkResolver.cpp, line 784]
Event: 4.187 Thread 0x000002a7e0e61210 Exception <a 'java/lang/NoSuchMethodError'{0x0000000085323b30}: 'java.lang.Object java.lang.invoke.DirectMethodHandle$Holder.invokeStaticInit(java.lang.Object, java.lang.Object, int, int, int, int)'> (0x0000000085323b30) 
thrown [s\src\hotspot\share\interpreter\linkResolver.cpp, line 784]
Event: 4.286 Thread 0x000002a7e0e61210 Exception <a 'java/io/IOException'{0x00000000851ee5a8}> (0x00000000851ee5a8) 
thrown [s\src\hotspot\share\prims\jni.cpp, line 537]
Event: 4.294 Thread 0x000002a7e0e61210 Implicit null exception at 0x000002a7ebb449a4 to 0x000002a7ebb44ff4
Event: 4.298 Thread 0x000002a7e0e61210 Exception <a 'java/lang/NoSuchMethodError'{0x000000008505fa48}: 'java.lang.Object java.lang.invoke.DirectMethodHandle$Holder.newInvokeSpecial(java.lang.Object, java.lang.Object, java.lang.Object, java.lang.Object, java.lang.Object)'> (0x000000008505fa48) 
thrown [s\src\hotspot\share\interpreter\linkResolver.cpp, line 784]
Event: 4.492 Thread 0x000002a7fe9762b0 Exception <a 'java/lang/NoSuchMethodError'{0x0000000084bb4fb0}: 'void java.lang.invoke.DirectMethodHandle$Holder.invokeSpecial(java.lang.Object, java.lang.Object, java.lang.Object)'> (0x0000000084bb4fb0) 
thrown [s\src\hotspot\share\interpreter\linkResolver.cpp, line 784]
Event: 4.597 Thread 0x000002a7feb52ee0 Exception <a 'java/lang/NoSuchMethodError'{0x0000000085eb2868}: 'long java.lang.invoke.DirectMethodHandle$Holder.invokeInterface(java.lang.Object, java.lang.Object)'> (0x0000000085eb2868) 
thrown [s\src\hotspot\share\interpreter\linkResolver.cpp, line 784]
Event: 4.706 Thread 0x000002a7feb52ee0 Exception <a 'java/lang/NoSuchMethodError'{0x0000000083b29a00}: 'java.lang.Object java.lang.invoke.DirectMethodHandle$Holder.invokeVirtual(java.lang.Object, java.lang.Object, java.lang.Object, java.lang.Object, java.lang.Object, java.lang.Object, java.lang.Object, java.lang.Object, java.lang.Object, java.lang.Object, java.lang.Object, java.lang.Object)'> (0x0000000083b29a00) 
thrown [s\src\hotspot\share\interpreter\linkResolver.cpp, line 784]
Event: 4.706 Thread 0x000002a7feb52ee0 Exception <a 'java/lang/NoSuchMethodError'{0x0000000083b2eb50}: 'java.lang.Object java.lang.invoke.DirectMethodHandle$Holder.invokeSpecial(java.lang.Object, java.lang.Object, java.lang.Object, java.lang.Object, java.lang.Object, java.lang.Object, java.lang.Object, java.lang.Object, java.lang.Object, java.lang.Object, java.lang.Object, java.lang.Object, java.lang.Object)'> (0x0000000083b2eb50) 
thrown [s\src\hotspot\share\interpreter\linkResolver.cpp, line 784]
Event: 4.812 Thread 0x000002a7feb52ee0 Exception <a 'java/lang/NoSuchMethodError'{0x000000008377fd28}: 'java.lang.Object java.lang.invoke.DirectMethodHandle$Holder.newInvokeSpecial(java.lang.Object, java.lang.Object, java.lang.Object, java.lang.Object, java.lang.Object, java.lang.Object)'> (0x000000008377fd28) 
thrown [s\src\hotspot\share\interpreter\linkResolver.cpp, line 784]
Event: 4.895 Thread 0x000002a7feb52ee0 Exception <a 'java/lang/NoSuchMethodError'{0x000000008344d508}: 'void java.lang.invoke.DelegatingMethodHandle$Holder.reinvoke_L(java.lang.Object, java.lang.Object, java.lang.Object, java.lang.Object, java.lang.Object, java.lang.Object, java.lang.Object, java.lang.Object, java.lang.Object, java.lang.Object)'> (0x000000008344d508) 
thrown [s\src\hotspot\share\interpreter\linkResolver.cpp, line 784]
Event: 4.896 Thread 0x000002a7feb52ee0 Exception <a 'java/lang/NoSuchMethodError'{0x0000000083454fe8}: 'java.lang.Object java.lang.invoke.Invokers$Holder.invoker(java.lang.Object, java.lang.Object, java.lang.Object, java.lang.Object, java.lang.Object, java.lang.Object, java.lang.Object, java.lang.Object, java.lang.Object, java.lang.Object)'> (0x0000000083454fe8) 
thrown [s\src\hotspot\share\interpreter\linkResolver.cpp, line 784]
Event: 5.234 Thread 0x000002a7feb52ee0 Exception <a 'java/lang/NoSuchMethodError'{0x0000000082e7cea0}: 'void java.lang.invoke.DirectMethodHandle$Holder.invokeInterface(java.lang.Object, java.lang.Object)'> (0x0000000082e7cea0) 
thrown [s\src\hotspot\share\interpreter\linkResolver.cpp, line 784]
Event: 5.234 Thread 0x000002a7feb52ee0 Exception <a 'java/lang/IncompatibleClassChangeError'{0x0000000082e80620}: Found class java.lang.Object, but interface was expected> (0x0000000082e80620) 
thrown [s\src\hotspot\share\interpreter\linkResolver.cpp, line 851]
Event: 5.258 Thread 0x000002a7feb52ee0 Exception <a 'java/lang/NoSuchMethodError'{0x0000000082da2cc8}: 'java.lang.Object java.lang.invoke.DirectMethodHandle$Holder.newInvokeSpecial(java.lang.Object, java.lang.Object, int)'> (0x0000000082da2cc8) 
thrown [s\src\hotspot\share\interpreter\linkResolver.cpp, line 784]
Event: 5.383 Thread 0x000002a7feb52ee0 Exception <a 'java/lang/NoSuchMethodError'{0x0000000082aeea40}: 'java.lang.Object java.lang.invoke.DirectMethodHandle$Holder.invokeVirtual(java.lang.Object, java.lang.Object, java.lang.Object, java.lang.Object, java.lang.Object, java.lang.Object, java.lang.Object, java.lang.Object)'> (0x0000000082aeea40) 
thrown [s\src\hotspot\share\interpreter\linkResolver.cpp, line 784]
Event: 5.402 Thread 0x000002a7feb52ee0 Exception <a 'java/lang/NoSuchMethodError'{0x0000000082992f88}: 'java.lang.Object java.lang.invoke.DirectMethodHandle$Holder.invokeVirtual(java.lang.Object, java.lang.Object, java.lang.Object, java.lang.Object, java.lang.Object, java.lang.Object, java.lang.Object, java.lang.Object, java.lang.Object, java.lang.Object)'> (0x0000000082992f88) 
thrown [s\src\hotspot\share\interpreter\linkResolver.cpp, line 784]
Event: 5.480 Thread 0x000002a7feb52ee0 Exception <a 'java/lang/NoSuchMethodError'{0x0000000082773b18}: 'int java.lang.invoke.DirectMethodHandle$Holder.invokeSpecialIFC(java.lang.Object, java.lang.Object, java.lang.Object, java.lang.Object)'> (0x0000000082773b18) 
thrown [s\src\hotspot\share\interpreter\linkResolver.cpp, line 784]
Event: 5.481 Thread 0x000002a7feb52ee0 Exception <a 'java/lang/IncompatibleClassChangeError'{0x0000000082781070}: Found class java.lang.Object, but interface was expected> (0x0000000082781070) 
thrown [s\src\hotspot\share\interpreter\linkResolver.cpp, line 851]

ZGC Phase Switch (0 events):
No events

VM Operations (20 events):
Event: 3.785 Executing VM operation: HandshakeAllThreads (Deoptimize)
Event: 3.785 Executing VM operation: HandshakeAllThreads (Deoptimize) done
Event: 3.886 Executing VM operation: HandshakeAllThreads (Deoptimize)
Event: 3.886 Executing VM operation: HandshakeAllThreads (Deoptimize) done
Event: 3.935 Executing VM operation: HandshakeAllThreads (Deoptimize)
Event: 3.935 Executing VM operation: HandshakeAllThreads (Deoptimize) done
Event: 4.148 Executing VM operation: HandshakeAllThreads (Deoptimize)
Event: 4.148 Executing VM operation: HandshakeAllThreads (Deoptimize) done
Event: 4.360 Executing VM operation: ICBufferFull
Event: 4.360 Executing VM operation: ICBufferFull done
Event: 4.366 Executing VM operation: HandshakeAllThreads (Deoptimize)
Event: 4.366 Executing VM operation: HandshakeAllThreads (Deoptimize) done
Event: 4.563 Executing VM operation: CollectForMetadataAllocation (Metadata GC Threshold)
Event: 4.570 Executing VM operation: CollectForMetadataAllocation (Metadata GC Threshold) done
Event: 4.579 Executing VM operation: G1PauseRemark
Event: 4.581 Executing VM operation: G1PauseRemark done
Event: 4.584 Executing VM operation: G1PauseCleanup
Event: 4.585 Executing VM operation: G1PauseCleanup done
Event: 5.257 Executing VM operation: HandshakeAllThreads (Deoptimize)
Event: 5.257 Executing VM operation: HandshakeAllThreads (Deoptimize) done

Memory protections (0 events):
No events

Nmethod flushes (0 events):
No events

Events (20 events):
Event: 0.475 Thread 0x000002a7e0e61210 Thread added: 0x000002a7f8a15380
Event: 0.947 Loaded shared library D:\Android\jbr\bin\jimage.dll
Event: 1.524 Loaded shared library C:\Users\Admin\.gradle\native\1def1411415f61bf3af743bc5b6707747c0891f09f0c88961ee8f79bc544acac\windows-amd64\native-platform.dll
Event: 1.554 Loaded shared library C:\Users\Admin\.gradle\native\0.2.7\x86_64-windows-gnu\gradle-fileevents.dll
Event: 3.499 Loaded shared library D:\Android\jbr\bin\management.dll
Event: 3.509 Loaded shared library D:\Android\jbr\bin\management_ext.dll
Event: 3.565 Thread 0x000002a7e0e61210 Thread added: 0x000002a7fe9ed1f0
Event: 3.866 Loaded shared library D:\Android\jbr\bin\extnet.dll
Event: 4.203 Thread 0x000002a7e0e61210 Thread added: 0x000002a7fea24890
Event: 4.304 Thread 0x000002a7e0e61210 Thread added: 0x000002a7fe94ca30
Event: 4.422 Thread 0x000002a7fea24890 Thread added: 0x000002a7fe9762b0
Event: 4.426 Thread 0x000002a7fe9762b0 Thread added: 0x000002a7fe977130
Event: 4.482 Thread 0x000002a7fe9762b0 Thread added: 0x000002a7feb4bef0
Event: 4.493 Thread 0x000002a7fe9762b0 Thread added: 0x000002a7feb52ee0
Event: 4.504 Thread 0x000002a7feb52ee0 Thread added: 0x000002a7feaa9ee0
Event: 4.509 Thread 0x000002a7feb52ee0 Thread added: 0x000002a7feaab290
Event: 4.511 Thread 0x000002a7feb52ee0 Thread added: 0x000002a7feaa91c0
Event: 5.257 Thread 0x000002a7feb52ee0 Thread added: 0x000002a7feaab920
Event: 5.296 Thread 0x000002a7feb52ee0 Thread added: 0x000002a7feaaa570
Event: 5.337 Thread 0x000002a7feb52ee0 Thread added: 0x000002a7feaabfb0


Dynamic libraries:
0x00007ff74c270000 - 0x00007ff74c27a000 	D:\Android\jbr\bin\java.exe
0x00007fffa6e50000 - 0x00007fffa7048000 	C:\Windows\SYSTEM32\ntdll.dll
0x00007fffa5b30000 - 0x00007fffa5bf2000 	C:\Windows\System32\KERNEL32.DLL
0x00007fffa4a20000 - 0x00007fffa4d16000 	C:\Windows\System32\KERNELBASE.dll
0x00007fffa4570000 - 0x00007fffa4670000 	C:\Windows\System32\ucrtbase.dll
0x00007fff9fc00000 - 0x00007fff9fc1b000 	D:\Android\jbr\bin\VCRUNTIME140.dll
0x00007fff96100000 - 0x00007fff96118000 	D:\Android\jbr\bin\jli.dll
0x00007fffa5200000 - 0x00007fffa53a1000 	C:\Windows\System32\USER32.dll
0x00007fffa47e0000 - 0x00007fffa4802000 	C:\Windows\System32\win32u.dll
0x00007fffa5af0000 - 0x00007fffa5b1b000 	C:\Windows\System32\GDI32.dll
0x00007fffa4d20000 - 0x00007fffa4e39000 	C:\Windows\System32\gdi32full.dll
0x00007fffa4740000 - 0x00007fffa47dd000 	C:\Windows\System32\msvcp_win.dll
0x00007fff8eda0000 - 0x00007fff8f03b000 	C:\Windows\WinSxS\amd64_microsoft.windows.common-controls_6595b64144ccf1df_6.0.19041.6456_none_60b8a6cb71f64256\COMCTL32.dll
0x00007fffa6d70000 - 0x00007fffa6e0e000 	C:\Windows\System32\msvcrt.dll
0x00007fffa6b00000 - 0x00007fffa6b2f000 	C:\Windows\System32\IMM32.DLL
0x00007fffa05c0000 - 0x00007fffa05cc000 	D:\Android\jbr\bin\vcruntime140_1.dll
0x00007fff83250000 - 0x00007fff832dd000 	D:\Android\jbr\bin\msvcp140.dll
0x00007fff53210000 - 0x00007fff53ea6000 	D:\Android\jbr\bin\server\jvm.dll
0x00007fffa50e0000 - 0x00007fffa5191000 	C:\Windows\System32\ADVAPI32.dll
0x00007fffa5040000 - 0x00007fffa50df000 	C:\Windows\System32\sechost.dll
0x00007fffa6be0000 - 0x00007fffa6d00000 	C:\Windows\System32\RPCRT4.dll
0x00007fffa4e40000 - 0x00007fffa4e67000 	C:\Windows\System32\bcrypt.dll
0x00007fffa5d20000 - 0x00007fffa5d8b000 	C:\Windows\System32\WS2_32.dll
0x00007fffa4340000 - 0x00007fffa438b000 	C:\Windows\SYSTEM32\POWRPROF.dll
0x00007fff9b4b0000 - 0x00007fff9b4d7000 	C:\Windows\SYSTEM32\WINMM.dll
0x00007fff9c050000 - 0x00007fff9c05a000 	C:\Windows\SYSTEM32\VERSION.dll
0x00007fffa4320000 - 0x00007fffa4332000 	C:\Windows\SYSTEM32\UMPDC.dll
0x00007fffa2350000 - 0x00007fffa2362000 	C:\Windows\SYSTEM32\kernel.appcore.dll
0x00007fff9fb80000 - 0x00007fff9fb8a000 	D:\Android\jbr\bin\jimage.dll
0x00007fff9d290000 - 0x00007fff9d491000 	C:\Windows\SYSTEM32\DBGHELP.DLL
0x00007fff8cc40000 - 0x00007fff8cc74000 	C:\Windows\SYSTEM32\dbgcore.DLL
0x00007fffa44e0000 - 0x00007fffa4562000 	C:\Windows\System32\bcryptPrimitives.dll
0x00007fff882e0000 - 0x00007fff882ee000 	D:\Android\jbr\bin\instrument.dll
0x00007fff90d00000 - 0x00007fff90d20000 	D:\Android\jbr\bin\java.dll
0x00007fff90bf0000 - 0x00007fff90c08000 	D:\Android\jbr\bin\zip.dll
0x00007fffa6200000 - 0x00007fffa6970000 	C:\Windows\System32\SHELL32.dll
0x00007fffa2550000 - 0x00007fffa2cf5000 	C:\Windows\SYSTEM32\windows.storage.dll
0x00007fffa53b0000 - 0x00007fffa5704000 	C:\Windows\System32\combase.dll
0x00007fffa3e30000 - 0x00007fffa3e5b000 	C:\Windows\SYSTEM32\Wldp.dll
0x00007fffa5720000 - 0x00007fffa57ed000 	C:\Windows\System32\OLEAUT32.dll
0x00007fffa6b30000 - 0x00007fffa6bdd000 	C:\Windows\System32\SHCORE.dll
0x00007fffa51a0000 - 0x00007fffa51fb000 	C:\Windows\System32\shlwapi.dll
0x00007fffa4410000 - 0x00007fffa4434000 	C:\Windows\SYSTEM32\profapi.dll
0x00007fff9fb50000 - 0x00007fff9fb60000 	D:\Android\jbr\bin\net.dll
0x00007fff9f950000 - 0x00007fff9fa5a000 	C:\Windows\SYSTEM32\WINHTTP.dll
0x00007fffa3b90000 - 0x00007fffa3bfa000 	C:\Windows\system32\mswsock.dll
0x00007fff8a060000 - 0x00007fff8a076000 	D:\Android\jbr\bin\nio.dll
0x00007fff8a390000 - 0x00007fff8a3a0000 	D:\Android\jbr\bin\verify.dll
0x00007fff90c20000 - 0x00007fff90c47000 	C:\Users\Admin\.gradle\native\1def1411415f61bf3af743bc5b6707747c0891f09f0c88961ee8f79bc544acac\windows-amd64\native-platform.dll
0x00007fff754c0000 - 0x00007fff75538000 	C:\Users\Admin\.gradle\native\0.2.7\x86_64-windows-gnu\gradle-fileevents.dll
0x00007fff90b30000 - 0x00007fff90b39000 	D:\Android\jbr\bin\management.dll
0x00007fff90ab0000 - 0x00007fff90abb000 	D:\Android\jbr\bin\management_ext.dll
0x00007fffa6d00000 - 0x00007fffa6d08000 	C:\Windows\System32\PSAPI.DLL
0x00007fffa3870000 - 0x00007fffa38ab000 	C:\Windows\SYSTEM32\IPHLPAPI.DLL
0x00007fffa5b20000 - 0x00007fffa5b28000 	C:\Windows\System32\NSI.dll
0x00007fff92e90000 - 0x00007fff92e99000 	D:\Android\jbr\bin\extnet.dll
0x00007fffa3d90000 - 0x00007fffa3da8000 	C:\Windows\SYSTEM32\CRYPTSP.dll
0x00007fffa34b0000 - 0x00007fffa34e8000 	C:\Windows\system32\rsaenh.dll
0x00007fffa4390000 - 0x00007fffa43be000 	C:\Windows\SYSTEM32\USERENV.dll
0x00007fffa3d80000 - 0x00007fffa3d8c000 	C:\Windows\SYSTEM32\CRYPTBASE.dll
0x00007fff9cb30000 - 0x00007fff9cb37000 	C:\Windows\system32\wshunix.dll

JVMTI agents:
C:\Users\Admin\.gradle\wrapper\dists\gradle-8.13-bin\5xuhj0ry160q40clulazy9h7d\gradle-8.13\lib\agents\gradle-instrumentation-agent-8.13.jar path:D:\Android\jbr\bin\instrument.dll, loaded, initialized, instrumentlib options:none

dbghelp: loaded successfully - version: 4.0.5 - missing functions: none
symbol engine: initialized successfully - sym options: 0x614 - pdb path: .;D:\Android\jbr\bin;C:\Windows\SYSTEM32;C:\Windows\WinSxS\amd64_microsoft.windows.common-controls_6595b64144ccf1df_6.0.19041.6456_none_60b8a6cb71f64256;D:\Android\jbr\bin\server;C:\Users\Admin\.gradle\native\1def1411415f61bf3af743bc5b6707747c0891f09f0c88961ee8f79bc544acac\windows-amd64;C:\Users\Admin\.gradle\native\0.2.7\x86_64-windows-gnu

VM Arguments:
jvm_args: --add-opens=java.base/java.lang=ALL-UNNAMED --add-opens=java.base/java.lang.invoke=ALL-UNNAMED --add-opens=java.base/java.util=ALL-UNNAMED --add-opens=java.prefs/java.util.prefs=ALL-UNNAMED --add-exports=jdk.compiler/com.sun.tools.javac.api=ALL-UNNAMED --add-exports=jdk.compiler/com.sun.tools.javac.util=ALL-UNNAMED --add-opens=java.base/java.util=ALL-UNNAMED --add-opens=java.prefs/java.util.prefs=ALL-UNNAMED --add-opens=java.base/java.nio.charset=ALL-UNNAMED --add-opens=java.base/java.net=ALL-UNNAMED --add-opens=java.base/java.util.concurrent.atomic=ALL-UNNAMED --add-opens=java.xml/javax.xml.namespace=ALL-UNNAMED -Xmx2048m -Dfile.encoding=UTF-8 -Duser.country=RU -Duser.language=ru -Duser.variant -javaagent:C:\Users\Admin\.gradle\wrapper\dists\gradle-8.13-bin\5xuhj0ry160q40clulazy9h7d\gradle-8.13\lib\agents\gradle-instrumentation-agent-8.13.jar 
java_command: org.gradle.launcher.daemon.bootstrap.GradleDaemon 8.13
java_class_path (initial): C:\Users\Admin\.gradle\wrapper\dists\gradle-8.13-bin\5xuhj0ry160q40clulazy9h7d\gradle-8.13\lib\gradle-daemon-main-8.13.jar
Launcher Type: SUN_STANDARD

[Global flags]
     intx CICompilerCount                          = 4                                         {product} {ergonomic}
     uint ConcGCThreads                            = 2                                         {product} {ergonomic}
     uint G1ConcRefinementThreads                  = 8                                         {product} {ergonomic}
   size_t G1HeapRegionSize                         = 1048576                                   {product} {ergonomic}
    uintx GCDrainStackTargetSize                   = 64                                        {product} {ergonomic}
   size_t InitialHeapSize                          = 100663296                                 {product} {ergonomic}
   size_t MarkStackSize                            = 4194304                                   {product} {ergonomic}
   size_t MaxHeapSize                              = 2147483648                                {product} {command line}
   size_t MaxNewSize                               = 1287651328                                {product} {ergonomic}
   size_t MinHeapDeltaBytes                        = 1048576                                   {product} {ergonomic}
   size_t MinHeapSize                              = 8388608                                   {product} {ergonomic}
    uintx NonNMethodCodeHeapSize                   = 5839372                                {pd product} {ergonomic}
    uintx NonProfiledCodeHeapSize                  = 122909434                              {pd product} {ergonomic}
    uintx ProfiledCodeHeapSize                     = 122909434                              {pd product} {ergonomic}
    uintx ReservedCodeCacheSize                    = 251658240                              {pd product} {ergonomic}
     bool SegmentedCodeCache                       = true                                      {product} {ergonomic}
   size_t SoftMaxHeapSize                          = 2147483648                             {manageable} {ergonomic}
     bool UseCompressedOops                        = true                           {product lp64_product} {ergonomic}
     bool UseG1GC                                  = true                                      {product} {ergonomic}
     bool UseLargePagesIndividualAllocation        = false                                  {pd product} {ergonomic}

Logging:
Log output configuration:
 #0: stdout all=warning uptime,level,tags foldmultilines=false
 #1: stderr all=off uptime,level,tags foldmultilines=false

Environment Variables:
PATH=C:\Program Files (x86)\NVIDIA Corporation\PhysX\Common;C:\Program Files (x86)\Common Files\Oracle\Java\java8path;C:\Program Files (x86)\Common Files\Oracle\Java\javapath;C:\Windows\system32;C:\Windows;C:\Windows\System32\Wbem;C:\Windows\System32\WindowsPowerShell\v1.0\;C:\Windows\System32\OpenSSH\;C:\Program Files\Microsoft SQL Server\150\Tools\Binn\;C:\Program Files (x86)\Windows Kits\10\Windows Performance Toolkit\;C:\Program Files\nodejs\;C:\Program Files\Git\cmd;C:\Program Files\OpenSSL-Win64\bin;D:\PuTTY\;C:\TDM-GCC-32\bin;C:\Program Files\dotnet\;C:\Program Files\TortoiseGit\bin;C:\php;C:\Users\Admin\AppData\Local\Microsoft\WindowsApps;C:\Users\Admin\AppData\Local\atom\bin;C:\Users\Admin\AppData\Roaming\npm;C:\Users\Admin\AppData\Local\spicetify;C:\msys64\ucrt64\bin;C:\Users\Admin\.dotnet\tools;D:\flutter\bin;
USERNAME=Admin
OS=Windows_NT
PROCESSOR_IDENTIFIER=AMD64 Family 23 Model 24 Stepping 1, AuthenticAMD
TMP=C:\Users\Admin\AppData\Local\Temp
TEMP=C:\Users\Admin\AppData\Local\Temp




Periodic native trim disabled

JNI global refs:
JNI global refs: 24, weak refs: 0

JNI global refs memory usage: 835, weak refs: 833

Process memory usage:
Resident Set Size: 159360K (2% of 6232908K total physical memory with 50104K free physical memory)

OOME stack traces (most recent first):
Classloader memory used:
Loader bootstrap                                                                       : 16187K
Loader org.gradle.internal.classloader.VisitableURLClassLoader                         : 9796K
Loader org.gradle.initialization.MixInLegacyTypesClassLoader                           : 716K
Loader jdk.internal.loader.ClassLoaders$AppClassLoader                                 : 235K
Loader jdk.internal.loader.ClassLoaders$PlatformClassLoader                            : 147K

Classes loaded by more than one classloader:
Class org.gradle.internal.classloader.FilteringClassLoader                            : loaded 2 times (x 105B)
Class org.gradle.internal.classloader.ClassLoaderHierarchy                            : loaded 2 times (x 70B)
Class org.gradle.api.internal.classpath.ManifestUtil                                  : loaded 2 times (x 71B)
Class org.gradle.internal.classloader.DefaultClassLoaderFactory                       : loaded 2 times (x 82B)
Class org.gradle.internal.classloader.ClassLoaderVisitor                              : loaded 2 times (x 76B)
Class org.gradle.api.internal.classpath.EffectiveClassPath                            : loaded 2 times (x 90B)
Class org.gradle.api.internal.DefaultClassPathProvider                                : loaded 2 times (x 76B)
Class [Lorg.gradle.api.internal.ClassPathProvider;                                    : loaded 2 times (x 69B)
Class org.gradle.api.internal.ClassPathProvider                                       : loaded 2 times (x 70B)
Class org.gradle.internal.service.UnknownServiceException                             : loaded 2 times (x 83B)
Class org.gradle.internal.classpath.TransformedClassPath                              : loaded 2 times (x 96B)
Class org.gradle.internal.classloader.InstrumentingClassLoader                        : loaded 2 times (x 70B)
Class org.gradle.internal.service.ServiceLocator                                      : loaded 2 times (x 70B)
Class org.gradle.internal.InternalTransformer                                         : loaded 2 times (x 70B)
Class org.gradle.internal.classloader.ClasspathUtil$1                                 : loaded 2 times (x 76B)
Class org.gradle.api.internal.classpath.DefaultModuleRegistry$DefaultModule           : loaded 2 times (x 86B)
Class org.gradle.api.internal.classpath.Module                                        : loaded 2 times (x 70B)
Class org.gradle.api.internal.classpath.UnknownModuleException                        : loaded 2 times (x 82B)
Class org.gradle.api.internal.DefaultClassPathRegistry                                : loaded 2 times (x 76B)
Class org.gradle.api.internal.ClassPathRegistry                                       : loaded 2 times (x 70B)
Class org.gradle.internal.classpath.DefaultClassPath$ImmutableUniqueList              : loaded 2 times (x 199B)
Class org.gradle.internal.classpath.ClassPath                                         : loaded 2 times (x 70B)
Class org.gradle.api.UncheckedIOException                                             : loaded 2 times (x 82B)
Class org.gradle.internal.installation.GradleInstallation$1                           : loaded 2 times (x 75B)
Class org.gradle.api.internal.classpath.ModuleRegistry                                : loaded 2 times (x 70B)
Class org.gradle.api.internal.classpath.DefaultModuleRegistry                         : loaded 2 times (x 86B)
Class org.gradle.internal.service.ServiceLookupException                              : loaded 2 times (x 82B)
Class org.gradle.internal.classloader.ClassLoaderFactory                              : loaded 2 times (x 70B)
Class org.gradle.internal.service.CachingServiceLocator                               : loaded 2 times (x 82B)
Class org.gradle.internal.classloader.ClasspathUtil                                   : loaded 2 times (x 71B)
Class org.gradle.api.specs.Spec                                                       : loaded 2 times (x 70B)
Class org.gradle.internal.classloader.VisitableURLClassLoader$InstrumentingVisitableURLClassLoader: loaded 2 times (x 123B)
Class org.gradle.internal.classloader.VisitableURLClassLoader$Spec                    : loaded 2 times (x 74B)
Class org.gradle.internal.classpath.DefaultClassPath                                  : loaded 2 times (x 90B)
Class org.gradle.internal.classloader.ClassLoaderSpec                                 : loaded 2 times (x 71B)
Class org.gradle.internal.classloader.VisitableURLClassLoader                         : loaded 2 times (x 117B)
Class org.gradle.internal.Cast                                                        : loaded 2 times (x 71B)
Class org.gradle.api.Action                                                           : loaded 2 times (x 70B)
Class org.gradle.internal.classpath.DefaultClassPath$ImmutableUniqueList$Builder      : loaded 2 times (x 75B)
Class org.gradle.api.GradleException                                                  : loaded 2 times (x 82B)
Class org.gradle.internal.IoActions                                                   : loaded 2 times (x 71B)
Class org.gradle.internal.classloader.SystemClassLoaderSpec                           : loaded 2 times (x 71B)
Class org.gradle.api.internal.classpath.GlobalCacheRootsProvider                      : loaded 2 times (x 70B)
Class org.gradle.internal.installation.CurrentGradleInstallationLocator               : loaded 2 times (x 71B)
Class org.gradle.internal.service.DefaultServiceLocator                               : loaded 2 times (x 83B)
Class org.gradle.internal.installation.CurrentGradleInstallation                      : loaded 2 times (x 73B)
Class org.gradle.util.internal.GUtil                                                  : loaded 2 times (x 71B)
Class org.gradle.internal.installation.GradleInstallation                             : loaded 2 times (x 75B)

---------------  S Y S T E M  ---------------

OS:
 Windows 10 , 64 bit Build 19041 (10.0.19041.5915)
OS uptime: 1 days 0:52 hours

CPU: total 8 (initial active 8) (8 cores per cpu, 2 threads per core) family 23 model 24 stepping 1 microcode 0x0, cx8, cmov, fxsr, ht, mmx, 3dnowpref, sse, sse2, sse3, ssse3, sse4a, sse4.1, sse4.2, popcnt, lzcnt, tsc, tscinvbit, avx, avx2, aes, clmul, bmi1, bmi2, adx, sha, fma, vzeroupper, clflush, clflushopt, rdtscp, f16c
Processor Information for the first 8 processors :
  Max Mhz: 2100, Current Mhz: 2100, Mhz Limit: 2100

Memory: 4k page, system-wide physical 6086M (48M free)
TotalPageFile size 24111M (AvailPageFile size 6M)
current process WorkingSet (physical memory assigned to process): 155M, peak: 155M
current process commit charge ("private bytes"): 213M, peak: 219M

vm_info: OpenJDK 64-Bit Server VM (21.0.8+-14196175-b1038.72) for windows-amd64 JRE (21.0.8+-14196175-b1038.72), built on 2025-10-01T10:24:33Z by "builder" with MS VC++ 16.10 / 16.11 (VS2019)

END.
