#
# There is insufficient memory for the Java Runtime Environment to continue.
# Native memory allocation (malloc) failed to allocate 881616 bytes. Error detail: Chunk::new
# Possible reasons:
#   The system is out of physical RAM or swap space
#   This process is running with CompressedOops enabled, and the Java Heap may be blocking the growth of the native heap
# Possible solutions:
#   Reduce memory load on the system
#   Increase physical memory or swap space
#   Check if swap backing store is full
#   Decrease Java heap size (-Xmx/-Xms)
#   Decrease number of Java threads
#   Decrease Java thread stack sizes (-Xss)
#   Set larger code cache with -XX:ReservedCodeCacheSize=
#   JVM is running with Unscaled Compressed Oops mode in which the Java heap is
#     placed in the first 4GB address space. The Java Heap base address is the
#     maximum limit for the native heap growth. Please use -XX:HeapBaseMinAddress
#     to set the Java Heap base and to place the Java Heap above 4GB virtual address.
# This output file may be truncated or incomplete.
#
#  Out of Memory Error (arena.cpp:168), pid=10660, tid=13908
#
# JRE version: OpenJDK Runtime Environment (21.0.8) (build 21.0.8+-14196175-b1038.72)
# Java VM: OpenJDK 64-Bit Server VM (21.0.8+-14196175-b1038.72, mixed mode, tiered, compressed oops, compressed class ptrs, g1 gc, windows-amd64)
# No core dump will be written. Minidumps are not enabled by default on client versions of Windows
#

---------------  S U M M A R Y ------------

Command Line: org.jetbrains.kotlin.cli.jvm.K2JVMCompiler @D:\StudyPlanner2\app\build\20251128_17403172645171224642.compiler.options

Host: AMD Ryzen 5 3500U with Radeon Vega Mobile Gfx  , 8 cores, 5G,  Windows 10 , 64 bit Build 19041 (10.0.19041.5915)
Time: Fri Nov 28 23:44:08 2025 elapsed time: 5.085610 seconds (0d 0h 0m 5s)

---------------  T H R E A D  ---------------

Current thread (0x0000018c1b54a6d0):  JavaThread "C2 CompilerThread0" daemon [_thread_in_native, id=13908, stack(0x00000055e5200000,0x00000055e5300000) (1024K)]


Current CompileTask:
C2:5085 2279   !   4       java.net.URL::<init> (543 bytes)

Stack: [0x00000055e5200000,0x00000055e5300000]
Native frames: (J=compiled Java code, j=interpreted, Vv=VM code, C=native code)
V  [jvm.dll+0x6d68d9]
V  [jvm.dll+0x866693]
V  [jvm.dll+0x868c4e]
V  [jvm.dll+0x869333]
V  [jvm.dll+0x280566]
V  [jvm.dll+0xc07cd]
V  [jvm.dll+0xc0d03]
V  [jvm.dll+0x3b95e1]
V  [jvm.dll+0x385507]
V  [jvm.dll+0x38497a]
V  [jvm.dll+0x249252]
V  [jvm.dll+0x248821]
V  [jvm.dll+0x1c73a4]
V  [jvm.dll+0x257f9e]
V  [jvm.dll+0x2564e6]
V  [jvm.dll+0x3f4696]
V  [jvm.dll+0x80eac8]
V  [jvm.dll+0x6d512d]
C  [ucrtbase.dll+0x21bb2]
C  [KERNEL32.DLL+0x17374]
C  [ntdll.dll+0x4cc91]


---------------  P R O C E S S  ---------------

Threads class SMR info:
_java_thread_list=0x0000018c1b6c81d0, length=11, elements={
0x0000018c0241f000, 0x0000018c1b3be4d0, 0x0000018c1b50e1b0, 0x0000018c1b50ec10,
0x0000018c1b51ba30, 0x0000018c1b51c490, 0x0000018c1b51d500, 0x0000018c1b51df60,
0x0000018c1b54a6d0, 0x0000018c1b56b180, 0x0000018c1b6fa820
}

Java Threads: ( => current thread )
  0x0000018c0241f000 JavaThread "main"                              [_thread_in_vm, id=13964, stack(0x00000055e4300000,0x00000055e4400000) (1024K)]
  0x0000018c1b3be4d0 JavaThread "Common-Cleaner"             daemon [_thread_blocked, id=16492, stack(0x00000055e4b00000,0x00000055e4c00000) (1024K)]
  0x0000018c1b50e1b0 JavaThread "Reference Handler"          daemon [_thread_blocked, id=17940, stack(0x00000055e4c00000,0x00000055e4d00000) (1024K)]
  0x0000018c1b50ec10 JavaThread "Finalizer"                  daemon [_thread_blocked, id=11552, stack(0x00000055e4d00000,0x00000055e4e00000) (1024K)]
  0x0000018c1b51ba30 JavaThread "Signal Dispatcher"          daemon [_thread_blocked, id=19172, stack(0x00000055e4e00000,0x00000055e4f00000) (1024K)]
  0x0000018c1b51c490 JavaThread "Attach Listener"            daemon [_thread_blocked, id=13704, stack(0x00000055e4f00000,0x00000055e5000000) (1024K)]
  0x0000018c1b51d500 JavaThread "Service Thread"             daemon [_thread_blocked, id=15100, stack(0x00000055e5000000,0x00000055e5100000) (1024K)]
  0x0000018c1b51df60 JavaThread "Monitor Deflation Thread"   daemon [_thread_blocked, id=9628, stack(0x00000055e5100000,0x00000055e5200000) (1024K)]
=>0x0000018c1b54a6d0 JavaThread "C2 CompilerThread0"         daemon [_thread_in_native, id=13908, stack(0x00000055e5200000,0x00000055e5300000) (1024K)]
  0x0000018c1b56b180 JavaThread "C1 CompilerThread0"         daemon [_thread_blocked, id=1644, stack(0x00000055e5300000,0x00000055e5400000) (1024K)]
  0x0000018c1b6fa820 JavaThread "Notification Thread"        daemon [_thread_blocked, id=7852, stack(0x00000055e5400000,0x00000055e5500000) (1024K)]
Total: 11

Other Threads:
  0x0000018c1b30a000 VMThread "VM Thread"                           [id=2864, stack(0x00000055e4a00000,0x00000055e4b00000) (1024K)]
  0x0000018c1b2f5200 WatcherThread "VM Periodic Task Thread"        [id=18608, stack(0x00000055e4900000,0x00000055e4a00000) (1024K)]
  0x0000018c04713570 WorkerThread "GC Thread#0"                     [id=4752, stack(0x00000055e4400000,0x00000055e4500000) (1024K)]
  0x0000018c1b30a740 WorkerThread "GC Thread#1"                     [id=800, stack(0x00000055e5500000,0x00000055e5600000) (1024K)]
  0x0000018c1b30b220 WorkerThread "GC Thread#2"                     [id=16536, stack(0x00000055e5600000,0x00000055e5700000) (1024K)]
  0x0000018c1b30b960 WorkerThread "GC Thread#3"                     [id=10864, stack(0x00000055e5700000,0x00000055e5800000) (1024K)]
  0x0000018c2056fce0 WorkerThread "GC Thread#4"                     [id=13852, stack(0x00000055e5800000,0x00000055e5900000) (1024K)]
  0x0000018c2056dfe0 WorkerThread "GC Thread#5"                     [id=17312, stack(0x00000055e5900000,0x00000055e5a00000) (1024K)]
  0x0000018c2056e720 WorkerThread "GC Thread#6"                     [id=3272, stack(0x00000055e5a00000,0x00000055e5b00000) (1024K)]
  0x0000018c205712a0 WorkerThread "GC Thread#7"                     [id=16992, stack(0x00000055e5b00000,0x00000055e5c00000) (1024K)]
  0x0000018c04721c30 ConcurrentGCThread "G1 Main Marker"            [id=13040, stack(0x00000055e4500000,0x00000055e4600000) (1024K)]
  0x0000018c04723650 WorkerThread "G1 Conc#0"                       [id=12580, stack(0x00000055e4600000,0x00000055e4700000) (1024K)]
  0x0000018c20570420 WorkerThread "G1 Conc#1"                       [id=3940, stack(0x00000055e5c00000,0x00000055e5d00000) (1024K)]
  0x0000018c1b1d0090 ConcurrentGCThread "G1 Refine#0"               [id=10836, stack(0x00000055e4700000,0x00000055e4800000) (1024K)]
  0x0000018c1b1d0b10 ConcurrentGCThread "G1 Service"                [id=14272, stack(0x00000055e4800000,0x00000055e4900000) (1024K)]
Total: 15

Threads with active compile tasks:
C2 CompilerThread0  5121 2279   !   4       java.net.URL::<init> (543 bytes)
Total: 1

VM state: not at safepoint (normal execution)

VM Mutex/Monitor currently owned by a thread: None

Heap address: 0x00000000a0e00000, size: 1522 MB, Compressed Oops mode: 32-bit

CDS archive(s) not mapped
Compressed class space mapped at: 0x0000000100000000-0x0000000140000000, reserved size: 1073741824
Narrow klass base: 0x0000000000000000, Narrow klass shift: 3, Narrow klass range: 0x140000000

GC Precious Log:
 CardTable entry size: 512
 Card Set container configuration: InlinePtr #cards 5 size 8 Array Of Cards #cards 12 size 40 Howl #buckets 4 coarsen threshold 1843 Howl Bitmap #cards 512 size 80 coarsen threshold 460 Card regions per heap region 1 cards per card region 2048
 CPUs: 8 total, 8 available
 Memory: 6086M
 Large Page Support: Disabled
 NUMA Support: Disabled
 Compressed Oops: Enabled (32-bit)
 Heap Region Size: 1M
 Heap Min Capacity: 8M
 Heap Initial Capacity: 96M
 Heap Max Capacity: 1522M
 Pre-touch: Disabled
 Parallel Workers: 8
 Concurrent Workers: 2
 Concurrent Refinement Workers: 8
 Periodic GC: Disabled

Heap:
 garbage-first heap   total 69632K, used 44306K [0x00000000a0e00000, 0x0000000100000000)
  region size 1024K, 23 young (23552K), 3 survivors (3072K)
 Metaspace       used 42750K, committed 43008K, reserved 1114112K
  class space    used 5117K, committed 5184K, reserved 1048576K

Heap Regions: E=young(eden), S=young(survivor), O=old, HS=humongous(starts), HC=humongous(continues), CS=collection set, F=free, TAMS=top-at-mark-start, PB=parsable bottom
|   0|0x00000000a0e00000, 0x00000000a0f00000, 0x00000000a0f00000|100%|HS|  |TAMS 0x00000000a0e00000| PB 0x00000000a0e00000| Complete 
|   1|0x00000000a0f00000, 0x00000000a1000000, 0x00000000a1000000|100%|HC|  |TAMS 0x00000000a0f00000| PB 0x00000000a0f00000| Complete 
|   2|0x00000000a1000000, 0x00000000a1100000, 0x00000000a1100000|100%|HC|  |TAMS 0x00000000a1000000| PB 0x00000000a1000000| Complete 
|   3|0x00000000a1100000, 0x00000000a1200000, 0x00000000a1200000|100%| O|  |TAMS 0x00000000a1100000| PB 0x00000000a1100000| Untracked 
|   4|0x00000000a1200000, 0x00000000a1300000, 0x00000000a1300000|100%| O|  |TAMS 0x00000000a1200000| PB 0x00000000a1200000| Untracked 
|   5|0x00000000a1300000, 0x00000000a1400000, 0x00000000a1400000|100%| O|  |TAMS 0x00000000a1300000| PB 0x00000000a1300000| Untracked 
|   6|0x00000000a1400000, 0x00000000a1500000, 0x00000000a1500000|100%| O|  |TAMS 0x00000000a1400000| PB 0x00000000a1400000| Untracked 
|   7|0x00000000a1500000, 0x00000000a1600000, 0x00000000a1600000|100%| O|  |TAMS 0x00000000a1500000| PB 0x00000000a1500000| Untracked 
|   8|0x00000000a1600000, 0x00000000a1700000, 0x00000000a1700000|100%| O|  |TAMS 0x00000000a1600000| PB 0x00000000a1600000| Untracked 
|   9|0x00000000a1700000, 0x00000000a1800000, 0x00000000a1800000|100%| O|  |TAMS 0x00000000a1700000| PB 0x00000000a1700000| Untracked 
|  10|0x00000000a1800000, 0x00000000a1900000, 0x00000000a1900000|100%| O|  |TAMS 0x00000000a1800000| PB 0x00000000a1800000| Untracked 
|  11|0x00000000a1900000, 0x00000000a1a00000, 0x00000000a1a00000|100%| O|  |TAMS 0x00000000a1900000| PB 0x00000000a1900000| Untracked 
|  12|0x00000000a1a00000, 0x00000000a1b00000, 0x00000000a1b00000|100%| O|  |TAMS 0x00000000a1a00000| PB 0x00000000a1a00000| Untracked 
|  13|0x00000000a1b00000, 0x00000000a1c00000, 0x00000000a1c00000|100%| O|  |TAMS 0x00000000a1b00000| PB 0x00000000a1b00000| Untracked 
|  14|0x00000000a1c00000, 0x00000000a1d00000, 0x00000000a1d00000|100%| O|  |TAMS 0x00000000a1c00000| PB 0x00000000a1c00000| Untracked 
|  15|0x00000000a1d00000, 0x00000000a1e00000, 0x00000000a1e00000|100%| O|  |TAMS 0x00000000a1d00000| PB 0x00000000a1d00000| Untracked 
|  16|0x00000000a1e00000, 0x00000000a1f00000, 0x00000000a1f00000|100%| O|  |TAMS 0x00000000a1e00000| PB 0x00000000a1e00000| Untracked 
|  17|0x00000000a1f00000, 0x00000000a2000000, 0x00000000a2000000|100%| O|  |TAMS 0x00000000a1f00000| PB 0x00000000a1f00000| Untracked 
|  18|0x00000000a2000000, 0x00000000a2000000, 0x00000000a2100000|  0%| F|  |TAMS 0x00000000a2000000| PB 0x00000000a2000000| Untracked 
|  19|0x00000000a2100000, 0x00000000a2200000, 0x00000000a2200000|100%| O|  |TAMS 0x00000000a2100000| PB 0x00000000a2100000| Untracked 
|  20|0x00000000a2200000, 0x00000000a2300000, 0x00000000a2300000|100%| O|  |TAMS 0x00000000a2200000| PB 0x00000000a2200000| Untracked 
|  21|0x00000000a2300000, 0x00000000a2300000, 0x00000000a2400000|  0%| F|  |TAMS 0x00000000a2300000| PB 0x00000000a2300000| Untracked 
|  22|0x00000000a2400000, 0x00000000a2400000, 0x00000000a2500000|  0%| F|  |TAMS 0x00000000a2400000| PB 0x00000000a2400000| Untracked 
|  23|0x00000000a2500000, 0x00000000a2500000, 0x00000000a2600000|  0%| F|  |TAMS 0x00000000a2500000| PB 0x00000000a2500000| Untracked 
|  24|0x00000000a2600000, 0x00000000a2600000, 0x00000000a2700000|  0%| F|  |TAMS 0x00000000a2600000| PB 0x00000000a2600000| Untracked 
|  25|0x00000000a2700000, 0x00000000a2700000, 0x00000000a2800000|  0%| F|  |TAMS 0x00000000a2700000| PB 0x00000000a2700000| Untracked 
|  26|0x00000000a2800000, 0x00000000a2800000, 0x00000000a2900000|  0%| F|  |TAMS 0x00000000a2800000| PB 0x00000000a2800000| Untracked 
|  27|0x00000000a2900000, 0x00000000a2900000, 0x00000000a2a00000|  0%| F|  |TAMS 0x00000000a2900000| PB 0x00000000a2900000| Untracked 
|  28|0x00000000a2a00000, 0x00000000a2a00000, 0x00000000a2b00000|  0%| F|  |TAMS 0x00000000a2a00000| PB 0x00000000a2a00000| Untracked 
|  29|0x00000000a2b00000, 0x00000000a2b00000, 0x00000000a2c00000|  0%| F|  |TAMS 0x00000000a2b00000| PB 0x00000000a2b00000| Untracked 
|  30|0x00000000a2c00000, 0x00000000a2c00000, 0x00000000a2d00000|  0%| F|  |TAMS 0x00000000a2c00000| PB 0x00000000a2c00000| Untracked 
|  31|0x00000000a2d00000, 0x00000000a2d00000, 0x00000000a2e00000|  0%| F|  |TAMS 0x00000000a2d00000| PB 0x00000000a2d00000| Untracked 
|  32|0x00000000a2e00000, 0x00000000a2e00000, 0x00000000a2f00000|  0%| F|  |TAMS 0x00000000a2e00000| PB 0x00000000a2e00000| Untracked 
|  33|0x00000000a2f00000, 0x00000000a2f00000, 0x00000000a3000000|  0%| F|  |TAMS 0x00000000a2f00000| PB 0x00000000a2f00000| Untracked 
|  34|0x00000000a3000000, 0x00000000a3000000, 0x00000000a3100000|  0%| F|  |TAMS 0x00000000a3000000| PB 0x00000000a3000000| Untracked 
|  35|0x00000000a3100000, 0x00000000a3100000, 0x00000000a3200000|  0%| F|  |TAMS 0x00000000a3100000| PB 0x00000000a3100000| Untracked 
|  36|0x00000000a3200000, 0x00000000a3200000, 0x00000000a3300000|  0%| F|  |TAMS 0x00000000a3200000| PB 0x00000000a3200000| Untracked 
|  37|0x00000000a3300000, 0x00000000a3300000, 0x00000000a3400000|  0%| F|  |TAMS 0x00000000a3300000| PB 0x00000000a3300000| Untracked 
|  38|0x00000000a3400000, 0x00000000a3444b60, 0x00000000a3500000| 26%| S|CS|TAMS 0x00000000a3400000| PB 0x00000000a3400000| Complete 
|  39|0x00000000a3500000, 0x00000000a3600000, 0x00000000a3600000|100%| S|CS|TAMS 0x00000000a3500000| PB 0x00000000a3500000| Complete 
|  40|0x00000000a3600000, 0x00000000a3700000, 0x00000000a3700000|100%| S|CS|TAMS 0x00000000a3600000| PB 0x00000000a3600000| Complete 
|  41|0x00000000a3700000, 0x00000000a3700000, 0x00000000a3800000|  0%| F|  |TAMS 0x00000000a3700000| PB 0x00000000a3700000| Untracked 
|  42|0x00000000a3800000, 0x00000000a3800000, 0x00000000a3900000|  0%| F|  |TAMS 0x00000000a3800000| PB 0x00000000a3800000| Untracked 
|  43|0x00000000a3900000, 0x00000000a3900000, 0x00000000a3a00000|  0%| F|  |TAMS 0x00000000a3900000| PB 0x00000000a3900000| Untracked 
|  44|0x00000000a3a00000, 0x00000000a3a00000, 0x00000000a3b00000|  0%| F|  |TAMS 0x00000000a3a00000| PB 0x00000000a3a00000| Untracked 
|  45|0x00000000a3b00000, 0x00000000a3b6fdf0, 0x00000000a3c00000| 43%| E|  |TAMS 0x00000000a3b00000| PB 0x00000000a3b00000| Complete 
|  46|0x00000000a3c00000, 0x00000000a3d00000, 0x00000000a3d00000|100%| E|CS|TAMS 0x00000000a3c00000| PB 0x00000000a3c00000| Complete 
|  47|0x00000000a3d00000, 0x00000000a3e00000, 0x00000000a3e00000|100%| E|CS|TAMS 0x00000000a3d00000| PB 0x00000000a3d00000| Complete 
|  48|0x00000000a3e00000, 0x00000000a3f00000, 0x00000000a3f00000|100%| E|CS|TAMS 0x00000000a3e00000| PB 0x00000000a3e00000| Complete 
|  49|0x00000000a3f00000, 0x00000000a4000000, 0x00000000a4000000|100%| E|CS|TAMS 0x00000000a3f00000| PB 0x00000000a3f00000| Complete 
|  50|0x00000000a4000000, 0x00000000a4100000, 0x00000000a4100000|100%| E|CS|TAMS 0x00000000a4000000| PB 0x00000000a4000000| Complete 
|  51|0x00000000a4100000, 0x00000000a4200000, 0x00000000a4200000|100%| E|CS|TAMS 0x00000000a4100000| PB 0x00000000a4100000| Complete 
|  52|0x00000000a4200000, 0x00000000a4300000, 0x00000000a4300000|100%| E|CS|TAMS 0x00000000a4200000| PB 0x00000000a4200000| Complete 
|  53|0x00000000a4300000, 0x00000000a4400000, 0x00000000a4400000|100%| E|CS|TAMS 0x00000000a4300000| PB 0x00000000a4300000| Complete 
|  54|0x00000000a4400000, 0x00000000a4500000, 0x00000000a4500000|100%| E|CS|TAMS 0x00000000a4400000| PB 0x00000000a4400000| Complete 
|  55|0x00000000a4500000, 0x00000000a4600000, 0x00000000a4600000|100%| E|CS|TAMS 0x00000000a4500000| PB 0x00000000a4500000| Complete 
|  56|0x00000000a4600000, 0x00000000a4700000, 0x00000000a4700000|100%| E|CS|TAMS 0x00000000a4600000| PB 0x00000000a4600000| Complete 
|  57|0x00000000a4700000, 0x00000000a4800000, 0x00000000a4800000|100%| E|  |TAMS 0x00000000a4700000| PB 0x00000000a4700000| Complete 
|  58|0x00000000a4800000, 0x00000000a4900000, 0x00000000a4900000|100%| E|CS|TAMS 0x00000000a4800000| PB 0x00000000a4800000| Complete 
|  59|0x00000000a4900000, 0x00000000a4a00000, 0x00000000a4a00000|100%| E|CS|TAMS 0x00000000a4900000| PB 0x00000000a4900000| Complete 
|  60|0x00000000a4a00000, 0x00000000a4b00000, 0x00000000a4b00000|100%| E|CS|TAMS 0x00000000a4a00000| PB 0x00000000a4a00000| Complete 
|  61|0x00000000a4b00000, 0x00000000a4c00000, 0x00000000a4c00000|100%| E|CS|TAMS 0x00000000a4b00000| PB 0x00000000a4b00000| Complete 
|  69|0x00000000a5300000, 0x00000000a5400000, 0x00000000a5400000|100%| E|CS|TAMS 0x00000000a5300000| PB 0x00000000a5300000| Complete 
|  73|0x00000000a5700000, 0x00000000a5800000, 0x00000000a5800000|100%| E|CS|TAMS 0x00000000a5700000| PB 0x00000000a5700000| Complete 
|  95|0x00000000a6d00000, 0x00000000a6e00000, 0x00000000a6e00000|100%| E|CS|TAMS 0x00000000a6d00000| PB 0x00000000a6d00000| Complete 
|1519|0x00000000ffd00000, 0x00000000ffe00000, 0x00000000ffe00000|100%| O|  |TAMS 0x00000000ffd00000| PB 0x00000000ffd00000| Untracked 
|1520|0x00000000ffe00000, 0x00000000fff00000, 0x00000000fff00000|100%| O|  |TAMS 0x00000000ffe00000| PB 0x00000000ffe00000| Untracked 
|1521|0x00000000fff00000, 0x0000000100000000, 0x0000000100000000|100%| O|  |TAMS 0x00000000fff00000| PB 0x00000000fff00000| Untracked 

Card table byte_map: [0x0000018c16e70000,0x0000018c17170000] _byte_map_base: 0x0000018c16969000

Marking Bits: (CMBitMap*) 0x0000018c047153a0
 Bits: [0x0000018c17170000, 0x0000018c18938000)

Polling page: 0x0000018c023d0000

Metaspace:

Usage:
  Non-class:     36.75 MB used.
      Class:      5.00 MB used.
       Both:     41.75 MB used.

Virtual space:
  Non-class space:       64.00 MB reserved,      36.94 MB ( 58%) committed,  1 nodes.
      Class space:        1.00 GB reserved,       5.06 MB ( <1%) committed,  1 nodes.
             Both:        1.06 GB reserved,      42.00 MB (  4%) committed. 

Chunk freelists:
   Non-Class:  11.09 MB
       Class:  10.89 MB
        Both:  21.98 MB

MaxMetaspaceSize: unlimited
CompressedClassSpaceSize: 1.00 GB
Initial GC threshold: 21.00 MB
Current GC threshold: 46.06 MB
CDS: off
 - commit_granule_bytes: 65536.
 - commit_granule_words: 8192.
 - virtual_space_node_default_size: 8388608.
 - enlarge_chunks_in_place: 1.
 - use_allocation_guard: 0.


Internal statistics:

num_allocs_failed_limit: 3.
num_arena_births: 180.
num_arena_deaths: 0.
num_vsnodes_births: 2.
num_vsnodes_deaths: 0.
num_space_committed: 671.
num_space_uncommitted: 0.
num_chunks_returned_to_freelist: 3.
num_chunks_taken_from_freelist: 1358.
num_chunk_merges: 3.
num_chunk_splits: 1139.
num_chunks_enlarged: 1046.
num_inconsistent_stats: 0.

CodeHeap 'non-profiled nmethods': size=120000Kb used=1010Kb max_used=1010Kb free=118989Kb
 bounds [0x0000018c0f300000, 0x0000018c0f570000, 0x0000018c16830000]
CodeHeap 'profiled nmethods': size=120000Kb used=4066Kb max_used=4066Kb free=115933Kb
 bounds [0x0000018c07830000, 0x0000018c07c30000, 0x0000018c0ed60000]
CodeHeap 'non-nmethods': size=5760Kb used=1523Kb max_used=1534Kb free=4236Kb
 bounds [0x0000018c0ed60000, 0x0000018c0efd0000, 0x0000018c0f300000]
CodeCache: size=245760Kb, used=6599Kb, max_used=6610Kb, free=239158Kb
 total_blobs=2898, nmethods=2299, adapters=503, full_count=0
Compilation: enabled, stopped_count=0, restarted_count=0

Compilation events (20 events):
Event: 5.071 Thread 0x0000018c1b56b180 nmethod 2355 0x0000018c07c04190 code [0x0000018c07c04440, 0x0000018c07c04fb0]
Event: 5.071 Thread 0x0000018c1b56b180 2359       3       org.jetbrains.kotlin.parsing.KotlinExpressionParsing::isAtLabelDefinitionOrMissingIdentifier (42 bytes)
Event: 5.071 Thread 0x0000018c1b56b180 nmethod 2359 0x0000018c07c05410 code [0x0000018c07c055e0, 0x0000018c07c059f0]
Event: 5.071 Thread 0x0000018c1b56b180 2350       3       org.jetbrains.kotlin.com.intellij.lang.impl.PsiBuilderAdapter::lookAhead (11 bytes)
Event: 5.072 Thread 0x0000018c1b56b180 nmethod 2350 0x0000018c07c05b10 code [0x0000018c07c05cc0, 0x0000018c07c05e90]
Event: 5.072 Thread 0x0000018c1b56b180 2354       3       org.jetbrains.kotlin.com.intellij.util.containers.Stack::push (7 bytes)
Event: 5.072 Thread 0x0000018c1b56b180 nmethod 2354 0x0000018c07c05f90 code [0x0000018c07c06160, 0x0000018c07c06640]
Event: 5.072 Thread 0x0000018c1b56b180 2352       3       org.jetbrains.kotlin.parsing.AbstractKotlinParsing::getTokenId (24 bytes)
Event: 5.072 Thread 0x0000018c1b56b180 nmethod 2352 0x0000018c07c06810 code [0x0000018c07c069e0, 0x0000018c07c06eb0]
Event: 5.072 Thread 0x0000018c1b56b180 2362       3       org.jetbrains.kotlin.parsing.KotlinParsing::parseAnnotationOrList (162 bytes)
Event: 5.074 Thread 0x0000018c1b56b180 nmethod 2362 0x0000018c07c07010 code [0x0000018c07c07460, 0x0000018c07c09970]
Event: 5.074 Thread 0x0000018c1b56b180 2363       3       org.jetbrains.kotlin.parsing.KotlinParsing::parseAnnotations (23 bytes)
Event: 5.074 Thread 0x0000018c1b56b180 nmethod 2363 0x0000018c07c0a390 code [0x0000018c07c0a560, 0x0000018c07c0a7e0]
Event: 5.074 Thread 0x0000018c1b56b180 2367       3       org.jetbrains.kotlin.fir.UtilsKt::isStatementLikeExpression (60 bytes)
Event: 5.075 Thread 0x0000018c1b56b180 nmethod 2367 0x0000018c07c0a910 code [0x0000018c07c0aba0, 0x0000018c07c0b748]
Event: 5.075 Thread 0x0000018c1b56b180 2366       1       org.jetbrains.kotlin.fir.builder.Context::getInLocalContext (5 bytes)
Event: 5.075 Thread 0x0000018c1b56b180 nmethod 2366 0x0000018c0f3f8890 code [0x0000018c0f3f8a20, 0x0000018c0f3f8af0]
Event: 5.080 Thread 0x0000018c1b56b180 2369       1       org.jetbrains.kotlin.name.ClassId::isLocal (5 bytes)
Event: 5.080 Thread 0x0000018c1b56b180 nmethod 2369 0x0000018c0f3f8b90 code [0x0000018c0f3f8d20, 0x0000018c0f3f8df0]
Event: 5.083 Thread 0x0000018c1b56b180 2370       3       org.jetbrains.kotlin.fir.lightTree.converter.AbstractLightTreeRawFirBuilder::getElementType (19 bytes)

GC Heap History (18 events):
Event: 1.529 GC heap before
{Heap before GC invocations=0 (full 0):
 garbage-first heap   total 98304K, used 26624K [0x00000000a0e00000, 0x0000000100000000)
  region size 1024K, 23 young (23552K), 0 survivors (0K)
 Metaspace       used 14235K, committed 14400K, reserved 1114112K
  class space    used 1386K, committed 1472K, reserved 1048576K
}
Event: 1.536 GC heap after
{Heap after GC invocations=1 (full 0):
 garbage-first heap   total 98304K, used 6304K [0x00000000a0e00000, 0x0000000100000000)
  region size 1024K, 3 young (3072K), 3 survivors (3072K)
 Metaspace       used 14235K, committed 14400K, reserved 1114112K
  class space    used 1386K, committed 1472K, reserved 1048576K
}
Event: 2.077 GC heap before
{Heap before GC invocations=1 (full 0):
 garbage-first heap   total 98304K, used 26784K [0x00000000a0e00000, 0x0000000100000000)
  region size 1024K, 25 young (25600K), 3 survivors (3072K)
 Metaspace       used 21278K, committed 21504K, reserved 1114112K
  class space    used 2241K, committed 2368K, reserved 1048576K
}
Event: 2.085 GC heap after
{Heap after GC invocations=2 (full 0):
 garbage-first heap   total 98304K, used 7514K [0x00000000a0e00000, 0x0000000100000000)
  region size 1024K, 2 young (2048K), 2 survivors (2048K)
 Metaspace       used 21278K, committed 21504K, reserved 1114112K
  class space    used 2241K, committed 2368K, reserved 1048576K
}
Event: 2.541 GC heap before
{Heap before GC invocations=3 (full 0):
 garbage-first heap   total 27648K, used 26970K [0x00000000a0e00000, 0x0000000100000000)
  region size 1024K, 21 young (21504K), 2 survivors (2048K)
 Metaspace       used 25444K, committed 25728K, reserved 1114112K
  class space    used 2761K, committed 2880K, reserved 1048576K
}
Event: 2.552 GC heap after
{Heap after GC invocations=4 (full 0):
 garbage-first heap   total 33792K, used 11544K [0x00000000a0e00000, 0x0000000100000000)
  region size 1024K, 6 young (6144K), 6 survivors (6144K)
 Metaspace       used 25444K, committed 25728K, reserved 1114112K
  class space    used 2761K, committed 2880K, reserved 1048576K
}
Event: 2.649 GC heap before
{Heap before GC invocations=4 (full 0):
 garbage-first heap   total 33792K, used 23832K [0x00000000a0e00000, 0x0000000100000000)
  region size 1024K, 18 young (18432K), 6 survivors (6144K)
 Metaspace       used 25464K, committed 25728K, reserved 1114112K
  class space    used 2761K, committed 2880K, reserved 1048576K
}
Event: 2.665 GC heap after
{Heap after GC invocations=5 (full 0):
 garbage-first heap   total 36864K, used 17665K [0x00000000a0e00000, 0x0000000100000000)
  region size 1024K, 3 young (3072K), 3 survivors (3072K)
 Metaspace       used 25464K, committed 25728K, reserved 1114112K
  class space    used 2761K, committed 2880K, reserved 1048576K
}
Event: 2.845 GC heap before
{Heap before GC invocations=5 (full 0):
 garbage-first heap   total 36864K, used 25857K [0x00000000a0e00000, 0x0000000100000000)
  region size 1024K, 12 young (12288K), 3 survivors (3072K)
 Metaspace       used 26478K, committed 26688K, reserved 1114112K
  class space    used 2895K, committed 3008K, reserved 1048576K
}
Event: 2.856 GC heap after
{Heap after GC invocations=6 (full 0):
 garbage-first heap   total 36864K, used 20992K [0x00000000a0e00000, 0x0000000100000000)
  region size 1024K, 2 young (2048K), 2 survivors (2048K)
 Metaspace       used 26478K, committed 26688K, reserved 1114112K
  class space    used 2895K, committed 3008K, reserved 1048576K
}
Event: 3.077 GC heap before
{Heap before GC invocations=6 (full 0):
 garbage-first heap   total 36864K, used 28160K [0x00000000a0e00000, 0x0000000100000000)
  region size 1024K, 9 young (9216K), 2 survivors (2048K)
 Metaspace       used 28000K, committed 28288K, reserved 1114112K
  class space    used 3063K, committed 3200K, reserved 1048576K
}
Event: 3.083 GC heap after
{Heap after GC invocations=7 (full 0):
 garbage-first heap   total 36864K, used 23113K [0x00000000a0e00000, 0x0000000100000000)
  region size 1024K, 2 young (2048K), 2 survivors (2048K)
 Metaspace       used 28000K, committed 28288K, reserved 1114112K
  class space    used 3063K, committed 3200K, reserved 1048576K
}
Event: 3.258 GC heap before
{Heap before GC invocations=8 (full 0):
 garbage-first heap   total 39936K, used 30281K [0x00000000a0e00000, 0x0000000100000000)
  region size 1024K, 9 young (9216K), 2 survivors (2048K)
 Metaspace       used 28403K, committed 28608K, reserved 1114112K
  class space    used 3120K, committed 3200K, reserved 1048576K
}
Event: 3.263 GC heap after
{Heap after GC invocations=9 (full 0):
 garbage-first heap   total 39936K, used 23886K [0x00000000a0e00000, 0x0000000100000000)
  region size 1024K, 2 young (2048K), 2 survivors (2048K)
 Metaspace       used 28403K, committed 28608K, reserved 1114112K
  class space    used 3120K, committed 3200K, reserved 1048576K
}
Event: 3.509 GC heap before
{Heap before GC invocations=9 (full 0):
 garbage-first heap   total 39936K, used 31054K [0x00000000a0e00000, 0x0000000100000000)
  region size 1024K, 10 young (10240K), 2 survivors (2048K)
 Metaspace       used 30836K, committed 31040K, reserved 1114112K
  class space    used 3437K, committed 3520K, reserved 1048576K
}
Event: 3.514 GC heap after
{Heap after GC invocations=10 (full 0):
 garbage-first heap   total 69632K, used 24052K [0x00000000a0e00000, 0x0000000100000000)
  region size 1024K, 1 young (1024K), 1 survivors (1024K)
 Metaspace       used 30836K, committed 31040K, reserved 1114112K
  class space    used 3437K, committed 3520K, reserved 1048576K
}
Event: 4.175 GC heap before
{Heap before GC invocations=10 (full 0):
 garbage-first heap   total 69632K, used 47604K [0x00000000a0e00000, 0x0000000100000000)
  region size 1024K, 25 young (25600K), 1 survivors (1024K)
 Metaspace       used 37164K, committed 37376K, reserved 1114112K
  class space    used 4559K, committed 4672K, reserved 1048576K
}
Event: 4.181 GC heap after
{Heap after GC invocations=11 (full 0):
 garbage-first heap   total 69632K, used 25874K [0x00000000a0e00000, 0x0000000100000000)
  region size 1024K, 3 young (3072K), 3 survivors (3072K)
 Metaspace       used 37164K, committed 37376K, reserved 1114112K
  class space    used 4559K, committed 4672K, reserved 1048576K
}

Dll operation events (3 events):
Event: 0.009 Loaded shared library D:\Android\jbr\bin\java.dll
Event: 0.016 Loaded shared library D:\Android\jbr\bin\zip.dll
Event: 2.386 Loaded shared library D:\Android\jbr\bin\verify.dll

Deoptimization events (20 events):
Event: 5.038 Thread 0x0000018c0241f000 Uncommon trap: trap_request=0xffffffde fr.pc=0x0000018c0f3ee11c relative=0x000000000000045c
Event: 5.038 Thread 0x0000018c0241f000 Uncommon trap: reason=class_check action=maybe_recompile pc=0x0000018c0f3ee11c method=org.jetbrains.kotlin.parsing.AbstractKotlinParsing.tt()Lorg/jetbrains/kotlin/com/intellij/psi/tree/IElementType; @ 4 c2
Event: 5.038 Thread 0x0000018c0241f000 DEOPT PACKING pc=0x0000018c0f3ee11c sp=0x00000055e43fdfe0
Event: 5.038 Thread 0x0000018c0241f000 DEOPT UNPACKING pc=0x0000018c0edb46a2 sp=0x00000055e43fdfb0 mode 2
Event: 5.038 Thread 0x0000018c0241f000 Uncommon trap: trap_request=0xffffffde fr.pc=0x0000018c0f3ee11c relative=0x000000000000045c
Event: 5.038 Thread 0x0000018c0241f000 Uncommon trap: reason=class_check action=maybe_recompile pc=0x0000018c0f3ee11c method=org.jetbrains.kotlin.parsing.AbstractKotlinParsing.tt()Lorg/jetbrains/kotlin/com/intellij/psi/tree/IElementType; @ 4 c2
Event: 5.038 Thread 0x0000018c0241f000 DEOPT PACKING pc=0x0000018c0f3ee11c sp=0x00000055e43fe050
Event: 5.038 Thread 0x0000018c0241f000 DEOPT UNPACKING pc=0x0000018c0edb46a2 sp=0x00000055e43fe020 mode 2
Event: 5.038 Thread 0x0000018c0241f000 Uncommon trap: trap_request=0xffffffde fr.pc=0x0000018c0f3ee11c relative=0x000000000000045c
Event: 5.038 Thread 0x0000018c0241f000 Uncommon trap: reason=class_check action=maybe_recompile pc=0x0000018c0f3ee11c method=org.jetbrains.kotlin.parsing.AbstractKotlinParsing.tt()Lorg/jetbrains/kotlin/com/intellij/psi/tree/IElementType; @ 4 c2
Event: 5.038 Thread 0x0000018c0241f000 DEOPT PACKING pc=0x0000018c0f3ee11c sp=0x00000055e43fdf50
Event: 5.038 Thread 0x0000018c0241f000 DEOPT UNPACKING pc=0x0000018c0edb46a2 sp=0x00000055e43fdf20 mode 2
Event: 5.038 Thread 0x0000018c0241f000 Uncommon trap: trap_request=0xffffffde fr.pc=0x0000018c0f3ee11c relative=0x000000000000045c
Event: 5.038 Thread 0x0000018c0241f000 Uncommon trap: reason=class_check action=maybe_recompile pc=0x0000018c0f3ee11c method=org.jetbrains.kotlin.parsing.AbstractKotlinParsing.tt()Lorg/jetbrains/kotlin/com/intellij/psi/tree/IElementType; @ 4 c2
Event: 5.038 Thread 0x0000018c0241f000 DEOPT PACKING pc=0x0000018c0f3ee11c sp=0x00000055e43fdfc0
Event: 5.038 Thread 0x0000018c0241f000 DEOPT UNPACKING pc=0x0000018c0edb46a2 sp=0x00000055e43fdf90 mode 2
Event: 5.068 Thread 0x0000018c0241f000 Uncommon trap: trap_request=0xffffff45 fr.pc=0x0000018c0f3ed31c relative=0x00000000000000fc
Event: 5.068 Thread 0x0000018c0241f000 Uncommon trap: reason=unstable_if action=reinterpret pc=0x0000018c0f3ed31c method=org.jetbrains.kotlin.parsing.SemanticWhitespaceAwarePsiBuilderImpl.getJoinedTokenType(Lorg/jetbrains/kotlin/com/intellij/psi/tree/IElementType;I)Lorg/jetbrains/kotlin/com/in
Event: 5.068 Thread 0x0000018c0241f000 DEOPT PACKING pc=0x0000018c0f3ed31c sp=0x00000055e43fac00
Event: 5.068 Thread 0x0000018c0241f000 DEOPT UNPACKING pc=0x0000018c0edb46a2 sp=0x00000055e43fab88 mode 2

Classes loaded (20 events):
Event: 4.644 Loading class sun/nio/ch/Util$BufferCache
Event: 4.644 Loading class sun/nio/ch/Util$BufferCache done
Event: 4.644 Loading class java/nio/DirectByteBuffer$Deallocator
Event: 4.644 Loading class java/nio/DirectByteBuffer$Deallocator done
Event: 4.672 Loading class java/util/function/IntConsumer
Event: 4.672 Loading class java/util/function/IntConsumer done
Event: 4.673 Loading class java/util/PrimitiveIterator$OfInt
Event: 4.673 Loading class java/util/PrimitiveIterator
Event: 4.674 Loading class java/util/PrimitiveIterator done
Event: 4.674 Loading class java/util/PrimitiveIterator$OfInt done
Event: 4.678 Loading class java/util/BitSet
Event: 4.679 Loading class java/util/BitSet done
Event: 4.697 Loading class java/io/InvalidObjectException
Event: 4.697 Loading class java/io/InvalidObjectException done
Event: 4.714 Loading class java/util/function/IntUnaryOperator
Event: 4.714 Loading class java/util/function/IntUnaryOperator done
Event: 4.873 Loading class java/math/RoundingMode
Event: 4.873 Loading class java/math/RoundingMode done
Event: 4.912 Loading class java/util/ArrayList$ListItr
Event: 4.912 Loading class java/util/ArrayList$ListItr done

Classes unloaded (0 events):
No events

Classes redefined (0 events):
No events

Internal exceptions (20 events):
Event: 1.887 Thread 0x0000018c0241f000 Exception <a 'java/lang/NoSuchMethodError'{0x00000000a5e99b10}: 'java.lang.Object java.lang.invoke.DirectMethodHandle$Holder.invokeSpecial(java.lang.Object, java.lang.Object, java.lang.Object, java.lang.Object, long)'> (0x00000000a5e99b10) 
thrown [s\src\hotspot\share\interpreter\linkResolver.cpp, line 784]
Event: 1.889 Thread 0x0000018c0241f000 Exception <a 'java/lang/NoSuchMethodError'{0x00000000a5ea87a8}: 'int java.lang.invoke.DelegatingMethodHandle$Holder.reinvoke_L(java.lang.Object, java.lang.Object, java.lang.Object, long, java.lang.Object, java.lang.Object)'> (0x00000000a5ea87a8) 
thrown [s\src\hotspot\share\interpreter\linkResolver.cpp, line 784]
Event: 1.891 Thread 0x0000018c0241f000 Exception <a 'java/lang/NoSuchMethodError'{0x00000000a5eb6bc8}: 'int java.lang.invoke.DelegatingMethodHandle$Holder.reinvoke_L(java.lang.Object, java.lang.Object, java.lang.Object, long, int, int)'> (0x00000000a5eb6bc8) 
thrown [s\src\hotspot\share\interpreter\linkResolver.cpp, line 784]
Event: 1.893 Thread 0x0000018c0241f000 Exception <a 'java/lang/NoSuchMethodError'{0x00000000a5ec4d98}: 'int java.lang.invoke.DelegatingMethodHandle$Holder.reinvoke_L(java.lang.Object, java.lang.Object, java.lang.Object, long, long, long)'> (0x00000000a5ec4d98) 
thrown [s\src\hotspot\share\interpreter\linkResolver.cpp, line 784]
Event: 1.895 Thread 0x0000018c0241f000 Exception <a 'java/lang/NoSuchMethodError'{0x00000000a5ed2bf0}: 'int java.lang.invoke.DelegatingMethodHandle$Holder.reinvoke_L(java.lang.Object, java.lang.Object, java.lang.Object, long, int)'> (0x00000000a5ed2bf0) 
thrown [s\src\hotspot\share\interpreter\linkResolver.cpp, line 784]
Event: 1.897 Thread 0x0000018c0241f000 Exception <a 'java/lang/NoSuchMethodError'{0x00000000a5ede340}: 'int java.lang.invoke.DirectMethodHandle$Holder.invokeSpecial(java.lang.Object, java.lang.Object, java.lang.Object, java.lang.Object)'> (0x00000000a5ede340) 
thrown [s\src\hotspot\share\interpreter\linkResolver.cpp, line 784]
Event: 1.898 Thread 0x0000018c0241f000 Exception <a 'java/lang/NoSuchMethodError'{0x00000000a5eecf00}: 'void java.lang.invoke.DelegatingMethodHandle$Holder.reinvoke_L(java.lang.Object, java.lang.Object, java.lang.Object, long, java.lang.Object, long, long)'> (0x00000000a5eecf00) 
thrown [s\src\hotspot\share\interpreter\linkResolver.cpp, line 784]
Event: 1.900 Thread 0x0000018c0241f000 Exception <a 'java/lang/NoSuchMethodError'{0x00000000a5ef3d00}: 'long java.lang.invoke.Invokers$Holder.invokeExact_MT(java.lang.Object, java.lang.Object, java.lang.Object)'> (0x00000000a5ef3d00) 
thrown [s\src\hotspot\share\interpreter\linkResolver.cpp, line 784]
Event: 1.901 Thread 0x0000018c0241f000 Exception <a 'java/lang/NoSuchMethodError'{0x00000000a5ef7c38}: 'int java.lang.invoke.Invokers$Holder.invokeExact_MT(java.lang.Object, java.lang.Object, java.lang.Object)'> (0x00000000a5ef7c38) 
thrown [s\src\hotspot\share\interpreter\linkResolver.cpp, line 784]
Event: 1.961 Thread 0x0000018c0241f000 Exception <a 'java/lang/NoSuchMethodError'{0x00000000a5cbb710}: 'int java.lang.invoke.DirectMethodHandle$Holder.invokeStatic(java.lang.Object)'> (0x00000000a5cbb710) 
thrown [s\src\hotspot\share\interpreter\linkResolver.cpp, line 784]
Event: 1.961 Thread 0x0000018c0241f000 Exception <a 'java/lang/NoSuchMethodError'{0x00000000a5cbeb58}: 'int java.lang.invoke.DirectMethodHandle$Holder.invokeStaticInit(java.lang.Object)'> (0x00000000a5cbeb58) 
thrown [s\src\hotspot\share\interpreter\linkResolver.cpp, line 784]
Event: 2.137 Thread 0x0000018c0241f000 Exception <a 'java/lang/NoSuchMethodError'{0x00000000a259d390}: 'void java.lang.invoke.DirectMethodHandle$Holder.invokeStatic(java.lang.Object, java.lang.Object, java.lang.Object, java.lang.Object)'> (0x00000000a259d390) 
thrown [s\src\hotspot\share\interpreter\linkResolver.cpp, line 784]
Event: 2.352 Thread 0x0000018c0241f000 Exception <a 'java/lang/NoSuchMethodError'{0x00000000a1d4b408}: 'void java.lang.invoke.Invokers$Holder.invokeExact_MT(java.lang.Object, int, java.lang.Object)'> (0x00000000a1d4b408) 
thrown [s\src\hotspot\share\interpreter\linkResolver.cpp, line 784]
Event: 2.439 Thread 0x0000018c0241f000 Exception <a 'java/lang/NoSuchMethodError'{0x00000000a1a31b90}: 'long java.lang.invoke.DirectMethodHandle$Holder.invokeStatic(java.lang.Object, java.lang.Object, int)'> (0x00000000a1a31b90) 
thrown [s\src\hotspot\share\interpreter\linkResolver.cpp, line 784]
Event: 2.440 Thread 0x0000018c0241f000 Exception <a 'java/lang/NoSuchMethodError'{0x00000000a1a3cb78}: 'java.lang.Object java.lang.invoke.DelegatingMethodHandle$Holder.reinvoke_L(java.lang.Object, int, long, java.lang.Object, java.lang.Object, int, java.lang.Object)'> (0x00000000a1a3cb78) 
thrown [s\src\hotspot\share\interpreter\linkResolver.cpp, line 784]
Event: 2.808 Thread 0x0000018c0241f000 Exception <a 'java/lang/NoSuchMethodError'{0x00000000a2610b60}: 'java.lang.Object java.lang.invoke.DirectMethodHandle$Holder.invokeStatic(java.lang.Object, java.lang.Object, int, java.lang.Object)'> (0x00000000a2610b60) 
thrown [s\src\hotspot\share\interpreter\linkResolver.cpp, line 784]
Event: 3.219 Thread 0x0000018c0241f000 Exception <a 'java/lang/NoSuchMethodError'{0x00000000a2b3bb08}: 'java.lang.Object java.lang.invoke.DirectMethodHandle$Holder.newInvokeSpecial(java.lang.Object, java.lang.Object, java.lang.Object, java.lang.Object, java.lang.Object, java.lang.Object)'> (0x00000000a2b3bb08) 
thrown [s\src\hotspot\share\interpreter\linkResolver.cpp, line 784]
Event: 3.937 Thread 0x0000018c0241f000 Exception <a 'java/lang/NoSuchMethodError'{0x00000000a41ab028}: 'java.lang.Object java.lang.invoke.DirectMethodHandle$Holder.newInvokeSpecial(java.lang.Object, java.lang.Object, java.lang.Object, java.lang.Object, java.lang.Object, java.lang.Object, java.lang.Object)'> (0x00000000a41ab028) 
thrown [s\src\hotspot\share\interpreter\linkResolver.cpp, line 784]
Event: 4.667 Thread 0x0000018c0241f000 Exception <a 'java/lang/NoSuchMethodError'{0x00000000a4935e18}: 'java.lang.Object java.lang.invoke.DirectMethodHandle$Holder.invokeVirtual(java.lang.Object, java.lang.Object, java.lang.Object)'> (0x00000000a4935e18) 
thrown [s\src\hotspot\share\interpreter\linkResolver.cpp, line 784]
Event: 4.715 Thread 0x0000018c0241f000 Exception <a 'java/lang/NoSuchMethodError'{0x00000000a48a6d78}: 'java.lang.Object java.lang.invoke.DirectMethodHandle$Holder.newInvokeSpecial(java.lang.Object, java.lang.Object, int)'> (0x00000000a48a6d78) 
thrown [s\src\hotspot\share\interpreter\linkResolver.cpp, line 784]

ZGC Phase Switch (0 events):
No events

VM Operations (20 events):
Event: 3.107 Executing VM operation: G1PauseRemark
Event: 3.109 Executing VM operation: G1PauseRemark done
Event: 3.114 Executing VM operation: G1PauseCleanup
Event: 3.115 Executing VM operation: G1PauseCleanup done
Event: 3.169 Executing VM operation: HandshakeAllThreads (Deoptimize)
Event: 3.169 Executing VM operation: HandshakeAllThreads (Deoptimize) done
Event: 3.171 Executing VM operation: HandshakeAllThreads (Deoptimize)
Event: 3.171 Executing VM operation: HandshakeAllThreads (Deoptimize) done
Event: 3.257 Executing VM operation: G1CollectForAllocation (G1 Evacuation Pause)
Event: 3.263 Executing VM operation: G1CollectForAllocation (G1 Evacuation Pause) done
Event: 3.509 Executing VM operation: G1CollectForAllocation (G1 Evacuation Pause)
Event: 3.514 Executing VM operation: G1CollectForAllocation (G1 Evacuation Pause) done
Event: 3.864 Executing VM operation: HandshakeAllThreads (Deoptimize)
Event: 3.864 Executing VM operation: HandshakeAllThreads (Deoptimize) done
Event: 4.175 Executing VM operation: G1CollectForAllocation (G1 Evacuation Pause)
Event: 4.181 Executing VM operation: G1CollectForAllocation (G1 Evacuation Pause) done
Event: 4.912 Executing VM operation: HandshakeAllThreads (Deoptimize)
Event: 4.912 Executing VM operation: HandshakeAllThreads (Deoptimize) done
Event: 5.038 Executing VM operation: HandshakeAllThreads (Deoptimize)
Event: 5.038 Executing VM operation: HandshakeAllThreads (Deoptimize) done

Memory protections (0 events):
No events

Nmethod flushes (20 events):
Event: 3.109 Thread 0x0000018c1b30a000 flushing  nmethod 0x0000018c07883590
Event: 3.109 Thread 0x0000018c1b30a000 flushing  nmethod 0x0000018c07894290
Event: 3.109 Thread 0x0000018c1b30a000 flushing  nmethod 0x0000018c07895910
Event: 3.109 Thread 0x0000018c1b30a000 flushing  nmethod 0x0000018c07897090
Event: 3.109 Thread 0x0000018c1b30a000 flushing  nmethod 0x0000018c07898a90
Event: 3.109 Thread 0x0000018c1b30a000 flushing  nmethod 0x0000018c078a2b10
Event: 3.109 Thread 0x0000018c1b30a000 flushing  nmethod 0x0000018c078a4e10
Event: 3.109 Thread 0x0000018c1b30a000 flushing  nmethod 0x0000018c078a6d10
Event: 3.109 Thread 0x0000018c1b30a000 flushing  nmethod 0x0000018c078a7090
Event: 3.109 Thread 0x0000018c1b30a000 flushing  nmethod 0x0000018c078a9290
Event: 3.109 Thread 0x0000018c1b30a000 flushing  nmethod 0x0000018c078bb990
Event: 3.109 Thread 0x0000018c1b30a000 flushing  nmethod 0x0000018c078bc490
Event: 3.109 Thread 0x0000018c1b30a000 flushing  nmethod 0x0000018c078bd010
Event: 3.109 Thread 0x0000018c1b30a000 flushing  nmethod 0x0000018c078be090
Event: 3.109 Thread 0x0000018c1b30a000 flushing  nmethod 0x0000018c078c1b90
Event: 3.109 Thread 0x0000018c1b30a000 flushing  nmethod 0x0000018c078c3610
Event: 3.109 Thread 0x0000018c1b30a000 flushing  nmethod 0x0000018c078c6590
Event: 3.109 Thread 0x0000018c1b30a000 flushing  nmethod 0x0000018c078db490
Event: 3.109 Thread 0x0000018c1b30a000 flushing  nmethod 0x0000018c078f8890
Event: 3.109 Thread 0x0000018c1b30a000 flushing  nmethod 0x0000018c0795bf90

Events (15 events):
Event: 0.014 Thread 0x0000018c0241f000 Thread added: 0x0000018c0241f000
Event: 0.077 Thread 0x0000018c0241f000 Thread added: 0x0000018c1b3be4d0
Event: 0.084 Thread 0x0000018c0241f000 Thread added: 0x0000018c1b50e1b0
Event: 0.084 Thread 0x0000018c0241f000 Thread added: 0x0000018c1b50ec10
Event: 0.085 Thread 0x0000018c0241f000 Thread added: 0x0000018c1b51ba30
Event: 0.085 Thread 0x0000018c0241f000 Thread added: 0x0000018c1b51c490
Event: 0.085 Thread 0x0000018c0241f000 Thread added: 0x0000018c1b51d500
Event: 0.085 Thread 0x0000018c0241f000 Thread added: 0x0000018c1b51df60
Event: 0.086 Thread 0x0000018c0241f000 Thread added: 0x0000018c1b54a6d0
Event: 0.086 Thread 0x0000018c0241f000 Thread added: 0x0000018c1b56b180
Event: 0.241 Thread 0x0000018c0241f000 Thread added: 0x0000018c1b6fa820
Event: 0.255 Loaded shared library D:\Android\jbr\bin\net.dll
Event: 0.258 Loaded shared library D:\Android\jbr\bin\nio.dll
Event: 0.288 Loaded shared library D:\Android\jbr\bin\zip.dll
Event: 0.319 Loaded shared library D:\Android\jbr\bin\jimage.dll


Dynamic libraries:
0x00007ff74cc60000 - 0x00007ff74cc6a000 	D:\Android\jbr\bin\java.exe
0x00007ffdb4490000 - 0x00007ffdb4688000 	C:\Windows\SYSTEM32\ntdll.dll
0x00007ffdb2a90000 - 0x00007ffdb2b52000 	C:\Windows\System32\KERNEL32.DLL
0x00007ffdb1d70000 - 0x00007ffdb2066000 	C:\Windows\System32\KERNELBASE.dll
0x00007ffdb2240000 - 0x00007ffdb2340000 	C:\Windows\System32\ucrtbase.dll
0x00007ffd97f70000 - 0x00007ffd97f88000 	D:\Android\jbr\bin\jli.dll
0x00007ffd64ab0000 - 0x00007ffd64acb000 	D:\Android\jbr\bin\VCRUNTIME140.dll
0x00007ffdb3f30000 - 0x00007ffdb40d1000 	C:\Windows\System32\USER32.dll
0x00007ffdb2480000 - 0x00007ffdb24a2000 	C:\Windows\System32\win32u.dll
0x00007ffd999b0000 - 0x00007ffd99c4b000 	C:\Windows\WinSxS\amd64_microsoft.windows.common-controls_6595b64144ccf1df_6.0.19041.6456_none_60b8a6cb71f64256\COMCTL32.dll
0x00007ffdb2c20000 - 0x00007ffdb2c4b000 	C:\Windows\System32\GDI32.dll
0x00007ffdb4200000 - 0x00007ffdb429e000 	C:\Windows\System32\msvcrt.dll
0x00007ffdb2120000 - 0x00007ffdb2239000 	C:\Windows\System32\gdi32full.dll
0x00007ffdb1b70000 - 0x00007ffdb1c0d000 	C:\Windows\System32\msvcp_win.dll
0x00007ffdb2760000 - 0x00007ffdb278f000 	C:\Windows\System32\IMM32.DLL
0x00007ffd86490000 - 0x00007ffd8649c000 	D:\Android\jbr\bin\vcruntime140_1.dll
0x00007ffd97ee0000 - 0x00007ffd97f6d000 	D:\Android\jbr\bin\msvcp140.dll
0x00007ffd40eb0000 - 0x00007ffd41b46000 	D:\Android\jbr\bin\server\jvm.dll
0x00007ffdb2c50000 - 0x00007ffdb2d01000 	C:\Windows\System32\ADVAPI32.dll
0x00007ffdb29d0000 - 0x00007ffdb2a6f000 	C:\Windows\System32\sechost.dll
0x00007ffdb32c0000 - 0x00007ffdb33e0000 	C:\Windows\System32\RPCRT4.dll
0x00007ffdb2340000 - 0x00007ffdb2367000 	C:\Windows\System32\bcrypt.dll
0x00007ffdb2790000 - 0x00007ffdb27fb000 	C:\Windows\System32\WS2_32.dll
0x00007ffdb1980000 - 0x00007ffdb19cb000 	C:\Windows\SYSTEM32\POWRPROF.dll
0x00007ffda6f90000 - 0x00007ffda6fb7000 	C:\Windows\SYSTEM32\WINMM.dll
0x00007ffda9540000 - 0x00007ffda954a000 	C:\Windows\SYSTEM32\VERSION.dll
0x00007ffdb1960000 - 0x00007ffdb1972000 	C:\Windows\SYSTEM32\UMPDC.dll
0x00007ffdaf990000 - 0x00007ffdaf9a2000 	C:\Windows\SYSTEM32\kernel.appcore.dll
0x00007ffd86400000 - 0x00007ffd8640a000 	D:\Android\jbr\bin\jimage.dll
0x00007ffdabdc0000 - 0x00007ffdabfc1000 	C:\Windows\SYSTEM32\DBGHELP.DLL
0x00007ffda97a0000 - 0x00007ffda97d4000 	C:\Windows\SYSTEM32\dbgcore.DLL
0x00007ffdb23f0000 - 0x00007ffdb2472000 	C:\Windows\System32\bcryptPrimitives.dll
0x00007ffd64a90000 - 0x00007ffd64ab0000 	D:\Android\jbr\bin\java.dll
0x00007ffd64a70000 - 0x00007ffd64a88000 	D:\Android\jbr\bin\zip.dll
0x00007ffdb33e0000 - 0x00007ffdb3b50000 	C:\Windows\System32\SHELL32.dll
0x00007ffdafb90000 - 0x00007ffdb0335000 	C:\Windows\SYSTEM32\windows.storage.dll
0x00007ffdb3bd0000 - 0x00007ffdb3f24000 	C:\Windows\System32\combase.dll
0x00007ffdb1470000 - 0x00007ffdb149b000 	C:\Windows\SYSTEM32\Wldp.dll
0x00007ffdb31e0000 - 0x00007ffdb32ad000 	C:\Windows\System32\OLEAUT32.dll
0x00007ffdb24b0000 - 0x00007ffdb255d000 	C:\Windows\System32\SHCORE.dll
0x00007ffdb2690000 - 0x00007ffdb26eb000 	C:\Windows\System32\shlwapi.dll
0x00007ffdb1a50000 - 0x00007ffdb1a74000 	C:\Windows\SYSTEM32\profapi.dll
0x00007ffd85cd0000 - 0x00007ffd85ce0000 	D:\Android\jbr\bin\net.dll
0x00007ffdad850000 - 0x00007ffdad95a000 	C:\Windows\SYSTEM32\WINHTTP.dll
0x00007ffdb11d0000 - 0x00007ffdb123a000 	C:\Windows\system32\mswsock.dll
0x00007ffd64a50000 - 0x00007ffd64a66000 	D:\Android\jbr\bin\nio.dll
0x00007ffd81570000 - 0x00007ffd81580000 	D:\Android\jbr\bin\verify.dll

JVMTI agents: none

dbghelp: loaded successfully - version: 4.0.5 - missing functions: none
symbol engine: initialized successfully - sym options: 0x614 - pdb path: .;D:\Android\jbr\bin;C:\Windows\SYSTEM32;C:\Windows\WinSxS\amd64_microsoft.windows.common-controls_6595b64144ccf1df_6.0.19041.6456_none_60b8a6cb71f64256;D:\Android\jbr\bin\server

VM Arguments:
java_command: org.jetbrains.kotlin.cli.jvm.K2JVMCompiler @D:\StudyPlanner2\app\build\20251128_17403172645171224642.compiler.options
java_class_path (initial): C:\Users\Admin\.gradle\caches\modules-2\files-2.1\org.jetbrains.kotlin\kotlin-compiler-embeddable\2.0.21\79346ed53db48b18312a472602eb5c057070c54d\kotlin-compiler-embeddable-2.0.21.jar;C:\Users\Admin\.gradle\caches\modules-2\files-2.1\org.jetbrains.kotlin\kotlin-stdlib\2.0.21\618b539767b4899b4660a83006e052b63f1db551\kotlin-stdlib-2.0.21.jar;C:\Users\Admin\.gradle\caches\modules-2\files-2.1\org.jetbrains.kotlin\kotlin-script-runtime\2.0.21\c9b044380ad41f89aa89aa896c2d32a8c0b2129d\kotlin-script-runtime-2.0.21.jar;C:\Users\Admin\.gradle\caches\modules-2\files-2.1\org.jetbrains.kotlin\kotlin-reflect\1.6.10\1cbe9c92c12a94eea200d23c2bbaedaf3daf5132\kotlin-reflect-1.6.10.jar;C:\Users\Admin\.gradle\caches\modules-2\files-2.1\org.jetbrains.kotlin\kotlin-daemon-embeddable\2.0.21\c9e933b23287de9b5a17e2116b4657bb91aea72c\kotlin-daemon-embeddable-2.0.21.jar;C:\Users\Admin\.gradle\caches\modules-2\files-2.1\org.jetbrains.intellij.deps\trove4j\1.0.20200330\3afb14d5f9ceb459d724e907a21145e8ff394f02\trove4j-1.0.20200330.jar;C:\Users\Admin\.gradle\caches\modules-2\files-2.1\org.jetbrains.kotlinx\kotlinx-coroutines-core-jvm\1.6.4\2c997cd1c0ef33f3e751d3831929aeff1390cb30\kotlinx-coroutines-core-jvm-1.6.4.jar;C:\Users\Admin\.gradle\caches\modules-2\files-2.1\org.jetbrains\annotations\13.0\919f0dfe192fb4e063e7dacadee7f8bb9a2672a9\annotations-13.0.jar
Launcher Type: SUN_STANDARD

[Global flags]
     intx CICompilerCount                          = 4                                         {product} {ergonomic}
     uint ConcGCThreads                            = 2                                         {product} {ergonomic}
     uint G1ConcRefinementThreads                  = 8                                         {product} {ergonomic}
   size_t G1HeapRegionSize                         = 1048576                                   {product} {ergonomic}
    uintx GCDrainStackTargetSize                   = 64                                        {product} {ergonomic}
   size_t InitialHeapSize                          = 100663296                                 {product} {ergonomic}
   size_t MarkStackSize                            = 4194304                                   {product} {ergonomic}
   size_t MaxHeapSize                              = 1595932672                                {product} {ergonomic}
   size_t MaxNewSize                               = 957349888                                 {product} {ergonomic}
   size_t MinHeapDeltaBytes                        = 1048576                                   {product} {ergonomic}
   size_t MinHeapSize                              = 8388608                                   {product} {ergonomic}
    uintx NonNMethodCodeHeapSize                   = 5839372                                {pd product} {ergonomic}
    uintx NonProfiledCodeHeapSize                  = 122909434                              {pd product} {ergonomic}
    uintx ProfiledCodeHeapSize                     = 122909434                              {pd product} {ergonomic}
    uintx ReservedCodeCacheSize                    = 251658240                              {pd product} {ergonomic}
     bool SegmentedCodeCache                       = true                                      {product} {ergonomic}
   size_t SoftMaxHeapSize                          = 1595932672                             {manageable} {ergonomic}
     bool UseCompressedOops                        = true                           {product lp64_product} {ergonomic}
     bool UseG1GC                                  = true                                      {product} {ergonomic}
     bool UseLargePagesIndividualAllocation        = false                                  {pd product} {ergonomic}

Logging:
Log output configuration:
 #0: stdout all=warning uptime,level,tags foldmultilines=false
 #1: stderr all=off uptime,level,tags foldmultilines=false

Environment Variables:
PATH=C:\Program Files (x86)\NVIDIA Corporation\PhysX\Common;C:\Program Files (x86)\Common Files\Oracle\Java\java8path;C:\Program Files (x86)\Common Files\Oracle\Java\javapath;C:\Windows\system32;C:\Windows;C:\Windows\System32\Wbem;C:\Windows\System32\WindowsPowerShell\v1.0\;C:\Windows\System32\OpenSSH\;C:\Program Files\Microsoft SQL Server\150\Tools\Binn\;C:\Program Files (x86)\Windows Kits\10\Windows Performance Toolkit\;C:\Program Files\nodejs\;C:\Program Files\Git\cmd;C:\Program Files\OpenSSL-Win64\bin;D:\PuTTY\;C:\TDM-GCC-32\bin;C:\Program Files\dotnet\;C:\Program Files\TortoiseGit\bin;C:\php;C:\Users\Admin\AppData\Local\Microsoft\WindowsApps;C:\Users\Admin\AppData\Local\atom\bin;C:\Users\Admin\AppData\Roaming\npm;C:\Users\Admin\AppData\Local\spicetify;C:\msys64\ucrt64\bin;C:\Users\Admin\.dotnet\tools;D:\flutter\bin;
USERNAME=Admin
OS=Windows_NT
PROCESSOR_IDENTIFIER=AMD64 Family 23 Model 24 Stepping 1, AuthenticAMD
TMP=C:\Users\Admin\AppData\Local\Temp
TEMP=C:\Users\Admin\AppData\Local\Temp




Periodic native trim disabled

JNI global refs:
JNI global refs: 10, weak refs: 14

JNI global refs memory usage: 835, weak refs: 833

Process memory usage:
Resident Set Size: 186504K (2% of 6232908K total physical memory with 204156K free physical memory)

OOME stack traces (most recent first):
Classloader memory used:
Loader jdk.internal.loader.ClassLoaders$AppClassLoader                                 : 32107K
Loader bootstrap                                                                       : 10392K
Loader java.net.URLClassLoader                                                         : 260K

---------------  S Y S T E M  ---------------

OS:
 Windows 10 , 64 bit Build 19041 (10.0.19041.5915)
OS uptime: 0 days 2:29 hours

CPU: total 8 (initial active 8) (8 cores per cpu, 2 threads per core) family 23 model 24 stepping 1 microcode 0x0, cx8, cmov, fxsr, ht, mmx, 3dnowpref, sse, sse2, sse3, ssse3, sse4a, sse4.1, sse4.2, popcnt, lzcnt, tsc, tscinvbit, avx, avx2, aes, clmul, bmi1, bmi2, adx, sha, fma, vzeroupper, clflush, clflushopt, rdtscp, f16c
Processor Information for the first 8 processors :
  Max Mhz: 2100, Current Mhz: 2100, Mhz Limit: 2100

Memory: 4k page, system-wide physical 6086M (199M free)
TotalPageFile size 12527M (AvailPageFile size 0M)
current process WorkingSet (physical memory assigned to process): 182M, peak: 182M
current process commit charge ("private bytes"): 224M, peak: 225M

vm_info: OpenJDK 64-Bit Server VM (21.0.8+-14196175-b1038.72) for windows-amd64 JRE (21.0.8+-14196175-b1038.72), built on 2025-10-01T10:24:33Z by "builder" with MS VC++ 16.10 / 16.11 (VS2019)

END.
